<?xml version="1.0" encoding="UTF-8"?>
<!-- Generated by org.testng.reporters.JUnitXMLReporter -->
<testsuite ignored="0" hostname="DESKTOP-N2HG8IN" failures="0" tests="3" name="Default test" time="11.686" errors="0" timestamp="2025-09-26T17:01:24 IST">
  <testcase classname="module01.ClassOneTest" name="ScecondScenarioTest" time="0.005"/>
  <testcase classname="module01.ClassOneTest" name="firstScenarioTest" time="0.001"/>
  <testcase classname="module01.ClassOneTest" name="thirdScenarioTest" time="0.0"/>
</testsuite> <!-- Default test -->
