<?xml version="1.0" encoding="UTF-8"?>
<!-- Generated by org.testng.reporters.JUnitXMLReporter -->
<testsuite ignored="0" hostname="DESKTOP-N2HG8IN" failures="0" tests="7" name="Default test" time="0.081" errors="0" timestamp="2025-09-29T16:07:53 IST">
  <testcase classname="module01.PracticePage" name="testScriptOne" time="0.01"/>
  <testcase classname="module01.PracticePage" name="testScriptOne" time="0.002"/>
  <testcase classname="module01.PracticePage" name="testScriptOne" time="0.002"/>
  <testcase classname="module01.PracticePage" name="testScriptTwo" time="0.002"/>
  <testcase classname="module01.PracticePage" name="testScriptTwo" time="0.002"/>
  <testcase classname="module01.PracticePage" name="testScriptTwo" time="0.001"/>
  <testcase classname="module01.PracticePage" name="testScriptTwo" time="0.002"/>
</testsuite> <!-- Default test -->
