<?xml version="1.0" encoding="UTF-8"?>
<!-- Generated by org.testng.reporters.JUnitXMLReporter -->
<testsuite ignored="16" hostname="DESKTOP-N2HG8IN" failures="0" tests="28" name="chromeSuite" time="126.128" errors="0" timestamp="2025-09-26T17:11:56 IST">
  <testcase classname="module02.ClassZeroTest" name="ScecondScenarioTest" time="0.008"/>
  <testcase classname="module02.ClassOneTest" name="ScecondScenarioTest" time="0.002"/>
  <testcase classname="module01.ClassZeroTest" name="ScecondScenarioTest" time="0.002"/>
  <testcase classname="module03.ClassOneTest" name="ScecondScenarioTest" time="0.014"/>
  <testcase classname="module02.ClassZeroTest" name="firstScenarioTest" time="0.076"/>
  <testcase classname="module02.ClassOneTest" name="firstScenarioTest" time="0.001"/>
  <testcase classname="module01.ClassZeroTest" name="firstScenarioTest" time="0.016"/>
  <testcase classname="module03.ClassOneTest" name="firstScenarioTest" time="0.001"/>
  <testcase classname="module02.ClassZeroTest" name="thirdScenarioTest" time="0.002"/>
  <testcase classname="module02.ClassOneTest" name="thirdScenarioTest" time="0.001"/>
  <testcase classname="module01.ClassZeroTest" name="thirdScenarioTest" time="0.002"/>
  <testcase classname="module03.ClassOneTest" name="thirdScenarioTest" time="0.013"/>
  <testcase classname="module02.ClassTwoTest" name="ScecondScenarioTest" time="0.001"/>
  <testcase classname="module01.ClassTwoTest" name="ScecondScenarioTest" time="0.001"/>
  <testcase classname="module02.ClassTwoTest" name="firstScenarioTest" time="0.001"/>
  <testcase classname="module01.ClassTwoTest" name="firstScenarioTest" time="0.001"/>
  <testcase classname="module03.ClassZeroTest" name="ScecondScenarioTest" time="0.001"/>
  <testcase classname="module03.ClassTwoTest" name="ScecondScenarioTest" time="0.003"/>
  <testcase classname="module02.ClassTwoTest" name="thirdScenarioTest" time="0.002"/>
  <testcase classname="module03.ClassTwoTest" name="firstScenarioTest" time="0.002"/>
  <testcase classname="module03.ClassZeroTest" name="firstScenarioTest" time="0.001"/>
  <testcase classname="module01.ClassTwoTest" name="thirdScenarioTest" time="0.001"/>
  <testcase classname="module03.ClassTwoTest" name="thirdScenarioTest" time="0.001"/>
  <testcase classname="module03.ClassZeroTest" name="fourthScenarioTest" time="0.003"/>
  <testcase classname="module03.ClassZeroTest" name="thirdScenarioTest" time="0.001"/>
  <testcase classname="module01.ClassOneTest" name="ScecondScenarioTest" time="0.002"/>
  <testcase classname="module01.ClassOneTest" name="firstScenarioTest" time="0.001"/>
  <testcase classname="module01.ClassOneTest" name="thirdScenarioTest" time="0.001"/>
  <testcase classname="com.ProjectName.generic.BaseClassUtil.BaseClass" name="@BeforeSuite beforeSuitMethod" time="0.0">
    <ignored/>
  </testcase> <!-- @BeforeSuite beforeSuitMethod -->
  <testcase classname="com.ProjectName.generic.BaseClassUtil.BaseClass" name="@BeforeSuite beforeSuitMethod" time="0.0">
    <ignored/>
  </testcase> <!-- @BeforeSuite beforeSuitMethod -->
  <testcase classname="com.ProjectName.generic.BaseClassUtil.BaseClass" name="@AfterSuite afterSuitMethod" time="0.0">
    <ignored/>
  </testcase> <!-- @AfterSuite afterSuitMethod -->
  <testcase classname="com.ProjectName.generic.BaseClassUtil.BaseClass" name="@BeforeSuite beforeSuitMethod" time="0.0">
    <ignored/>
  </testcase> <!-- @BeforeSuite beforeSuitMethod -->
  <testcase classname="com.ProjectName.generic.BaseClassUtil.BaseClass" name="@BeforeSuite beforeSuitMethod" time="0.0">
    <ignored/>
  </testcase> <!-- @BeforeSuite beforeSuitMethod -->
  <testcase classname="com.ProjectName.generic.BaseClassUtil.BaseClass" name="@BeforeSuite beforeSuitMethod" time="0.0">
    <ignored/>
  </testcase> <!-- @BeforeSuite beforeSuitMethod -->
  <testcase classname="com.ProjectName.generic.BaseClassUtil.BaseClass" name="@AfterSuite afterSuitMethod" time="0.0">
    <ignored/>
  </testcase> <!-- @AfterSuite afterSuitMethod -->
  <testcase classname="com.ProjectName.generic.BaseClassUtil.BaseClass" name="@AfterSuite afterSuitMethod" time="0.0">
    <ignored/>
  </testcase> <!-- @AfterSuite afterSuitMethod -->
  <testcase classname="com.ProjectName.generic.BaseClassUtil.BaseClass" name="@AfterSuite afterSuitMethod" time="0.0">
    <ignored/>
  </testcase> <!-- @AfterSuite afterSuitMethod -->
  <testcase classname="com.ProjectName.generic.BaseClassUtil.BaseClass" name="@BeforeSuite beforeSuitMethod" time="0.0">
    <ignored/>
  </testcase> <!-- @BeforeSuite beforeSuitMethod -->
  <testcase classname="com.ProjectName.generic.BaseClassUtil.BaseClass" name="@BeforeSuite beforeSuitMethod" time="0.0">
    <ignored/>
  </testcase> <!-- @BeforeSuite beforeSuitMethod -->
  <testcase classname="com.ProjectName.generic.BaseClassUtil.BaseClass" name="@BeforeSuite beforeSuitMethod" time="0.0">
    <ignored/>
  </testcase> <!-- @BeforeSuite beforeSuitMethod -->
  <testcase classname="com.ProjectName.generic.BaseClassUtil.BaseClass" name="@AfterSuite afterSuitMethod" time="0.0">
    <ignored/>
  </testcase> <!-- @AfterSuite afterSuitMethod -->
  <testcase classname="com.ProjectName.generic.BaseClassUtil.BaseClass" name="@AfterSuite afterSuitMethod" time="0.0">
    <ignored/>
  </testcase> <!-- @AfterSuite afterSuitMethod -->
  <testcase classname="com.ProjectName.generic.BaseClassUtil.BaseClass" name="@AfterSuite afterSuitMethod" time="0.0">
    <ignored/>
  </testcase> <!-- @AfterSuite afterSuitMethod -->
  <testcase classname="com.ProjectName.generic.BaseClassUtil.BaseClass" name="@AfterSuite afterSuitMethod" time="0.0">
    <ignored/>
  </testcase> <!-- @AfterSuite afterSuitMethod -->
</testsuite> <!-- chromeSuite -->
