<?xml version="1.0" encoding="UTF-8"?>
<!-- Generated by org.testng.reporters.JUnitXMLReporter -->
<testsuite ignored="16" hostname="DESKTOP-N2HG8IN" failures="0" tests="28" name="edgeSuit" time="105.632" errors="0" timestamp="2025-09-26T12:24:00 IST">
  <testcase classname="module02.ClassOneTest" name="ScecondScenarioTest" time="0.011"/>
  <testcase classname="module02.ClassOneTest" name="firstScenarioTest" time="0.001"/>
  <testcase classname="module02.ClassOneTest" name="thirdScenarioTest" time="0.002"/>
  <testcase classname="module02.ClassZeroTest" name="ScecondScenarioTest" time="0.0"/>
  <testcase classname="module02.ClassZeroTest" name="firstScenarioTest" time="0.0"/>
  <testcase classname="module02.ClassZeroTest" name="thirdScenarioTest" time="0.001"/>
  <testcase classname="module03.ClassOneTest" name="ScecondScenarioTest" time="0.0"/>
  <testcase classname="module03.ClassOneTest" name="firstScenarioTest" time="0.0"/>
  <testcase classname="module03.ClassOneTest" name="thirdScenarioTest" time="0.0"/>
  <testcase classname="module01.ClassZeroTest" name="ScecondScenarioTest" time="0.0"/>
  <testcase classname="module01.ClassZeroTest" name="firstScenarioTest" time="0.0"/>
  <testcase classname="module01.ClassZeroTest" name="thirdScenarioTest" time="0.0"/>
  <testcase classname="module02.ClassTwoTest" name="ScecondScenarioTest" time="0.015"/>
  <testcase classname="module02.ClassTwoTest" name="firstScenarioTest" time="0.0"/>
  <testcase classname="module02.ClassTwoTest" name="thirdScenarioTest" time="0.008"/>
  <testcase classname="module01.ClassTwoTest" name="ScecondScenarioTest" time="0.002"/>
  <testcase classname="module01.ClassTwoTest" name="firstScenarioTest" time="0.0"/>
  <testcase classname="module01.ClassTwoTest" name="thirdScenarioTest" time="0.0"/>
  <testcase classname="module03.ClassZeroTest" name="ScecondScenarioTest" time="0.0"/>
  <testcase classname="module03.ClassZeroTest" name="firstScenarioTest" time="0.001"/>
  <testcase classname="module03.ClassZeroTest" name="fourthScenarioTest" time="0.001"/>
  <testcase classname="module03.ClassZeroTest" name="thirdScenarioTest" time="0.005"/>
  <testcase classname="module03.ClassTwoTest" name="ScecondScenarioTest" time="0.0"/>
  <testcase classname="module03.ClassTwoTest" name="firstScenarioTest" time="0.001"/>
  <testcase classname="module03.ClassTwoTest" name="thirdScenarioTest" time="0.001"/>
  <testcase classname="module01.ClassOneTest" name="ScecondScenarioTest" time="0.0"/>
  <testcase classname="module01.ClassOneTest" name="firstScenarioTest" time="0.004"/>
  <testcase classname="module01.ClassOneTest" name="thirdScenarioTest" time="0.001"/>
  <testcase classname="com.ProjectName.generic.BaseClassUtil.BaseClass" name="@BeforeSuite beforeSuitMethod" time="0.0">
    <ignored/>
  </testcase> <!-- @BeforeSuite beforeSuitMethod -->
  <testcase classname="com.ProjectName.generic.BaseClassUtil.BaseClass" name="@AfterSuite afterSuitMethod" time="0.0">
    <ignored/>
  </testcase> <!-- @AfterSuite afterSuitMethod -->
  <testcase classname="com.ProjectName.generic.BaseClassUtil.BaseClass" name="@BeforeSuite beforeSuitMethod" time="0.0">
    <ignored/>
  </testcase> <!-- @BeforeSuite beforeSuitMethod -->
  <testcase classname="com.ProjectName.generic.BaseClassUtil.BaseClass" name="@BeforeSuite beforeSuitMethod" time="0.0">
    <ignored/>
  </testcase> <!-- @BeforeSuite beforeSuitMethod -->
  <testcase classname="com.ProjectName.generic.BaseClassUtil.BaseClass" name="@AfterSuite afterSuitMethod" time="0.0">
    <ignored/>
  </testcase> <!-- @AfterSuite afterSuitMethod -->
  <testcase classname="com.ProjectName.generic.BaseClassUtil.BaseClass" name="@AfterSuite afterSuitMethod" time="0.0">
    <ignored/>
  </testcase> <!-- @AfterSuite afterSuitMethod -->
  <testcase classname="com.ProjectName.generic.BaseClassUtil.BaseClass" name="@BeforeSuite beforeSuitMethod" time="0.0">
    <ignored/>
  </testcase> <!-- @BeforeSuite beforeSuitMethod -->
  <testcase classname="com.ProjectName.generic.BaseClassUtil.BaseClass" name="@AfterSuite afterSuitMethod" time="0.0">
    <ignored/>
  </testcase> <!-- @AfterSuite afterSuitMethod -->
  <testcase classname="com.ProjectName.generic.BaseClassUtil.BaseClass" name="@BeforeSuite beforeSuitMethod" time="0.0">
    <ignored/>
  </testcase> <!-- @BeforeSuite beforeSuitMethod -->
  <testcase classname="com.ProjectName.generic.BaseClassUtil.BaseClass" name="@BeforeSuite beforeSuitMethod" time="0.0">
    <ignored/>
  </testcase> <!-- @BeforeSuite beforeSuitMethod -->
  <testcase classname="com.ProjectName.generic.BaseClassUtil.BaseClass" name="@AfterSuite afterSuitMethod" time="0.0">
    <ignored/>
  </testcase> <!-- @AfterSuite afterSuitMethod -->
  <testcase classname="com.ProjectName.generic.BaseClassUtil.BaseClass" name="@AfterSuite afterSuitMethod" time="0.0">
    <ignored/>
  </testcase> <!-- @AfterSuite afterSuitMethod -->
  <testcase classname="com.ProjectName.generic.BaseClassUtil.BaseClass" name="@AfterSuite afterSuitMethod" time="0.0">
    <ignored/>
  </testcase> <!-- @AfterSuite afterSuitMethod -->
  <testcase classname="com.ProjectName.generic.BaseClassUtil.BaseClass" name="@BeforeSuite beforeSuitMethod" time="0.0">
    <ignored/>
  </testcase> <!-- @BeforeSuite beforeSuitMethod -->
  <testcase classname="com.ProjectName.generic.BaseClassUtil.BaseClass" name="@AfterSuite afterSuitMethod" time="0.0">
    <ignored/>
  </testcase> <!-- @AfterSuite afterSuitMethod -->
  <testcase classname="com.ProjectName.generic.BaseClassUtil.BaseClass" name="@BeforeSuite beforeSuitMethod" time="0.0">
    <ignored/>
  </testcase> <!-- @BeforeSuite beforeSuitMethod -->
</testsuite> <!-- edgeSuit -->
