<?xml version="1.0" encoding="UTF-8"?>
<!-- Generated by org.testng.reporters.JUnitXMLReporter -->
<testsuite ignored="16" hostname="DESKTOP-N2HG8IN" failures="0" tests="28" name="edgeSuit" time="130.954" errors="0" timestamp="2025-09-26T17:22:14 IST">
  <testcase classname="com.ProjectName.generic.BaseClassUtil.BaseClass" name="@AfterMethod afterMethod" time="20.003">
    <failure type="org.openqa.selenium.NoSuchElementException" message="Unable to locate element: Sign Out
For documentation on this error, please visit: https://www.selenium.dev/documentation/webdriver/troubleshooting/errors#no-such-element-exception
Build info: version: &amp;apos;4.35.0&amp;apos;, revision: &amp;apos;1c58e5028b&amp;apos;
System info: os.name: &amp;apos;Windows 11&amp;apos;, os.arch: &amp;apos;amd64&amp;apos;, os.version: &amp;apos;10.0&amp;apos;, java.version: &amp;apos;21.0.6&amp;apos;
Driver info: org.openqa.selenium.firefox.FirefoxDriver
Command: [7e482820-0b88-444a-9c3e-567a622fc2af, findElement {using=link text, value=Sign Out}]
Capabilities {acceptInsecureCerts: true, browserName: firefox, browserVersion: 143.0.1, moz:accessibilityChecks: false, moz:buildID: 20250918214338, moz:geckodriverVersion: 0.36.0, moz:headless: false, moz:platformVersion: 10.0, moz:processID: 22292, moz:profile: C:\Users\KAIFKH~1\AppData\L..., moz:shutdownTimeout: 60000, moz:webdriverClick: true, moz:windowless: false, pageLoadStrategy: normal, platformName: windows, proxy: Proxy(), setWindowRect: true, strictFileInteractability: false, timeouts: {implicit: 0, pageLoad: 300000, script: 30000}, unhandledPromptBehavior: dismiss and notify, userAgent: Mozilla/5.0 (Windows NT 10....}
Session ID: 7e482820-0b88-444a-9c3e-567a622fc2af">
      <![CDATA[org.openqa.selenium.NoSuchElementException: Unable to locate element: Sign Out
For documentation on this error, please visit: https://www.selenium.dev/documentation/webdriver/troubleshooting/errors#no-such-element-exception
Build info: version: '4.35.0', revision: '1c58e5028b'
System info: os.name: 'Windows 11', os.arch: 'amd64', os.version: '10.0', java.version: '21.0.6'
Driver info: org.openqa.selenium.firefox.FirefoxDriver
Command: [7e482820-0b88-444a-9c3e-567a622fc2af, findElement {using=link text, value=Sign Out}]
Capabilities {acceptInsecureCerts: true, browserName: firefox, browserVersion: 143.0.1, moz:accessibilityChecks: false, moz:buildID: 20250918214338, moz:geckodriverVersion: 0.36.0, moz:headless: false, moz:platformVersion: 10.0, moz:processID: 22292, moz:profile: C:\Users\KAIFKH~1\AppData\L..., moz:shutdownTimeout: 60000, moz:webdriverClick: true, moz:windowless: false, pageLoadStrategy: normal, platformName: windows, proxy: Proxy(), setWindowRect: true, strictFileInteractability: false, timeouts: {implicit: 0, pageLoad: 300000, script: 30000}, unhandledPromptBehavior: dismiss and notify, userAgent: Mozilla/5.0 (Windows NT 10....}
Session ID: 7e482820-0b88-444a-9c3e-567a622fc2af
at org.openqa.selenium.remote.ErrorCodec.decode(ErrorCodec.java:167)
at org.openqa.selenium.remote.codec.w3c.W3CHttpResponseCodec.decode(W3CHttpResponseCodec.java:138)
at org.openqa.selenium.remote.codec.w3c.W3CHttpResponseCodec.decode(W3CHttpResponseCodec.java:50)
at org.openqa.selenium.remote.HttpCommandExecutor.execute(HttpCommandExecutor.java:215)
at org.openqa.selenium.remote.service.DriverCommandExecutor.invokeExecute(DriverCommandExecutor.java:216)
at org.openqa.selenium.remote.service.DriverCommandExecutor.execute(DriverCommandExecutor.java:174)
at org.openqa.selenium.remote.RemoteWebDriver.execute(RemoteWebDriver.java:557)
at org.openqa.selenium.remote.ElementLocation$ElementFinder$2.findElement(ElementLocation.java:165)
at org.openqa.selenium.remote.ElementLocation.findElement(ElementLocation.java:59)
at org.openqa.selenium.remote.RemoteWebDriver.findElement(RemoteWebDriver.java:380)
at org.openqa.selenium.remote.RemoteWebDriver.findElement(RemoteWebDriver.java:374)
at org.openqa.selenium.support.pagefactory.DefaultElementLocator.findElement(DefaultElementLocator.java:68)
at org.openqa.selenium.support.pagefactory.internal.LocatingElementHandler.invoke(LocatingElementHandler.java:38)
at jdk.proxy2/jdk.proxy2.$Proxy18.click(Unknown Source)
at com.ProjectName.busuness.repository.HomePage.logoutFromApp(HomePage.java:46)
at com.ProjectName.generic.BaseClassUtil.BaseClass.afterMethod(BaseClass.java:113)
at java.base/java.util.concurrent.Executors$RunnableAdapter.call(Executors.java:572)
at java.base/java.util.concurrent.FutureTask.run(FutureTask.java:317)
at java.base/java.util.concurrent.ThreadPoolExecutor.runWorker(ThreadPoolExecutor.java:1144)
at java.base/java.util.concurrent.ThreadPoolExecutor$Worker.run(ThreadPoolExecutor.java:642)
at java.base/java.lang.Thread.run(Thread.java:1583)
... Removed 19 stack frames]]>
    </failure>
  </testcase> <!-- @AfterMethod afterMethod -->
  <testcase classname="module03.ClassOneTest" name="ScecondScenarioTest" time="0.186"/>
  <testcase classname="module02.ClassZeroTest" name="ScecondScenarioTest" time="0.005"/>
  <testcase classname="module01.ClassZeroTest" name="ScecondScenarioTest" time="0.081"/>
  <testcase classname="module02.ClassOneTest" name="ScecondScenarioTest" time="0.001"/>
  <testcase classname="module02.ClassZeroTest" name="firstScenarioTest" time="0.002"/>
  <testcase classname="module01.ClassZeroTest" name="firstScenarioTest" time="0.002"/>
  <testcase classname="module02.ClassOneTest" name="firstScenarioTest" time="0.013"/>
  <testcase classname="module03.ClassOneTest" name="firstScenarioTest" time="0.007"/>
  <testcase classname="module02.ClassZeroTest" name="thirdScenarioTest" time="0.001"/>
  <testcase classname="module02.ClassOneTest" name="thirdScenarioTest" time="0.001"/>
  <testcase classname="module01.ClassZeroTest" name="thirdScenarioTest" time="0.018"/>
  <testcase classname="module03.ClassOneTest" name="thirdScenarioTest" time="0.001"/>
  <testcase classname="module02.ClassTwoTest" name="ScecondScenarioTest" time="0.003"/>
  <testcase classname="module02.ClassTwoTest" name="firstScenarioTest" time="0.002"/>
  <testcase classname="module02.ClassTwoTest" name="thirdScenarioTest" time="0.003"/>
  <testcase classname="module03.ClassZeroTest" name="ScecondScenarioTest" time="0.003"/>
  <testcase classname="module01.ClassTwoTest" name="ScecondScenarioTest" time="0.001"/>
  <testcase classname="module03.ClassTwoTest" name="ScecondScenarioTest" time="0.001"/>
  <testcase classname="module03.ClassZeroTest" name="firstScenarioTest" time="0.001"/>
  <testcase classname="module03.ClassTwoTest" name="firstScenarioTest" time="0.002"/>
  <testcase classname="module01.ClassTwoTest" name="firstScenarioTest" time="0.001"/>
  <testcase classname="module03.ClassTwoTest" name="thirdScenarioTest" time="0.0"/>
  <testcase classname="module01.ClassTwoTest" name="thirdScenarioTest" time="0.001"/>
  <testcase classname="module03.ClassZeroTest" name="fourthScenarioTest" time="0.001"/>
  <testcase classname="module03.ClassZeroTest" name="thirdScenarioTest" time="0.002"/>
  <testcase classname="module01.ClassOneTest" name="ScecondScenarioTest" time="0.002"/>
  <testcase classname="module01.ClassOneTest" name="firstScenarioTest" time="0.001"/>
  <testcase classname="module01.ClassOneTest" name="thirdScenarioTest" time="0.0"/>
  <testcase classname="com.ProjectName.generic.BaseClassUtil.BaseClass" name="@BeforeSuite beforeSuitMethod" time="0.0">
    <ignored/>
  </testcase> <!-- @BeforeSuite beforeSuitMethod -->
  <testcase classname="com.ProjectName.generic.BaseClassUtil.BaseClass" name="@AfterSuite afterSuitMethod" time="0.0">
    <ignored/>
  </testcase> <!-- @AfterSuite afterSuitMethod -->
  <testcase classname="com.ProjectName.generic.BaseClassUtil.BaseClass" name="@AfterSuite afterSuitMethod" time="0.0">
    <ignored/>
  </testcase> <!-- @AfterSuite afterSuitMethod -->
  <testcase classname="com.ProjectName.generic.BaseClassUtil.BaseClass" name="@AfterSuite afterSuitMethod" time="0.0">
    <ignored/>
  </testcase> <!-- @AfterSuite afterSuitMethod -->
  <testcase classname="com.ProjectName.generic.BaseClassUtil.BaseClass" name="@AfterSuite afterSuitMethod" time="0.0">
    <ignored/>
  </testcase> <!-- @AfterSuite afterSuitMethod -->
  <testcase classname="com.ProjectName.generic.BaseClassUtil.BaseClass" name="@BeforeSuite beforeSuitMethod" time="0.0">
    <ignored/>
  </testcase> <!-- @BeforeSuite beforeSuitMethod -->
  <testcase classname="com.ProjectName.generic.BaseClassUtil.BaseClass" name="@BeforeSuite beforeSuitMethod" time="0.0">
    <ignored/>
  </testcase> <!-- @BeforeSuite beforeSuitMethod -->
  <testcase classname="com.ProjectName.generic.BaseClassUtil.BaseClass" name="@BeforeSuite beforeSuitMethod" time="0.0">
    <ignored/>
  </testcase> <!-- @BeforeSuite beforeSuitMethod -->
  <testcase classname="com.ProjectName.generic.BaseClassUtil.BaseClass" name="@AfterSuite afterSuitMethod" time="0.0">
    <ignored/>
  </testcase> <!-- @AfterSuite afterSuitMethod -->
  <testcase classname="com.ProjectName.generic.BaseClassUtil.BaseClass" name="@BeforeSuite beforeSuitMethod" time="0.0">
    <ignored/>
  </testcase> <!-- @BeforeSuite beforeSuitMethod -->
  <testcase classname="com.ProjectName.generic.BaseClassUtil.BaseClass" name="@AfterSuite afterSuitMethod" time="0.0">
    <ignored/>
  </testcase> <!-- @AfterSuite afterSuitMethod -->
  <testcase classname="com.ProjectName.generic.BaseClassUtil.BaseClass" name="@BeforeSuite beforeSuitMethod" time="0.0">
    <ignored/>
  </testcase> <!-- @BeforeSuite beforeSuitMethod -->
  <testcase classname="com.ProjectName.generic.BaseClassUtil.BaseClass" name="@BeforeSuite beforeSuitMethod" time="0.0">
    <ignored/>
  </testcase> <!-- @BeforeSuite beforeSuitMethod -->
  <testcase classname="com.ProjectName.generic.BaseClassUtil.BaseClass" name="@AfterSuite afterSuitMethod" time="0.0">
    <ignored/>
  </testcase> <!-- @AfterSuite afterSuitMethod -->
  <testcase classname="com.ProjectName.generic.BaseClassUtil.BaseClass" name="@BeforeSuite beforeSuitMethod" time="0.0">
    <ignored/>
  </testcase> <!-- @BeforeSuite beforeSuitMethod -->
  <testcase classname="com.ProjectName.generic.BaseClassUtil.BaseClass" name="@AfterSuite afterSuitMethod" time="0.0">
    <ignored/>
  </testcase> <!-- @AfterSuite afterSuitMethod -->
</testsuite> <!-- edgeSuit -->
