<?xml version="1.0" encoding="UTF-8"?>
<!-- Generated by org.testng.reporters.JUnitXMLReporter -->
<testsuite ignored="35" hostname="DESKTOP-N2HG8IN" failures="0" tests="9" name="Test" time="15.543" errors="0" timestamp="2025-09-25T17:19:34 IST">
  <testcase classname="module02.ClassOneTest" name="firstScenarioTest" time="0.007"/>
  <testcase classname="module02.ClassZeroTest" name="firstScenarioTest" time="0.002"/>
  <testcase classname="module03.ClassOneTest" name="firstScenarioTest" time="0.002"/>
  <testcase classname="module01.ClassZeroTest" name="firstScenarioTest" time="0.003"/>
  <testcase classname="module02.ClassTwoTest" name="firstScenarioTest" time="0.002"/>
  <testcase classname="module01.ClassTwoTest" name="firstScenarioTest" time="0.002"/>
  <testcase classname="module03.ClassZeroTest" name="firstScenarioTest" time="0.001"/>
  <testcase classname="module03.ClassTwoTest" name="firstScenarioTest" time="0.002"/>
  <testcase classname="module01.ClassOneTest" name="firstScenarioTest" time="0.002"/>
  <testcase classname="com.ProjectName.generic.BaseClassUtil.BaseClass" name="@BeforeSuite beforeSuitMethod" time="0.0">
    <ignored/>
  </testcase> <!-- @BeforeSuite beforeSuitMethod -->
  <testcase classname="com.ProjectName.generic.BaseClassUtil.BaseClass" name="@AfterSuite afterSuitMethod" time="0.0">
    <ignored/>
  </testcase> <!-- @AfterSuite afterSuitMethod -->
  <testcase classname="module03.ClassOneTest" name="ScecondScenarioTest" time="0.0">
    <ignored/>
  </testcase> <!-- ScecondScenarioTest -->
  <testcase classname="module03.ClassOneTest" name="thirdScenarioTest" time="0.0">
    <ignored/>
  </testcase> <!-- thirdScenarioTest -->
  <testcase classname="module02.ClassTwoTest" name="ScecondScenarioTest" time="0.0">
    <ignored/>
  </testcase> <!-- ScecondScenarioTest -->
  <testcase classname="com.ProjectName.generic.BaseClassUtil.BaseClass" name="@AfterSuite afterSuitMethod" time="0.0">
    <ignored/>
  </testcase> <!-- @AfterSuite afterSuitMethod -->
  <testcase classname="module01.ClassOneTest" name="ScecondScenarioTest" time="0.0">
    <ignored/>
  </testcase> <!-- ScecondScenarioTest -->
  <testcase classname="com.ProjectName.generic.BaseClassUtil.BaseClass" name="@AfterSuite afterSuitMethod" time="0.0">
    <ignored/>
  </testcase> <!-- @AfterSuite afterSuitMethod -->
  <testcase classname="module03.ClassZeroTest" name="ScecondScenarioTest" time="0.0">
    <ignored/>
  </testcase> <!-- ScecondScenarioTest -->
  <testcase classname="module02.ClassOneTest" name="ScecondScenarioTest" time="0.0">
    <ignored/>
  </testcase> <!-- ScecondScenarioTest -->
  <testcase classname="com.ProjectName.generic.BaseClassUtil.BaseClass" name="@AfterSuite afterSuitMethod" time="0.0">
    <ignored/>
  </testcase> <!-- @AfterSuite afterSuitMethod -->
  <testcase classname="com.ProjectName.generic.BaseClassUtil.BaseClass" name="@BeforeSuite beforeSuitMethod" time="0.0">
    <ignored/>
  </testcase> <!-- @BeforeSuite beforeSuitMethod -->
  <testcase classname="com.ProjectName.generic.BaseClassUtil.BaseClass" name="@BeforeSuite beforeSuitMethod" time="0.0">
    <ignored/>
  </testcase> <!-- @BeforeSuite beforeSuitMethod -->
  <testcase classname="com.ProjectName.generic.BaseClassUtil.BaseClass" name="@AfterSuite afterSuitMethod" time="0.0">
    <ignored/>
  </testcase> <!-- @AfterSuite afterSuitMethod -->
  <testcase classname="com.ProjectName.generic.BaseClassUtil.BaseClass" name="@BeforeSuite beforeSuitMethod" time="0.0">
    <ignored/>
  </testcase> <!-- @BeforeSuite beforeSuitMethod -->
  <testcase classname="com.ProjectName.generic.BaseClassUtil.BaseClass" name="@AfterSuite afterSuitMethod" time="0.0">
    <ignored/>
  </testcase> <!-- @AfterSuite afterSuitMethod -->
  <testcase classname="module02.ClassTwoTest" name="thirdScenarioTest" time="0.0">
    <ignored/>
  </testcase> <!-- thirdScenarioTest -->
  <testcase classname="module03.ClassZeroTest" name="thirdScenarioTest" time="0.0">
    <ignored/>
  </testcase> <!-- thirdScenarioTest -->
  <testcase classname="com.ProjectName.generic.BaseClassUtil.BaseClass" name="@BeforeSuite beforeSuitMethod" time="0.0">
    <ignored/>
  </testcase> <!-- @BeforeSuite beforeSuitMethod -->
  <testcase classname="module01.ClassTwoTest" name="thirdScenarioTest" time="0.0">
    <ignored/>
  </testcase> <!-- thirdScenarioTest -->
  <testcase classname="com.ProjectName.generic.BaseClassUtil.BaseClass" name="@BeforeSuite beforeSuitMethod" time="0.0">
    <ignored/>
  </testcase> <!-- @BeforeSuite beforeSuitMethod -->
  <testcase classname="module02.ClassZeroTest" name="thirdScenarioTest" time="0.0">
    <ignored/>
  </testcase> <!-- thirdScenarioTest -->
  <testcase classname="module01.ClassOneTest" name="thirdScenarioTest" time="0.0">
    <ignored/>
  </testcase> <!-- thirdScenarioTest -->
  <testcase classname="module02.ClassOneTest" name="thirdScenarioTest" time="0.0">
    <ignored/>
  </testcase> <!-- thirdScenarioTest -->
  <testcase classname="com.ProjectName.generic.BaseClassUtil.BaseClass" name="@BeforeSuite beforeSuitMethod" time="0.0">
    <ignored/>
  </testcase> <!-- @BeforeSuite beforeSuitMethod -->
  <testcase classname="module01.ClassZeroTest" name="ScecondScenarioTest" time="0.0">
    <ignored/>
  </testcase> <!-- ScecondScenarioTest -->
  <testcase classname="module03.ClassZeroTest" name="fourthScenarioTest" time="0.0">
    <ignored/>
  </testcase> <!-- fourthScenarioTest -->
  <testcase classname="module01.ClassZeroTest" name="thirdScenarioTest" time="0.0">
    <ignored/>
  </testcase> <!-- thirdScenarioTest -->
  <testcase classname="com.ProjectName.generic.BaseClassUtil.BaseClass" name="@BeforeSuite beforeSuitMethod" time="0.0">
    <ignored/>
  </testcase> <!-- @BeforeSuite beforeSuitMethod -->
  <testcase classname="module01.ClassTwoTest" name="ScecondScenarioTest" time="0.0">
    <ignored/>
  </testcase> <!-- ScecondScenarioTest -->
  <testcase classname="com.ProjectName.generic.BaseClassUtil.BaseClass" name="@AfterSuite afterSuitMethod" time="0.0">
    <ignored/>
  </testcase> <!-- @AfterSuite afterSuitMethod -->
  <testcase classname="module02.ClassZeroTest" name="ScecondScenarioTest" time="0.0">
    <ignored/>
  </testcase> <!-- ScecondScenarioTest -->
  <testcase classname="module03.ClassTwoTest" name="thirdScenarioTest" time="0.0">
    <ignored/>
  </testcase> <!-- thirdScenarioTest -->
  <testcase classname="com.ProjectName.generic.BaseClassUtil.BaseClass" name="@AfterSuite afterSuitMethod" time="0.0">
    <ignored/>
  </testcase> <!-- @AfterSuite afterSuitMethod -->
  <testcase classname="module03.ClassTwoTest" name="ScecondScenarioTest" time="0.0">
    <ignored/>
  </testcase> <!-- ScecondScenarioTest -->
</testsuite> <!-- Test -->
