<?xml version="1.0" encoding="UTF-8"?>
<!-- Generated by org.testng.reporters.JUnitXMLReporter -->
<testsuite ignored="16" hostname="DESKTOP-N2HG8IN" failures="0" tests="27" name="Test" time="7.495" errors="0" timestamp="2025-09-25T13:02:34 IST">
  <testcase classname="module02.ClassTwo" name="ScecondScenarioTest" time="0.013"/>
  <testcase classname="module02.ClassTwo" name="firstScenarioTest" time="0.002"/>
  <testcase classname="module02.ClassTwo" name="thirdScenarioTest" time="0.003"/>
  <testcase classname="module01.ClassZeroTest" name="ScecondScenarioTest" time="0.001"/>
  <testcase classname="module01.ClassZeroTest" name="firstScenarioTest" time="0.007"/>
  <testcase classname="module01.ClassZeroTest" name="thirdScenarioTest" time="0.002"/>
  <testcase classname="module02.ClassZeroTest" name="ScecondScenarioTest" time="0.001"/>
  <testcase classname="module02.ClassZeroTest" name="firstScenarioTest" time="0.002"/>
  <testcase classname="module02.ClassZeroTest" name="thirdScenarioTest" time="0.001"/>
  <testcase classname="module02.ClassOne" name="ScecondScenarioTest" time="0.004"/>
  <testcase classname="module02.ClassOne" name="firstScenarioTest" time="0.001"/>
  <testcase classname="module02.ClassOne" name="thirdScenarioTest" time="0.001"/>
  <testcase classname="module03.ClassOne" name="ScecondScenarioTest" time="0.001"/>
  <testcase classname="module03.ClassOne" name="firstScenarioTest" time="0.002"/>
  <testcase classname="module03.ClassOne" name="thirdScenarioTest" time="0.008"/>
  <testcase classname="module01.ClassTwoTest" name="ScecondScenarioTest" time="0.001"/>
  <testcase classname="module01.ClassTwoTest" name="firstScenarioTest" time="0.004"/>
  <testcase classname="module01.ClassTwoTest" name="thirdScenarioTest" time="0.002"/>
  <testcase classname="module03.ClassZeroTest" name="ScecondScenarioTest" time="0.002"/>
  <testcase classname="module03.ClassZeroTest" name="firstScenarioTest" time="0.002"/>
  <testcase classname="module03.ClassZeroTest" name="thirdScenarioTest" time="0.003"/>
  <testcase classname="module03.ClassTwo" name="ScecondScenarioTest" time="0.004"/>
  <testcase classname="module03.ClassTwo" name="firstScenarioTest" time="0.001"/>
  <testcase classname="module03.ClassTwo" name="thirdScenarioTest" time="0.002"/>
  <testcase classname="module01.ClassOneTest" name="ScecondScenarioTest" time="0.001"/>
  <testcase classname="module01.ClassOneTest" name="firstScenarioTest" time="0.002"/>
  <testcase classname="module01.ClassOneTest" name="thirdScenarioTest" time="0.001"/>
  <testcase classname="com.ProjectName.generic.BaseClassUtil.BaseClass" name="@BeforeSuite beforeSuitMethod" time="0.0">
    <ignored/>
  </testcase> <!-- @BeforeSuite beforeSuitMethod -->
  <testcase classname="com.ProjectName.generic.BaseClassUtil.BaseClass" name="@AfterSuite afterSuitMethod" time="0.0">
    <ignored/>
  </testcase> <!-- @AfterSuite afterSuitMethod -->
  <testcase classname="com.ProjectName.generic.BaseClassUtil.BaseClass" name="@BeforeSuite beforeSuitMethod" time="0.0">
    <ignored/>
  </testcase> <!-- @BeforeSuite beforeSuitMethod -->
  <testcase classname="com.ProjectName.generic.BaseClassUtil.BaseClass" name="@BeforeSuite beforeSuitMethod" time="0.0">
    <ignored/>
  </testcase> <!-- @BeforeSuite beforeSuitMethod -->
  <testcase classname="com.ProjectName.generic.BaseClassUtil.BaseClass" name="@AfterSuite afterSuitMethod" time="0.0">
    <ignored/>
  </testcase> <!-- @AfterSuite afterSuitMethod -->
  <testcase classname="com.ProjectName.generic.BaseClassUtil.BaseClass" name="@AfterSuite afterSuitMethod" time="0.0">
    <ignored/>
  </testcase> <!-- @AfterSuite afterSuitMethod -->
  <testcase classname="com.ProjectName.generic.BaseClassUtil.BaseClass" name="@BeforeSuite beforeSuitMethod" time="0.0">
    <ignored/>
  </testcase> <!-- @BeforeSuite beforeSuitMethod -->
  <testcase classname="com.ProjectName.generic.BaseClassUtil.BaseClass" name="@AfterSuite afterSuitMethod" time="0.0">
    <ignored/>
  </testcase> <!-- @AfterSuite afterSuitMethod -->
  <testcase classname="com.ProjectName.generic.BaseClassUtil.BaseClass" name="@BeforeSuite beforeSuitMethod" time="0.0">
    <ignored/>
  </testcase> <!-- @BeforeSuite beforeSuitMethod -->
  <testcase classname="com.ProjectName.generic.BaseClassUtil.BaseClass" name="@AfterSuite afterSuitMethod" time="0.0">
    <ignored/>
  </testcase> <!-- @AfterSuite afterSuitMethod -->
  <testcase classname="com.ProjectName.generic.BaseClassUtil.BaseClass" name="@AfterSuite afterSuitMethod" time="0.0">
    <ignored/>
  </testcase> <!-- @AfterSuite afterSuitMethod -->
  <testcase classname="com.ProjectName.generic.BaseClassUtil.BaseClass" name="@AfterSuite afterSuitMethod" time="0.0">
    <ignored/>
  </testcase> <!-- @AfterSuite afterSuitMethod -->
  <testcase classname="com.ProjectName.generic.BaseClassUtil.BaseClass" name="@AfterSuite afterSuitMethod" time="0.0">
    <ignored/>
  </testcase> <!-- @AfterSuite afterSuitMethod -->
  <testcase classname="com.ProjectName.generic.BaseClassUtil.BaseClass" name="@BeforeSuite beforeSuitMethod" time="0.0">
    <ignored/>
  </testcase> <!-- @BeforeSuite beforeSuitMethod -->
  <testcase classname="com.ProjectName.generic.BaseClassUtil.BaseClass" name="@BeforeSuite beforeSuitMethod" time="0.0">
    <ignored/>
  </testcase> <!-- @BeforeSuite beforeSuitMethod -->
  <testcase classname="com.ProjectName.generic.BaseClassUtil.BaseClass" name="@BeforeSuite beforeSuitMethod" time="0.0">
    <ignored/>
  </testcase> <!-- @BeforeSuite beforeSuitMethod -->
</testsuite> <!-- Test -->
