<?xml version="1.0" encoding="UTF-8"?>
<testng-results ignored="0" total="27" passed="27" failed="0" skipped="0">
  <reporter-output>
  </reporter-output>
  <suite started-at="2025-09-25T15:07:30 IST" name="Surefire suite" finished-at="2025-09-25T15:07:43 IST" duration-ms="12779">
    <groups>
      <group name="reg">
        <method signature="ClassOneTest.ScecondScenarioTest()[pri:0, instance:module01.ClassOneTest@31d7b7bf]" name="ScecondScenarioTest" class="module01.ClassOneTest"/>
        <method signature="ClassOneTest.thirdScenarioTest()[pri:0, instance:module01.ClassOneTest@31d7b7bf]" name="thirdScenarioTest" class="module01.ClassOneTest"/>
        <method signature="ClassTwoTest.ScecondScenarioTest()[pri:0, instance:module01.ClassTwoTest@5e82df6a]" name="ScecondScenarioTest" class="module01.ClassTwoTest"/>
        <method signature="ClassTwoTest.thirdScenarioTest()[pri:0, instance:module01.ClassTwoTest@5e82df6a]" name="thirdScenarioTest" class="module01.ClassTwoTest"/>
        <method signature="ClassZeroTest.ScecondScenarioTest()[pri:0, instance:module01.ClassZeroTest@3f197a46]" name="ScecondScenarioTest" class="module01.ClassZeroTest"/>
        <method signature="ClassZeroTest.thirdScenarioTest()[pri:0, instance:module01.ClassZeroTest@3f197a46]" name="thirdScenarioTest" class="module01.ClassZeroTest"/>
        <method signature="ClassOneTest.ScecondScenarioTest()[pri:0, instance:module02.ClassOneTest@636be97c]" name="ScecondScenarioTest" class="module02.ClassOneTest"/>
        <method signature="ClassOneTest.thirdScenarioTest()[pri:0, instance:module02.ClassOneTest@636be97c]" name="thirdScenarioTest" class="module02.ClassOneTest"/>
        <method signature="ClassTwoTest.ScecondScenarioTest()[pri:0, instance:module02.ClassTwoTest@50a638b5]" name="ScecondScenarioTest" class="module02.ClassTwoTest"/>
        <method signature="ClassTwoTest.thirdScenarioTest()[pri:0, instance:module02.ClassTwoTest@50a638b5]" name="thirdScenarioTest" class="module02.ClassTwoTest"/>
        <method signature="ClassZeroTest.ScecondScenarioTest()[pri:0, instance:module02.ClassZeroTest@1817d444]" name="ScecondScenarioTest" class="module02.ClassZeroTest"/>
        <method signature="ClassZeroTest.thirdScenarioTest()[pri:0, instance:module02.ClassZeroTest@1817d444]" name="thirdScenarioTest" class="module02.ClassZeroTest"/>
        <method signature="ClassOneTest.ScecondScenarioTest()[pri:0, instance:module03.ClassOneTest@6ca8564a]" name="ScecondScenarioTest" class="module03.ClassOneTest"/>
        <method signature="ClassOneTest.thirdScenarioTest()[pri:0, instance:module03.ClassOneTest@6ca8564a]" name="thirdScenarioTest" class="module03.ClassOneTest"/>
        <method signature="ClassTwoTest.ScecondScenarioTest()[pri:0, instance:module03.ClassTwoTest@50b472aa]" name="ScecondScenarioTest" class="module03.ClassTwoTest"/>
        <method signature="ClassTwoTest.thirdScenarioTest()[pri:0, instance:module03.ClassTwoTest@50b472aa]" name="thirdScenarioTest" class="module03.ClassTwoTest"/>
        <method signature="ClassZeroTest.ScecondScenarioTest()[pri:0, instance:module03.ClassZeroTest@31368b99]" name="ScecondScenarioTest" class="module03.ClassZeroTest"/>
        <method signature="ClassZeroTest.thirdScenarioTest()[pri:0, instance:module03.ClassZeroTest@31368b99]" name="thirdScenarioTest" class="module03.ClassZeroTest"/>
      </group> <!-- reg -->
      <group name="smoke">
        <method signature="ClassOneTest.firstScenarioTest()[pri:0, instance:module01.ClassOneTest@31d7b7bf]" name="firstScenarioTest" class="module01.ClassOneTest"/>
        <method signature="ClassTwoTest.firstScenarioTest()[pri:0, instance:module01.ClassTwoTest@5e82df6a]" name="firstScenarioTest" class="module01.ClassTwoTest"/>
        <method signature="ClassZeroTest.firstScenarioTest()[pri:0, instance:module01.ClassZeroTest@3f197a46]" name="firstScenarioTest" class="module01.ClassZeroTest"/>
        <method signature="ClassOneTest.firstScenarioTest()[pri:0, instance:module02.ClassOneTest@636be97c]" name="firstScenarioTest" class="module02.ClassOneTest"/>
        <method signature="ClassTwoTest.firstScenarioTest()[pri:0, instance:module02.ClassTwoTest@50a638b5]" name="firstScenarioTest" class="module02.ClassTwoTest"/>
        <method signature="ClassZeroTest.firstScenarioTest()[pri:0, instance:module02.ClassZeroTest@1817d444]" name="firstScenarioTest" class="module02.ClassZeroTest"/>
        <method signature="ClassOneTest.firstScenarioTest()[pri:0, instance:module03.ClassOneTest@6ca8564a]" name="firstScenarioTest" class="module03.ClassOneTest"/>
        <method signature="ClassTwoTest.firstScenarioTest()[pri:0, instance:module03.ClassTwoTest@50b472aa]" name="firstScenarioTest" class="module03.ClassTwoTest"/>
        <method signature="ClassZeroTest.firstScenarioTest()[pri:0, instance:module03.ClassZeroTest@31368b99]" name="firstScenarioTest" class="module03.ClassZeroTest"/>
      </group> <!-- smoke -->
    </groups>
    <test started-at="2025-09-25T15:07:30 IST" name="Surefire test" finished-at="2025-09-25T15:07:43 IST" duration-ms="12779">
      <class name="module02.ClassZeroTest">
        <test-method is-config="true" signature="beforeClassMethod()[pri:0, instance:module02.ClassZeroTest@1817d444]" started-at="2025-09-25T15:07:37 IST" name="beforeClassMethod" finished-at="2025-09-25T15:07:38 IST" duration-ms="1257" status="PASS">
          <reporter-output>
          </reporter-output>
        </test-method> <!-- beforeClassMethod -->
        <test-method signature="ScecondScenarioTest()[pri:0, instance:module02.ClassZeroTest@1817d444]" started-at="2025-09-25T15:07:38 IST" name="ScecondScenarioTest" finished-at="2025-09-25T15:07:38 IST" duration-ms="1" status="PASS">
          <reporter-output>
          </reporter-output>
        </test-method> <!-- ScecondScenarioTest -->
        <test-method is-config="true" signature="beforeMethod()[pri:0, instance:module02.ClassZeroTest@1817d444]" started-at="2025-09-25T15:07:38 IST" name="beforeMethod" finished-at="2025-09-25T15:07:38 IST" duration-ms="0" status="PASS">
          <reporter-output>
          </reporter-output>
        </test-method> <!-- beforeMethod -->
        <test-method is-config="true" signature="afterMethod()[pri:0, instance:module02.ClassZeroTest@1817d444]" started-at="2025-09-25T15:07:38 IST" name="afterMethod" finished-at="2025-09-25T15:07:38 IST" duration-ms="1" status="PASS">
          <reporter-output>
          </reporter-output>
        </test-method> <!-- afterMethod -->
        <test-method is-config="true" signature="beforeMethod()[pri:0, instance:module02.ClassZeroTest@1817d444]" started-at="2025-09-25T15:07:38 IST" name="beforeMethod" finished-at="2025-09-25T15:07:38 IST" duration-ms="1" status="PASS">
          <reporter-output>
          </reporter-output>
        </test-method> <!-- beforeMethod -->
        <test-method signature="firstScenarioTest()[pri:0, instance:module02.ClassZeroTest@1817d444]" started-at="2025-09-25T15:07:38 IST" name="firstScenarioTest" finished-at="2025-09-25T15:07:38 IST" duration-ms="0" status="PASS">
          <reporter-output>
          </reporter-output>
        </test-method> <!-- firstScenarioTest -->
        <test-method is-config="true" signature="afterMethod()[pri:0, instance:module02.ClassZeroTest@1817d444]" started-at="2025-09-25T15:07:38 IST" name="afterMethod" finished-at="2025-09-25T15:07:38 IST" duration-ms="0" status="PASS">
          <reporter-output>
          </reporter-output>
        </test-method> <!-- afterMethod -->
        <test-method is-config="true" signature="beforeMethod()[pri:0, instance:module02.ClassZeroTest@1817d444]" started-at="2025-09-25T15:07:38 IST" name="beforeMethod" finished-at="2025-09-25T15:07:38 IST" duration-ms="1" status="PASS">
          <reporter-output>
          </reporter-output>
        </test-method> <!-- beforeMethod -->
        <test-method signature="thirdScenarioTest()[pri:0, instance:module02.ClassZeroTest@1817d444]" started-at="2025-09-25T15:07:38 IST" name="thirdScenarioTest" finished-at="2025-09-25T15:07:38 IST" duration-ms="0" status="PASS">
          <reporter-output>
          </reporter-output>
        </test-method> <!-- thirdScenarioTest -->
        <test-method is-config="true" signature="afterMethod()[pri:0, instance:module02.ClassZeroTest@1817d444]" started-at="2025-09-25T15:07:38 IST" name="afterMethod" finished-at="2025-09-25T15:07:38 IST" duration-ms="0" status="PASS">
          <reporter-output>
          </reporter-output>
        </test-method> <!-- afterMethod -->
        <test-method is-config="true" signature="afterClassMethod()[pri:0, instance:module02.ClassZeroTest@1817d444]" started-at="2025-09-25T15:07:38 IST" name="afterClassMethod" finished-at="2025-09-25T15:07:38 IST" duration-ms="140" status="PASS">
          <reporter-output>
          </reporter-output>
        </test-method> <!-- afterClassMethod -->
      </class> <!-- module02.ClassZeroTest -->
      <class name="module01.ClassTwoTest">
        <test-method is-config="true" signature="beforeClassMethod()[pri:0, instance:module01.ClassTwoTest@5e82df6a]" started-at="2025-09-25T15:07:32 IST" name="beforeClassMethod" finished-at="2025-09-25T15:07:33 IST" duration-ms="1111" status="PASS">
          <reporter-output>
          </reporter-output>
        </test-method> <!-- beforeClassMethod -->
        <test-method is-config="true" signature="beforeMethod()[pri:0, instance:module01.ClassTwoTest@5e82df6a]" started-at="2025-09-25T15:07:33 IST" name="beforeMethod" finished-at="2025-09-25T15:07:33 IST" duration-ms="1" status="PASS">
          <reporter-output>
          </reporter-output>
        </test-method> <!-- beforeMethod -->
        <test-method signature="ScecondScenarioTest()[pri:0, instance:module01.ClassTwoTest@5e82df6a]" started-at="2025-09-25T15:07:33 IST" name="ScecondScenarioTest" finished-at="2025-09-25T15:07:33 IST" duration-ms="1" status="PASS">
          <reporter-output>
          </reporter-output>
        </test-method> <!-- ScecondScenarioTest -->
        <test-method is-config="true" signature="afterMethod()[pri:0, instance:module01.ClassTwoTest@5e82df6a]" started-at="2025-09-25T15:07:33 IST" name="afterMethod" finished-at="2025-09-25T15:07:33 IST" duration-ms="1" status="PASS">
          <reporter-output>
          </reporter-output>
        </test-method> <!-- afterMethod -->
        <test-method signature="firstScenarioTest()[pri:0, instance:module01.ClassTwoTest@5e82df6a]" started-at="2025-09-25T15:07:33 IST" name="firstScenarioTest" finished-at="2025-09-25T15:07:33 IST" duration-ms="1" status="PASS">
          <reporter-output>
          </reporter-output>
        </test-method> <!-- firstScenarioTest -->
        <test-method is-config="true" signature="beforeMethod()[pri:0, instance:module01.ClassTwoTest@5e82df6a]" started-at="2025-09-25T15:07:33 IST" name="beforeMethod" finished-at="2025-09-25T15:07:33 IST" duration-ms="0" status="PASS">
          <reporter-output>
          </reporter-output>
        </test-method> <!-- beforeMethod -->
        <test-method is-config="true" signature="afterMethod()[pri:0, instance:module01.ClassTwoTest@5e82df6a]" started-at="2025-09-25T15:07:33 IST" name="afterMethod" finished-at="2025-09-25T15:07:33 IST" duration-ms="1" status="PASS">
          <reporter-output>
          </reporter-output>
        </test-method> <!-- afterMethod -->
        <test-method is-config="true" signature="beforeMethod()[pri:0, instance:module01.ClassTwoTest@5e82df6a]" started-at="2025-09-25T15:07:33 IST" name="beforeMethod" finished-at="2025-09-25T15:07:33 IST" duration-ms="1" status="PASS">
          <reporter-output>
          </reporter-output>
        </test-method> <!-- beforeMethod -->
        <test-method signature="thirdScenarioTest()[pri:0, instance:module01.ClassTwoTest@5e82df6a]" started-at="2025-09-25T15:07:33 IST" name="thirdScenarioTest" finished-at="2025-09-25T15:07:33 IST" duration-ms="1" status="PASS">
          <reporter-output>
          </reporter-output>
        </test-method> <!-- thirdScenarioTest -->
        <test-method is-config="true" signature="afterMethod()[pri:0, instance:module01.ClassTwoTest@5e82df6a]" started-at="2025-09-25T15:07:33 IST" name="afterMethod" finished-at="2025-09-25T15:07:33 IST" duration-ms="1" status="PASS">
          <reporter-output>
          </reporter-output>
        </test-method> <!-- afterMethod -->
        <test-method is-config="true" signature="afterClassMethod()[pri:0, instance:module01.ClassTwoTest@5e82df6a]" started-at="2025-09-25T15:07:33 IST" name="afterClassMethod" finished-at="2025-09-25T15:07:33 IST" duration-ms="171" status="PASS">
          <reporter-output>
          </reporter-output>
        </test-method> <!-- afterClassMethod -->
      </class> <!-- module01.ClassTwoTest -->
      <class name="module02.ClassTwoTest">
        <test-method is-config="true" signature="beforeClassMethod()[pri:0, instance:module02.ClassTwoTest@50a638b5]" started-at="2025-09-25T15:07:36 IST" name="beforeClassMethod" finished-at="2025-09-25T15:07:37 IST" duration-ms="1128" status="PASS">
          <reporter-output>
          </reporter-output>
        </test-method> <!-- beforeClassMethod -->
        <test-method is-config="true" signature="beforeMethod()[pri:0, instance:module02.ClassTwoTest@50a638b5]" started-at="2025-09-25T15:07:37 IST" name="beforeMethod" finished-at="2025-09-25T15:07:37 IST" duration-ms="0" status="PASS">
          <reporter-output>
          </reporter-output>
        </test-method> <!-- beforeMethod -->
        <test-method signature="ScecondScenarioTest()[pri:0, instance:module02.ClassTwoTest@50a638b5]" started-at="2025-09-25T15:07:37 IST" name="ScecondScenarioTest" finished-at="2025-09-25T15:07:37 IST" duration-ms="0" status="PASS">
          <reporter-output>
          </reporter-output>
        </test-method> <!-- ScecondScenarioTest -->
        <test-method is-config="true" signature="afterMethod()[pri:0, instance:module02.ClassTwoTest@50a638b5]" started-at="2025-09-25T15:07:37 IST" name="afterMethod" finished-at="2025-09-25T15:07:37 IST" duration-ms="0" status="PASS">
          <reporter-output>
          </reporter-output>
        </test-method> <!-- afterMethod -->
        <test-method signature="firstScenarioTest()[pri:0, instance:module02.ClassTwoTest@50a638b5]" started-at="2025-09-25T15:07:37 IST" name="firstScenarioTest" finished-at="2025-09-25T15:07:37 IST" duration-ms="0" status="PASS">
          <reporter-output>
          </reporter-output>
        </test-method> <!-- firstScenarioTest -->
        <test-method is-config="true" signature="beforeMethod()[pri:0, instance:module02.ClassTwoTest@50a638b5]" started-at="2025-09-25T15:07:37 IST" name="beforeMethod" finished-at="2025-09-25T15:07:37 IST" duration-ms="0" status="PASS">
          <reporter-output>
          </reporter-output>
        </test-method> <!-- beforeMethod -->
        <test-method is-config="true" signature="afterMethod()[pri:0, instance:module02.ClassTwoTest@50a638b5]" started-at="2025-09-25T15:07:37 IST" name="afterMethod" finished-at="2025-09-25T15:07:37 IST" duration-ms="0" status="PASS">
          <reporter-output>
          </reporter-output>
        </test-method> <!-- afterMethod -->
        <test-method is-config="true" signature="beforeMethod()[pri:0, instance:module02.ClassTwoTest@50a638b5]" started-at="2025-09-25T15:07:37 IST" name="beforeMethod" finished-at="2025-09-25T15:07:37 IST" duration-ms="1" status="PASS">
          <reporter-output>
          </reporter-output>
        </test-method> <!-- beforeMethod -->
        <test-method signature="thirdScenarioTest()[pri:0, instance:module02.ClassTwoTest@50a638b5]" started-at="2025-09-25T15:07:37 IST" name="thirdScenarioTest" finished-at="2025-09-25T15:07:37 IST" duration-ms="0" status="PASS">
          <reporter-output>
          </reporter-output>
        </test-method> <!-- thirdScenarioTest -->
        <test-method is-config="true" signature="afterMethod()[pri:0, instance:module02.ClassTwoTest@50a638b5]" started-at="2025-09-25T15:07:37 IST" name="afterMethod" finished-at="2025-09-25T15:07:37 IST" duration-ms="0" status="PASS">
          <reporter-output>
          </reporter-output>
        </test-method> <!-- afterMethod -->
        <test-method is-config="true" signature="afterClassMethod()[pri:0, instance:module02.ClassTwoTest@50a638b5]" started-at="2025-09-25T15:07:37 IST" name="afterClassMethod" finished-at="2025-09-25T15:07:37 IST" duration-ms="170" status="PASS">
          <reporter-output>
          </reporter-output>
        </test-method> <!-- afterClassMethod -->
      </class> <!-- module02.ClassTwoTest -->
      <class name="module01.ClassZeroTest">
        <test-method is-config="true" signature="beforeClassMethod()[pri:0, instance:module01.ClassZeroTest@3f197a46]" started-at="2025-09-25T15:07:33 IST" name="beforeClassMethod" finished-at="2025-09-25T15:07:34 IST" duration-ms="1138" status="PASS">
          <reporter-output>
          </reporter-output>
        </test-method> <!-- beforeClassMethod -->
        <test-method is-config="true" signature="beforeMethod()[pri:0, instance:module01.ClassZeroTest@3f197a46]" started-at="2025-09-25T15:07:34 IST" name="beforeMethod" finished-at="2025-09-25T15:07:34 IST" duration-ms="1" status="PASS">
          <reporter-output>
          </reporter-output>
        </test-method> <!-- beforeMethod -->
        <test-method signature="ScecondScenarioTest()[pri:0, instance:module01.ClassZeroTest@3f197a46]" started-at="2025-09-25T15:07:34 IST" name="ScecondScenarioTest" finished-at="2025-09-25T15:07:34 IST" duration-ms="1" status="PASS">
          <reporter-output>
          </reporter-output>
        </test-method> <!-- ScecondScenarioTest -->
        <test-method is-config="true" signature="afterMethod()[pri:0, instance:module01.ClassZeroTest@3f197a46]" started-at="2025-09-25T15:07:34 IST" name="afterMethod" finished-at="2025-09-25T15:07:34 IST" duration-ms="0" status="PASS">
          <reporter-output>
          </reporter-output>
        </test-method> <!-- afterMethod -->
        <test-method is-config="true" signature="beforeMethod()[pri:0, instance:module01.ClassZeroTest@3f197a46]" started-at="2025-09-25T15:07:34 IST" name="beforeMethod" finished-at="2025-09-25T15:07:34 IST" duration-ms="1" status="PASS">
          <reporter-output>
          </reporter-output>
        </test-method> <!-- beforeMethod -->
        <test-method signature="firstScenarioTest()[pri:0, instance:module01.ClassZeroTest@3f197a46]" started-at="2025-09-25T15:07:34 IST" name="firstScenarioTest" finished-at="2025-09-25T15:07:34 IST" duration-ms="0" status="PASS">
          <reporter-output>
          </reporter-output>
        </test-method> <!-- firstScenarioTest -->
        <test-method is-config="true" signature="afterMethod()[pri:0, instance:module01.ClassZeroTest@3f197a46]" started-at="2025-09-25T15:07:34 IST" name="afterMethod" finished-at="2025-09-25T15:07:34 IST" duration-ms="1" status="PASS">
          <reporter-output>
          </reporter-output>
        </test-method> <!-- afterMethod -->
        <test-method is-config="true" signature="beforeMethod()[pri:0, instance:module01.ClassZeroTest@3f197a46]" started-at="2025-09-25T15:07:34 IST" name="beforeMethod" finished-at="2025-09-25T15:07:34 IST" duration-ms="0" status="PASS">
          <reporter-output>
          </reporter-output>
        </test-method> <!-- beforeMethod -->
        <test-method signature="thirdScenarioTest()[pri:0, instance:module01.ClassZeroTest@3f197a46]" started-at="2025-09-25T15:07:34 IST" name="thirdScenarioTest" finished-at="2025-09-25T15:07:34 IST" duration-ms="0" status="PASS">
          <reporter-output>
          </reporter-output>
        </test-method> <!-- thirdScenarioTest -->
        <test-method is-config="true" signature="afterMethod()[pri:0, instance:module01.ClassZeroTest@3f197a46]" started-at="2025-09-25T15:07:34 IST" name="afterMethod" finished-at="2025-09-25T15:07:34 IST" duration-ms="0" status="PASS">
          <reporter-output>
          </reporter-output>
        </test-method> <!-- afterMethod -->
        <test-method is-config="true" signature="afterClassMethod()[pri:0, instance:module01.ClassZeroTest@3f197a46]" started-at="2025-09-25T15:07:34 IST" name="afterClassMethod" finished-at="2025-09-25T15:07:35 IST" duration-ms="168" status="PASS">
          <reporter-output>
          </reporter-output>
        </test-method> <!-- afterClassMethod -->
      </class> <!-- module01.ClassZeroTest -->
      <class name="module02.ClassOneTest">
        <test-method is-config="true" signature="beforeClassMethod()[pri:0, instance:module02.ClassOneTest@636be97c]" started-at="2025-09-25T15:07:35 IST" name="beforeClassMethod" finished-at="2025-09-25T15:07:36 IST" duration-ms="1086" status="PASS">
          <reporter-output>
          </reporter-output>
        </test-method> <!-- beforeClassMethod -->
        <test-method signature="ScecondScenarioTest()[pri:0, instance:module02.ClassOneTest@636be97c]" started-at="2025-09-25T15:07:36 IST" name="ScecondScenarioTest" finished-at="2025-09-25T15:07:36 IST" duration-ms="0" status="PASS">
          <reporter-output>
          </reporter-output>
        </test-method> <!-- ScecondScenarioTest -->
        <test-method is-config="true" signature="afterMethod()[pri:0, instance:module02.ClassOneTest@636be97c]" started-at="2025-09-25T15:07:36 IST" name="afterMethod" finished-at="2025-09-25T15:07:36 IST" duration-ms="1" status="PASS">
          <reporter-output>
          </reporter-output>
        </test-method> <!-- afterMethod -->
        <test-method is-config="true" signature="beforeMethod()[pri:0, instance:module02.ClassOneTest@636be97c]" started-at="2025-09-25T15:07:36 IST" name="beforeMethod" finished-at="2025-09-25T15:07:36 IST" duration-ms="0" status="PASS">
          <reporter-output>
          </reporter-output>
        </test-method> <!-- beforeMethod -->
        <test-method signature="firstScenarioTest()[pri:0, instance:module02.ClassOneTest@636be97c]" started-at="2025-09-25T15:07:36 IST" name="firstScenarioTest" finished-at="2025-09-25T15:07:36 IST" duration-ms="0" status="PASS">
          <reporter-output>
          </reporter-output>
        </test-method> <!-- firstScenarioTest -->
        <test-method is-config="true" signature="afterMethod()[pri:0, instance:module02.ClassOneTest@636be97c]" started-at="2025-09-25T15:07:36 IST" name="afterMethod" finished-at="2025-09-25T15:07:36 IST" duration-ms="1" status="PASS">
          <reporter-output>
          </reporter-output>
        </test-method> <!-- afterMethod -->
        <test-method is-config="true" signature="beforeMethod()[pri:0, instance:module02.ClassOneTest@636be97c]" started-at="2025-09-25T15:07:36 IST" name="beforeMethod" finished-at="2025-09-25T15:07:36 IST" duration-ms="0" status="PASS">
          <reporter-output>
          </reporter-output>
        </test-method> <!-- beforeMethod -->
        <test-method is-config="true" signature="beforeMethod()[pri:0, instance:module02.ClassOneTest@636be97c]" started-at="2025-09-25T15:07:36 IST" name="beforeMethod" finished-at="2025-09-25T15:07:36 IST" duration-ms="0" status="PASS">
          <reporter-output>
          </reporter-output>
        </test-method> <!-- beforeMethod -->
        <test-method signature="thirdScenarioTest()[pri:0, instance:module02.ClassOneTest@636be97c]" started-at="2025-09-25T15:07:36 IST" name="thirdScenarioTest" finished-at="2025-09-25T15:07:36 IST" duration-ms="0" status="PASS">
          <reporter-output>
          </reporter-output>
        </test-method> <!-- thirdScenarioTest -->
        <test-method is-config="true" signature="afterClassMethod()[pri:0, instance:module02.ClassOneTest@636be97c]" started-at="2025-09-25T15:07:36 IST" name="afterClassMethod" finished-at="2025-09-25T15:07:36 IST" duration-ms="167" status="PASS">
          <reporter-output>
          </reporter-output>
        </test-method> <!-- afterClassMethod -->
        <test-method is-config="true" signature="afterMethod()[pri:0, instance:module02.ClassOneTest@636be97c]" started-at="2025-09-25T15:07:36 IST" name="afterMethod" finished-at="2025-09-25T15:07:36 IST" duration-ms="0" status="PASS">
          <reporter-output>
          </reporter-output>
        </test-method> <!-- afterMethod -->
      </class> <!-- module02.ClassOneTest -->
      <class name="module03.ClassOneTest">
        <test-method is-config="true" signature="beforeClassMethod()[pri:0, instance:module03.ClassOneTest@6ca8564a]" started-at="2025-09-25T15:07:38 IST" name="beforeClassMethod" finished-at="2025-09-25T15:07:40 IST" duration-ms="1300" status="PASS">
          <reporter-output>
          </reporter-output>
        </test-method> <!-- beforeClassMethod -->
        <test-method signature="ScecondScenarioTest()[pri:0, instance:module03.ClassOneTest@6ca8564a]" started-at="2025-09-25T15:07:40 IST" name="ScecondScenarioTest" finished-at="2025-09-25T15:07:40 IST" duration-ms="0" status="PASS">
          <reporter-output>
          </reporter-output>
        </test-method> <!-- ScecondScenarioTest -->
        <test-method is-config="true" signature="beforeMethod()[pri:0, instance:module03.ClassOneTest@6ca8564a]" started-at="2025-09-25T15:07:40 IST" name="beforeMethod" finished-at="2025-09-25T15:07:40 IST" duration-ms="0" status="PASS">
          <reporter-output>
          </reporter-output>
        </test-method> <!-- beforeMethod -->
        <test-method is-config="true" signature="afterMethod()[pri:0, instance:module03.ClassOneTest@6ca8564a]" started-at="2025-09-25T15:07:40 IST" name="afterMethod" finished-at="2025-09-25T15:07:40 IST" duration-ms="1" status="PASS">
          <reporter-output>
          </reporter-output>
        </test-method> <!-- afterMethod -->
        <test-method signature="firstScenarioTest()[pri:0, instance:module03.ClassOneTest@6ca8564a]" started-at="2025-09-25T15:07:40 IST" name="firstScenarioTest" finished-at="2025-09-25T15:07:40 IST" duration-ms="0" status="PASS">
          <reporter-output>
          </reporter-output>
        </test-method> <!-- firstScenarioTest -->
        <test-method is-config="true" signature="beforeMethod()[pri:0, instance:module03.ClassOneTest@6ca8564a]" started-at="2025-09-25T15:07:40 IST" name="beforeMethod" finished-at="2025-09-25T15:07:40 IST" duration-ms="0" status="PASS">
          <reporter-output>
          </reporter-output>
        </test-method> <!-- beforeMethod -->
        <test-method is-config="true" signature="afterMethod()[pri:0, instance:module03.ClassOneTest@6ca8564a]" started-at="2025-09-25T15:07:40 IST" name="afterMethod" finished-at="2025-09-25T15:07:40 IST" duration-ms="0" status="PASS">
          <reporter-output>
          </reporter-output>
        </test-method> <!-- afterMethod -->
        <test-method signature="thirdScenarioTest()[pri:0, instance:module03.ClassOneTest@6ca8564a]" started-at="2025-09-25T15:07:40 IST" name="thirdScenarioTest" finished-at="2025-09-25T15:07:40 IST" duration-ms="0" status="PASS">
          <reporter-output>
          </reporter-output>
        </test-method> <!-- thirdScenarioTest -->
        <test-method is-config="true" signature="afterMethod()[pri:0, instance:module03.ClassOneTest@6ca8564a]" started-at="2025-09-25T15:07:40 IST" name="afterMethod" finished-at="2025-09-25T15:07:40 IST" duration-ms="0" status="PASS">
          <reporter-output>
          </reporter-output>
        </test-method> <!-- afterMethod -->
        <test-method is-config="true" signature="afterClassMethod()[pri:0, instance:module03.ClassOneTest@6ca8564a]" started-at="2025-09-25T15:07:40 IST" name="afterClassMethod" finished-at="2025-09-25T15:07:40 IST" duration-ms="160" status="PASS">
          <reporter-output>
          </reporter-output>
        </test-method> <!-- afterClassMethod -->
        <test-method is-config="true" signature="beforeMethod()[pri:0, instance:module03.ClassOneTest@6ca8564a]" started-at="2025-09-25T15:07:40 IST" name="beforeMethod" finished-at="2025-09-25T15:07:40 IST" duration-ms="0" status="PASS">
          <reporter-output>
          </reporter-output>
        </test-method> <!-- beforeMethod -->
      </class> <!-- module03.ClassOneTest -->
      <class name="module03.ClassTwoTest">
        <test-method is-config="true" signature="beforeClassMethod()[pri:0, instance:module03.ClassTwoTest@50b472aa]" started-at="2025-09-25T15:07:40 IST" name="beforeClassMethod" finished-at="2025-09-25T15:07:41 IST" duration-ms="1338" status="PASS">
          <reporter-output>
          </reporter-output>
        </test-method> <!-- beforeClassMethod -->
        <test-method signature="ScecondScenarioTest()[pri:0, instance:module03.ClassTwoTest@50b472aa]" started-at="2025-09-25T15:07:41 IST" name="ScecondScenarioTest" finished-at="2025-09-25T15:07:41 IST" duration-ms="0" status="PASS">
          <reporter-output>
          </reporter-output>
        </test-method> <!-- ScecondScenarioTest -->
        <test-method is-config="true" signature="beforeMethod()[pri:0, instance:module03.ClassTwoTest@50b472aa]" started-at="2025-09-25T15:07:41 IST" name="beforeMethod" finished-at="2025-09-25T15:07:41 IST" duration-ms="0" status="PASS">
          <reporter-output>
          </reporter-output>
        </test-method> <!-- beforeMethod -->
        <test-method signature="firstScenarioTest()[pri:0, instance:module03.ClassTwoTest@50b472aa]" started-at="2025-09-25T15:07:41 IST" name="firstScenarioTest" finished-at="2025-09-25T15:07:41 IST" duration-ms="0" status="PASS">
          <reporter-output>
          </reporter-output>
        </test-method> <!-- firstScenarioTest -->
        <test-method is-config="true" signature="beforeMethod()[pri:0, instance:module03.ClassTwoTest@50b472aa]" started-at="2025-09-25T15:07:41 IST" name="beforeMethod" finished-at="2025-09-25T15:07:41 IST" duration-ms="0" status="PASS">
          <reporter-output>
          </reporter-output>
        </test-method> <!-- beforeMethod -->
        <test-method is-config="true" signature="afterMethod()[pri:0, instance:module03.ClassTwoTest@50b472aa]" started-at="2025-09-25T15:07:41 IST" name="afterMethod" finished-at="2025-09-25T15:07:41 IST" duration-ms="0" status="PASS">
          <reporter-output>
          </reporter-output>
        </test-method> <!-- afterMethod -->
        <test-method signature="thirdScenarioTest()[pri:0, instance:module03.ClassTwoTest@50b472aa]" started-at="2025-09-25T15:07:41 IST" name="thirdScenarioTest" finished-at="2025-09-25T15:07:41 IST" duration-ms="0" status="PASS">
          <reporter-output>
          </reporter-output>
        </test-method> <!-- thirdScenarioTest -->
        <test-method is-config="true" signature="afterMethod()[pri:0, instance:module03.ClassTwoTest@50b472aa]" started-at="2025-09-25T15:07:41 IST" name="afterMethod" finished-at="2025-09-25T15:07:41 IST" duration-ms="0" status="PASS">
          <reporter-output>
          </reporter-output>
        </test-method> <!-- afterMethod -->
        <test-method is-config="true" signature="beforeMethod()[pri:0, instance:module03.ClassTwoTest@50b472aa]" started-at="2025-09-25T15:07:41 IST" name="beforeMethod" finished-at="2025-09-25T15:07:41 IST" duration-ms="0" status="PASS">
          <reporter-output>
          </reporter-output>
        </test-method> <!-- beforeMethod -->
        <test-method is-config="true" signature="afterMethod()[pri:0, instance:module03.ClassTwoTest@50b472aa]" started-at="2025-09-25T15:07:41 IST" name="afterMethod" finished-at="2025-09-25T15:07:41 IST" duration-ms="1" status="PASS">
          <reporter-output>
          </reporter-output>
        </test-method> <!-- afterMethod -->
        <test-method is-config="true" signature="afterClassMethod()[pri:0, instance:module03.ClassTwoTest@50b472aa]" started-at="2025-09-25T15:07:41 IST" name="afterClassMethod" finished-at="2025-09-25T15:07:42 IST" duration-ms="214" status="PASS">
          <reporter-output>
          </reporter-output>
        </test-method> <!-- afterClassMethod -->
      </class> <!-- module03.ClassTwoTest -->
      <class name="module01.ClassOneTest">
        <test-method is-config="true" signature="beforeSuitMethod()[pri:0, instance:module01.ClassOneTest@31d7b7bf]" started-at="2025-09-25T15:07:30 IST" name="beforeSuitMethod" finished-at="2025-09-25T15:07:30 IST" duration-ms="17" status="PASS">
          <reporter-output>
          </reporter-output>
        </test-method> <!-- beforeSuitMethod -->
        <test-method is-config="true" signature="beforeClassMethod()[pri:0, instance:module01.ClassOneTest@31d7b7bf]" started-at="2025-09-25T15:07:30 IST" name="beforeClassMethod" finished-at="2025-09-25T15:07:32 IST" duration-ms="1572" status="PASS">
          <reporter-output>
          </reporter-output>
        </test-method> <!-- beforeClassMethod -->
        <test-method signature="ScecondScenarioTest()[pri:0, instance:module01.ClassOneTest@31d7b7bf]" started-at="2025-09-25T15:07:32 IST" name="ScecondScenarioTest" finished-at="2025-09-25T15:07:32 IST" duration-ms="2" status="PASS">
          <reporter-output>
          </reporter-output>
        </test-method> <!-- ScecondScenarioTest -->
        <test-method is-config="true" signature="beforeMethod()[pri:0, instance:module01.ClassOneTest@31d7b7bf]" started-at="2025-09-25T15:07:32 IST" name="beforeMethod" finished-at="2025-09-25T15:07:32 IST" duration-ms="0" status="PASS">
          <reporter-output>
          </reporter-output>
        </test-method> <!-- beforeMethod -->
        <test-method is-config="true" signature="afterMethod()[pri:0, instance:module01.ClassOneTest@31d7b7bf]" started-at="2025-09-25T15:07:32 IST" name="afterMethod" finished-at="2025-09-25T15:07:32 IST" duration-ms="1" status="PASS">
          <reporter-output>
          </reporter-output>
        </test-method> <!-- afterMethod -->
        <test-method is-config="true" signature="beforeMethod()[pri:0, instance:module01.ClassOneTest@31d7b7bf]" started-at="2025-09-25T15:07:32 IST" name="beforeMethod" finished-at="2025-09-25T15:07:32 IST" duration-ms="1" status="PASS">
          <reporter-output>
          </reporter-output>
        </test-method> <!-- beforeMethod -->
        <test-method signature="firstScenarioTest()[pri:0, instance:module01.ClassOneTest@31d7b7bf]" started-at="2025-09-25T15:07:32 IST" name="firstScenarioTest" finished-at="2025-09-25T15:07:32 IST" duration-ms="1" status="PASS">
          <reporter-output>
          </reporter-output>
        </test-method> <!-- firstScenarioTest -->
        <test-method is-config="true" signature="afterMethod()[pri:0, instance:module01.ClassOneTest@31d7b7bf]" started-at="2025-09-25T15:07:32 IST" name="afterMethod" finished-at="2025-09-25T15:07:32 IST" duration-ms="1" status="PASS">
          <reporter-output>
          </reporter-output>
        </test-method> <!-- afterMethod -->
        <test-method signature="thirdScenarioTest()[pri:0, instance:module01.ClassOneTest@31d7b7bf]" started-at="2025-09-25T15:07:32 IST" name="thirdScenarioTest" finished-at="2025-09-25T15:07:32 IST" duration-ms="1" status="PASS">
          <reporter-output>
          </reporter-output>
        </test-method> <!-- thirdScenarioTest -->
        <test-method is-config="true" signature="beforeMethod()[pri:0, instance:module01.ClassOneTest@31d7b7bf]" started-at="2025-09-25T15:07:32 IST" name="beforeMethod" finished-at="2025-09-25T15:07:32 IST" duration-ms="0" status="PASS">
          <reporter-output>
          </reporter-output>
        </test-method> <!-- beforeMethod -->
        <test-method is-config="true" signature="afterMethod()[pri:0, instance:module01.ClassOneTest@31d7b7bf]" started-at="2025-09-25T15:07:32 IST" name="afterMethod" finished-at="2025-09-25T15:07:32 IST" duration-ms="0" status="PASS">
          <reporter-output>
          </reporter-output>
        </test-method> <!-- afterMethod -->
        <test-method is-config="true" signature="afterClassMethod()[pri:0, instance:module01.ClassOneTest@31d7b7bf]" started-at="2025-09-25T15:07:32 IST" name="afterClassMethod" finished-at="2025-09-25T15:07:32 IST" duration-ms="209" status="PASS">
          <reporter-output>
          </reporter-output>
        </test-method> <!-- afterClassMethod -->
        <test-method is-config="true" signature="afterSuitMethod()[pri:0, instance:module01.ClassOneTest@31d7b7bf]" started-at="2025-09-25T15:07:43 IST" name="afterSuitMethod" finished-at="2025-09-25T15:07:43 IST" duration-ms="0" status="PASS">
          <reporter-output>
          </reporter-output>
        </test-method> <!-- afterSuitMethod -->
      </class> <!-- module01.ClassOneTest -->
      <class name="module03.ClassZeroTest">
        <test-method is-config="true" signature="beforeClassMethod()[pri:0, instance:module03.ClassZeroTest@31368b99]" started-at="2025-09-25T15:07:42 IST" name="beforeClassMethod" finished-at="2025-09-25T15:07:43 IST" duration-ms="1163" status="PASS">
          <reporter-output>
          </reporter-output>
        </test-method> <!-- beforeClassMethod -->
        <test-method is-config="true" signature="beforeMethod()[pri:0, instance:module03.ClassZeroTest@31368b99]" started-at="2025-09-25T15:07:43 IST" name="beforeMethod" finished-at="2025-09-25T15:07:43 IST" duration-ms="1" status="PASS">
          <reporter-output>
          </reporter-output>
        </test-method> <!-- beforeMethod -->
        <test-method signature="ScecondScenarioTest()[pri:0, instance:module03.ClassZeroTest@31368b99]" started-at="2025-09-25T15:07:43 IST" name="ScecondScenarioTest" finished-at="2025-09-25T15:07:43 IST" duration-ms="0" status="PASS">
          <reporter-output>
          </reporter-output>
        </test-method> <!-- ScecondScenarioTest -->
        <test-method signature="firstScenarioTest()[pri:0, instance:module03.ClassZeroTest@31368b99]" started-at="2025-09-25T15:07:43 IST" name="firstScenarioTest" finished-at="2025-09-25T15:07:43 IST" duration-ms="0" status="PASS">
          <reporter-output>
          </reporter-output>
        </test-method> <!-- firstScenarioTest -->
        <test-method is-config="true" signature="beforeMethod()[pri:0, instance:module03.ClassZeroTest@31368b99]" started-at="2025-09-25T15:07:43 IST" name="beforeMethod" finished-at="2025-09-25T15:07:43 IST" duration-ms="0" status="PASS">
          <reporter-output>
          </reporter-output>
        </test-method> <!-- beforeMethod -->
        <test-method is-config="true" signature="afterMethod()[pri:0, instance:module03.ClassZeroTest@31368b99]" started-at="2025-09-25T15:07:43 IST" name="afterMethod" finished-at="2025-09-25T15:07:43 IST" duration-ms="0" status="PASS">
          <reporter-output>
          </reporter-output>
        </test-method> <!-- afterMethod -->
        <test-method is-config="true" signature="afterMethod()[pri:0, instance:module03.ClassZeroTest@31368b99]" started-at="2025-09-25T15:07:43 IST" name="afterMethod" finished-at="2025-09-25T15:07:43 IST" duration-ms="2" status="PASS">
          <reporter-output>
          </reporter-output>
        </test-method> <!-- afterMethod -->
        <test-method signature="thirdScenarioTest()[pri:0, instance:module03.ClassZeroTest@31368b99]" started-at="2025-09-25T15:07:43 IST" name="thirdScenarioTest" finished-at="2025-09-25T15:07:43 IST" duration-ms="0" status="PASS">
          <reporter-output>
          </reporter-output>
        </test-method> <!-- thirdScenarioTest -->
        <test-method is-config="true" signature="beforeMethod()[pri:0, instance:module03.ClassZeroTest@31368b99]" started-at="2025-09-25T15:07:43 IST" name="beforeMethod" finished-at="2025-09-25T15:07:43 IST" duration-ms="0" status="PASS">
          <reporter-output>
          </reporter-output>
        </test-method> <!-- beforeMethod -->
        <test-method is-config="true" signature="afterClassMethod()[pri:0, instance:module03.ClassZeroTest@31368b99]" started-at="2025-09-25T15:07:43 IST" name="afterClassMethod" finished-at="2025-09-25T15:07:43 IST" duration-ms="175" status="PASS">
          <reporter-output>
          </reporter-output>
        </test-method> <!-- afterClassMethod -->
        <test-method is-config="true" signature="afterMethod()[pri:0, instance:module03.ClassZeroTest@31368b99]" started-at="2025-09-25T15:07:43 IST" name="afterMethod" finished-at="2025-09-25T15:07:43 IST" duration-ms="0" status="PASS">
          <reporter-output>
          </reporter-output>
        </test-method> <!-- afterMethod -->
      </class> <!-- module03.ClassZeroTest -->
    </test> <!-- Surefire test -->
  </suite> <!-- Surefire suite -->
</testng-results>
