<?xml version="1.0" encoding="UTF-8"?>
<testsuite xmlns:xsi="http://www.w3.org/2001/XMLSchema-instance" xsi:noNamespaceSchemaLocation="https://maven.apache.org/surefire/maven-surefire-plugin/xsd/surefire-test-report-3.0.xsd" version="3.0" name="TestSuite" time="137.374" tests="30" errors="0" skipped="2" failures="2">
  <properties>
[...]
</properties>
  <testcase name="ScecondScenarioTest" classname="module01.ClassOneTest" time="0.003">
    <system-out><![CDATA[ userName passWord from cmd line are null  null
 userName passWord from Proprty file are admin  admin
ScecondScenarioTest
]]></system-out>
    <system-err><![CDATA[SLF4J(W): No SLF4J providers were found.
SLF4J(W): Defaulting to no-operation (NOP) logger implementation
SLF4J(W): See https://www.slf4j.org/codes.html#noProviders for further details.
Oct 06, 2025 12:30:17 PM org.openqa.selenium.devtools.CdpVersionFinder findNearestMatch
WARNING: Unable to find an exact match for CDP version 141, returning the closest version; found: 139; Please update to a Selenium version that supports CDP version 141
]]></system-err>
  </testcase>
  <testcase name="firstScenarioTest" classname="module01.ClassOneTest" time="0.0">
    <system-out><![CDATA[ userName passWord from cmd line are null  null
 userName passWord from Proprty file are admin  admin
firstScenarioTest
]]></system-out>
  </testcase>
  <testcase name="thirdScenarioTest" classname="module01.ClassOneTest" time="0.0">
    <system-out><![CDATA[ userName passWord from cmd line are null  null
 userName passWord from Proprty file are admin  admin
thirdScenarioTest
]]></system-out>
  </testcase>
  <testcase name="ScecondScenarioTest" classname="module01.ClassTwoTest" time="0.001">
    <system-out><![CDATA[ userName passWord from cmd line are null  null
 userName passWord from Proprty file are admin  admin
ScecondScenarioTest
]]></system-out>
    <system-err><![CDATA[Oct 06, 2025 12:30:28 PM org.openqa.selenium.devtools.CdpVersionFinder findNearestMatch
WARNING: Unable to find an exact match for CDP version 141, returning the closest version; found: 139; Please update to a Selenium version that supports CDP version 141
]]></system-err>
  </testcase>
  <testcase name="firstScenarioTest" classname="module01.ClassTwoTest" time="0.0">
    <system-out><![CDATA[ userName passWord from cmd line are null  null
 userName passWord from Proprty file are admin  admin
firstScenarioTest
]]></system-out>
  </testcase>
  <testcase name="thirdScenarioTest" classname="module01.ClassTwoTest" time="0.0">
    <system-out><![CDATA[ userName passWord from cmd line are null  null
 userName passWord from Proprty file are admin  admin
thirdScenarioTest
]]></system-out>
  </testcase>
  <testcase name="ScecondScenarioTest" classname="module01.ClassZeroTest" time="0.0">
    <system-out><![CDATA[ userName passWord from cmd line are null  null
 userName passWord from Proprty file are admin  admin
ScecondScenarioTest
]]></system-out>
    <system-err><![CDATA[Oct 06, 2025 12:30:40 PM org.openqa.selenium.devtools.CdpVersionFinder findNearestMatch
WARNING: Unable to find an exact match for CDP version 141, returning the closest version; found: 139; Please update to a Selenium version that supports CDP version 141
]]></system-err>
  </testcase>
  <testcase name="firstScenarioTest" classname="module01.ClassZeroTest" time="0.0">
    <system-out><![CDATA[ userName passWord from cmd line are null  null
 userName passWord from Proprty file are admin  admin
firstScenarioTest
]]></system-out>
  </testcase>
  <testcase name="thirdScenarioTest" classname="module01.ClassZeroTest" time="0.001">
    <system-out><![CDATA[ userName passWord from cmd line are null  null
 userName passWord from Proprty file are admin  admin
thirdScenarioTest
]]></system-out>
  </testcase>
  <testcase name="ScecondScenarioTest" classname="module02.ClassOneTest" time="0.001">
    <system-out><![CDATA[ userName passWord from cmd line are null  null
 userName passWord from Proprty file are admin  admin
ScecondScenarioTest
]]></system-out>
    <system-err><![CDATA[Oct 06, 2025 12:30:51 PM org.openqa.selenium.devtools.CdpVersionFinder findNearestMatch
WARNING: Unable to find an exact match for CDP version 141, returning the closest version; found: 139; Please update to a Selenium version that supports CDP version 141
]]></system-err>
  </testcase>
  <testcase name="afterMethod" classname="module02.ClassOneTest" time="15.129">
    <failure message="no such element: Unable to locate element: {&quot;method&quot;:&quot;link text&quot;,&quot;selector&quot;:&quot;Sign Out&quot;}&#10;  (Session info: chrome=141.0.7390.54)&#10;For documentation on this error, please visit: https://www.selenium.dev/documentation/webdriver/troubleshooting/errors#no-such-element-exception&#10;Build info: version: &apos;4.35.0&apos;, revision: &apos;1c58e5028b&apos;&#10;System info: os.name: &apos;Windows 11&apos;, os.arch: &apos;amd64&apos;, os.version: &apos;10.0&apos;, java.version: &apos;21.0.6&apos;&#10;Driver info: org.openqa.selenium.chrome.ChromeDriver&#10;Command: [4c09fec3410eb0b85f61a0c2c616baf4, findElement {using=link text, value=Sign Out}]&#10;Capabilities {acceptInsecureCerts: false, browserName: chrome, browserVersion: 141.0.7390.54, chrome: {chromedriverVersion: 141.0.7390.54 (b95610d5c4a5..., userDataDir: C:\Users\KAIFKH~1\AppData\L...}, fedcm:accounts: true, goog:chromeOptions: {debuggerAddress: localhost:62782}, networkConnectionEnabled: false, pageLoadStrategy: normal, platformName: windows, proxy: Proxy(), se:cdp: ws://localhost:62782/devtoo..., se:cdpVersion: 141.0.7390.54, setWindowRect: true, strictFileInteractability: false, timeouts: {implicit: 0, pageLoad: 300000, script: 30000}, unhandledPromptBehavior: dismiss and notify, webauthn:extension:credBlob: true, webauthn:extension:largeBlob: true, webauthn:extension:minPinLength: true, webauthn:extension:prf: true, webauthn:virtualAuthenticators: true}&#10;Session ID: 4c09fec3410eb0b85f61a0c2c616baf4" type="org.openqa.selenium.NoSuchElementException"><![CDATA[org.openqa.selenium.NoSuchElementException: 
no such element: Unable to locate element: {"method":"link text","selector":"Sign Out"}
  (Session info: chrome=141.0.7390.54)
For documentation on this error, please visit: https://www.selenium.dev/documentation/webdriver/troubleshooting/errors#no-such-element-exception
Build info: version: '4.35.0', revision: '1c58e5028b'
System info: os.name: 'Windows 11', os.arch: 'amd64', os.version: '10.0', java.version: '21.0.6'
Driver info: org.openqa.selenium.chrome.ChromeDriver
Command: [4c09fec3410eb0b85f61a0c2c616baf4, findElement {using=link text, value=Sign Out}]
Capabilities {acceptInsecureCerts: false, browserName: chrome, browserVersion: 141.0.7390.54, chrome: {chromedriverVersion: 141.0.7390.54 (b95610d5c4a5..., userDataDir: C:\Users\KAIFKH~1\AppData\L...}, fedcm:accounts: true, goog:chromeOptions: {debuggerAddress: localhost:62782}, networkConnectionEnabled: false, pageLoadStrategy: normal, platformName: windows, proxy: Proxy(), se:cdp: ws://localhost:62782/devtoo..., se:cdpVersion: 141.0.7390.54, setWindowRect: true, strictFileInteractability: false, timeouts: {implicit: 0, pageLoad: 300000, script: 30000}, unhandledPromptBehavior: dismiss and notify, webauthn:extension:credBlob: true, webauthn:extension:largeBlob: true, webauthn:extension:minPinLength: true, webauthn:extension:prf: true, webauthn:virtualAuthenticators: true}
Session ID: 4c09fec3410eb0b85f61a0c2c616baf4
	at java.base/jdk.internal.reflect.DirectConstructorHandleAccessor.newInstance(DirectConstructorHandleAccessor.java:62)
	at java.base/java.lang.reflect.Constructor.newInstanceWithCaller(Constructor.java:502)
	at java.base/java.lang.reflect.Constructor.newInstance(Constructor.java:486)
	at org.openqa.selenium.remote.ErrorCodec.decode(ErrorCodec.java:167)
	at org.openqa.selenium.remote.codec.w3c.W3CHttpResponseCodec.decode(W3CHttpResponseCodec.java:138)
	at org.openqa.selenium.remote.codec.w3c.W3CHttpResponseCodec.decode(W3CHttpResponseCodec.java:50)
	at org.openqa.selenium.remote.HttpCommandExecutor.execute(HttpCommandExecutor.java:215)
	at org.openqa.selenium.remote.service.DriverCommandExecutor.invokeExecute(DriverCommandExecutor.java:216)
	at org.openqa.selenium.remote.service.DriverCommandExecutor.execute(DriverCommandExecutor.java:174)
	at org.openqa.selenium.remote.RemoteWebDriver.execute(RemoteWebDriver.java:557)
	at org.openqa.selenium.remote.ElementLocation$ElementFinder$2.findElement(ElementLocation.java:165)
	at org.openqa.selenium.remote.ElementLocation.findElement(ElementLocation.java:59)
	at org.openqa.selenium.remote.RemoteWebDriver.findElement(RemoteWebDriver.java:380)
	at org.openqa.selenium.remote.RemoteWebDriver.findElement(RemoteWebDriver.java:374)
	at org.openqa.selenium.support.pagefactory.DefaultElementLocator.findElement(DefaultElementLocator.java:68)
	at org.openqa.selenium.support.pagefactory.internal.LocatingElementHandler.invoke(LocatingElementHandler.java:38)
	at jdk.proxy2/jdk.proxy2.$Proxy13.click(Unknown Source)
	at com.ProjectName.busuness.repository.HomePage.logoutFromApp(HomePage.java:46)
	at com.ProjectName.generic.BaseClassUtil.BaseClass.afterMethod(BaseClass.java:110)
	at java.base/jdk.internal.reflect.DirectMethodHandleAccessor.invoke(DirectMethodHandleAccessor.java:103)
	at java.base/java.lang.reflect.Method.invoke(Method.java:580)
	at org.testng.internal.invokers.MethodInvocationHelper.invokeMethod(MethodInvocationHelper.java:141)
	at org.testng.internal.invokers.MethodInvocationHelper.invokeMethodConsideringTimeout(MethodInvocationHelper.java:71)
	at org.testng.internal.invokers.ConfigInvoker.invokeConfigurationMethod(ConfigInvoker.java:400)
	at org.testng.internal.invokers.ConfigInvoker.invokeConfigurations(ConfigInvoker.java:333)
	at org.testng.internal.invokers.TestInvoker.runConfigMethods(TestInvoker.java:836)
	at org.testng.internal.invokers.TestInvoker.runAfterConfigurations(TestInvoker.java:805)
	at org.testng.internal.invokers.TestInvoker.invokeMethod(TestInvoker.java:781)
	at org.testng.internal.invokers.TestInvoker.invokeTestMethod(TestInvoker.java:230)
	at org.testng.internal.invokers.MethodRunner.runInSequence(MethodRunner.java:63)
	at org.testng.internal.invokers.TestInvoker$MethodInvocationAgent.invoke(TestInvoker.java:995)
	at org.testng.internal.invokers.TestInvoker.invokeTestMethods(TestInvoker.java:203)
	at org.testng.internal.invokers.TestMethodWorker.invokeTestMethods(TestMethodWorker.java:154)
	at org.testng.internal.invokers.TestMethodWorker.run(TestMethodWorker.java:134)
	at java.base/java.util.ArrayList.forEach(ArrayList.java:1596)
	at org.testng.TestRunner.privateRun(TestRunner.java:741)
	at org.testng.TestRunner.run(TestRunner.java:616)
	at org.testng.SuiteRunner.runTest(SuiteRunner.java:421)
	at org.testng.SuiteRunner.runSequentially(SuiteRunner.java:413)
	at org.testng.SuiteRunner.privateRun(SuiteRunner.java:373)
	at org.testng.SuiteRunner.run(SuiteRunner.java:312)
	at org.testng.SuiteRunnerWorker.runSuite(SuiteRunnerWorker.java:52)
	at org.testng.SuiteRunnerWorker.run(SuiteRunnerWorker.java:95)
	at org.testng.TestNG.runSuitesSequentially(TestNG.java:1274)
	at org.testng.TestNG.runSuitesLocally(TestNG.java:1208)
	at org.testng.TestNG.runSuites(TestNG.java:1112)
	at org.testng.TestNG.run(TestNG.java:1079)
	at org.apache.maven.surefire.testng.TestNGExecutor.run(TestNGExecutor.java:155)
	at org.apache.maven.surefire.testng.TestNGDirectoryTestSuite.executeMulti(TestNGDirectoryTestSuite.java:169)
	at org.apache.maven.surefire.testng.TestNGDirectoryTestSuite.execute(TestNGDirectoryTestSuite.java:88)
	at org.apache.maven.surefire.testng.TestNGProvider.invoke(TestNGProvider.java:137)
	at org.apache.maven.surefire.booter.ForkedBooter.runSuitesInProcess(ForkedBooter.java:385)
	at org.apache.maven.surefire.booter.ForkedBooter.execute(ForkedBooter.java:162)
	at org.apache.maven.surefire.booter.ForkedBooter.run(ForkedBooter.java:507)
	at org.apache.maven.surefire.booter.ForkedBooter.main(ForkedBooter.java:495)
]]></failure>
  </testcase>
  <testcase name="beforeMethod" classname="module02.ClassOneTest" time="30.171">
    <failure message="no such element: Unable to locate element: {&quot;method&quot;:&quot;css selector&quot;,&quot;selector&quot;:&quot;*[name=&apos;user_name&apos;]&quot;}&#10;  (Session info: chrome=141.0.7390.54)&#10;For documentation on this error, please visit: https://www.selenium.dev/documentation/webdriver/troubleshooting/errors#no-such-element-exception&#10;Build info: version: &apos;4.35.0&apos;, revision: &apos;1c58e5028b&apos;&#10;System info: os.name: &apos;Windows 11&apos;, os.arch: &apos;amd64&apos;, os.version: &apos;10.0&apos;, java.version: &apos;21.0.6&apos;&#10;Driver info: org.openqa.selenium.chrome.ChromeDriver&#10;Command: [4c09fec3410eb0b85f61a0c2c616baf4, findElement {using=name, value=user_name}]&#10;Capabilities {acceptInsecureCerts: false, browserName: chrome, browserVersion: 141.0.7390.54, chrome: {chromedriverVersion: 141.0.7390.54 (b95610d5c4a5..., userDataDir: C:\Users\KAIFKH~1\AppData\L...}, fedcm:accounts: true, goog:chromeOptions: {debuggerAddress: localhost:62782}, networkConnectionEnabled: false, pageLoadStrategy: normal, platformName: windows, proxy: Proxy(), se:cdp: ws://localhost:62782/devtoo..., se:cdpVersion: 141.0.7390.54, setWindowRect: true, strictFileInteractability: false, timeouts: {implicit: 0, pageLoad: 300000, script: 30000}, unhandledPromptBehavior: dismiss and notify, webauthn:extension:credBlob: true, webauthn:extension:largeBlob: true, webauthn:extension:minPinLength: true, webauthn:extension:prf: true, webauthn:virtualAuthenticators: true}&#10;Session ID: 4c09fec3410eb0b85f61a0c2c616baf4" type="org.openqa.selenium.NoSuchElementException"><![CDATA[org.openqa.selenium.NoSuchElementException: 
no such element: Unable to locate element: {"method":"css selector","selector":"*[name='user_name']"}
  (Session info: chrome=141.0.7390.54)
For documentation on this error, please visit: https://www.selenium.dev/documentation/webdriver/troubleshooting/errors#no-such-element-exception
Build info: version: '4.35.0', revision: '1c58e5028b'
System info: os.name: 'Windows 11', os.arch: 'amd64', os.version: '10.0', java.version: '21.0.6'
Driver info: org.openqa.selenium.chrome.ChromeDriver
Command: [4c09fec3410eb0b85f61a0c2c616baf4, findElement {using=name, value=user_name}]
Capabilities {acceptInsecureCerts: false, browserName: chrome, browserVersion: 141.0.7390.54, chrome: {chromedriverVersion: 141.0.7390.54 (b95610d5c4a5..., userDataDir: C:\Users\KAIFKH~1\AppData\L...}, fedcm:accounts: true, goog:chromeOptions: {debuggerAddress: localhost:62782}, networkConnectionEnabled: false, pageLoadStrategy: normal, platformName: windows, proxy: Proxy(), se:cdp: ws://localhost:62782/devtoo..., se:cdpVersion: 141.0.7390.54, setWindowRect: true, strictFileInteractability: false, timeouts: {implicit: 0, pageLoad: 300000, script: 30000}, unhandledPromptBehavior: dismiss and notify, webauthn:extension:credBlob: true, webauthn:extension:largeBlob: true, webauthn:extension:minPinLength: true, webauthn:extension:prf: true, webauthn:virtualAuthenticators: true}
Session ID: 4c09fec3410eb0b85f61a0c2c616baf4
	at java.base/jdk.internal.reflect.DirectConstructorHandleAccessor.newInstance(DirectConstructorHandleAccessor.java:62)
	at java.base/java.lang.reflect.Constructor.newInstanceWithCaller(Constructor.java:502)
	at java.base/java.lang.reflect.Constructor.newInstance(Constructor.java:486)
	at org.openqa.selenium.remote.ErrorCodec.decode(ErrorCodec.java:167)
	at org.openqa.selenium.remote.codec.w3c.W3CHttpResponseCodec.decode(W3CHttpResponseCodec.java:138)
	at org.openqa.selenium.remote.codec.w3c.W3CHttpResponseCodec.decode(W3CHttpResponseCodec.java:50)
	at org.openqa.selenium.remote.HttpCommandExecutor.execute(HttpCommandExecutor.java:215)
	at org.openqa.selenium.remote.service.DriverCommandExecutor.invokeExecute(DriverCommandExecutor.java:216)
	at org.openqa.selenium.remote.service.DriverCommandExecutor.execute(DriverCommandExecutor.java:174)
	at org.openqa.selenium.remote.RemoteWebDriver.execute(RemoteWebDriver.java:557)
	at org.openqa.selenium.remote.ElementLocation$ElementFinder$2.findElement(ElementLocation.java:165)
	at org.openqa.selenium.remote.ElementLocation.findElement(ElementLocation.java:59)
	at org.openqa.selenium.remote.RemoteWebDriver.findElement(RemoteWebDriver.java:380)
	at org.openqa.selenium.remote.RemoteWebDriver.findElement(RemoteWebDriver.java:374)
	at org.openqa.selenium.support.pagefactory.DefaultElementLocator.findElement(DefaultElementLocator.java:68)
	at org.openqa.selenium.support.pagefactory.internal.LocatingElementHandler.invoke(LocatingElementHandler.java:38)
	at jdk.proxy2/jdk.proxy2.$Proxy13.sendKeys(Unknown Source)
	at com.ProjectName.busuness.repository.LoginPage.getLoginToApp(LoginPage.java:38)
	at com.ProjectName.generic.BaseClassUtil.BaseClass.beforeMethod(BaseClass.java:104)
	at java.base/jdk.internal.reflect.DirectMethodHandleAccessor.invoke(DirectMethodHandleAccessor.java:103)
	at java.base/java.lang.reflect.Method.invoke(Method.java:580)
	at org.testng.internal.invokers.MethodInvocationHelper.invokeMethod(MethodInvocationHelper.java:141)
	at org.testng.internal.invokers.MethodInvocationHelper.invokeMethodConsideringTimeout(MethodInvocationHelper.java:71)
	at org.testng.internal.invokers.ConfigInvoker.invokeConfigurationMethod(ConfigInvoker.java:400)
	at org.testng.internal.invokers.ConfigInvoker.invokeConfigurations(ConfigInvoker.java:333)
	at org.testng.internal.invokers.TestInvoker.runConfigMethods(TestInvoker.java:836)
	at org.testng.internal.invokers.TestInvoker.invokeMethod(TestInvoker.java:601)
	at org.testng.internal.invokers.TestInvoker.invokeTestMethod(TestInvoker.java:230)
	at org.testng.internal.invokers.MethodRunner.runInSequence(MethodRunner.java:63)
	at org.testng.internal.invokers.TestInvoker$MethodInvocationAgent.invoke(TestInvoker.java:995)
	at org.testng.internal.invokers.TestInvoker.invokeTestMethods(TestInvoker.java:203)
	at org.testng.internal.invokers.TestMethodWorker.invokeTestMethods(TestMethodWorker.java:154)
	at org.testng.internal.invokers.TestMethodWorker.run(TestMethodWorker.java:134)
	at java.base/java.util.ArrayList.forEach(ArrayList.java:1596)
	at org.testng.TestRunner.privateRun(TestRunner.java:741)
	at org.testng.TestRunner.run(TestRunner.java:616)
	at org.testng.SuiteRunner.runTest(SuiteRunner.java:421)
	at org.testng.SuiteRunner.runSequentially(SuiteRunner.java:413)
	at org.testng.SuiteRunner.privateRun(SuiteRunner.java:373)
	at org.testng.SuiteRunner.run(SuiteRunner.java:312)
	at org.testng.SuiteRunnerWorker.runSuite(SuiteRunnerWorker.java:52)
	at org.testng.SuiteRunnerWorker.run(SuiteRunnerWorker.java:95)
	at org.testng.TestNG.runSuitesSequentially(TestNG.java:1274)
	at org.testng.TestNG.runSuitesLocally(TestNG.java:1208)
	at org.testng.TestNG.runSuites(TestNG.java:1112)
	at org.testng.TestNG.run(TestNG.java:1079)
	at org.apache.maven.surefire.testng.TestNGExecutor.run(TestNGExecutor.java:155)
	at org.apache.maven.surefire.testng.TestNGDirectoryTestSuite.executeMulti(TestNGDirectoryTestSuite.java:169)
	at org.apache.maven.surefire.testng.TestNGDirectoryTestSuite.execute(TestNGDirectoryTestSuite.java:88)
	at org.apache.maven.surefire.testng.TestNGProvider.invoke(TestNGProvider.java:137)
	at org.apache.maven.surefire.booter.ForkedBooter.runSuitesInProcess(ForkedBooter.java:385)
	at org.apache.maven.surefire.booter.ForkedBooter.execute(ForkedBooter.java:162)
	at org.apache.maven.surefire.booter.ForkedBooter.run(ForkedBooter.java:507)
	at org.apache.maven.surefire.booter.ForkedBooter.main(ForkedBooter.java:495)
]]></failure>
    <system-out><![CDATA[ userName passWord from cmd line are null  null
 userName passWord from Proprty file are admin  admin
]]></system-out>
  </testcase>
  <testcase name="firstScenarioTest" classname="module02.ClassOneTest" time="0.0">
    <skipped message="no such element: Unable to locate element: {&quot;method&quot;:&quot;css selector&quot;,&quot;selector&quot;:&quot;*[name=&apos;user_name&apos;]&quot;}&#10;  (Session info: chrome=141.0.7390.54)&#10;For documentation on this error, please visit: https://www.selenium.dev/documentation/webdriver/troubleshooting/errors#no-such-element-exception&#10;Build info: version: &apos;4.35.0&apos;, revision: &apos;1c58e5028b&apos;&#10;System info: os.name: &apos;Windows 11&apos;, os.arch: &apos;amd64&apos;, os.version: &apos;10.0&apos;, java.version: &apos;21.0.6&apos;&#10;Driver info: org.openqa.selenium.chrome.ChromeDriver&#10;Command: [4c09fec3410eb0b85f61a0c2c616baf4, findElement {using=name, value=user_name}]&#10;Capabilities {acceptInsecureCerts: false, browserName: chrome, browserVersion: 141.0.7390.54, chrome: {chromedriverVersion: 141.0.7390.54 (b95610d5c4a5..., userDataDir: C:\Users\KAIFKH~1\AppData\L...}, fedcm:accounts: true, goog:chromeOptions: {debuggerAddress: localhost:62782}, networkConnectionEnabled: false, pageLoadStrategy: normal, platformName: windows, proxy: Proxy(), se:cdp: ws://localhost:62782/devtoo..., se:cdpVersion: 141.0.7390.54, setWindowRect: true, strictFileInteractability: false, timeouts: {implicit: 0, pageLoad: 300000, script: 30000}, unhandledPromptBehavior: dismiss and notify, webauthn:extension:credBlob: true, webauthn:extension:largeBlob: true, webauthn:extension:minPinLength: true, webauthn:extension:prf: true, webauthn:virtualAuthenticators: true}&#10;Session ID: 4c09fec3410eb0b85f61a0c2c616baf4"/>
  </testcase>
  <testcase name="thirdScenarioTest" classname="module02.ClassOneTest" time="0.0">
    <skipped message="no such element: Unable to locate element: {&quot;method&quot;:&quot;css selector&quot;,&quot;selector&quot;:&quot;*[name=&apos;user_name&apos;]&quot;}&#10;  (Session info: chrome=141.0.7390.54)&#10;For documentation on this error, please visit: https://www.selenium.dev/documentation/webdriver/troubleshooting/errors#no-such-element-exception&#10;Build info: version: &apos;4.35.0&apos;, revision: &apos;1c58e5028b&apos;&#10;System info: os.name: &apos;Windows 11&apos;, os.arch: &apos;amd64&apos;, os.version: &apos;10.0&apos;, java.version: &apos;21.0.6&apos;&#10;Driver info: org.openqa.selenium.chrome.ChromeDriver&#10;Command: [4c09fec3410eb0b85f61a0c2c616baf4, findElement {using=name, value=user_name}]&#10;Capabilities {acceptInsecureCerts: false, browserName: chrome, browserVersion: 141.0.7390.54, chrome: {chromedriverVersion: 141.0.7390.54 (b95610d5c4a5..., userDataDir: C:\Users\KAIFKH~1\AppData\L...}, fedcm:accounts: true, goog:chromeOptions: {debuggerAddress: localhost:62782}, networkConnectionEnabled: false, pageLoadStrategy: normal, platformName: windows, proxy: Proxy(), se:cdp: ws://localhost:62782/devtoo..., se:cdpVersion: 141.0.7390.54, setWindowRect: true, strictFileInteractability: false, timeouts: {implicit: 0, pageLoad: 300000, script: 30000}, unhandledPromptBehavior: dismiss and notify, webauthn:extension:credBlob: true, webauthn:extension:largeBlob: true, webauthn:extension:minPinLength: true, webauthn:extension:prf: true, webauthn:virtualAuthenticators: true}&#10;Session ID: 4c09fec3410eb0b85f61a0c2c616baf4"/>
    <system-out><![CDATA[ userName passWord from cmd line are null  null
 userName passWord from Proprty file are admin  admin
]]></system-out>
  </testcase>
  <testcase name="ScecondScenarioTest" classname="module02.ClassTwoTest" time="0.0">
    <system-out><![CDATA[ userName passWord from cmd line are null  null
 userName passWord from Proprty file are admin  admin
ScecondScenarioTest
]]></system-out>
    <system-err><![CDATA[Oct 06, 2025 12:31:28 PM org.openqa.selenium.devtools.CdpVersionFinder findNearestMatch
WARNING: Unable to find an exact match for CDP version 141, returning the closest version; found: 139; Please update to a Selenium version that supports CDP version 141
]]></system-err>
  </testcase>
  <testcase name="firstScenarioTest" classname="module02.ClassTwoTest" time="0.0">
    <system-out><![CDATA[ userName passWord from cmd line are null  null
 userName passWord from Proprty file are admin  admin
firstScenarioTest
]]></system-out>
  </testcase>
  <testcase name="thirdScenarioTest" classname="module02.ClassTwoTest" time="0.0">
    <system-out><![CDATA[ userName passWord from cmd line are null  null
 userName passWord from Proprty file are admin  admin
thirdScenarioTest
]]></system-out>
  </testcase>
  <testcase name="ScecondScenarioTest" classname="module02.ClassZeroTest" time="0.001">
    <system-out><![CDATA[ userName passWord from cmd line are null  null
 userName passWord from Proprty file are admin  admin
ScecondScenarioTest
]]></system-out>
    <system-err><![CDATA[Oct 06, 2025 12:31:41 PM org.openqa.selenium.devtools.CdpVersionFinder findNearestMatch
WARNING: Unable to find an exact match for CDP version 141, returning the closest version; found: 139; Please update to a Selenium version that supports CDP version 141
]]></system-err>
  </testcase>
  <testcase name="firstScenarioTest" classname="module02.ClassZeroTest" time="0.0">
    <system-out><![CDATA[ userName passWord from cmd line are null  null
 userName passWord from Proprty file are admin  admin
firstScenarioTest
]]></system-out>
  </testcase>
  <testcase name="thirdScenarioTest" classname="module02.ClassZeroTest" time="0.0">
    <system-out><![CDATA[ userName passWord from cmd line are null  null
 userName passWord from Proprty file are admin  admin
thirdScenarioTest
]]></system-out>
  </testcase>
  <testcase name="ScecondScenarioTest" classname="module03.ClassOneTest" time="0.0">
    <system-out><![CDATA[ userName passWord from cmd line are null  null
 userName passWord from Proprty file are admin  admin
ScecondScenarioTest
]]></system-out>
    <system-err><![CDATA[Oct 06, 2025 12:31:52 PM org.openqa.selenium.devtools.CdpVersionFinder findNearestMatch
WARNING: Unable to find an exact match for CDP version 141, returning the closest version; found: 139; Please update to a Selenium version that supports CDP version 141
]]></system-err>
  </testcase>
  <testcase name="firstScenarioTest" classname="module03.ClassOneTest" time="0.0">
    <system-out><![CDATA[ userName passWord from cmd line are null  null
 userName passWord from Proprty file are admin  admin
firstScenarioTest
]]></system-out>
  </testcase>
  <testcase name="thirdScenarioTest" classname="module03.ClassOneTest" time="0.002">
    <system-out><![CDATA[ userName passWord from cmd line are null  null
 userName passWord from Proprty file are admin  admin
thirdScenarioTest
]]></system-out>
  </testcase>
  <testcase name="ScecondScenarioTest" classname="module03.ClassTwoTest" time="0.0">
    <system-out><![CDATA[ userName passWord from cmd line are null  null
 userName passWord from Proprty file are admin  admin
ScecondScenarioTest
]]></system-out>
    <system-err><![CDATA[Oct 06, 2025 12:32:04 PM org.openqa.selenium.devtools.CdpVersionFinder findNearestMatch
WARNING: Unable to find an exact match for CDP version 141, returning the closest version; found: 139; Please update to a Selenium version that supports CDP version 141
]]></system-err>
  </testcase>
  <testcase name="firstScenarioTest" classname="module03.ClassTwoTest" time="0.001">
    <system-out><![CDATA[ userName passWord from cmd line are null  null
 userName passWord from Proprty file are admin  admin
firstScenarioTest
]]></system-out>
  </testcase>
  <testcase name="thirdScenarioTest" classname="module03.ClassTwoTest" time="0.0">
    <system-out><![CDATA[ userName passWord from cmd line are null  null
 userName passWord from Proprty file are admin  admin
thirdScenarioTest
]]></system-out>
  </testcase>
  <testcase name="ScecondScenarioTest" classname="module03.ClassZeroTest" time="0.001">
    <system-out><![CDATA[ userName passWord from cmd line are null  null
 userName passWord from Proprty file are admin  admin
ScecondScenarioTest
]]></system-out>
    <system-err><![CDATA[Oct 06, 2025 12:32:17 PM org.openqa.selenium.devtools.CdpVersionFinder findNearestMatch
WARNING: Unable to find an exact match for CDP version 141, returning the closest version; found: 139; Please update to a Selenium version that supports CDP version 141
]]></system-err>
  </testcase>
  <testcase name="firstScenarioTest" classname="module03.ClassZeroTest" time="0.001">
    <system-out><![CDATA[ userName passWord from cmd line are null  null
 userName passWord from Proprty file are admin  admin
firstScenarioTest
]]></system-out>
  </testcase>
  <testcase name="fourthScenarioTest" classname="module03.ClassZeroTest" time="0.001">
    <system-out><![CDATA[ userName passWord from cmd line are null  null
 userName passWord from Proprty file are admin  admin
fourthScenarioTest
]]></system-out>
  </testcase>
  <testcase name="thirdScenarioTest" classname="module03.ClassZeroTest" time="0.0">
    <system-out><![CDATA[ userName passWord from cmd line are null  null
 userName passWord from Proprty file are admin  admin
thirdScenarioTest
]]></system-out>
  </testcase>
</testsuite>