<?xml version="1.0" encoding="UTF-8"?>
<testng-results ignored="0" total="84" passed="78" failed="0" skipped="6">
  <reporter-output>
  </reporter-output>
  <suite started-at="2025-09-26T17:22:48 IST" name="Suite" finished-at="2025-09-26T17:25:54 IST" duration-ms="185644">
    <groups>
      <group name="reg">
        <method signature="ClassOneTest.ScecondScenarioTest()[pri:0, instance:module01.ClassOneTest@2b6faea6]" name="ScecondScenarioTest" class="module01.ClassOneTest"/>
        <method signature="ClassOneTest.thirdScenarioTest()[pri:0, instance:module01.ClassOneTest@2b6faea6]" name="thirdScenarioTest" class="module01.ClassOneTest"/>
        <method signature="ClassTwoTest.ScecondScenarioTest()[pri:0, instance:module01.ClassTwoTest@4313f5bc]" name="ScecondScenarioTest" class="module01.ClassTwoTest"/>
        <method signature="ClassTwoTest.thirdScenarioTest()[pri:0, instance:module01.ClassTwoTest@4313f5bc]" name="thirdScenarioTest" class="module01.ClassTwoTest"/>
        <method signature="ClassZeroTest.ScecondScenarioTest()[pri:0, instance:module01.ClassZeroTest@75329a49]" name="ScecondScenarioTest" class="module01.ClassZeroTest"/>
        <method signature="ClassZeroTest.thirdScenarioTest()[pri:0, instance:module01.ClassZeroTest@75329a49]" name="thirdScenarioTest" class="module01.ClassZeroTest"/>
        <method signature="ClassOneTest.ScecondScenarioTest()[pri:0, instance:module02.ClassOneTest@7c469c48]" name="ScecondScenarioTest" class="module02.ClassOneTest"/>
        <method signature="ClassOneTest.thirdScenarioTest()[pri:0, instance:module02.ClassOneTest@7c469c48]" name="thirdScenarioTest" class="module02.ClassOneTest"/>
        <method signature="ClassTwoTest.ScecondScenarioTest()[pri:0, instance:module02.ClassTwoTest@161479c6]" name="ScecondScenarioTest" class="module02.ClassTwoTest"/>
        <method signature="ClassTwoTest.thirdScenarioTest()[pri:0, instance:module02.ClassTwoTest@161479c6]" name="thirdScenarioTest" class="module02.ClassTwoTest"/>
        <method signature="ClassZeroTest.ScecondScenarioTest()[pri:0, instance:module02.ClassZeroTest@5e316c74]" name="ScecondScenarioTest" class="module02.ClassZeroTest"/>
        <method signature="ClassZeroTest.thirdScenarioTest()[pri:0, instance:module02.ClassZeroTest@5e316c74]" name="thirdScenarioTest" class="module02.ClassZeroTest"/>
        <method signature="ClassOneTest.ScecondScenarioTest()[pri:0, instance:module03.ClassOneTest@6d2a209c]" name="ScecondScenarioTest" class="module03.ClassOneTest"/>
        <method signature="ClassOneTest.thirdScenarioTest()[pri:0, instance:module03.ClassOneTest@6d2a209c]" name="thirdScenarioTest" class="module03.ClassOneTest"/>
        <method signature="ClassTwoTest.ScecondScenarioTest()[pri:0, instance:module03.ClassTwoTest@1e802ef9]" name="ScecondScenarioTest" class="module03.ClassTwoTest"/>
        <method signature="ClassTwoTest.thirdScenarioTest()[pri:0, instance:module03.ClassTwoTest@1e802ef9]" name="thirdScenarioTest" class="module03.ClassTwoTest"/>
        <method signature="ClassZeroTest.ScecondScenarioTest()[pri:0, instance:module03.ClassZeroTest@7f010382]" name="ScecondScenarioTest" class="module03.ClassZeroTest"/>
        <method signature="ClassZeroTest.fourthScenarioTest()[pri:0, instance:module03.ClassZeroTest@7f010382]" name="fourthScenarioTest" class="module03.ClassZeroTest"/>
        <method signature="ClassZeroTest.thirdScenarioTest()[pri:0, instance:module03.ClassZeroTest@7f010382]" name="thirdScenarioTest" class="module03.ClassZeroTest"/>
        <method signature="ClassOneTest.ScecondScenarioTest()[pri:0, instance:module01.ClassOneTest@10e41621]" name="ScecondScenarioTest" class="module01.ClassOneTest"/>
        <method signature="ClassOneTest.thirdScenarioTest()[pri:0, instance:module01.ClassOneTest@10e41621]" name="thirdScenarioTest" class="module01.ClassOneTest"/>
        <method signature="ClassTwoTest.ScecondScenarioTest()[pri:0, instance:module01.ClassTwoTest@e056f20]" name="ScecondScenarioTest" class="module01.ClassTwoTest"/>
        <method signature="ClassTwoTest.thirdScenarioTest()[pri:0, instance:module01.ClassTwoTest@e056f20]" name="thirdScenarioTest" class="module01.ClassTwoTest"/>
        <method signature="ClassZeroTest.ScecondScenarioTest()[pri:0, instance:module01.ClassZeroTest@6e4784bc]" name="ScecondScenarioTest" class="module01.ClassZeroTest"/>
        <method signature="ClassZeroTest.thirdScenarioTest()[pri:0, instance:module01.ClassZeroTest@6e4784bc]" name="thirdScenarioTest" class="module01.ClassZeroTest"/>
        <method signature="ClassOneTest.ScecondScenarioTest()[pri:0, instance:module02.ClassOneTest@5bd03f44]" name="ScecondScenarioTest" class="module02.ClassOneTest"/>
        <method signature="ClassOneTest.thirdScenarioTest()[pri:0, instance:module02.ClassOneTest@5bd03f44]" name="thirdScenarioTest" class="module02.ClassOneTest"/>
        <method signature="ClassTwoTest.ScecondScenarioTest()[pri:0, instance:module02.ClassTwoTest@34b7ac2f]" name="ScecondScenarioTest" class="module02.ClassTwoTest"/>
        <method signature="ClassTwoTest.thirdScenarioTest()[pri:0, instance:module02.ClassTwoTest@34b7ac2f]" name="thirdScenarioTest" class="module02.ClassTwoTest"/>
        <method signature="ClassZeroTest.ScecondScenarioTest()[pri:0, instance:module02.ClassZeroTest@29626d54]" name="ScecondScenarioTest" class="module02.ClassZeroTest"/>
        <method signature="ClassZeroTest.thirdScenarioTest()[pri:0, instance:module02.ClassZeroTest@29626d54]" name="thirdScenarioTest" class="module02.ClassZeroTest"/>
        <method signature="ClassOneTest.ScecondScenarioTest()[pri:0, instance:module03.ClassOneTest@5a63f509]" name="ScecondScenarioTest" class="module03.ClassOneTest"/>
        <method signature="ClassOneTest.thirdScenarioTest()[pri:0, instance:module03.ClassOneTest@5a63f509]" name="thirdScenarioTest" class="module03.ClassOneTest"/>
        <method signature="ClassTwoTest.ScecondScenarioTest()[pri:0, instance:module03.ClassTwoTest@19bb07ed]" name="ScecondScenarioTest" class="module03.ClassTwoTest"/>
        <method signature="ClassTwoTest.thirdScenarioTest()[pri:0, instance:module03.ClassTwoTest@19bb07ed]" name="thirdScenarioTest" class="module03.ClassTwoTest"/>
        <method signature="ClassZeroTest.ScecondScenarioTest()[pri:0, instance:module03.ClassZeroTest@4b0b0854]" name="ScecondScenarioTest" class="module03.ClassZeroTest"/>
        <method signature="ClassZeroTest.fourthScenarioTest()[pri:0, instance:module03.ClassZeroTest@4b0b0854]" name="fourthScenarioTest" class="module03.ClassZeroTest"/>
        <method signature="ClassZeroTest.thirdScenarioTest()[pri:0, instance:module03.ClassZeroTest@4b0b0854]" name="thirdScenarioTest" class="module03.ClassZeroTest"/>
        <method signature="ClassOneTest.ScecondScenarioTest()[pri:0, instance:module01.ClassOneTest@6a400542]" name="ScecondScenarioTest" class="module01.ClassOneTest"/>
        <method signature="ClassOneTest.thirdScenarioTest()[pri:0, instance:module01.ClassOneTest@6a400542]" name="thirdScenarioTest" class="module01.ClassOneTest"/>
        <method signature="ClassTwoTest.ScecondScenarioTest()[pri:0, instance:module01.ClassTwoTest@64cd705f]" name="ScecondScenarioTest" class="module01.ClassTwoTest"/>
        <method signature="ClassTwoTest.thirdScenarioTest()[pri:0, instance:module01.ClassTwoTest@64cd705f]" name="thirdScenarioTest" class="module01.ClassTwoTest"/>
        <method signature="ClassZeroTest.ScecondScenarioTest()[pri:0, instance:module01.ClassZeroTest@a9cd3b1]" name="ScecondScenarioTest" class="module01.ClassZeroTest"/>
        <method signature="ClassZeroTest.thirdScenarioTest()[pri:0, instance:module01.ClassZeroTest@a9cd3b1]" name="thirdScenarioTest" class="module01.ClassZeroTest"/>
        <method signature="ClassOneTest.ScecondScenarioTest()[pri:0, instance:module02.ClassOneTest@2667f029]" name="ScecondScenarioTest" class="module02.ClassOneTest"/>
        <method signature="ClassOneTest.thirdScenarioTest()[pri:0, instance:module02.ClassOneTest@2667f029]" name="thirdScenarioTest" class="module02.ClassOneTest"/>
        <method signature="ClassTwoTest.ScecondScenarioTest()[pri:0, instance:module02.ClassTwoTest@13e39c73]" name="ScecondScenarioTest" class="module02.ClassTwoTest"/>
        <method signature="ClassTwoTest.thirdScenarioTest()[pri:0, instance:module02.ClassTwoTest@13e39c73]" name="thirdScenarioTest" class="module02.ClassTwoTest"/>
        <method signature="ClassZeroTest.ScecondScenarioTest()[pri:0, instance:module02.ClassZeroTest@67a20f67]" name="ScecondScenarioTest" class="module02.ClassZeroTest"/>
        <method signature="ClassZeroTest.thirdScenarioTest()[pri:0, instance:module02.ClassZeroTest@67a20f67]" name="thirdScenarioTest" class="module02.ClassZeroTest"/>
        <method signature="ClassOneTest.ScecondScenarioTest()[pri:0, instance:module03.ClassOneTest@57c758ac]" name="ScecondScenarioTest" class="module03.ClassOneTest"/>
        <method signature="ClassOneTest.thirdScenarioTest()[pri:0, instance:module03.ClassOneTest@57c758ac]" name="thirdScenarioTest" class="module03.ClassOneTest"/>
        <method signature="ClassTwoTest.ScecondScenarioTest()[pri:0, instance:module03.ClassTwoTest@654f0d9c]" name="ScecondScenarioTest" class="module03.ClassTwoTest"/>
        <method signature="ClassTwoTest.thirdScenarioTest()[pri:0, instance:module03.ClassTwoTest@654f0d9c]" name="thirdScenarioTest" class="module03.ClassTwoTest"/>
        <method signature="ClassZeroTest.ScecondScenarioTest()[pri:0, instance:module03.ClassZeroTest@9225652]" name="ScecondScenarioTest" class="module03.ClassZeroTest"/>
        <method signature="ClassZeroTest.fourthScenarioTest()[pri:0, instance:module03.ClassZeroTest@9225652]" name="fourthScenarioTest" class="module03.ClassZeroTest"/>
        <method signature="ClassZeroTest.thirdScenarioTest()[pri:0, instance:module03.ClassZeroTest@9225652]" name="thirdScenarioTest" class="module03.ClassZeroTest"/>
      </group> <!-- reg -->
      <group name="smoke">
        <method signature="ClassOneTest.firstScenarioTest()[pri:0, instance:module01.ClassOneTest@2b6faea6]" name="firstScenarioTest" class="module01.ClassOneTest"/>
        <method signature="ClassTwoTest.firstScenarioTest()[pri:0, instance:module01.ClassTwoTest@4313f5bc]" name="firstScenarioTest" class="module01.ClassTwoTest"/>
        <method signature="ClassZeroTest.firstScenarioTest()[pri:0, instance:module01.ClassZeroTest@75329a49]" name="firstScenarioTest" class="module01.ClassZeroTest"/>
        <method signature="ClassOneTest.firstScenarioTest()[pri:0, instance:module02.ClassOneTest@7c469c48]" name="firstScenarioTest" class="module02.ClassOneTest"/>
        <method signature="ClassTwoTest.firstScenarioTest()[pri:0, instance:module02.ClassTwoTest@161479c6]" name="firstScenarioTest" class="module02.ClassTwoTest"/>
        <method signature="ClassZeroTest.firstScenarioTest()[pri:0, instance:module02.ClassZeroTest@5e316c74]" name="firstScenarioTest" class="module02.ClassZeroTest"/>
        <method signature="ClassOneTest.firstScenarioTest()[pri:0, instance:module03.ClassOneTest@6d2a209c]" name="firstScenarioTest" class="module03.ClassOneTest"/>
        <method signature="ClassTwoTest.firstScenarioTest()[pri:0, instance:module03.ClassTwoTest@1e802ef9]" name="firstScenarioTest" class="module03.ClassTwoTest"/>
        <method signature="ClassZeroTest.firstScenarioTest()[pri:0, instance:module03.ClassZeroTest@7f010382]" name="firstScenarioTest" class="module03.ClassZeroTest"/>
        <method signature="ClassOneTest.firstScenarioTest()[pri:0, instance:module01.ClassOneTest@10e41621]" name="firstScenarioTest" class="module01.ClassOneTest"/>
        <method signature="ClassTwoTest.firstScenarioTest()[pri:0, instance:module01.ClassTwoTest@e056f20]" name="firstScenarioTest" class="module01.ClassTwoTest"/>
        <method signature="ClassZeroTest.firstScenarioTest()[pri:0, instance:module01.ClassZeroTest@6e4784bc]" name="firstScenarioTest" class="module01.ClassZeroTest"/>
        <method signature="ClassOneTest.firstScenarioTest()[pri:0, instance:module02.ClassOneTest@5bd03f44]" name="firstScenarioTest" class="module02.ClassOneTest"/>
        <method signature="ClassTwoTest.firstScenarioTest()[pri:0, instance:module02.ClassTwoTest@34b7ac2f]" name="firstScenarioTest" class="module02.ClassTwoTest"/>
        <method signature="ClassZeroTest.firstScenarioTest()[pri:0, instance:module02.ClassZeroTest@29626d54]" name="firstScenarioTest" class="module02.ClassZeroTest"/>
        <method signature="ClassOneTest.firstScenarioTest()[pri:0, instance:module03.ClassOneTest@5a63f509]" name="firstScenarioTest" class="module03.ClassOneTest"/>
        <method signature="ClassTwoTest.firstScenarioTest()[pri:0, instance:module03.ClassTwoTest@19bb07ed]" name="firstScenarioTest" class="module03.ClassTwoTest"/>
        <method signature="ClassZeroTest.firstScenarioTest()[pri:0, instance:module03.ClassZeroTest@4b0b0854]" name="firstScenarioTest" class="module03.ClassZeroTest"/>
        <method signature="ClassOneTest.firstScenarioTest()[pri:0, instance:module01.ClassOneTest@6a400542]" name="firstScenarioTest" class="module01.ClassOneTest"/>
        <method signature="ClassTwoTest.firstScenarioTest()[pri:0, instance:module01.ClassTwoTest@64cd705f]" name="firstScenarioTest" class="module01.ClassTwoTest"/>
        <method signature="ClassZeroTest.firstScenarioTest()[pri:0, instance:module01.ClassZeroTest@a9cd3b1]" name="firstScenarioTest" class="module01.ClassZeroTest"/>
        <method signature="ClassOneTest.firstScenarioTest()[pri:0, instance:module02.ClassOneTest@2667f029]" name="firstScenarioTest" class="module02.ClassOneTest"/>
        <method signature="ClassTwoTest.firstScenarioTest()[pri:0, instance:module02.ClassTwoTest@13e39c73]" name="firstScenarioTest" class="module02.ClassTwoTest"/>
        <method signature="ClassZeroTest.firstScenarioTest()[pri:0, instance:module02.ClassZeroTest@67a20f67]" name="firstScenarioTest" class="module02.ClassZeroTest"/>
        <method signature="ClassOneTest.firstScenarioTest()[pri:0, instance:module03.ClassOneTest@57c758ac]" name="firstScenarioTest" class="module03.ClassOneTest"/>
        <method signature="ClassTwoTest.firstScenarioTest()[pri:0, instance:module03.ClassTwoTest@654f0d9c]" name="firstScenarioTest" class="module03.ClassTwoTest"/>
        <method signature="ClassZeroTest.firstScenarioTest()[pri:0, instance:module03.ClassZeroTest@9225652]" name="firstScenarioTest" class="module03.ClassZeroTest"/>
      </group> <!-- smoke -->
    </groups>
    <test started-at="2025-09-26T17:22:48 IST" name="chromeSuite" finished-at="2025-09-26T17:25:19 IST" duration-ms="150908">
      <class name="module02.ClassZeroTest">
        <test-method is-config="true" signature="beforeClassMethod(org.testng.xml.XmlTest)[pri:0, instance:module02.ClassZeroTest@67a20f67]" started-at="2025-09-26T17:22:48 IST" name="beforeClassMethod" finished-at="2025-09-26T17:22:57 IST" duration-ms="8932" status="PASS">
          <params>
            <param index="0">
              <value>
                <![CDATA[org.testng.xml.XmlTest@44b647c3]]>
              </value>
            </param>
          </params>
          <reporter-output>
          </reporter-output>
        </test-method> <!-- beforeClassMethod -->
        <test-method is-config="true" signature="beforeMethod()[pri:0, instance:module02.ClassZeroTest@67a20f67]" started-at="2025-09-26T17:22:57 IST" name="beforeMethod" finished-at="2025-09-26T17:23:08 IST" duration-ms="11011" status="PASS">
          <reporter-output>
          </reporter-output>
        </test-method> <!-- beforeMethod -->
        <test-method signature="ScecondScenarioTest()[pri:0, instance:module02.ClassZeroTest@67a20f67]" started-at="2025-09-26T17:23:08 IST" name="ScecondScenarioTest" finished-at="2025-09-26T17:23:08 IST" duration-ms="3" status="PASS">
          <reporter-output>
          </reporter-output>
        </test-method> <!-- ScecondScenarioTest -->
        <test-method is-config="true" signature="afterMethod()[pri:0, instance:module02.ClassZeroTest@67a20f67]" started-at="2025-09-26T17:23:09 IST" name="afterMethod" finished-at="2025-09-26T17:23:21 IST" duration-ms="12618" status="PASS">
          <reporter-output>
          </reporter-output>
        </test-method> <!-- afterMethod -->
        <test-method is-config="true" signature="beforeMethod()[pri:0, instance:module02.ClassZeroTest@67a20f67]" started-at="2025-09-26T17:23:21 IST" name="beforeMethod" finished-at="2025-09-26T17:23:27 IST" duration-ms="5889" status="PASS">
          <reporter-output>
          </reporter-output>
        </test-method> <!-- beforeMethod -->
        <test-method signature="firstScenarioTest()[pri:0, instance:module02.ClassZeroTest@67a20f67]" started-at="2025-09-26T17:23:27 IST" name="firstScenarioTest" finished-at="2025-09-26T17:23:27 IST" duration-ms="1" status="PASS">
          <reporter-output>
          </reporter-output>
        </test-method> <!-- firstScenarioTest -->
        <test-method is-config="true" signature="afterMethod()[pri:0, instance:module02.ClassZeroTest@67a20f67]" started-at="2025-09-26T17:23:27 IST" name="afterMethod" finished-at="2025-09-26T17:23:34 IST" duration-ms="6799" status="PASS">
          <reporter-output>
          </reporter-output>
        </test-method> <!-- afterMethod -->
        <test-method is-config="true" signature="beforeMethod()[pri:0, instance:module02.ClassZeroTest@67a20f67]" started-at="2025-09-26T17:23:34 IST" name="beforeMethod" finished-at="2025-09-26T17:23:39 IST" duration-ms="5374" status="PASS">
          <reporter-output>
          </reporter-output>
        </test-method> <!-- beforeMethod -->
        <test-method signature="thirdScenarioTest()[pri:0, instance:module02.ClassZeroTest@67a20f67]" started-at="2025-09-26T17:23:39 IST" name="thirdScenarioTest" finished-at="2025-09-26T17:23:39 IST" duration-ms="1" status="PASS">
          <reporter-output>
          </reporter-output>
        </test-method> <!-- thirdScenarioTest -->
        <test-method is-config="true" signature="afterMethod()[pri:0, instance:module02.ClassZeroTest@67a20f67]" started-at="2025-09-26T17:23:39 IST" name="afterMethod" finished-at="2025-09-26T17:23:44 IST" duration-ms="5113" status="PASS">
          <reporter-output>
          </reporter-output>
        </test-method> <!-- afterMethod -->
        <test-method is-config="true" signature="afterClassMethod()[pri:0, instance:module02.ClassZeroTest@67a20f67]" started-at="2025-09-26T17:23:44 IST" name="afterClassMethod" finished-at="2025-09-26T17:24:16 IST" duration-ms="31171" status="PASS">
          <reporter-output>
          </reporter-output>
        </test-method> <!-- afterClassMethod -->
      </class> <!-- module02.ClassZeroTest -->
      <class name="module01.ClassTwoTest">
        <test-method is-config="true" signature="beforeClassMethod(org.testng.xml.XmlTest)[pri:0, instance:module01.ClassTwoTest@64cd705f]" started-at="2025-09-26T17:24:15 IST" name="beforeClassMethod" finished-at="2025-09-26T17:24:28 IST" duration-ms="13155" status="PASS">
          <params>
            <param index="0">
              <value>
                <![CDATA[org.testng.xml.XmlTest@44b647c3]]>
              </value>
            </param>
          </params>
          <reporter-output>
          </reporter-output>
        </test-method> <!-- beforeClassMethod -->
        <test-method is-config="true" signature="beforeMethod()[pri:0, instance:module01.ClassTwoTest@64cd705f]" started-at="2025-09-26T17:24:28 IST" name="beforeMethod" finished-at="2025-09-26T17:24:38 IST" duration-ms="9920" status="PASS">
          <reporter-output>
          </reporter-output>
        </test-method> <!-- beforeMethod -->
        <test-method signature="ScecondScenarioTest()[pri:0, instance:module01.ClassTwoTest@64cd705f]" started-at="2025-09-26T17:24:38 IST" name="ScecondScenarioTest" finished-at="2025-09-26T17:24:38 IST" duration-ms="1" status="PASS">
          <reporter-output>
          </reporter-output>
        </test-method> <!-- ScecondScenarioTest -->
        <test-method is-config="true" signature="afterMethod()[pri:0, instance:module01.ClassTwoTest@64cd705f]" started-at="2025-09-26T17:24:38 IST" name="afterMethod" finished-at="2025-09-26T17:24:43 IST" duration-ms="4949" status="PASS">
          <reporter-output>
          </reporter-output>
        </test-method> <!-- afterMethod -->
        <test-method is-config="true" signature="beforeMethod()[pri:0, instance:module01.ClassTwoTest@64cd705f]" started-at="2025-09-26T17:24:43 IST" name="beforeMethod" finished-at="2025-09-26T17:24:46 IST" duration-ms="3167" status="PASS">
          <reporter-output>
          </reporter-output>
        </test-method> <!-- beforeMethod -->
        <test-method signature="firstScenarioTest()[pri:0, instance:module01.ClassTwoTest@64cd705f]" started-at="2025-09-26T17:24:46 IST" name="firstScenarioTest" finished-at="2025-09-26T17:24:46 IST" duration-ms="0" status="PASS">
          <reporter-output>
          </reporter-output>
        </test-method> <!-- firstScenarioTest -->
        <test-method is-config="true" signature="afterMethod()[pri:0, instance:module01.ClassTwoTest@64cd705f]" started-at="2025-09-26T17:24:46 IST" name="afterMethod" finished-at="2025-09-26T17:24:50 IST" duration-ms="3175" status="PASS">
          <reporter-output>
          </reporter-output>
        </test-method> <!-- afterMethod -->
        <test-method is-config="true" signature="beforeMethod()[pri:0, instance:module01.ClassTwoTest@64cd705f]" started-at="2025-09-26T17:24:50 IST" name="beforeMethod" finished-at="2025-09-26T17:24:56 IST" duration-ms="6435" status="PASS">
          <reporter-output>
          </reporter-output>
        </test-method> <!-- beforeMethod -->
        <test-method signature="thirdScenarioTest()[pri:0, instance:module01.ClassTwoTest@64cd705f]" started-at="2025-09-26T17:24:56 IST" name="thirdScenarioTest" finished-at="2025-09-26T17:24:56 IST" duration-ms="1" status="PASS">
          <reporter-output>
          </reporter-output>
        </test-method> <!-- thirdScenarioTest -->
        <test-method is-config="true" signature="afterMethod()[pri:0, instance:module01.ClassTwoTest@64cd705f]" started-at="2025-09-26T17:24:56 IST" name="afterMethod" finished-at="2025-09-26T17:25:02 IST" duration-ms="5915" status="PASS">
          <reporter-output>
          </reporter-output>
        </test-method> <!-- afterMethod -->
        <test-method is-config="true" signature="afterClassMethod()[pri:0, instance:module01.ClassTwoTest@64cd705f]" started-at="2025-09-26T17:25:02 IST" name="afterClassMethod" finished-at="2025-09-26T17:25:19 IST" duration-ms="16480" status="PASS">
          <reporter-output>
          </reporter-output>
        </test-method> <!-- afterClassMethod -->
      </class> <!-- module01.ClassTwoTest -->
      <class name="module02.ClassTwoTest">
        <test-method is-config="true" signature="beforeClassMethod(org.testng.xml.XmlTest)[pri:0, instance:module02.ClassTwoTest@13e39c73]" started-at="2025-09-26T17:23:52 IST" name="beforeClassMethod" finished-at="2025-09-26T17:23:56 IST" duration-ms="3908" status="PASS">
          <params>
            <param index="0">
              <value>
                <![CDATA[org.testng.xml.XmlTest@44b647c3]]>
              </value>
            </param>
          </params>
          <reporter-output>
          </reporter-output>
        </test-method> <!-- beforeClassMethod -->
        <test-method is-config="true" signature="beforeMethod()[pri:0, instance:module02.ClassTwoTest@13e39c73]" started-at="2025-09-26T17:23:56 IST" name="beforeMethod" finished-at="2025-09-26T17:24:01 IST" duration-ms="4458" status="PASS">
          <reporter-output>
          </reporter-output>
        </test-method> <!-- beforeMethod -->
        <test-method signature="ScecondScenarioTest()[pri:0, instance:module02.ClassTwoTest@13e39c73]" started-at="2025-09-26T17:24:01 IST" name="ScecondScenarioTest" finished-at="2025-09-26T17:24:01 IST" duration-ms="0" status="PASS">
          <reporter-output>
          </reporter-output>
        </test-method> <!-- ScecondScenarioTest -->
        <test-method is-config="true" signature="afterMethod()[pri:0, instance:module02.ClassTwoTest@13e39c73]" started-at="2025-09-26T17:24:01 IST" name="afterMethod" finished-at="2025-09-26T17:24:03 IST" duration-ms="2261" status="PASS">
          <reporter-output>
          </reporter-output>
        </test-method> <!-- afterMethod -->
        <test-method is-config="true" signature="beforeMethod()[pri:0, instance:module02.ClassTwoTest@13e39c73]" started-at="2025-09-26T17:24:03 IST" name="beforeMethod" finished-at="2025-09-26T17:24:05 IST" duration-ms="2425" status="PASS">
          <reporter-output>
          </reporter-output>
        </test-method> <!-- beforeMethod -->
        <test-method signature="firstScenarioTest()[pri:0, instance:module02.ClassTwoTest@13e39c73]" started-at="2025-09-26T17:24:05 IST" name="firstScenarioTest" finished-at="2025-09-26T17:24:05 IST" duration-ms="0" status="PASS">
          <reporter-output>
          </reporter-output>
        </test-method> <!-- firstScenarioTest -->
        <test-method is-config="true" signature="afterMethod()[pri:0, instance:module02.ClassTwoTest@13e39c73]" started-at="2025-09-26T17:24:05 IST" name="afterMethod" finished-at="2025-09-26T17:24:08 IST" duration-ms="2707" status="PASS">
          <reporter-output>
          </reporter-output>
        </test-method> <!-- afterMethod -->
        <test-method is-config="true" signature="beforeMethod()[pri:0, instance:module02.ClassTwoTest@13e39c73]" started-at="2025-09-26T17:24:08 IST" name="beforeMethod" finished-at="2025-09-26T17:24:12 IST" duration-ms="3792" status="PASS">
          <reporter-output>
          </reporter-output>
        </test-method> <!-- beforeMethod -->
        <test-method signature="thirdScenarioTest()[pri:0, instance:module02.ClassTwoTest@13e39c73]" started-at="2025-09-26T17:24:12 IST" name="thirdScenarioTest" finished-at="2025-09-26T17:24:12 IST" duration-ms="0" status="PASS">
          <reporter-output>
          </reporter-output>
        </test-method> <!-- thirdScenarioTest -->
        <test-method is-config="true" signature="afterMethod()[pri:0, instance:module02.ClassTwoTest@13e39c73]" started-at="2025-09-26T17:24:12 IST" name="afterMethod" finished-at="2025-09-26T17:24:18 IST" duration-ms="6015" status="PASS">
          <reporter-output>
          </reporter-output>
        </test-method> <!-- afterMethod -->
        <test-method is-config="true" signature="afterClassMethod()[pri:0, instance:module02.ClassTwoTest@13e39c73]" started-at="2025-09-26T17:24:18 IST" name="afterClassMethod" finished-at="2025-09-26T17:24:49 IST" duration-ms="31154" status="PASS">
          <reporter-output>
          </reporter-output>
        </test-method> <!-- afterClassMethod -->
      </class> <!-- module02.ClassTwoTest -->
      <class name="module01.ClassZeroTest">
        <test-method is-config="true" signature="beforeClassMethod(org.testng.xml.XmlTest)[pri:0, instance:module01.ClassZeroTest@a9cd3b1]" started-at="2025-09-26T17:22:48 IST" name="beforeClassMethod" finished-at="2025-09-26T17:22:57 IST" duration-ms="8371" status="PASS">
          <params>
            <param index="0">
              <value>
                <![CDATA[org.testng.xml.XmlTest@44b647c3]]>
              </value>
            </param>
          </params>
          <reporter-output>
          </reporter-output>
        </test-method> <!-- beforeClassMethod -->
        <test-method is-config="true" signature="beforeMethod()[pri:0, instance:module01.ClassZeroTest@a9cd3b1]" started-at="2025-09-26T17:22:57 IST" name="beforeMethod" finished-at="2025-09-26T17:23:08 IST" duration-ms="11574" status="PASS">
          <reporter-output>
          </reporter-output>
        </test-method> <!-- beforeMethod -->
        <test-method signature="ScecondScenarioTest()[pri:0, instance:module01.ClassZeroTest@a9cd3b1]" started-at="2025-09-26T17:23:08 IST" name="ScecondScenarioTest" finished-at="2025-09-26T17:23:08 IST" duration-ms="1" status="PASS">
          <reporter-output>
          </reporter-output>
        </test-method> <!-- ScecondScenarioTest -->
        <test-method is-config="true" signature="afterMethod()[pri:0, instance:module01.ClassZeroTest@a9cd3b1]" started-at="2025-09-26T17:23:08 IST" name="afterMethod" finished-at="2025-09-26T17:23:21 IST" duration-ms="12663" status="PASS">
          <reporter-output>
          </reporter-output>
        </test-method> <!-- afterMethod -->
        <test-method is-config="true" signature="beforeMethod()[pri:0, instance:module01.ClassZeroTest@a9cd3b1]" started-at="2025-09-26T17:23:21 IST" name="beforeMethod" finished-at="2025-09-26T17:23:27 IST" duration-ms="5687" status="PASS">
          <reporter-output>
          </reporter-output>
        </test-method> <!-- beforeMethod -->
        <test-method signature="firstScenarioTest()[pri:0, instance:module01.ClassZeroTest@a9cd3b1]" started-at="2025-09-26T17:23:27 IST" name="firstScenarioTest" finished-at="2025-09-26T17:23:27 IST" duration-ms="0" status="PASS">
          <reporter-output>
          </reporter-output>
        </test-method> <!-- firstScenarioTest -->
        <test-method is-config="true" signature="afterMethod()[pri:0, instance:module01.ClassZeroTest@a9cd3b1]" started-at="2025-09-26T17:23:27 IST" name="afterMethod" finished-at="2025-09-26T17:23:34 IST" duration-ms="6971" status="PASS">
          <reporter-output>
          </reporter-output>
        </test-method> <!-- afterMethod -->
        <test-method is-config="true" signature="beforeMethod()[pri:0, instance:module01.ClassZeroTest@a9cd3b1]" started-at="2025-09-26T17:23:34 IST" name="beforeMethod" finished-at="2025-09-26T17:23:39 IST" duration-ms="5218" status="PASS">
          <reporter-output>
          </reporter-output>
        </test-method> <!-- beforeMethod -->
        <test-method signature="thirdScenarioTest()[pri:0, instance:module01.ClassZeroTest@a9cd3b1]" started-at="2025-09-26T17:23:39 IST" name="thirdScenarioTest" finished-at="2025-09-26T17:23:39 IST" duration-ms="3" status="PASS">
          <reporter-output>
          </reporter-output>
        </test-method> <!-- thirdScenarioTest -->
        <test-method is-config="true" signature="afterMethod()[pri:0, instance:module01.ClassZeroTest@a9cd3b1]" started-at="2025-09-26T17:23:39 IST" name="afterMethod" finished-at="2025-09-26T17:23:45 IST" duration-ms="5626" status="PASS">
          <reporter-output>
          </reporter-output>
        </test-method> <!-- afterMethod -->
        <test-method is-config="true" signature="afterClassMethod()[pri:0, instance:module01.ClassZeroTest@a9cd3b1]" started-at="2025-09-26T17:23:45 IST" name="afterClassMethod" finished-at="2025-09-26T17:23:52 IST" duration-ms="7508" status="PASS">
          <reporter-output>
          </reporter-output>
        </test-method> <!-- afterClassMethod -->
      </class> <!-- module01.ClassZeroTest -->
      <class name="module02.ClassOneTest">
        <test-method is-config="true" signature="beforeSuitMethod()[pri:0, instance:module02.ClassOneTest@2667f029]" started-at="2025-09-26T17:22:48 IST" name="beforeSuitMethod" finished-at="2025-09-26T17:22:48 IST" duration-ms="6" status="PASS">
          <reporter-output>
          </reporter-output>
        </test-method> <!-- beforeSuitMethod -->
        <test-method is-config="true" signature="beforeClassMethod(org.testng.xml.XmlTest)[pri:0, instance:module02.ClassOneTest@2667f029]" started-at="2025-09-26T17:22:48 IST" name="beforeClassMethod" finished-at="2025-09-26T17:22:57 IST" duration-ms="8569" status="PASS">
          <params>
            <param index="0">
              <value>
                <![CDATA[org.testng.xml.XmlTest@44b647c3]]>
              </value>
            </param>
          </params>
          <reporter-output>
          </reporter-output>
        </test-method> <!-- beforeClassMethod -->
        <test-method is-config="true" signature="beforeMethod()[pri:0, instance:module02.ClassOneTest@2667f029]" started-at="2025-09-26T17:22:57 IST" name="beforeMethod" finished-at="2025-09-26T17:23:07 IST" duration-ms="9549" status="PASS">
          <reporter-output>
          </reporter-output>
        </test-method> <!-- beforeMethod -->
        <test-method signature="ScecondScenarioTest()[pri:0, instance:module02.ClassOneTest@2667f029]" started-at="2025-09-26T17:23:07 IST" name="ScecondScenarioTest" finished-at="2025-09-26T17:23:07 IST" duration-ms="1" status="PASS">
          <reporter-output>
          </reporter-output>
        </test-method> <!-- ScecondScenarioTest -->
        <test-method is-config="true" signature="afterMethod()[pri:0, instance:module02.ClassOneTest@2667f029]" started-at="2025-09-26T17:23:07 IST" name="afterMethod" finished-at="2025-09-26T17:23:21 IST" duration-ms="14442" status="PASS">
          <reporter-output>
          </reporter-output>
        </test-method> <!-- afterMethod -->
        <test-method is-config="true" signature="beforeMethod()[pri:0, instance:module02.ClassOneTest@2667f029]" started-at="2025-09-26T17:23:21 IST" name="beforeMethod" finished-at="2025-09-26T17:23:27 IST" duration-ms="5790" status="PASS">
          <reporter-output>
          </reporter-output>
        </test-method> <!-- beforeMethod -->
        <test-method signature="firstScenarioTest()[pri:0, instance:module02.ClassOneTest@2667f029]" started-at="2025-09-26T17:23:27 IST" name="firstScenarioTest" finished-at="2025-09-26T17:23:27 IST" duration-ms="0" status="PASS">
          <reporter-output>
          </reporter-output>
        </test-method> <!-- firstScenarioTest -->
        <test-method is-config="true" signature="afterMethod()[pri:0, instance:module02.ClassOneTest@2667f029]" started-at="2025-09-26T17:23:27 IST" name="afterMethod" finished-at="2025-09-26T17:23:33 IST" duration-ms="6606" status="PASS">
          <reporter-output>
          </reporter-output>
        </test-method> <!-- afterMethod -->
        <test-method is-config="true" signature="beforeMethod()[pri:0, instance:module02.ClassOneTest@2667f029]" started-at="2025-09-26T17:23:33 IST" name="beforeMethod" finished-at="2025-09-26T17:23:39 IST" duration-ms="5167" status="PASS">
          <reporter-output>
          </reporter-output>
        </test-method> <!-- beforeMethod -->
        <test-method signature="thirdScenarioTest()[pri:0, instance:module02.ClassOneTest@2667f029]" started-at="2025-09-26T17:23:39 IST" name="thirdScenarioTest" finished-at="2025-09-26T17:23:39 IST" duration-ms="1" status="PASS">
          <reporter-output>
          </reporter-output>
        </test-method> <!-- thirdScenarioTest -->
        <test-method is-config="true" signature="afterMethod()[pri:0, instance:module02.ClassOneTest@2667f029]" started-at="2025-09-26T17:23:39 IST" name="afterMethod" finished-at="2025-09-26T17:23:44 IST" duration-ms="5564" status="PASS">
          <reporter-output>
          </reporter-output>
        </test-method> <!-- afterMethod -->
        <test-method is-config="true" signature="afterClassMethod()[pri:0, instance:module02.ClassOneTest@2667f029]" started-at="2025-09-26T17:23:44 IST" name="afterClassMethod" finished-at="2025-09-26T17:24:15 IST" duration-ms="31068" status="PASS">
          <reporter-output>
          </reporter-output>
        </test-method> <!-- afterClassMethod -->
        <test-method is-config="true" signature="afterSuitMethod()[pri:0, instance:module02.ClassOneTest@2667f029]" started-at="2025-09-26T17:25:54 IST" name="afterSuitMethod" finished-at="2025-09-26T17:25:54 IST" duration-ms="0" status="PASS">
          <reporter-output>
          </reporter-output>
        </test-method> <!-- afterSuitMethod -->
      </class> <!-- module02.ClassOneTest -->
      <class name="module03.ClassOneTest">
        <test-method is-config="true" signature="beforeClassMethod(org.testng.xml.XmlTest)[pri:0, instance:module03.ClassOneTest@57c758ac]" started-at="2025-09-26T17:22:48 IST" name="beforeClassMethod" finished-at="2025-09-26T17:22:57 IST" duration-ms="8780" status="PASS">
          <params>
            <param index="0">
              <value>
                <![CDATA[org.testng.xml.XmlTest@44b647c3]]>
              </value>
            </param>
          </params>
          <reporter-output>
          </reporter-output>
        </test-method> <!-- beforeClassMethod -->
        <test-method is-config="true" signature="beforeMethod()[pri:0, instance:module03.ClassOneTest@57c758ac]" started-at="2025-09-26T17:22:57 IST" name="beforeMethod" finished-at="2025-09-26T17:23:09 IST" duration-ms="12069" status="PASS">
          <reporter-output>
          </reporter-output>
        </test-method> <!-- beforeMethod -->
        <test-method signature="ScecondScenarioTest()[pri:0, instance:module03.ClassOneTest@57c758ac]" started-at="2025-09-26T17:23:09 IST" name="ScecondScenarioTest" finished-at="2025-09-26T17:23:09 IST" duration-ms="0" status="PASS">
          <reporter-output>
          </reporter-output>
        </test-method> <!-- ScecondScenarioTest -->
        <test-method is-config="true" signature="afterMethod()[pri:0, instance:module03.ClassOneTest@57c758ac]" started-at="2025-09-26T17:23:09 IST" name="afterMethod" finished-at="2025-09-26T17:23:21 IST" duration-ms="12051" status="PASS">
          <reporter-output>
          </reporter-output>
        </test-method> <!-- afterMethod -->
        <test-method is-config="true" signature="beforeMethod()[pri:0, instance:module03.ClassOneTest@57c758ac]" started-at="2025-09-26T17:23:21 IST" name="beforeMethod" finished-at="2025-09-26T17:23:27 IST" duration-ms="5464" status="PASS">
          <reporter-output>
          </reporter-output>
        </test-method> <!-- beforeMethod -->
        <test-method signature="firstScenarioTest()[pri:0, instance:module03.ClassOneTest@57c758ac]" started-at="2025-09-26T17:23:27 IST" name="firstScenarioTest" finished-at="2025-09-26T17:23:27 IST" duration-ms="1" status="PASS">
          <reporter-output>
          </reporter-output>
        </test-method> <!-- firstScenarioTest -->
        <test-method is-config="true" signature="afterMethod()[pri:0, instance:module03.ClassOneTest@57c758ac]" started-at="2025-09-26T17:23:27 IST" name="afterMethod" finished-at="2025-09-26T17:23:34 IST" duration-ms="7191" status="PASS">
          <reporter-output>
          </reporter-output>
        </test-method> <!-- afterMethod -->
        <test-method is-config="true" signature="beforeMethod()[pri:0, instance:module03.ClassOneTest@57c758ac]" started-at="2025-09-26T17:23:34 IST" name="beforeMethod" finished-at="2025-09-26T17:23:39 IST" duration-ms="5361" status="PASS">
          <reporter-output>
          </reporter-output>
        </test-method> <!-- beforeMethod -->
        <test-method signature="thirdScenarioTest()[pri:0, instance:module03.ClassOneTest@57c758ac]" started-at="2025-09-26T17:23:39 IST" name="thirdScenarioTest" finished-at="2025-09-26T17:23:39 IST" duration-ms="1" status="PASS">
          <reporter-output>
          </reporter-output>
        </test-method> <!-- thirdScenarioTest -->
        <test-method is-config="true" signature="afterMethod()[pri:0, instance:module03.ClassOneTest@57c758ac]" started-at="2025-09-26T17:23:39 IST" name="afterMethod" finished-at="2025-09-26T17:23:45 IST" duration-ms="5531" status="PASS">
          <reporter-output>
          </reporter-output>
        </test-method> <!-- afterMethod -->
        <test-method is-config="true" signature="afterClassMethod()[pri:0, instance:module03.ClassOneTest@57c758ac]" started-at="2025-09-26T17:23:45 IST" name="afterClassMethod" finished-at="2025-09-26T17:24:16 IST" duration-ms="31075" status="PASS">
          <reporter-output>
          </reporter-output>
        </test-method> <!-- afterClassMethod -->
      </class> <!-- module03.ClassOneTest -->
      <class name="module01.ClassOneTest">
        <test-method is-config="true" signature="beforeClassMethod(org.testng.xml.XmlTest)[pri:0, instance:module01.ClassOneTest@6a400542]" started-at="2025-09-26T17:24:49 IST" name="beforeClassMethod" finished-at="2025-09-26T17:24:54 IST" duration-ms="5274" status="PASS">
          <params>
            <param index="0">
              <value>
                <![CDATA[org.testng.xml.XmlTest@44b647c3]]>
              </value>
            </param>
          </params>
          <reporter-output>
          </reporter-output>
        </test-method> <!-- beforeClassMethod -->
        <test-method is-config="true" signature="beforeMethod()[pri:0, instance:module01.ClassOneTest@6a400542]" started-at="2025-09-26T17:24:54 IST" name="beforeMethod" finished-at="2025-09-26T17:24:57 IST" duration-ms="3296" status="PASS">
          <reporter-output>
          </reporter-output>
        </test-method> <!-- beforeMethod -->
        <test-method signature="ScecondScenarioTest()[pri:0, instance:module01.ClassOneTest@6a400542]" started-at="2025-09-26T17:24:57 IST" name="ScecondScenarioTest" finished-at="2025-09-26T17:24:57 IST" duration-ms="1" status="PASS">
          <reporter-output>
          </reporter-output>
        </test-method> <!-- ScecondScenarioTest -->
        <test-method is-config="true" signature="afterMethod()[pri:0, instance:module01.ClassOneTest@6a400542]" started-at="2025-09-26T17:24:57 IST" name="afterMethod" finished-at="2025-09-26T17:25:02 IST" duration-ms="4926" status="PASS">
          <reporter-output>
          </reporter-output>
        </test-method> <!-- afterMethod -->
        <test-method is-config="true" signature="beforeMethod()[pri:0, instance:module01.ClassOneTest@6a400542]" started-at="2025-09-26T17:25:02 IST" name="beforeMethod" finished-at="2025-09-26T17:25:06 IST" duration-ms="3853" status="PASS">
          <reporter-output>
          </reporter-output>
        </test-method> <!-- beforeMethod -->
        <test-method signature="firstScenarioTest()[pri:0, instance:module01.ClassOneTest@6a400542]" started-at="2025-09-26T17:25:06 IST" name="firstScenarioTest" finished-at="2025-09-26T17:25:06 IST" duration-ms="0" status="PASS">
          <reporter-output>
          </reporter-output>
        </test-method> <!-- firstScenarioTest -->
        <test-method is-config="true" signature="afterMethod()[pri:0, instance:module01.ClassOneTest@6a400542]" started-at="2025-09-26T17:25:06 IST" name="afterMethod" finished-at="2025-09-26T17:25:09 IST" duration-ms="2385" status="PASS">
          <reporter-output>
          </reporter-output>
        </test-method> <!-- afterMethod -->
        <test-method is-config="true" signature="beforeMethod()[pri:0, instance:module01.ClassOneTest@6a400542]" started-at="2025-09-26T17:25:09 IST" name="beforeMethod" finished-at="2025-09-26T17:25:12 IST" duration-ms="3349" status="PASS">
          <reporter-output>
          </reporter-output>
        </test-method> <!-- beforeMethod -->
        <test-method signature="thirdScenarioTest()[pri:0, instance:module01.ClassOneTest@6a400542]" started-at="2025-09-26T17:25:12 IST" name="thirdScenarioTest" finished-at="2025-09-26T17:25:12 IST" duration-ms="1" status="PASS">
          <reporter-output>
          </reporter-output>
        </test-method> <!-- thirdScenarioTest -->
        <test-method is-config="true" signature="afterMethod()[pri:0, instance:module01.ClassOneTest@6a400542]" started-at="2025-09-26T17:25:12 IST" name="afterMethod" finished-at="2025-09-26T17:25:14 IST" duration-ms="2232" status="PASS">
          <reporter-output>
          </reporter-output>
        </test-method> <!-- afterMethod -->
        <test-method is-config="true" signature="afterClassMethod()[pri:0, instance:module01.ClassOneTest@6a400542]" started-at="2025-09-26T17:25:14 IST" name="afterClassMethod" finished-at="2025-09-26T17:25:19 IST" duration-ms="5040" status="PASS">
          <reporter-output>
          </reporter-output>
        </test-method> <!-- afterClassMethod -->
      </class> <!-- module01.ClassOneTest -->
      <class name="module03.ClassTwoTest">
        <test-method is-config="true" signature="beforeClassMethod(org.testng.xml.XmlTest)[pri:0, instance:module03.ClassTwoTest@654f0d9c]" started-at="2025-09-26T17:24:16 IST" name="beforeClassMethod" finished-at="2025-09-26T17:24:28 IST" duration-ms="12410" status="PASS">
          <params>
            <param index="0">
              <value>
                <![CDATA[org.testng.xml.XmlTest@44b647c3]]>
              </value>
            </param>
          </params>
          <reporter-output>
          </reporter-output>
        </test-method> <!-- beforeClassMethod -->
        <test-method is-config="true" signature="beforeMethod()[pri:0, instance:module03.ClassTwoTest@654f0d9c]" started-at="2025-09-26T17:24:28 IST" name="beforeMethod" finished-at="2025-09-26T17:24:40 IST" duration-ms="11104" status="PASS">
          <reporter-output>
          </reporter-output>
        </test-method> <!-- beforeMethod -->
        <test-method signature="ScecondScenarioTest()[pri:0, instance:module03.ClassTwoTest@654f0d9c]" started-at="2025-09-26T17:24:40 IST" name="ScecondScenarioTest" finished-at="2025-09-26T17:24:40 IST" duration-ms="2" status="PASS">
          <reporter-output>
          </reporter-output>
        </test-method> <!-- ScecondScenarioTest -->
        <test-method is-config="true" signature="afterMethod()[pri:0, instance:module03.ClassTwoTest@654f0d9c]" started-at="2025-09-26T17:24:40 IST" name="afterMethod" finished-at="2025-09-26T17:24:44 IST" duration-ms="4500" status="PASS">
          <reporter-output>
          </reporter-output>
        </test-method> <!-- afterMethod -->
        <test-method is-config="true" signature="beforeMethod()[pri:0, instance:module03.ClassTwoTest@654f0d9c]" started-at="2025-09-26T17:24:44 IST" name="beforeMethod" finished-at="2025-09-26T17:24:47 IST" duration-ms="2870" status="PASS">
          <reporter-output>
          </reporter-output>
        </test-method> <!-- beforeMethod -->
        <test-method signature="firstScenarioTest()[pri:0, instance:module03.ClassTwoTest@654f0d9c]" started-at="2025-09-26T17:24:47 IST" name="firstScenarioTest" finished-at="2025-09-26T17:24:47 IST" duration-ms="1" status="PASS">
          <reporter-output>
          </reporter-output>
        </test-method> <!-- firstScenarioTest -->
        <test-method is-config="true" signature="afterMethod()[pri:0, instance:module03.ClassTwoTest@654f0d9c]" started-at="2025-09-26T17:24:47 IST" name="afterMethod" finished-at="2025-09-26T17:24:50 IST" duration-ms="3500" status="PASS">
          <reporter-output>
          </reporter-output>
        </test-method> <!-- afterMethod -->
        <test-method is-config="true" signature="beforeMethod()[pri:0, instance:module03.ClassTwoTest@654f0d9c]" started-at="2025-09-26T17:24:50 IST" name="beforeMethod" finished-at="2025-09-26T17:24:56 IST" duration-ms="5978" status="PASS">
          <reporter-output>
          </reporter-output>
        </test-method> <!-- beforeMethod -->
        <test-method signature="thirdScenarioTest()[pri:0, instance:module03.ClassTwoTest@654f0d9c]" started-at="2025-09-26T17:24:56 IST" name="thirdScenarioTest" finished-at="2025-09-26T17:24:56 IST" duration-ms="0" status="PASS">
          <reporter-output>
          </reporter-output>
        </test-method> <!-- thirdScenarioTest -->
        <test-method is-config="true" signature="afterMethod()[pri:0, instance:module03.ClassTwoTest@654f0d9c]" started-at="2025-09-26T17:24:56 IST" name="afterMethod" finished-at="2025-09-26T17:25:02 IST" duration-ms="5487" status="PASS">
          <reporter-output>
          </reporter-output>
        </test-method> <!-- afterMethod -->
        <test-method is-config="true" signature="afterClassMethod()[pri:0, instance:module03.ClassTwoTest@654f0d9c]" started-at="2025-09-26T17:25:02 IST" name="afterClassMethod" finished-at="2025-09-26T17:25:19 IST" duration-ms="17482" status="PASS">
          <reporter-output>
          </reporter-output>
        </test-method> <!-- afterClassMethod -->
      </class> <!-- module03.ClassTwoTest -->
      <class name="module03.ClassZeroTest">
        <test-method is-config="true" signature="beforeClassMethod(org.testng.xml.XmlTest)[pri:0, instance:module03.ClassZeroTest@9225652]" started-at="2025-09-26T17:24:16 IST" name="beforeClassMethod" finished-at="2025-09-26T17:24:28 IST" duration-ms="12116" status="PASS">
          <params>
            <param index="0">
              <value>
                <![CDATA[org.testng.xml.XmlTest@44b647c3]]>
              </value>
            </param>
          </params>
          <reporter-output>
          </reporter-output>
        </test-method> <!-- beforeClassMethod -->
        <test-method is-config="true" signature="beforeMethod()[pri:0, instance:module03.ClassZeroTest@9225652]" started-at="2025-09-26T17:24:28 IST" name="beforeMethod" finished-at="2025-09-26T17:24:38 IST" duration-ms="10387" status="PASS">
          <reporter-output>
          </reporter-output>
        </test-method> <!-- beforeMethod -->
        <test-method signature="ScecondScenarioTest()[pri:0, instance:module03.ClassZeroTest@9225652]" started-at="2025-09-26T17:24:38 IST" name="ScecondScenarioTest" finished-at="2025-09-26T17:24:38 IST" duration-ms="1" status="PASS">
          <reporter-output>
          </reporter-output>
        </test-method> <!-- ScecondScenarioTest -->
        <test-method is-config="true" signature="afterMethod()[pri:0, instance:module03.ClassZeroTest@9225652]" started-at="2025-09-26T17:24:38 IST" name="afterMethod" finished-at="2025-09-26T17:24:43 IST" duration-ms="4967" status="PASS">
          <reporter-output>
          </reporter-output>
        </test-method> <!-- afterMethod -->
        <test-method is-config="true" signature="beforeMethod()[pri:0, instance:module03.ClassZeroTest@9225652]" started-at="2025-09-26T17:24:43 IST" name="beforeMethod" finished-at="2025-09-26T17:24:46 IST" duration-ms="3303" status="PASS">
          <reporter-output>
          </reporter-output>
        </test-method> <!-- beforeMethod -->
        <test-method signature="firstScenarioTest()[pri:0, instance:module03.ClassZeroTest@9225652]" started-at="2025-09-26T17:24:46 IST" name="firstScenarioTest" finished-at="2025-09-26T17:24:46 IST" duration-ms="0" status="PASS">
          <reporter-output>
          </reporter-output>
        </test-method> <!-- firstScenarioTest -->
        <test-method is-config="true" signature="afterMethod()[pri:0, instance:module03.ClassZeroTest@9225652]" started-at="2025-09-26T17:24:46 IST" name="afterMethod" finished-at="2025-09-26T17:24:50 IST" duration-ms="3414" status="PASS">
          <reporter-output>
          </reporter-output>
        </test-method> <!-- afterMethod -->
        <test-method is-config="true" signature="beforeMethod()[pri:0, instance:module03.ClassZeroTest@9225652]" started-at="2025-09-26T17:24:50 IST" name="beforeMethod" finished-at="2025-09-26T17:24:56 IST" duration-ms="6406" status="PASS">
          <reporter-output>
          </reporter-output>
        </test-method> <!-- beforeMethod -->
        <test-method signature="fourthScenarioTest()[pri:0, instance:module03.ClassZeroTest@9225652]" started-at="2025-09-26T17:24:56 IST" name="fourthScenarioTest" finished-at="2025-09-26T17:24:56 IST" duration-ms="1" status="PASS">
          <reporter-output>
          </reporter-output>
        </test-method> <!-- fourthScenarioTest -->
        <test-method is-config="true" signature="afterMethod()[pri:0, instance:module03.ClassZeroTest@9225652]" started-at="2025-09-26T17:24:56 IST" name="afterMethod" finished-at="2025-09-26T17:25:02 IST" duration-ms="5554" status="PASS">
          <reporter-output>
          </reporter-output>
        </test-method> <!-- afterMethod -->
        <test-method is-config="true" signature="beforeMethod()[pri:0, instance:module03.ClassZeroTest@9225652]" started-at="2025-09-26T17:25:02 IST" name="beforeMethod" finished-at="2025-09-26T17:25:06 IST" duration-ms="4118" status="PASS">
          <reporter-output>
          </reporter-output>
        </test-method> <!-- beforeMethod -->
        <test-method signature="thirdScenarioTest()[pri:0, instance:module03.ClassZeroTest@9225652]" started-at="2025-09-26T17:25:06 IST" name="thirdScenarioTest" finished-at="2025-09-26T17:25:06 IST" duration-ms="16" status="PASS">
          <reporter-output>
          </reporter-output>
        </test-method> <!-- thirdScenarioTest -->
        <test-method is-config="true" signature="afterMethod()[pri:0, instance:module03.ClassZeroTest@9225652]" started-at="2025-09-26T17:25:06 IST" name="afterMethod" finished-at="2025-09-26T17:25:09 IST" duration-ms="3386" status="PASS">
          <reporter-output>
          </reporter-output>
        </test-method> <!-- afterMethod -->
        <test-method is-config="true" signature="afterClassMethod()[pri:0, instance:module03.ClassZeroTest@9225652]" started-at="2025-09-26T17:25:09 IST" name="afterClassMethod" finished-at="2025-09-26T17:25:19 IST" duration-ms="10070" status="PASS">
          <reporter-output>
          </reporter-output>
        </test-method> <!-- afterClassMethod -->
      </class> <!-- module03.ClassZeroTest -->
    </test> <!-- chromeSuite -->
    <test started-at="2025-09-26T17:22:48 IST" name="edgeSuit" finished-at="2025-09-26T17:25:19 IST" duration-ms="150916">
      <class name="module02.ClassZeroTest">
        <test-method is-config="true" signature="beforeClassMethod(org.testng.xml.XmlTest)[pri:0, instance:module02.ClassZeroTest@5e316c74]" started-at="2025-09-26T17:22:48 IST" name="beforeClassMethod" finished-at="2025-09-26T17:22:56 IST" duration-ms="7155" status="PASS">
          <params>
            <param index="0">
              <value>
                <![CDATA[org.testng.xml.XmlTest@7ce428d4]]>
              </value>
            </param>
          </params>
          <reporter-output>
          </reporter-output>
        </test-method> <!-- beforeClassMethod -->
        <test-method is-config="true" signature="beforeMethod()[pri:0, instance:module02.ClassZeroTest@5e316c74]" started-at="2025-09-26T17:22:56 IST" name="beforeMethod" finished-at="2025-09-26T17:23:04 IST" duration-ms="8648" status="PASS">
          <reporter-output>
          </reporter-output>
        </test-method> <!-- beforeMethod -->
        <test-method signature="ScecondScenarioTest()[pri:0, instance:module02.ClassZeroTest@5e316c74]" started-at="2025-09-26T17:23:04 IST" name="ScecondScenarioTest" finished-at="2025-09-26T17:23:04 IST" duration-ms="1" status="PASS">
          <reporter-output>
          </reporter-output>
        </test-method> <!-- ScecondScenarioTest -->
        <test-method is-config="true" signature="afterMethod()[pri:0, instance:module02.ClassZeroTest@5e316c74]" started-at="2025-09-26T17:23:04 IST" name="afterMethod" finished-at="2025-09-26T17:23:18 IST" duration-ms="13291" status="PASS">
          <reporter-output>
          </reporter-output>
        </test-method> <!-- afterMethod -->
        <test-method is-config="true" signature="beforeMethod()[pri:0, instance:module02.ClassZeroTest@5e316c74]" started-at="2025-09-26T17:23:18 IST" name="beforeMethod" finished-at="2025-09-26T17:23:22 IST" duration-ms="4105" status="PASS">
          <reporter-output>
          </reporter-output>
        </test-method> <!-- beforeMethod -->
        <test-method signature="firstScenarioTest()[pri:0, instance:module02.ClassZeroTest@5e316c74]" started-at="2025-09-26T17:23:22 IST" name="firstScenarioTest" finished-at="2025-09-26T17:23:22 IST" duration-ms="1" status="PASS">
          <reporter-output>
          </reporter-output>
        </test-method> <!-- firstScenarioTest -->
        <test-method is-config="true" signature="afterMethod()[pri:0, instance:module02.ClassZeroTest@5e316c74]" started-at="2025-09-26T17:23:22 IST" name="afterMethod" finished-at="2025-09-26T17:23:27 IST" duration-ms="4912" status="PASS">
          <reporter-output>
          </reporter-output>
        </test-method> <!-- afterMethod -->
        <test-method is-config="true" signature="beforeMethod()[pri:0, instance:module02.ClassZeroTest@5e316c74]" started-at="2025-09-26T17:23:27 IST" name="beforeMethod" finished-at="2025-09-26T17:23:32 IST" duration-ms="4927" status="PASS">
          <reporter-output>
          </reporter-output>
        </test-method> <!-- beforeMethod -->
        <test-method signature="thirdScenarioTest()[pri:0, instance:module02.ClassZeroTest@5e316c74]" started-at="2025-09-26T17:23:32 IST" name="thirdScenarioTest" finished-at="2025-09-26T17:23:32 IST" duration-ms="0" status="PASS">
          <reporter-output>
          </reporter-output>
        </test-method> <!-- thirdScenarioTest -->
        <test-method is-config="true" signature="afterMethod()[pri:0, instance:module02.ClassZeroTest@5e316c74]" started-at="2025-09-26T17:23:32 IST" name="afterMethod" finished-at="2025-09-26T17:23:37 IST" duration-ms="5151" status="PASS">
          <reporter-output>
          </reporter-output>
        </test-method> <!-- afterMethod -->
        <test-method is-config="true" signature="afterClassMethod()[pri:0, instance:module02.ClassZeroTest@5e316c74]" started-at="2025-09-26T17:23:37 IST" name="afterClassMethod" finished-at="2025-09-26T17:23:40 IST" duration-ms="3022" status="PASS">
          <reporter-output>
          </reporter-output>
        </test-method> <!-- afterClassMethod -->
      </class> <!-- module02.ClassZeroTest -->
      <class name="module01.ClassTwoTest">
        <test-method is-config="true" signature="beforeClassMethod(org.testng.xml.XmlTest)[pri:0, instance:module01.ClassTwoTest@4313f5bc]" started-at="2025-09-26T17:23:50 IST" name="beforeClassMethod" finished-at="2025-09-26T17:23:54 IST" duration-ms="3751" status="PASS">
          <params>
            <param index="0">
              <value>
                <![CDATA[org.testng.xml.XmlTest@7ce428d4]]>
              </value>
            </param>
          </params>
          <reporter-output>
          </reporter-output>
        </test-method> <!-- beforeClassMethod -->
        <test-method is-config="true" signature="beforeMethod()[pri:0, instance:module01.ClassTwoTest@4313f5bc]" started-at="2025-09-26T17:23:54 IST" name="beforeMethod" finished-at="2025-09-26T17:23:59 IST" duration-ms="4781" status="PASS">
          <reporter-output>
          </reporter-output>
        </test-method> <!-- beforeMethod -->
        <test-method signature="ScecondScenarioTest()[pri:0, instance:module01.ClassTwoTest@4313f5bc]" started-at="2025-09-26T17:23:59 IST" name="ScecondScenarioTest" finished-at="2025-09-26T17:23:59 IST" duration-ms="1" status="PASS">
          <reporter-output>
          </reporter-output>
        </test-method> <!-- ScecondScenarioTest -->
        <test-method is-config="true" signature="afterMethod()[pri:0, instance:module01.ClassTwoTest@4313f5bc]" started-at="2025-09-26T17:23:59 IST" name="afterMethod" finished-at="2025-09-26T17:24:10 IST" duration-ms="11368" status="PASS">
          <reporter-output>
          </reporter-output>
        </test-method> <!-- afterMethod -->
        <test-method is-config="true" signature="beforeMethod()[pri:0, instance:module01.ClassTwoTest@4313f5bc]" started-at="2025-09-26T17:24:10 IST" name="beforeMethod" finished-at="2025-09-26T17:24:13 IST" duration-ms="3293" status="PASS">
          <reporter-output>
          </reporter-output>
        </test-method> <!-- beforeMethod -->
        <test-method signature="firstScenarioTest()[pri:0, instance:module01.ClassTwoTest@4313f5bc]" started-at="2025-09-26T17:24:13 IST" name="firstScenarioTest" finished-at="2025-09-26T17:24:13 IST" duration-ms="0" status="PASS">
          <reporter-output>
          </reporter-output>
        </test-method> <!-- firstScenarioTest -->
        <test-method is-config="true" signature="afterMethod()[pri:0, instance:module01.ClassTwoTest@4313f5bc]" started-at="2025-09-26T17:24:13 IST" name="afterMethod" finished-at="2025-09-26T17:24:17 IST" duration-ms="4087" status="PASS">
          <reporter-output>
          </reporter-output>
        </test-method> <!-- afterMethod -->
        <test-method is-config="true" signature="beforeMethod()[pri:0, instance:module01.ClassTwoTest@4313f5bc]" started-at="2025-09-26T17:24:17 IST" name="beforeMethod" finished-at="2025-09-26T17:24:20 IST" duration-ms="3037" status="PASS">
          <reporter-output>
          </reporter-output>
        </test-method> <!-- beforeMethod -->
        <test-method signature="thirdScenarioTest()[pri:0, instance:module01.ClassTwoTest@4313f5bc]" started-at="2025-09-26T17:24:20 IST" name="thirdScenarioTest" finished-at="2025-09-26T17:24:20 IST" duration-ms="2" status="PASS">
          <reporter-output>
          </reporter-output>
        </test-method> <!-- thirdScenarioTest -->
        <test-method is-config="true" signature="afterMethod()[pri:0, instance:module01.ClassTwoTest@4313f5bc]" started-at="2025-09-26T17:24:20 IST" name="afterMethod" finished-at="2025-09-26T17:24:23 IST" duration-ms="2424" status="PASS">
          <reporter-output>
          </reporter-output>
        </test-method> <!-- afterMethod -->
        <test-method is-config="true" signature="afterClassMethod()[pri:0, instance:module01.ClassTwoTest@4313f5bc]" started-at="2025-09-26T17:24:23 IST" name="afterClassMethod" finished-at="2025-09-26T17:24:54 IST" duration-ms="31159" status="PASS">
          <reporter-output>
          </reporter-output>
        </test-method> <!-- afterClassMethod -->
      </class> <!-- module01.ClassTwoTest -->
      <class name="module02.ClassTwoTest">
        <test-method is-config="true" signature="beforeClassMethod(org.testng.xml.XmlTest)[pri:0, instance:module02.ClassTwoTest@161479c6]" started-at="2025-09-26T17:23:40 IST" name="beforeClassMethod" finished-at="2025-09-26T17:23:44 IST" duration-ms="4082" status="PASS">
          <params>
            <param index="0">
              <value>
                <![CDATA[org.testng.xml.XmlTest@7ce428d4]]>
              </value>
            </param>
          </params>
          <reporter-output>
          </reporter-output>
        </test-method> <!-- beforeClassMethod -->
        <test-method is-config="true" signature="beforeMethod()[pri:0, instance:module02.ClassTwoTest@161479c6]" started-at="2025-09-26T17:23:44 IST" name="beforeMethod" finished-at="2025-09-26T17:23:47 IST" duration-ms="2832" status="PASS">
          <reporter-output>
          </reporter-output>
        </test-method> <!-- beforeMethod -->
        <test-method signature="ScecondScenarioTest()[pri:0, instance:module02.ClassTwoTest@161479c6]" started-at="2025-09-26T17:23:47 IST" name="ScecondScenarioTest" finished-at="2025-09-26T17:23:47 IST" duration-ms="0" status="PASS">
          <reporter-output>
          </reporter-output>
        </test-method> <!-- ScecondScenarioTest -->
        <test-method is-config="true" signature="afterMethod()[pri:0, instance:module02.ClassTwoTest@161479c6]" started-at="2025-09-26T17:23:47 IST" name="afterMethod" finished-at="2025-09-26T17:23:49 IST" duration-ms="2243" status="PASS">
          <reporter-output>
          </reporter-output>
        </test-method> <!-- afterMethod -->
        <test-method is-config="true" signature="beforeMethod()[pri:0, instance:module02.ClassTwoTest@161479c6]" started-at="2025-09-26T17:23:49 IST" name="beforeMethod" finished-at="2025-09-26T17:23:50 IST" duration-ms="1552" status="PASS">
          <reporter-output>
          </reporter-output>
        </test-method> <!-- beforeMethod -->
        <test-method signature="firstScenarioTest()[pri:0, instance:module02.ClassTwoTest@161479c6]" started-at="2025-09-26T17:23:50 IST" name="firstScenarioTest" finished-at="2025-09-26T17:23:50 IST" duration-ms="1" status="PASS">
          <reporter-output>
          </reporter-output>
        </test-method> <!-- firstScenarioTest -->
        <test-method is-config="true" signature="afterMethod()[pri:0, instance:module02.ClassTwoTest@161479c6]" started-at="2025-09-26T17:23:50 IST" name="afterMethod" finished-at="2025-09-26T17:23:53 IST" duration-ms="2510" status="PASS">
          <reporter-output>
          </reporter-output>
        </test-method> <!-- afterMethod -->
        <test-method is-config="true" signature="beforeMethod()[pri:0, instance:module02.ClassTwoTest@161479c6]" started-at="2025-09-26T17:23:53 IST" name="beforeMethod" finished-at="2025-09-26T17:23:58 IST" duration-ms="4899" status="PASS">
          <reporter-output>
          </reporter-output>
        </test-method> <!-- beforeMethod -->
        <test-method signature="thirdScenarioTest()[pri:0, instance:module02.ClassTwoTest@161479c6]" started-at="2025-09-26T17:23:58 IST" name="thirdScenarioTest" finished-at="2025-09-26T17:23:58 IST" duration-ms="0" status="PASS">
          <reporter-output>
          </reporter-output>
        </test-method> <!-- thirdScenarioTest -->
        <test-method is-config="true" signature="afterMethod()[pri:0, instance:module02.ClassTwoTest@161479c6]" started-at="2025-09-26T17:23:58 IST" name="afterMethod" finished-at="2025-09-26T17:24:01 IST" duration-ms="3210" status="PASS">
          <reporter-output>
          </reporter-output>
        </test-method> <!-- afterMethod -->
        <test-method is-config="true" signature="afterClassMethod()[pri:0, instance:module02.ClassTwoTest@161479c6]" started-at="2025-09-26T17:24:01 IST" name="afterClassMethod" finished-at="2025-09-26T17:24:32 IST" duration-ms="31077" status="PASS">
          <reporter-output>
          </reporter-output>
        </test-method> <!-- afterClassMethod -->
      </class> <!-- module02.ClassTwoTest -->
      <class name="module01.ClassZeroTest">
        <test-method is-config="true" signature="beforeClassMethod(org.testng.xml.XmlTest)[pri:0, instance:module01.ClassZeroTest@75329a49]" started-at="2025-09-26T17:22:48 IST" name="beforeClassMethod" finished-at="2025-09-26T17:22:55 IST" duration-ms="6393" status="PASS">
          <params>
            <param index="0">
              <value>
                <![CDATA[org.testng.xml.XmlTest@7ce428d4]]>
              </value>
            </param>
          </params>
          <reporter-output>
          </reporter-output>
        </test-method> <!-- beforeClassMethod -->
        <test-method is-config="true" signature="beforeMethod()[pri:0, instance:module01.ClassZeroTest@75329a49]" started-at="2025-09-26T17:22:55 IST" name="beforeMethod" finished-at="2025-09-26T17:23:00 IST" duration-ms="5627" status="PASS">
          <reporter-output>
          </reporter-output>
        </test-method> <!-- beforeMethod -->
        <test-method signature="ScecondScenarioTest()[pri:0, instance:module01.ClassZeroTest@75329a49]" started-at="2025-09-26T17:23:00 IST" name="ScecondScenarioTest" finished-at="2025-09-26T17:23:00 IST" duration-ms="0" status="PASS">
          <reporter-output>
          </reporter-output>
        </test-method> <!-- ScecondScenarioTest -->
        <test-method is-config="true" signature="afterMethod()[pri:0, instance:module01.ClassZeroTest@75329a49]" started-at="2025-09-26T17:23:01 IST" name="afterMethod" finished-at="2025-09-26T17:23:14 IST" duration-ms="13460" status="PASS">
          <reporter-output>
          </reporter-output>
        </test-method> <!-- afterMethod -->
        <test-method is-config="true" signature="beforeMethod()[pri:0, instance:module01.ClassZeroTest@75329a49]" started-at="2025-09-26T17:23:14 IST" name="beforeMethod" finished-at="2025-09-26T17:23:22 IST" duration-ms="7788" status="PASS">
          <reporter-output>
          </reporter-output>
        </test-method> <!-- beforeMethod -->
        <test-method signature="firstScenarioTest()[pri:0, instance:module01.ClassZeroTest@75329a49]" started-at="2025-09-26T17:23:22 IST" name="firstScenarioTest" finished-at="2025-09-26T17:23:22 IST" duration-ms="1" status="PASS">
          <reporter-output>
          </reporter-output>
        </test-method> <!-- firstScenarioTest -->
        <test-method is-config="true" signature="afterMethod()[pri:0, instance:module01.ClassZeroTest@75329a49]" started-at="2025-09-26T17:23:22 IST" name="afterMethod" finished-at="2025-09-26T17:23:28 IST" duration-ms="5888" status="PASS">
          <reporter-output>
          </reporter-output>
        </test-method> <!-- afterMethod -->
        <test-method is-config="true" signature="beforeMethod()[pri:0, instance:module01.ClassZeroTest@75329a49]" started-at="2025-09-26T17:23:28 IST" name="beforeMethod" finished-at="2025-09-26T17:23:34 IST" duration-ms="6110" status="PASS">
          <reporter-output>
          </reporter-output>
        </test-method> <!-- beforeMethod -->
        <test-method signature="thirdScenarioTest()[pri:0, instance:module01.ClassZeroTest@75329a49]" started-at="2025-09-26T17:23:34 IST" name="thirdScenarioTest" finished-at="2025-09-26T17:23:34 IST" duration-ms="2" status="PASS">
          <reporter-output>
          </reporter-output>
        </test-method> <!-- thirdScenarioTest -->
        <test-method is-config="true" signature="afterMethod()[pri:0, instance:module01.ClassZeroTest@75329a49]" started-at="2025-09-26T17:23:34 IST" name="afterMethod" finished-at="2025-09-26T17:23:39 IST" duration-ms="5197" status="PASS">
          <reporter-output>
          </reporter-output>
        </test-method> <!-- afterMethod -->
        <test-method is-config="true" signature="afterClassMethod()[pri:0, instance:module01.ClassZeroTest@75329a49]" started-at="2025-09-26T17:23:39 IST" name="afterClassMethod" finished-at="2025-09-26T17:23:52 IST" duration-ms="13384" status="PASS">
          <reporter-output>
          </reporter-output>
        </test-method> <!-- afterClassMethod -->
      </class> <!-- module01.ClassZeroTest -->
      <class name="module02.ClassOneTest">
        <test-method is-config="true" signature="beforeClassMethod(org.testng.xml.XmlTest)[pri:0, instance:module02.ClassOneTest@7c469c48]" started-at="2025-09-26T17:22:48 IST" name="beforeClassMethod" finished-at="2025-09-26T17:22:55 IST" duration-ms="6883" status="PASS">
          <params>
            <param index="0">
              <value>
                <![CDATA[org.testng.xml.XmlTest@7ce428d4]]>
              </value>
            </param>
          </params>
          <reporter-output>
          </reporter-output>
        </test-method> <!-- beforeClassMethod -->
        <test-method is-config="true" signature="beforeMethod()[pri:0, instance:module02.ClassOneTest@7c469c48]" started-at="2025-09-26T17:22:55 IST" name="beforeMethod" finished-at="2025-09-26T17:23:43 IST" duration-ms="48027" status="PASS">
          <reporter-output>
          </reporter-output>
        </test-method> <!-- beforeMethod -->
        <test-method signature="ScecondScenarioTest()[pri:0, instance:module02.ClassOneTest@7c469c48]" started-at="2025-09-26T17:23:43 IST" name="ScecondScenarioTest" finished-at="2025-09-26T17:23:43 IST" duration-ms="0" status="PASS">
          <reporter-output>
          </reporter-output>
        </test-method> <!-- ScecondScenarioTest -->
        <test-method is-config="true" signature="afterMethod()[pri:0, instance:module02.ClassOneTest@7c469c48]" started-at="2025-09-26T17:23:43 IST" name="afterMethod" finished-at="2025-09-26T17:23:47 IST" duration-ms="3492" status="PASS">
          <reporter-output>
          </reporter-output>
        </test-method> <!-- afterMethod -->
        <test-method is-config="true" signature="beforeMethod()[pri:0, instance:module02.ClassOneTest@7c469c48]" started-at="2025-09-26T17:23:47 IST" name="beforeMethod" finished-at="2025-09-26T17:23:48 IST" duration-ms="1562" status="PASS">
          <reporter-output>
          </reporter-output>
        </test-method> <!-- beforeMethod -->
        <test-method signature="firstScenarioTest()[pri:0, instance:module02.ClassOneTest@7c469c48]" started-at="2025-09-26T17:23:48 IST" name="firstScenarioTest" finished-at="2025-09-26T17:23:48 IST" duration-ms="0" status="PASS">
          <reporter-output>
          </reporter-output>
        </test-method> <!-- firstScenarioTest -->
        <test-method is-config="true" signature="afterMethod()[pri:0, instance:module02.ClassOneTest@7c469c48]" started-at="2025-09-26T17:23:48 IST" name="afterMethod" finished-at="2025-09-26T17:23:51 IST" duration-ms="2121" status="PASS">
          <reporter-output>
          </reporter-output>
        </test-method> <!-- afterMethod -->
        <test-method is-config="true" signature="beforeMethod()[pri:0, instance:module02.ClassOneTest@7c469c48]" started-at="2025-09-26T17:23:51 IST" name="beforeMethod" finished-at="2025-09-26T17:23:53 IST" duration-ms="2767" status="PASS">
          <reporter-output>
          </reporter-output>
        </test-method> <!-- beforeMethod -->
        <test-method signature="thirdScenarioTest()[pri:0, instance:module02.ClassOneTest@7c469c48]" started-at="2025-09-26T17:23:53 IST" name="thirdScenarioTest" finished-at="2025-09-26T17:23:53 IST" duration-ms="0" status="PASS">
          <reporter-output>
          </reporter-output>
        </test-method> <!-- thirdScenarioTest -->
        <test-method is-config="true" signature="afterMethod()[pri:0, instance:module02.ClassOneTest@7c469c48]" started-at="2025-09-26T17:23:53 IST" name="afterMethod" finished-at="2025-09-26T17:23:57 IST" duration-ms="4040" status="PASS">
          <reporter-output>
          </reporter-output>
        </test-method> <!-- afterMethod -->
        <test-method is-config="true" signature="afterClassMethod()[pri:0, instance:module02.ClassOneTest@7c469c48]" started-at="2025-09-26T17:23:57 IST" name="afterClassMethod" finished-at="2025-09-26T17:24:28 IST" duration-ms="31085" status="PASS">
          <reporter-output>
          </reporter-output>
        </test-method> <!-- afterClassMethod -->
      </class> <!-- module02.ClassOneTest -->
      <class name="module03.ClassOneTest">
        <test-method is-config="true" signature="beforeClassMethod(org.testng.xml.XmlTest)[pri:0, instance:module03.ClassOneTest@6d2a209c]" started-at="2025-09-26T17:22:48 IST" name="beforeClassMethod" finished-at="2025-09-26T17:22:56 IST" duration-ms="7257" status="PASS">
          <params>
            <param index="0">
              <value>
                <![CDATA[org.testng.xml.XmlTest@7ce428d4]]>
              </value>
            </param>
          </params>
          <reporter-output>
          </reporter-output>
        </test-method> <!-- beforeClassMethod -->
        <test-method is-config="true" signature="beforeMethod()[pri:0, instance:module03.ClassOneTest@6d2a209c]" started-at="2025-09-26T17:22:56 IST" name="beforeMethod" finished-at="2025-09-26T17:22:58 IST" duration-ms="2758" status="PASS">
          <reporter-output>
          </reporter-output>
        </test-method> <!-- beforeMethod -->
        <test-method signature="ScecondScenarioTest()[pri:0, instance:module03.ClassOneTest@6d2a209c]" started-at="2025-09-26T17:22:58 IST" name="ScecondScenarioTest" finished-at="2025-09-26T17:22:59 IST" duration-ms="50" status="PASS">
          <reporter-output>
          </reporter-output>
        </test-method> <!-- ScecondScenarioTest -->
        <test-method is-config="true" signature="afterMethod()[pri:0, instance:module03.ClassOneTest@6d2a209c]" started-at="2025-09-26T17:22:59 IST" name="afterMethod" finished-at="2025-09-26T17:23:03 IST" duration-ms="4572" status="PASS">
          <reporter-output>
          </reporter-output>
        </test-method> <!-- afterMethod -->
        <test-method is-config="true" signature="beforeMethod()[pri:0, instance:module03.ClassOneTest@6d2a209c]" started-at="2025-09-26T17:23:03 IST" name="beforeMethod" finished-at="2025-09-26T17:23:15 IST" duration-ms="12073" status="PASS">
          <reporter-output>
          </reporter-output>
        </test-method> <!-- beforeMethod -->
        <test-method signature="firstScenarioTest()[pri:0, instance:module03.ClassOneTest@6d2a209c]" started-at="2025-09-26T17:23:15 IST" name="firstScenarioTest" finished-at="2025-09-26T17:23:15 IST" duration-ms="2" status="PASS">
          <reporter-output>
          </reporter-output>
        </test-method> <!-- firstScenarioTest -->
        <test-method is-config="true" signature="afterMethod()[pri:0, instance:module03.ClassOneTest@6d2a209c]" started-at="2025-09-26T17:23:15 IST" name="afterMethod" finished-at="2025-09-26T17:23:21 IST" duration-ms="5801" status="PASS">
          <reporter-output>
          </reporter-output>
        </test-method> <!-- afterMethod -->
        <test-method is-config="true" signature="beforeMethod()[pri:0, instance:module03.ClassOneTest@6d2a209c]" started-at="2025-09-26T17:23:21 IST" name="beforeMethod" finished-at="2025-09-26T17:23:25 IST" duration-ms="3909" status="PASS">
          <reporter-output>
          </reporter-output>
        </test-method> <!-- beforeMethod -->
        <test-method signature="thirdScenarioTest()[pri:0, instance:module03.ClassOneTest@6d2a209c]" started-at="2025-09-26T17:23:25 IST" name="thirdScenarioTest" finished-at="2025-09-26T17:23:25 IST" duration-ms="1" status="PASS">
          <reporter-output>
          </reporter-output>
        </test-method> <!-- thirdScenarioTest -->
        <test-method is-config="true" signature="afterMethod()[pri:0, instance:module03.ClassOneTest@6d2a209c]" started-at="2025-09-26T17:23:25 IST" name="afterMethod" finished-at="2025-09-26T17:23:31 IST" duration-ms="5614" status="PASS">
          <reporter-output>
          </reporter-output>
        </test-method> <!-- afterMethod -->
        <test-method is-config="true" signature="afterClassMethod()[pri:0, instance:module03.ClassOneTest@6d2a209c]" started-at="2025-09-26T17:23:31 IST" name="afterClassMethod" finished-at="2025-09-26T17:23:50 IST" duration-ms="19507" status="PASS">
          <reporter-output>
          </reporter-output>
        </test-method> <!-- afterClassMethod -->
      </class> <!-- module03.ClassOneTest -->
      <class name="module01.ClassOneTest">
        <test-method is-config="true" signature="beforeClassMethod(org.testng.xml.XmlTest)[pri:0, instance:module01.ClassOneTest@2b6faea6]" started-at="2025-09-26T17:24:32 IST" name="beforeClassMethod" finished-at="2025-09-26T17:24:39 IST" duration-ms="6816" status="PASS">
          <params>
            <param index="0">
              <value>
                <![CDATA[org.testng.xml.XmlTest@7ce428d4]]>
              </value>
            </param>
          </params>
          <reporter-output>
          </reporter-output>
        </test-method> <!-- beforeClassMethod -->
        <test-method is-config="true" signature="beforeMethod()[pri:0, instance:module01.ClassOneTest@2b6faea6]" started-at="2025-09-26T17:24:39 IST" name="beforeMethod" finished-at="2025-09-26T17:24:45 IST" duration-ms="5588" status="PASS">
          <reporter-output>
          </reporter-output>
        </test-method> <!-- beforeMethod -->
        <test-method signature="ScecondScenarioTest()[pri:0, instance:module01.ClassOneTest@2b6faea6]" started-at="2025-09-26T17:24:45 IST" name="ScecondScenarioTest" finished-at="2025-09-26T17:24:45 IST" duration-ms="0" status="PASS">
          <reporter-output>
          </reporter-output>
        </test-method> <!-- ScecondScenarioTest -->
        <test-method is-config="true" signature="afterMethod()[pri:0, instance:module01.ClassOneTest@2b6faea6]" started-at="2025-09-26T17:24:45 IST" name="afterMethod" finished-at="2025-09-26T17:24:47 IST" duration-ms="2311" status="PASS">
          <reporter-output>
          </reporter-output>
        </test-method> <!-- afterMethod -->
[...]
Session ID: 4263d912-2bfa-419f-85ab-88dfba6fd5f2
at java.base/jdk.internal.reflect.NativeConstructorAccessorImpl.newInstance0(Native Method)
at java.base/jdk.internal.reflect.NativeConstructorAccessorImpl.newInstance(NativeConstructorAccessorImpl.java:77)
at java.base/jdk.internal.reflect.DelegatingConstructorAccessorImpl.newInstance(DelegatingConstructorAccessorImpl.java:45)
at java.base/java.lang.reflect.Constructor.newInstanceWithCaller(Constructor.java:499)
at java.base/java.lang.reflect.Constructor.newInstance(Constructor.java:480)
at org.openqa.selenium.remote.ErrorCodec.decode(ErrorCodec.java:167)
at org.openqa.selenium.remote.codec.w3c.W3CHttpResponseCodec.decode(W3CHttpResponseCodec.java:138)
at org.openqa.selenium.remote.codec.w3c.W3CHttpResponseCodec.decode(W3CHttpResponseCodec.java:50)
at org.openqa.selenium.remote.HttpCommandExecutor.execute(HttpCommandExecutor.java:215)
at org.openqa.selenium.remote.service.DriverCommandExecutor.invokeExecute(DriverCommandExecutor.java:216)
at org.openqa.selenium.remote.service.DriverCommandExecutor.execute(DriverCommandExecutor.java:174)
at org.openqa.selenium.remote.RemoteWebDriver.execute(RemoteWebDriver.java:557)
at org.openqa.selenium.remote.ElementLocation$ElementFinder$2.findElement(ElementLocation.java:165)
at org.openqa.selenium.remote.ElementLocation.findElement(ElementLocation.java:59)
at org.openqa.selenium.remote.RemoteWebDriver.findElement(RemoteWebDriver.java:380)
at org.openqa.selenium.remote.RemoteWebDriver.findElement(RemoteWebDriver.java:374)
at org.openqa.selenium.support.pagefactory.DefaultElementLocator.findElement(DefaultElementLocator.java:68)
at org.openqa.selenium.support.pagefactory.internal.LocatingElementHandler.invoke(LocatingElementHandler.java:38)
at jdk.proxy2/jdk.proxy2.$Proxy15.click(Unknown Source)
at com.ProjectName.busuness.repository.HomePage.logoutFromApp(HomePage.java:46)
at com.ProjectName.generic.BaseClassUtil.BaseClass.afterMethod(BaseClass.java:110)
at jdk.internal.reflect.GeneratedMethodAccessor4.invoke(Unknown Source)
at java.base/jdk.internal.reflect.DelegatingMethodAccessorImpl.invoke(DelegatingMethodAccessorImpl.java:43)
at java.base/java.lang.reflect.Method.invoke(Method.java:568)
at org.testng.internal.invokers.MethodInvocationHelper.invokeMethod(MethodInvocationHelper.java:141)
at org.testng.internal.invokers.MethodInvocationHelper.invokeMethodConsideringTimeout(MethodInvocationHelper.java:71)
at org.testng.internal.invokers.ConfigInvoker.invokeConfigurationMethod(ConfigInvoker.java:400)
at org.testng.internal.invokers.ConfigInvoker.invokeConfigurations(ConfigInvoker.java:333)
at org.testng.internal.invokers.TestInvoker.runConfigMethods(TestInvoker.java:836)
at org.testng.internal.invokers.TestInvoker.runAfterConfigurations(TestInvoker.java:805)
at org.testng.internal.invokers.TestInvoker.invokeMethod(TestInvoker.java:781)
at org.testng.internal.invokers.TestInvoker.invokeTestMethod(TestInvoker.java:230)
at org.testng.internal.invokers.MethodRunner.runInSequence(MethodRunner.java:63)
at org.testng.internal.invokers.TestInvoker$MethodInvocationAgent.invoke(TestInvoker.java:995)
at org.testng.internal.invokers.TestInvoker.invokeTestMethods(TestInvoker.java:203)
at org.testng.internal.invokers.TestMethodWorker.invokeTestMethods(TestMethodWorker.java:154)
at org.testng.internal.invokers.TestMethodWorker.run(TestMethodWorker.java:134)
at java.base/java.util.concurrent.Executors$RunnableAdapter.call(Executors.java:539)
at java.base/java.util.concurrent.FutureTask.run(FutureTask.java:264)
at org.testng.internal.thread.graph.TestNGFutureTask.run(TestNGFutureTask.java:22)
at java.base/java.util.concurrent.ThreadPoolExecutor.runWorker(ThreadPoolExecutor.java:1136)
at java.base/java.util.concurrent.ThreadPoolExecutor$Worker.run(ThreadPoolExecutor.java:635)
at java.base/java.lang.Thread.run(Thread.java:840)
]]>
            </full-stacktrace>
          </exception> <!-- org.openqa.selenium.NoSuchElementException -->
          <reporter-output>
          </reporter-output>
        </test-method> <!-- firstScenarioTest -->
        <test-method is-config="true" signature="afterMethod()[pri:0, instance:module03.ClassZeroTest@4b0b0854]" started-at="2025-09-26T17:24:46 IST" name="afterMethod" finished-at="2025-09-26T17:24:49 IST" duration-ms="3433" status="PASS">
          <reporter-output>
          </reporter-output>
        </test-method> <!-- afterMethod -->
        <test-method is-config="true" signature="beforeMethod()[pri:0, instance:module03.ClassZeroTest@4b0b0854]" started-at="2025-09-26T17:24:49 IST" name="beforeMethod" finished-at="2025-09-26T17:24:50 IST" duration-ms="1081" status="PASS">
          <reporter-output>
          </reporter-output>
        </test-method> <!-- beforeMethod -->
        <test-method signature="fourthScenarioTest()[pri:0, instance:module03.ClassZeroTest@4b0b0854]" started-at="2025-09-26T17:24:50 IST" name="fourthScenarioTest" finished-at="2025-09-26T17:24:50 IST" duration-ms="0" status="SKIP">
          <exception class="org.openqa.selenium.NoSuchElementException">
            <message>
              <![CDATA[Unable to locate element: Sign Out
For documentation on this error, please visit: https://www.selenium.dev/documentation/webdriver/troubleshooting/errors#no-such-element-exception
Build info: version: '4.35.0', revision: '1c58e5028b'
System info: os.name: 'Windows 11', os.arch: 'amd64', os.version: '10.0', java.version: '17.0.11'
Driver info: org.openqa.selenium.firefox.FirefoxDriver
Command: [4263d912-2bfa-419f-85ab-88dfba6fd5f2, findElement {using=link text, value=Sign Out}]
Capabilities {acceptInsecureCerts: true, browserName: firefox, browserVersion: 143.0.1, moz:accessibilityChecks: false, moz:buildID: 20250918214338, moz:geckodriverVersion: 0.36.0, moz:headless: false, moz:platformVersion: 10.0, moz:processID: 35948, moz:profile: C:\Users\KAIFKH~1\AppData\L..., moz:shutdownTimeout: 60000, moz:webdriverClick: true, moz:windowless: false, pageLoadStrategy: normal, platformName: windows, proxy: Proxy(), setWindowRect: true, strictFileInteractability: false, timeouts: {implicit: 0, pageLoad: 300000, script: 30000}, unhandledPromptBehavior: dismiss and notify, userAgent: Mozilla/5.0 (Windows NT 10....}
Session ID: 4263d912-2bfa-419f-85ab-88dfba6fd5f2]]>
            </message>
            <full-stacktrace>
              <![CDATA[org.openqa.selenium.NoSuchElementException: Unable to locate element: Sign Out
For documentation on this error, please visit: https://www.selenium.dev/documentation/webdriver/troubleshooting/errors#no-such-element-exception
Build info: version: '4.35.0', revision: '1c58e5028b'
System info: os.name: 'Windows 11', os.arch: 'amd64', os.version: '10.0', java.version: '17.0.11'
Driver info: org.openqa.selenium.firefox.FirefoxDriver
Command: [4263d912-2bfa-419f-85ab-88dfba6fd5f2, findElement {using=link text, value=Sign Out}]
Capabilities {acceptInsecureCerts: true, browserName: firefox, browserVersion: 143.0.1, moz:accessibilityChecks: false, moz:buildID: 20250918214338, moz:geckodriverVersion: 0.36.0, moz:headless: false, moz:platformVersion: 10.0, moz:processID: 35948, moz:profile: C:\Users\KAIFKH~1\AppData\L..., moz:shutdownTimeout: 60000, moz:webdriverClick: true, moz:windowless: false, pageLoadStrategy: normal, platformName: windows, proxy: Proxy(), setWindowRect: true, strictFileInteractability: false, timeouts: {implicit: 0, pageLoad: 300000, script: 30000}, unhandledPromptBehavior: dismiss and notify, userAgent: Mozilla/5.0 (Windows NT 10....}
Session ID: 4263d912-2bfa-419f-85ab-88dfba6fd5f2
at java.base/jdk.internal.reflect.NativeConstructorAccessorImpl.newInstance0(Native Method)
at java.base/jdk.internal.reflect.NativeConstructorAccessorImpl.newInstance(NativeConstructorAccessorImpl.java:77)
at java.base/jdk.internal.reflect.DelegatingConstructorAccessorImpl.newInstance(DelegatingConstructorAccessorImpl.java:45)
at java.base/java.lang.reflect.Constructor.newInstanceWithCaller(Constructor.java:499)
at java.base/java.lang.reflect.Constructor.newInstance(Constructor.java:480)
at org.openqa.selenium.remote.ErrorCodec.decode(ErrorCodec.java:167)
at org.openqa.selenium.remote.codec.w3c.W3CHttpResponseCodec.decode(W3CHttpResponseCodec.java:138)
at org.openqa.selenium.remote.codec.w3c.W3CHttpResponseCodec.decode(W3CHttpResponseCodec.java:50)
at org.openqa.selenium.remote.HttpCommandExecutor.execute(HttpCommandExecutor.java:215)
at org.openqa.selenium.remote.service.DriverCommandExecutor.invokeExecute(DriverCommandExecutor.java:216)
at org.openqa.selenium.remote.service.DriverCommandExecutor.execute(DriverCommandExecutor.java:174)
at org.openqa.selenium.remote.RemoteWebDriver.execute(RemoteWebDriver.java:557)
at org.openqa.selenium.remote.ElementLocation$ElementFinder$2.findElement(ElementLocation.java:165)
at org.openqa.selenium.remote.ElementLocation.findElement(ElementLocation.java:59)
at org.openqa.selenium.remote.RemoteWebDriver.findElement(RemoteWebDriver.java:380)
at org.openqa.selenium.remote.RemoteWebDriver.findElement(RemoteWebDriver.java:374)
at org.openqa.selenium.support.pagefactory.DefaultElementLocator.findElement(DefaultElementLocator.java:68)
at org.openqa.selenium.support.pagefactory.internal.LocatingElementHandler.invoke(LocatingElementHandler.java:38)
at jdk.proxy2/jdk.proxy2.$Proxy15.click(Unknown Source)
at com.ProjectName.busuness.repository.HomePage.logoutFromApp(HomePage.java:46)
at com.ProjectName.generic.BaseClassUtil.BaseClass.afterMethod(BaseClass.java:110)
at jdk.internal.reflect.GeneratedMethodAccessor4.invoke(Unknown Source)
at java.base/jdk.internal.reflect.DelegatingMethodAccessorImpl.invoke(DelegatingMethodAccessorImpl.java:43)
at java.base/java.lang.reflect.Method.invoke(Method.java:568)
at org.testng.internal.invokers.MethodInvocationHelper.invokeMethod(MethodInvocationHelper.java:141)
at org.testng.internal.invokers.MethodInvocationHelper.invokeMethodConsideringTimeout(MethodInvocationHelper.java:71)
at org.testng.internal.invokers.ConfigInvoker.invokeConfigurationMethod(ConfigInvoker.java:400)
at org.testng.internal.invokers.ConfigInvoker.invokeConfigurations(ConfigInvoker.java:333)
at org.testng.internal.invokers.TestInvoker.runConfigMethods(TestInvoker.java:836)
at org.testng.internal.invokers.TestInvoker.runAfterConfigurations(TestInvoker.java:805)
at org.testng.internal.invokers.TestInvoker.invokeMethod(TestInvoker.java:781)
at org.testng.internal.invokers.TestInvoker.invokeTestMethod(TestInvoker.java:230)
at org.testng.internal.invokers.MethodRunner.runInSequence(MethodRunner.java:63)
at org.testng.internal.invokers.TestInvoker$MethodInvocationAgent.invoke(TestInvoker.java:995)
at org.testng.internal.invokers.TestInvoker.invokeTestMethods(TestInvoker.java:203)
at org.testng.internal.invokers.TestMethodWorker.invokeTestMethods(TestMethodWorker.java:154)
at org.testng.internal.invokers.TestMethodWorker.run(TestMethodWorker.java:134)
at java.base/java.util.concurrent.Executors$RunnableAdapter.call(Executors.java:539)
at java.base/java.util.concurrent.FutureTask.run(FutureTask.java:264)
at org.testng.internal.thread.graph.TestNGFutureTask.run(TestNGFutureTask.java:22)
at java.base/java.util.concurrent.ThreadPoolExecutor.runWorker(ThreadPoolExecutor.java:1136)
at java.base/java.util.concurrent.ThreadPoolExecutor$Worker.run(ThreadPoolExecutor.java:635)
at java.base/java.lang.Thread.run(Thread.java:840)
]]>
            </full-stacktrace>
          </exception> <!-- org.openqa.selenium.NoSuchElementException -->
          <reporter-output>
          </reporter-output>
        </test-method> <!-- fourthScenarioTest -->
        <test-method is-config="true" signature="afterMethod()[pri:0, instance:module03.ClassZeroTest@4b0b0854]" started-at="2025-09-26T17:24:50 IST" name="afterMethod" finished-at="2025-09-26T17:24:59 IST" duration-ms="8203" status="PASS">
          <reporter-output>
          </reporter-output>
        </test-method> <!-- afterMethod -->
        <test-method is-config="true" signature="beforeMethod()[pri:0, instance:module03.ClassZeroTest@4b0b0854]" started-at="2025-09-26T17:24:59 IST" name="beforeMethod" finished-at="2025-09-26T17:24:59 IST" duration-ms="402" status="PASS">
          <reporter-output>
          </reporter-output>
        </test-method> <!-- beforeMethod -->
        <test-method signature="thirdScenarioTest()[pri:0, instance:module03.ClassZeroTest@4b0b0854]" started-at="2025-09-26T17:24:59 IST" name="thirdScenarioTest" finished-at="2025-09-26T17:24:59 IST" duration-ms="0" status="SKIP">
          <exception class="org.openqa.selenium.NoSuchElementException">
            <message>
              <![CDATA[Unable to locate element: Sign Out
For documentation on this error, please visit: https://www.selenium.dev/documentation/webdriver/troubleshooting/errors#no-such-element-exception
Build info: version: '4.35.0', revision: '1c58e5028b'
System info: os.name: 'Windows 11', os.arch: 'amd64', os.version: '10.0', java.version: '17.0.11'
Driver info: org.openqa.selenium.firefox.FirefoxDriver
Command: [4263d912-2bfa-419f-85ab-88dfba6fd5f2, findElement {using=link text, value=Sign Out}]
Capabilities {acceptInsecureCerts: true, browserName: firefox, browserVersion: 143.0.1, moz:accessibilityChecks: false, moz:buildID: 20250918214338, moz:geckodriverVersion: 0.36.0, moz:headless: false, moz:platformVersion: 10.0, moz:processID: 35948, moz:profile: C:\Users\KAIFKH~1\AppData\L..., moz:shutdownTimeout: 60000, moz:webdriverClick: true, moz:windowless: false, pageLoadStrategy: normal, platformName: windows, proxy: Proxy(), setWindowRect: true, strictFileInteractability: false, timeouts: {implicit: 0, pageLoad: 300000, script: 30000}, unhandledPromptBehavior: dismiss and notify, userAgent: Mozilla/5.0 (Windows NT 10....}
Session ID: 4263d912-2bfa-419f-85ab-88dfba6fd5f2]]>
            </message>
            <full-stacktrace>
              <![CDATA[org.openqa.selenium.NoSuchElementException: Unable to locate element: Sign Out
For documentation on this error, please visit: https://www.selenium.dev/documentation/webdriver/troubleshooting/errors#no-such-element-exception
Build info: version: '4.35.0', revision: '1c58e5028b'
System info: os.name: 'Windows 11', os.arch: 'amd64', os.version: '10.0', java.version: '17.0.11'
Driver info: org.openqa.selenium.firefox.FirefoxDriver
Command: [4263d912-2bfa-419f-85ab-88dfba6fd5f2, findElement {using=link text, value=Sign Out}]
Capabilities {acceptInsecureCerts: true, browserName: firefox, browserVersion: 143.0.1, moz:accessibilityChecks: false, moz:buildID: 20250918214338, moz:geckodriverVersion: 0.36.0, moz:headless: false, moz:platformVersion: 10.0, moz:processID: 35948, moz:profile: C:\Users\KAIFKH~1\AppData\L..., moz:shutdownTimeout: 60000, moz:webdriverClick: true, moz:windowless: false, pageLoadStrategy: normal, platformName: windows, proxy: Proxy(), setWindowRect: true, strictFileInteractability: false, timeouts: {implicit: 0, pageLoad: 300000, script: 30000}, unhandledPromptBehavior: dismiss and notify, userAgent: Mozilla/5.0 (Windows NT 10....}
Session ID: 4263d912-2bfa-419f-85ab-88dfba6fd5f2
at java.base/jdk.internal.reflect.NativeConstructorAccessorImpl.newInstance0(Native Method)
at java.base/jdk.internal.reflect.NativeConstructorAccessorImpl.newInstance(NativeConstructorAccessorImpl.java:77)
at java.base/jdk.internal.reflect.DelegatingConstructorAccessorImpl.newInstance(DelegatingConstructorAccessorImpl.java:45)
at java.base/java.lang.reflect.Constructor.newInstanceWithCaller(Constructor.java:499)
at java.base/java.lang.reflect.Constructor.newInstance(Constructor.java:480)
at org.openqa.selenium.remote.ErrorCodec.decode(ErrorCodec.java:167)
at org.openqa.selenium.remote.codec.w3c.W3CHttpResponseCodec.decode(W3CHttpResponseCodec.java:138)
at org.openqa.selenium.remote.codec.w3c.W3CHttpResponseCodec.decode(W3CHttpResponseCodec.java:50)
at org.openqa.selenium.remote.HttpCommandExecutor.execute(HttpCommandExecutor.java:215)
at org.openqa.selenium.remote.service.DriverCommandExecutor.invokeExecute(DriverCommandExecutor.java:216)
at org.openqa.selenium.remote.service.DriverCommandExecutor.execute(DriverCommandExecutor.java:174)
at org.openqa.selenium.remote.RemoteWebDriver.execute(RemoteWebDriver.java:557)
at org.openqa.selenium.remote.ElementLocation$ElementFinder$2.findElement(ElementLocation.java:165)
at org.openqa.selenium.remote.ElementLocation.findElement(ElementLocation.java:59)
at org.openqa.selenium.remote.RemoteWebDriver.findElement(RemoteWebDriver.java:380)
at org.openqa.selenium.remote.RemoteWebDriver.findElement(RemoteWebDriver.java:374)
at org.openqa.selenium.support.pagefactory.DefaultElementLocator.findElement(DefaultElementLocator.java:68)
at org.openqa.selenium.support.pagefactory.internal.LocatingElementHandler.invoke(LocatingElementHandler.java:38)
at jdk.proxy2/jdk.proxy2.$Proxy15.click(Unknown Source)
at com.ProjectName.busuness.repository.HomePage.logoutFromApp(HomePage.java:46)
at com.ProjectName.generic.BaseClassUtil.BaseClass.afterMethod(BaseClass.java:110)
at jdk.internal.reflect.GeneratedMethodAccessor4.invoke(Unknown Source)
at java.base/jdk.internal.reflect.DelegatingMethodAccessorImpl.invoke(DelegatingMethodAccessorImpl.java:43)
at java.base/java.lang.reflect.Method.invoke(Method.java:568)
at org.testng.internal.invokers.MethodInvocationHelper.invokeMethod(MethodInvocationHelper.java:141)
at org.testng.internal.invokers.MethodInvocationHelper.invokeMethodConsideringTimeout(MethodInvocationHelper.java:71)
at org.testng.internal.invokers.ConfigInvoker.invokeConfigurationMethod(ConfigInvoker.java:400)
at org.testng.internal.invokers.ConfigInvoker.invokeConfigurations(ConfigInvoker.java:333)
at org.testng.internal.invokers.TestInvoker.runConfigMethods(TestInvoker.java:836)
at org.testng.internal.invokers.TestInvoker.runAfterConfigurations(TestInvoker.java:805)
at org.testng.internal.invokers.TestInvoker.invokeMethod(TestInvoker.java:781)
at org.testng.internal.invokers.TestInvoker.invokeTestMethod(TestInvoker.java:230)
at org.testng.internal.invokers.MethodRunner.runInSequence(MethodRunner.java:63)
at org.testng.internal.invokers.TestInvoker$MethodInvocationAgent.invoke(TestInvoker.java:995)
at org.testng.internal.invokers.TestInvoker.invokeTestMethods(TestInvoker.java:203)
at org.testng.internal.invokers.TestMethodWorker.invokeTestMethods(TestMethodWorker.java:154)
at org.testng.internal.invokers.TestMethodWorker.run(TestMethodWorker.java:134)
at java.base/java.util.concurrent.Executors$RunnableAdapter.call(Executors.java:539)
at java.base/java.util.concurrent.FutureTask.run(FutureTask.java:264)
at org.testng.internal.thread.graph.TestNGFutureTask.run(TestNGFutureTask.java:22)
at java.base/java.util.concurrent.ThreadPoolExecutor.runWorker(ThreadPoolExecutor.java:1136)
at java.base/java.util.concurrent.ThreadPoolExecutor$Worker.run(ThreadPoolExecutor.java:635)
at java.base/java.lang.Thread.run(Thread.java:840)
]]>
            </full-stacktrace>
          </exception> <!-- org.openqa.selenium.NoSuchElementException -->
          <reporter-output>
          </reporter-output>
        </test-method> <!-- thirdScenarioTest -->
        <test-method is-config="true" signature="afterMethod()[pri:0, instance:module03.ClassZeroTest@4b0b0854]" started-at="2025-09-26T17:24:59 IST" name="afterMethod" finished-at="2025-09-26T17:25:04 IST" duration-ms="4734" status="PASS">
          <reporter-output>
          </reporter-output>
        </test-method> <!-- afterMethod -->
        <test-method is-config="true" signature="afterClassMethod()[pri:0, instance:module03.ClassZeroTest@4b0b0854]" started-at="2025-09-26T17:25:04 IST" name="afterClassMethod" finished-at="2025-09-26T17:25:19 IST" duration-ms="15280" status="PASS">
          <reporter-output>
          </reporter-output>
        </test-method> <!-- afterClassMethod -->
      </class> <!-- module03.ClassZeroTest -->
    </test> <!-- firefoxSuite -->
  </suite> <!-- Suite -->
</testng-results>
