<?xml version="1.0" encoding="UTF-8"?>
<testng-results ignored="0" total="27" passed="27" failed="0" skipped="0">
  <reporter-output>
  </reporter-output>
  <suite started-at="2025-09-25T14:27:18 IST" name="Surefire suite" finished-at="2025-09-25T14:27:30 IST" duration-ms="12345">
    <groups>
      <group name="reg">
        <method signature="ClassOneTest.ScecondScenarioTest()[pri:0, instance:module01.ClassOneTest@31d7b7bf]" name="ScecondScenarioTest" class="module01.ClassOneTest"/>
        <method signature="ClassOneTest.thirdScenarioTest()[pri:0, instance:module01.ClassOneTest@31d7b7bf]" name="thirdScenarioTest" class="module01.ClassOneTest"/>
        <method signature="ClassTwoTest.ScecondScenarioTest()[pri:0, instance:module01.ClassTwoTest@5e82df6a]" name="ScecondScenarioTest" class="module01.ClassTwoTest"/>
        <method signature="ClassTwoTest.thirdScenarioTest()[pri:0, instance:module01.ClassTwoTest@5e82df6a]" name="thirdScenarioTest" class="module01.ClassTwoTest"/>
        <method signature="ClassZeroTest.ScecondScenarioTest()[pri:0, instance:module01.ClassZeroTest@3f197a46]" name="ScecondScenarioTest" class="module01.ClassZeroTest"/>
        <method signature="ClassZeroTest.thirdScenarioTest()[pri:0, instance:module01.ClassZeroTest@3f197a46]" name="thirdScenarioTest" class="module01.ClassZeroTest"/>
        <method signature="ClassOneTest.ScecondScenarioTest()[pri:0, instance:module02.ClassOneTest@636be97c]" name="ScecondScenarioTest" class="module02.ClassOneTest"/>
        <method signature="ClassOneTest.thirdScenarioTest()[pri:0, instance:module02.ClassOneTest@636be97c]" name="thirdScenarioTest" class="module02.ClassOneTest"/>
        <method signature="ClassTwoTest.ScecondScenarioTest()[pri:0, instance:module02.ClassTwoTest@50a638b5]" name="ScecondScenarioTest" class="module02.ClassTwoTest"/>
        <method signature="ClassTwoTest.thirdScenarioTest()[pri:0, instance:module02.ClassTwoTest@50a638b5]" name="thirdScenarioTest" class="module02.ClassTwoTest"/>
        <method signature="ClassZeroTest.ScecondScenarioTest()[pri:0, instance:module02.ClassZeroTest@1817d444]" name="ScecondScenarioTest" class="module02.ClassZeroTest"/>
        <method signature="ClassZeroTest.thirdScenarioTest()[pri:0, instance:module02.ClassZeroTest@1817d444]" name="thirdScenarioTest" class="module02.ClassZeroTest"/>
        <method signature="ClassOneTest.ScecondScenarioTest()[pri:0, instance:module03.ClassOneTest@6ca8564a]" name="ScecondScenarioTest" class="module03.ClassOneTest"/>
        <method signature="ClassOneTest.thirdScenarioTest()[pri:0, instance:module03.ClassOneTest@6ca8564a]" name="thirdScenarioTest" class="module03.ClassOneTest"/>
        <method signature="ClassTwoTest.ScecondScenarioTest()[pri:0, instance:module03.ClassTwoTest@50b472aa]" name="ScecondScenarioTest" class="module03.ClassTwoTest"/>
        <method signature="ClassTwoTest.thirdScenarioTest()[pri:0, instance:module03.ClassTwoTest@50b472aa]" name="thirdScenarioTest" class="module03.ClassTwoTest"/>
        <method signature="ClassZeroTest.ScecondScenarioTest()[pri:0, instance:module03.ClassZeroTest@31368b99]" name="ScecondScenarioTest" class="module03.ClassZeroTest"/>
        <method signature="ClassZeroTest.thirdScenarioTest()[pri:0, instance:module03.ClassZeroTest@31368b99]" name="thirdScenarioTest" class="module03.ClassZeroTest"/>
      </group> <!-- reg -->
      <group name="smoke">
        <method signature="ClassOneTest.firstScenarioTest()[pri:0, instance:module01.ClassOneTest@31d7b7bf]" name="firstScenarioTest" class="module01.ClassOneTest"/>
        <method signature="ClassTwoTest.firstScenarioTest()[pri:0, instance:module01.ClassTwoTest@5e82df6a]" name="firstScenarioTest" class="module01.ClassTwoTest"/>
        <method signature="ClassZeroTest.firstScenarioTest()[pri:0, instance:module01.ClassZeroTest@3f197a46]" name="firstScenarioTest" class="module01.ClassZeroTest"/>
        <method signature="ClassOneTest.firstScenarioTest()[pri:0, instance:module02.ClassOneTest@636be97c]" name="firstScenarioTest" class="module02.ClassOneTest"/>
        <method signature="ClassTwoTest.firstScenarioTest()[pri:0, instance:module02.ClassTwoTest@50a638b5]" name="firstScenarioTest" class="module02.ClassTwoTest"/>
        <method signature="ClassZeroTest.firstScenarioTest()[pri:0, instance:module02.ClassZeroTest@1817d444]" name="firstScenarioTest" class="module02.ClassZeroTest"/>
        <method signature="ClassOneTest.firstScenarioTest()[pri:0, instance:module03.ClassOneTest@6ca8564a]" name="firstScenarioTest" class="module03.ClassOneTest"/>
        <method signature="ClassTwoTest.firstScenarioTest()[pri:0, instance:module03.ClassTwoTest@50b472aa]" name="firstScenarioTest" class="module03.ClassTwoTest"/>
        <method signature="ClassZeroTest.firstScenarioTest()[pri:0, instance:module03.ClassZeroTest@31368b99]" name="firstScenarioTest" class="module03.ClassZeroTest"/>
      </group> <!-- smoke -->
    </groups>
    <test started-at="2025-09-25T14:27:18 IST" name="Surefire test" finished-at="2025-09-25T14:27:30 IST" duration-ms="12345">
      <class name="module02.ClassZeroTest">
        <test-method is-config="true" signature="beforeClassMethod()[pri:0, instance:module02.ClassZeroTest@1817d444]" started-at="2025-09-25T14:27:25 IST" name="beforeClassMethod" finished-at="2025-09-25T14:27:26 IST" duration-ms="1081" status="PASS">
          <reporter-output>
          </reporter-output>
        </test-method> <!-- beforeClassMethod -->
        <test-method is-config="true" signature="beforeMethod()[pri:0, instance:module02.ClassZeroTest@1817d444]" started-at="2025-09-25T14:27:26 IST" name="beforeMethod" finished-at="2025-09-25T14:27:26 IST" duration-ms="1" status="PASS">
          <reporter-output>
          </reporter-output>
        </test-method> <!-- beforeMethod -->
        <test-method signature="ScecondScenarioTest()[pri:0, instance:module02.ClassZeroTest@1817d444]" started-at="2025-09-25T14:27:26 IST" name="ScecondScenarioTest" finished-at="2025-09-25T14:27:26 IST" duration-ms="0" status="PASS">
          <reporter-output>
          </reporter-output>
        </test-method> <!-- ScecondScenarioTest -->
        <test-method is-config="true" signature="afterMethod()[pri:0, instance:module02.ClassZeroTest@1817d444]" started-at="2025-09-25T14:27:26 IST" name="afterMethod" finished-at="2025-09-25T14:27:26 IST" duration-ms="0" status="PASS">
          <reporter-output>
          </reporter-output>
        </test-method> <!-- afterMethod -->
        <test-method signature="firstScenarioTest()[pri:0, instance:module02.ClassZeroTest@1817d444]" started-at="2025-09-25T14:27:26 IST" name="firstScenarioTest" finished-at="2025-09-25T14:27:26 IST" duration-ms="0" status="PASS">
          <reporter-output>
          </reporter-output>
        </test-method> <!-- firstScenarioTest -->
        <test-method is-config="true" signature="beforeMethod()[pri:0, instance:module02.ClassZeroTest@1817d444]" started-at="2025-09-25T14:27:26 IST" name="beforeMethod" finished-at="2025-09-25T14:27:26 IST" duration-ms="0" status="PASS">
          <reporter-output>
          </reporter-output>
        </test-method> <!-- beforeMethod -->
        <test-method is-config="true" signature="afterMethod()[pri:0, instance:module02.ClassZeroTest@1817d444]" started-at="2025-09-25T14:27:26 IST" name="afterMethod" finished-at="2025-09-25T14:27:26 IST" duration-ms="0" status="PASS">
          <reporter-output>
          </reporter-output>
        </test-method> <!-- afterMethod -->
        <test-method signature="thirdScenarioTest()[pri:0, instance:module02.ClassZeroTest@1817d444]" started-at="2025-09-25T14:27:26 IST" name="thirdScenarioTest" finished-at="2025-09-25T14:27:26 IST" duration-ms="0" status="PASS">
          <reporter-output>
          </reporter-output>
        </test-method> <!-- thirdScenarioTest -->
        <test-method is-config="true" signature="beforeMethod()[pri:0, instance:module02.ClassZeroTest@1817d444]" started-at="2025-09-25T14:27:26 IST" name="beforeMethod" finished-at="2025-09-25T14:27:26 IST" duration-ms="0" status="PASS">
          <reporter-output>
          </reporter-output>
        </test-method> <!-- beforeMethod -->
        <test-method is-config="true" signature="afterMethod()[pri:0, instance:module02.ClassZeroTest@1817d444]" started-at="2025-09-25T14:27:26 IST" name="afterMethod" finished-at="2025-09-25T14:27:26 IST" duration-ms="0" status="PASS">
          <reporter-output>
          </reporter-output>
        </test-method> <!-- afterMethod -->
        <test-method is-config="true" signature="afterClassMethod()[pri:0, instance:module02.ClassZeroTest@1817d444]" started-at="2025-09-25T14:27:26 IST" name="afterClassMethod" finished-at="2025-09-25T14:27:26 IST" duration-ms="166" status="PASS">
          <reporter-output>
          </reporter-output>
        </test-method> <!-- afterClassMethod -->
      </class> <!-- module02.ClassZeroTest -->
      <class name="module01.ClassTwoTest">
        <test-method is-config="true" signature="beforeClassMethod()[pri:0, instance:module01.ClassTwoTest@5e82df6a]" started-at="2025-09-25T14:27:20 IST" name="beforeClassMethod" finished-at="2025-09-25T14:27:21 IST" duration-ms="1158" status="PASS">
          <reporter-output>
          </reporter-output>
        </test-method> <!-- beforeClassMethod -->
        <test-method signature="ScecondScenarioTest()[pri:0, instance:module01.ClassTwoTest@5e82df6a]" started-at="2025-09-25T14:27:21 IST" name="ScecondScenarioTest" finished-at="2025-09-25T14:27:21 IST" duration-ms="1" status="PASS">
          <reporter-output>
          </reporter-output>
        </test-method> <!-- ScecondScenarioTest -->
        <test-method is-config="true" signature="beforeMethod()[pri:0, instance:module01.ClassTwoTest@5e82df6a]" started-at="2025-09-25T14:27:21 IST" name="beforeMethod" finished-at="2025-09-25T14:27:21 IST" duration-ms="0" status="PASS">
          <reporter-output>
          </reporter-output>
        </test-method> <!-- beforeMethod -->
        <test-method is-config="true" signature="afterMethod()[pri:0, instance:module01.ClassTwoTest@5e82df6a]" started-at="2025-09-25T14:27:21 IST" name="afterMethod" finished-at="2025-09-25T14:27:21 IST" duration-ms="1" status="PASS">
          <reporter-output>
          </reporter-output>
        </test-method> <!-- afterMethod -->
        <test-method is-config="true" signature="beforeMethod()[pri:0, instance:module01.ClassTwoTest@5e82df6a]" started-at="2025-09-25T14:27:21 IST" name="beforeMethod" finished-at="2025-09-25T14:27:21 IST" duration-ms="1" status="PASS">
          <reporter-output>
          </reporter-output>
        </test-method> <!-- beforeMethod -->
        <test-method signature="firstScenarioTest()[pri:0, instance:module01.ClassTwoTest@5e82df6a]" started-at="2025-09-25T14:27:21 IST" name="firstScenarioTest" finished-at="2025-09-25T14:27:21 IST" duration-ms="1" status="PASS">
          <reporter-output>
          </reporter-output>
        </test-method> <!-- firstScenarioTest -->
        <test-method is-config="true" signature="afterMethod()[pri:0, instance:module01.ClassTwoTest@5e82df6a]" started-at="2025-09-25T14:27:21 IST" name="afterMethod" finished-at="2025-09-25T14:27:21 IST" duration-ms="0" status="PASS">
          <reporter-output>
          </reporter-output>
        </test-method> <!-- afterMethod -->
        <test-method is-config="true" signature="beforeMethod()[pri:0, instance:module01.ClassTwoTest@5e82df6a]" started-at="2025-09-25T14:27:21 IST" name="beforeMethod" finished-at="2025-09-25T14:27:21 IST" duration-ms="1" status="PASS">
          <reporter-output>
          </reporter-output>
        </test-method> <!-- beforeMethod -->
        <test-method signature="thirdScenarioTest()[pri:0, instance:module01.ClassTwoTest@5e82df6a]" started-at="2025-09-25T14:27:21 IST" name="thirdScenarioTest" finished-at="2025-09-25T14:27:21 IST" duration-ms="1" status="PASS">
          <reporter-output>
          </reporter-output>
        </test-method> <!-- thirdScenarioTest -->
        <test-method is-config="true" signature="afterMethod()[pri:0, instance:module01.ClassTwoTest@5e82df6a]" started-at="2025-09-25T14:27:21 IST" name="afterMethod" finished-at="2025-09-25T14:27:21 IST" duration-ms="2" status="PASS">
          <reporter-output>
          </reporter-output>
        </test-method> <!-- afterMethod -->
        <test-method is-config="true" signature="afterClassMethod()[pri:0, instance:module01.ClassTwoTest@5e82df6a]" started-at="2025-09-25T14:27:21 IST" name="afterClassMethod" finished-at="2025-09-25T14:27:21 IST" duration-ms="141" status="PASS">
          <reporter-output>
          </reporter-output>
        </test-method> <!-- afterClassMethod -->
      </class> <!-- module01.ClassTwoTest -->
      <class name="module02.ClassTwoTest">
        <test-method is-config="true" signature="beforeClassMethod()[pri:0, instance:module02.ClassTwoTest@50a638b5]" started-at="2025-09-25T14:27:23 IST" name="beforeClassMethod" finished-at="2025-09-25T14:27:25 IST" duration-ms="1119" status="PASS">
          <reporter-output>
          </reporter-output>
        </test-method> <!-- beforeClassMethod -->
        <test-method is-config="true" signature="beforeMethod()[pri:0, instance:module02.ClassTwoTest@50a638b5]" started-at="2025-09-25T14:27:25 IST" name="beforeMethod" finished-at="2025-09-25T14:27:25 IST" duration-ms="0" status="PASS">
          <reporter-output>
          </reporter-output>
        </test-method> <!-- beforeMethod -->
        <test-method signature="ScecondScenarioTest()[pri:0, instance:module02.ClassTwoTest@50a638b5]" started-at="2025-09-25T14:27:25 IST" name="ScecondScenarioTest" finished-at="2025-09-25T14:27:25 IST" duration-ms="0" status="PASS">
          <reporter-output>
          </reporter-output>
        </test-method> <!-- ScecondScenarioTest -->
        <test-method is-config="true" signature="afterMethod()[pri:0, instance:module02.ClassTwoTest@50a638b5]" started-at="2025-09-25T14:27:25 IST" name="afterMethod" finished-at="2025-09-25T14:27:25 IST" duration-ms="1" status="PASS">
          <reporter-output>
          </reporter-output>
        </test-method> <!-- afterMethod -->
        <test-method signature="firstScenarioTest()[pri:0, instance:module02.ClassTwoTest@50a638b5]" started-at="2025-09-25T14:27:25 IST" name="firstScenarioTest" finished-at="2025-09-25T14:27:25 IST" duration-ms="1" status="PASS">
          <reporter-output>
          </reporter-output>
        </test-method> <!-- firstScenarioTest -->
        <test-method is-config="true" signature="beforeMethod()[pri:0, instance:module02.ClassTwoTest@50a638b5]" started-at="2025-09-25T14:27:25 IST" name="beforeMethod" finished-at="2025-09-25T14:27:25 IST" duration-ms="0" status="PASS">
          <reporter-output>
          </reporter-output>
        </test-method> <!-- beforeMethod -->
        <test-method is-config="true" signature="afterMethod()[pri:0, instance:module02.ClassTwoTest@50a638b5]" started-at="2025-09-25T14:27:25 IST" name="afterMethod" finished-at="2025-09-25T14:27:25 IST" duration-ms="1" status="PASS">
          <reporter-output>
          </reporter-output>
        </test-method> <!-- afterMethod -->
        <test-method signature="thirdScenarioTest()[pri:0, instance:module02.ClassTwoTest@50a638b5]" started-at="2025-09-25T14:27:25 IST" name="thirdScenarioTest" finished-at="2025-09-25T14:27:25 IST" duration-ms="1" status="PASS">
          <reporter-output>
          </reporter-output>
        </test-method> <!-- thirdScenarioTest -->
        <test-method is-config="true" signature="beforeMethod()[pri:0, instance:module02.ClassTwoTest@50a638b5]" started-at="2025-09-25T14:27:25 IST" name="beforeMethod" finished-at="2025-09-25T14:27:25 IST" duration-ms="0" status="PASS">
          <reporter-output>
          </reporter-output>
        </test-method> <!-- beforeMethod -->
        <test-method is-config="true" signature="afterClassMethod()[pri:0, instance:module02.ClassTwoTest@50a638b5]" started-at="2025-09-25T14:27:25 IST" name="afterClassMethod" finished-at="2025-09-25T14:27:25 IST" duration-ms="149" status="PASS">
          <reporter-output>
          </reporter-output>
        </test-method> <!-- afterClassMethod -->
        <test-method is-config="true" signature="afterMethod()[pri:0, instance:module02.ClassTwoTest@50a638b5]" started-at="2025-09-25T14:27:25 IST" name="afterMethod" finished-at="2025-09-25T14:27:25 IST" duration-ms="0" status="PASS">
          <reporter-output>
          </reporter-output>
        </test-method> <!-- afterMethod -->
      </class> <!-- module02.ClassTwoTest -->
      <class name="module01.ClassZeroTest">
        <test-method is-config="true" signature="beforeClassMethod()[pri:0, instance:module01.ClassZeroTest@3f197a46]" started-at="2025-09-25T14:27:21 IST" name="beforeClassMethod" finished-at="2025-09-25T14:27:22 IST" duration-ms="1097" status="PASS">
          <reporter-output>
          </reporter-output>
        </test-method> <!-- beforeClassMethod -->
        <test-method is-config="true" signature="beforeMethod()[pri:0, instance:module01.ClassZeroTest@3f197a46]" started-at="2025-09-25T14:27:22 IST" name="beforeMethod" finished-at="2025-09-25T14:27:22 IST" duration-ms="0" status="PASS">
          <reporter-output>
          </reporter-output>
        </test-method> <!-- beforeMethod -->
        <test-method signature="ScecondScenarioTest()[pri:0, instance:module01.ClassZeroTest@3f197a46]" started-at="2025-09-25T14:27:22 IST" name="ScecondScenarioTest" finished-at="2025-09-25T14:27:22 IST" duration-ms="4" status="PASS">
          <reporter-output>
          </reporter-output>
        </test-method> <!-- ScecondScenarioTest -->
        <test-method is-config="true" signature="afterMethod()[pri:0, instance:module01.ClassZeroTest@3f197a46]" started-at="2025-09-25T14:27:22 IST" name="afterMethod" finished-at="2025-09-25T14:27:22 IST" duration-ms="1" status="PASS">
          <reporter-output>
          </reporter-output>
        </test-method> <!-- afterMethod -->
        <test-method is-config="true" signature="beforeMethod()[pri:0, instance:module01.ClassZeroTest@3f197a46]" started-at="2025-09-25T14:27:22 IST" name="beforeMethod" finished-at="2025-09-25T14:27:22 IST" duration-ms="1" status="PASS">
          <reporter-output>
          </reporter-output>
        </test-method> <!-- beforeMethod -->
        <test-method signature="firstScenarioTest()[pri:0, instance:module01.ClassZeroTest@3f197a46]" started-at="2025-09-25T14:27:22 IST" name="firstScenarioTest" finished-at="2025-09-25T14:27:22 IST" duration-ms="0" status="PASS">
          <reporter-output>
          </reporter-output>
        </test-method> <!-- firstScenarioTest -->
        <test-method is-config="true" signature="afterMethod()[pri:0, instance:module01.ClassZeroTest@3f197a46]" started-at="2025-09-25T14:27:22 IST" name="afterMethod" finished-at="2025-09-25T14:27:22 IST" duration-ms="0" status="PASS">
          <reporter-output>
          </reporter-output>
        </test-method> <!-- afterMethod -->
        <test-method signature="thirdScenarioTest()[pri:0, instance:module01.ClassZeroTest@3f197a46]" started-at="2025-09-25T14:27:22 IST" name="thirdScenarioTest" finished-at="2025-09-25T14:27:22 IST" duration-ms="0" status="PASS">
          <reporter-output>
          </reporter-output>
        </test-method> <!-- thirdScenarioTest -->
        <test-method is-config="true" signature="beforeMethod()[pri:0, instance:module01.ClassZeroTest@3f197a46]" started-at="2025-09-25T14:27:22 IST" name="beforeMethod" finished-at="2025-09-25T14:27:22 IST" duration-ms="0" status="PASS">
          <reporter-output>
          </reporter-output>
        </test-method> <!-- beforeMethod -->
        <test-method is-config="true" signature="afterMethod()[pri:0, instance:module01.ClassZeroTest@3f197a46]" started-at="2025-09-25T14:27:22 IST" name="afterMethod" finished-at="2025-09-25T14:27:22 IST" duration-ms="1" status="PASS">
          <reporter-output>
          </reporter-output>
        </test-method> <!-- afterMethod -->
        <test-method is-config="true" signature="afterClassMethod()[pri:0, instance:module01.ClassZeroTest@3f197a46]" started-at="2025-09-25T14:27:22 IST" name="afterClassMethod" finished-at="2025-09-25T14:27:22 IST" duration-ms="140" status="PASS">
          <reporter-output>
          </reporter-output>
        </test-method> <!-- afterClassMethod -->
      </class> <!-- module01.ClassZeroTest -->
      <class name="module02.ClassOneTest">
        <test-method is-config="true" signature="beforeClassMethod()[pri:0, instance:module02.ClassOneTest@636be97c]" started-at="2025-09-25T14:27:22 IST" name="beforeClassMethod" finished-at="2025-09-25T14:27:23 IST" duration-ms="1099" status="PASS">
          <reporter-output>
          </reporter-output>
        </test-method> <!-- beforeClassMethod -->
        <test-method is-config="true" signature="beforeMethod()[pri:0, instance:module02.ClassOneTest@636be97c]" started-at="2025-09-25T14:27:23 IST" name="beforeMethod" finished-at="2025-09-25T14:27:23 IST" duration-ms="1" status="PASS">
          <reporter-output>
          </reporter-output>
        </test-method> <!-- beforeMethod -->
        <test-method signature="ScecondScenarioTest()[pri:0, instance:module02.ClassOneTest@636be97c]" started-at="2025-09-25T14:27:23 IST" name="ScecondScenarioTest" finished-at="2025-09-25T14:27:23 IST" duration-ms="0" status="PASS">
          <reporter-output>
          </reporter-output>
        </test-method> <!-- ScecondScenarioTest -->
        <test-method is-config="true" signature="afterMethod()[pri:0, instance:module02.ClassOneTest@636be97c]" started-at="2025-09-25T14:27:23 IST" name="afterMethod" finished-at="2025-09-25T14:27:23 IST" duration-ms="0" status="PASS">
          <reporter-output>
          </reporter-output>
        </test-method> <!-- afterMethod -->
        <test-method signature="firstScenarioTest()[pri:0, instance:module02.ClassOneTest@636be97c]" started-at="2025-09-25T14:27:23 IST" name="firstScenarioTest" finished-at="2025-09-25T14:27:23 IST" duration-ms="0" status="PASS">
          <reporter-output>
          </reporter-output>
        </test-method> <!-- firstScenarioTest -->
        <test-method is-config="true" signature="beforeMethod()[pri:0, instance:module02.ClassOneTest@636be97c]" started-at="2025-09-25T14:27:23 IST" name="beforeMethod" finished-at="2025-09-25T14:27:23 IST" duration-ms="0" status="PASS">
          <reporter-output>
          </reporter-output>
        </test-method> <!-- beforeMethod -->
        <test-method is-config="true" signature="afterMethod()[pri:0, instance:module02.ClassOneTest@636be97c]" started-at="2025-09-25T14:27:23 IST" name="afterMethod" finished-at="2025-09-25T14:27:23 IST" duration-ms="0" status="PASS">
          <reporter-output>
          </reporter-output>
        </test-method> <!-- afterMethod -->
        <test-method signature="thirdScenarioTest()[pri:0, instance:module02.ClassOneTest@636be97c]" started-at="2025-09-25T14:27:23 IST" name="thirdScenarioTest" finished-at="2025-09-25T14:27:23 IST" duration-ms="0" status="PASS">
          <reporter-output>
          </reporter-output>
        </test-method> <!-- thirdScenarioTest -->
        <test-method is-config="true" signature="beforeMethod()[pri:0, instance:module02.ClassOneTest@636be97c]" started-at="2025-09-25T14:27:23 IST" name="beforeMethod" finished-at="2025-09-25T14:27:23 IST" duration-ms="0" status="PASS">
          <reporter-output>
          </reporter-output>
        </test-method> <!-- beforeMethod -->
        <test-method is-config="true" signature="afterClassMethod()[pri:0, instance:module02.ClassOneTest@636be97c]" started-at="2025-09-25T14:27:23 IST" name="afterClassMethod" finished-at="2025-09-25T14:27:23 IST" duration-ms="162" status="PASS">
          <reporter-output>
          </reporter-output>
        </test-method> <!-- afterClassMethod -->
        <test-method is-config="true" signature="afterMethod()[pri:0, instance:module02.ClassOneTest@636be97c]" started-at="2025-09-25T14:27:23 IST" name="afterMethod" finished-at="2025-09-25T14:27:23 IST" duration-ms="0" status="PASS">
          <reporter-output>
          </reporter-output>
        </test-method> <!-- afterMethod -->
      </class> <!-- module02.ClassOneTest -->
      <class name="module03.ClassOneTest">
        <test-method is-config="true" signature="beforeClassMethod()[pri:0, instance:module03.ClassOneTest@6ca8564a]" started-at="2025-09-25T14:27:26 IST" name="beforeClassMethod" finished-at="2025-09-25T14:27:27 IST" duration-ms="1122" status="PASS">
          <reporter-output>
          </reporter-output>
        </test-method> <!-- beforeClassMethod -->
        <test-method is-config="true" signature="beforeMethod()[pri:0, instance:module03.ClassOneTest@6ca8564a]" started-at="2025-09-25T14:27:27 IST" name="beforeMethod" finished-at="2025-09-25T14:27:27 IST" duration-ms="1" status="PASS">
          <reporter-output>
          </reporter-output>
        </test-method> <!-- beforeMethod -->
        <test-method signature="ScecondScenarioTest()[pri:0, instance:module03.ClassOneTest@6ca8564a]" started-at="2025-09-25T14:27:27 IST" name="ScecondScenarioTest" finished-at="2025-09-25T14:27:27 IST" duration-ms="0" status="PASS">
          <reporter-output>
          </reporter-output>
        </test-method> <!-- ScecondScenarioTest -->
        <test-method is-config="true" signature="afterMethod()[pri:0, instance:module03.ClassOneTest@6ca8564a]" started-at="2025-09-25T14:27:27 IST" name="afterMethod" finished-at="2025-09-25T14:27:27 IST" duration-ms="1" status="PASS">
          <reporter-output>
          </reporter-output>
        </test-method> <!-- afterMethod -->
        <test-method signature="firstScenarioTest()[pri:0, instance:module03.ClassOneTest@6ca8564a]" started-at="2025-09-25T14:27:27 IST" name="firstScenarioTest" finished-at="2025-09-25T14:27:27 IST" duration-ms="0" status="PASS">
          <reporter-output>
          </reporter-output>
        </test-method> <!-- firstScenarioTest -->
        <test-method is-config="true" signature="beforeMethod()[pri:0, instance:module03.ClassOneTest@6ca8564a]" started-at="2025-09-25T14:27:27 IST" name="beforeMethod" finished-at="2025-09-25T14:27:27 IST" duration-ms="0" status="PASS">
          <reporter-output>
          </reporter-output>
        </test-method> <!-- beforeMethod -->
        <test-method is-config="true" signature="afterMethod()[pri:0, instance:module03.ClassOneTest@6ca8564a]" started-at="2025-09-25T14:27:27 IST" name="afterMethod" finished-at="2025-09-25T14:27:27 IST" duration-ms="0" status="PASS">
          <reporter-output>
          </reporter-output>
        </test-method> <!-- afterMethod -->
        <test-method is-config="true" signature="beforeMethod()[pri:0, instance:module03.ClassOneTest@6ca8564a]" started-at="2025-09-25T14:27:27 IST" name="beforeMethod" finished-at="2025-09-25T14:27:27 IST" duration-ms="0" status="PASS">
          <reporter-output>
          </reporter-output>
        </test-method> <!-- beforeMethod -->
        <test-method signature="thirdScenarioTest()[pri:0, instance:module03.ClassOneTest@6ca8564a]" started-at="2025-09-25T14:27:27 IST" name="thirdScenarioTest" finished-at="2025-09-25T14:27:27 IST" duration-ms="0" status="PASS">
          <reporter-output>
          </reporter-output>
        </test-method> <!-- thirdScenarioTest -->
        <test-method is-config="true" signature="afterMethod()[pri:0, instance:module03.ClassOneTest@6ca8564a]" started-at="2025-09-25T14:27:27 IST" name="afterMethod" finished-at="2025-09-25T14:27:27 IST" duration-ms="0" status="PASS">
          <reporter-output>
          </reporter-output>
        </test-method> <!-- afterMethod -->
        <test-method is-config="true" signature="afterClassMethod()[pri:0, instance:module03.ClassOneTest@6ca8564a]" started-at="2025-09-25T14:27:27 IST" name="afterClassMethod" finished-at="2025-09-25T14:27:27 IST" duration-ms="162" status="PASS">
          <reporter-output>
          </reporter-output>
        </test-method> <!-- afterClassMethod -->
      </class> <!-- module03.ClassOneTest -->
      <class name="module03.ClassTwoTest">
        <test-method is-config="true" signature="beforeClassMethod()[pri:0, instance:module03.ClassTwoTest@50b472aa]" started-at="2025-09-25T14:27:27 IST" name="beforeClassMethod" finished-at="2025-09-25T14:27:28 IST" duration-ms="1104" status="PASS">
          <reporter-output>
          </reporter-output>
        </test-method> <!-- beforeClassMethod -->
        <test-method signature="ScecondScenarioTest()[pri:0, instance:module03.ClassTwoTest@50b472aa]" started-at="2025-09-25T14:27:28 IST" name="ScecondScenarioTest" finished-at="2025-09-25T14:27:28 IST" duration-ms="0" status="PASS">
          <reporter-output>
          </reporter-output>
        </test-method> <!-- ScecondScenarioTest -->
        <test-method is-config="true" signature="beforeMethod()[pri:0, instance:module03.ClassTwoTest@50b472aa]" started-at="2025-09-25T14:27:28 IST" name="beforeMethod" finished-at="2025-09-25T14:27:28 IST" duration-ms="0" status="PASS">
          <reporter-output>
          </reporter-output>
        </test-method> <!-- beforeMethod -->
        <test-method is-config="true" signature="afterMethod()[pri:0, instance:module03.ClassTwoTest@50b472aa]" started-at="2025-09-25T14:27:28 IST" name="afterMethod" finished-at="2025-09-25T14:27:28 IST" duration-ms="0" status="PASS">
          <reporter-output>
          </reporter-output>
        </test-method> <!-- afterMethod -->
        <test-method signature="firstScenarioTest()[pri:0, instance:module03.ClassTwoTest@50b472aa]" started-at="2025-09-25T14:27:28 IST" name="firstScenarioTest" finished-at="2025-09-25T14:27:28 IST" duration-ms="0" status="PASS">
          <reporter-output>
          </reporter-output>
        </test-method> <!-- firstScenarioTest -->
        <test-method is-config="true" signature="afterMethod()[pri:0, instance:module03.ClassTwoTest@50b472aa]" started-at="2025-09-25T14:27:28 IST" name="afterMethod" finished-at="2025-09-25T14:27:28 IST" duration-ms="0" status="PASS">
          <reporter-output>
          </reporter-output>
        </test-method> <!-- afterMethod -->
        <test-method is-config="true" signature="beforeMethod()[pri:0, instance:module03.ClassTwoTest@50b472aa]" started-at="2025-09-25T14:27:28 IST" name="beforeMethod" finished-at="2025-09-25T14:27:28 IST" duration-ms="0" status="PASS">
          <reporter-output>
          </reporter-output>
        </test-method> <!-- beforeMethod -->
        <test-method signature="thirdScenarioTest()[pri:0, instance:module03.ClassTwoTest@50b472aa]" started-at="2025-09-25T14:27:28 IST" name="thirdScenarioTest" finished-at="2025-09-25T14:27:28 IST" duration-ms="0" status="PASS">
          <reporter-output>
          </reporter-output>
        </test-method> <!-- thirdScenarioTest -->
        <test-method is-config="true" signature="beforeMethod()[pri:0, instance:module03.ClassTwoTest@50b472aa]" started-at="2025-09-25T14:27:28 IST" name="beforeMethod" finished-at="2025-09-25T14:27:28 IST" duration-ms="0" status="PASS">
          <reporter-output>
          </reporter-output>
        </test-method> <!-- beforeMethod -->
        <test-method is-config="true" signature="afterMethod()[pri:0, instance:module03.ClassTwoTest@50b472aa]" started-at="2025-09-25T14:27:28 IST" name="afterMethod" finished-at="2025-09-25T14:27:28 IST" duration-ms="1" status="PASS">
          <reporter-output>
          </reporter-output>
        </test-method> <!-- afterMethod -->
        <test-method is-config="true" signature="afterClassMethod()[pri:0, instance:module03.ClassTwoTest@50b472aa]" started-at="2025-09-25T14:27:28 IST" name="afterClassMethod" finished-at="2025-09-25T14:27:29 IST" duration-ms="160" status="PASS">
          <reporter-output>
          </reporter-output>
        </test-method> <!-- afterClassMethod -->
      </class> <!-- module03.ClassTwoTest -->
      <class name="module01.ClassOneTest">
        <test-method is-config="true" signature="beforeSuitMethod()[pri:0, instance:module01.ClassOneTest@31d7b7bf]" started-at="2025-09-25T14:27:18 IST" name="beforeSuitMethod" finished-at="2025-09-25T14:27:18 IST" duration-ms="14" status="PASS">
          <reporter-output>
          </reporter-output>
        </test-method> <!-- beforeSuitMethod -->
        <test-method is-config="true" signature="beforeClassMethod()[pri:0, instance:module01.ClassOneTest@31d7b7bf]" started-at="2025-09-25T14:27:18 IST" name="beforeClassMethod" finished-at="2025-09-25T14:27:19 IST" duration-ms="1739" status="PASS">
          <reporter-output>
          </reporter-output>
        </test-method> <!-- beforeClassMethod -->
        <test-method is-config="true" signature="beforeMethod()[pri:0, instance:module01.ClassOneTest@31d7b7bf]" started-at="2025-09-25T14:27:19 IST" name="beforeMethod" finished-at="2025-09-25T14:27:19 IST" duration-ms="0" status="PASS">
          <reporter-output>
          </reporter-output>
        </test-method> <!-- beforeMethod -->
        <test-method signature="ScecondScenarioTest()[pri:0, instance:module01.ClassOneTest@31d7b7bf]" started-at="2025-09-25T14:27:19 IST" name="ScecondScenarioTest" finished-at="2025-09-25T14:27:19 IST" duration-ms="2" status="PASS">
          <reporter-output>
          </reporter-output>
        </test-method> <!-- ScecondScenarioTest -->
        <test-method is-config="true" signature="afterMethod()[pri:0, instance:module01.ClassOneTest@31d7b7bf]" started-at="2025-09-25T14:27:19 IST" name="afterMethod" finished-at="2025-09-25T14:27:19 IST" duration-ms="0" status="PASS">
          <reporter-output>
          </reporter-output>
        </test-method> <!-- afterMethod -->
        <test-method signature="firstScenarioTest()[pri:0, instance:module01.ClassOneTest@31d7b7bf]" started-at="2025-09-25T14:27:19 IST" name="firstScenarioTest" finished-at="2025-09-25T14:27:19 IST" duration-ms="1" status="PASS">
          <reporter-output>
          </reporter-output>
        </test-method> <!-- firstScenarioTest -->
        <test-method is-config="true" signature="beforeMethod()[pri:0, instance:module01.ClassOneTest@31d7b7bf]" started-at="2025-09-25T14:27:19 IST" name="beforeMethod" finished-at="2025-09-25T14:27:19 IST" duration-ms="0" status="PASS">
          <reporter-output>
          </reporter-output>
        </test-method> <!-- beforeMethod -->
        <test-method is-config="true" signature="afterMethod()[pri:0, instance:module01.ClassOneTest@31d7b7bf]" started-at="2025-09-25T14:27:19 IST" name="afterMethod" finished-at="2025-09-25T14:27:19 IST" duration-ms="1" status="PASS">
          <reporter-output>
          </reporter-output>
        </test-method> <!-- afterMethod -->
        <test-method signature="thirdScenarioTest()[pri:0, instance:module01.ClassOneTest@31d7b7bf]" started-at="2025-09-25T14:27:19 IST" name="thirdScenarioTest" finished-at="2025-09-25T14:27:19 IST" duration-ms="1" status="PASS">
          <reporter-output>
          </reporter-output>
        </test-method> <!-- thirdScenarioTest -->
        <test-method is-config="true" signature="beforeMethod()[pri:0, instance:module01.ClassOneTest@31d7b7bf]" started-at="2025-09-25T14:27:19 IST" name="beforeMethod" finished-at="2025-09-25T14:27:19 IST" duration-ms="0" status="PASS">
          <reporter-output>
          </reporter-output>
        </test-method> <!-- beforeMethod -->
        <test-method is-config="true" signature="afterMethod()[pri:0, instance:module01.ClassOneTest@31d7b7bf]" started-at="2025-09-25T14:27:19 IST" name="afterMethod" finished-at="2025-09-25T14:27:19 IST" duration-ms="1" status="PASS">
          <reporter-output>
          </reporter-output>
        </test-method> <!-- afterMethod -->
        <test-method is-config="true" signature="afterClassMethod()[pri:0, instance:module01.ClassOneTest@31d7b7bf]" started-at="2025-09-25T14:27:19 IST" name="afterClassMethod" finished-at="2025-09-25T14:27:20 IST" duration-ms="171" status="PASS">
          <reporter-output>
          </reporter-output>
        </test-method> <!-- afterClassMethod -->
        <test-method is-config="true" signature="afterSuitMethod()[pri:0, instance:module01.ClassOneTest@31d7b7bf]" started-at="2025-09-25T14:27:30 IST" name="afterSuitMethod" finished-at="2025-09-25T14:27:30 IST" duration-ms="1" status="PASS">
          <reporter-output>
          </reporter-output>
        </test-method> <!-- afterSuitMethod -->
      </class> <!-- module01.ClassOneTest -->
      <class name="module03.ClassZeroTest">
        <test-method is-config="true" signature="beforeClassMethod()[pri:0, instance:module03.ClassZeroTest@31368b99]" started-at="2025-09-25T14:27:29 IST" name="beforeClassMethod" finished-at="2025-09-25T14:27:30 IST" duration-ms="1294" status="PASS">
          <reporter-output>
          </reporter-output>
        </test-method> <!-- beforeClassMethod -->
        <test-method is-config="true" signature="beforeMethod()[pri:0, instance:module03.ClassZeroTest@31368b99]" started-at="2025-09-25T14:27:30 IST" name="beforeMethod" finished-at="2025-09-25T14:27:30 IST" duration-ms="0" status="PASS">
          <reporter-output>
          </reporter-output>
        </test-method> <!-- beforeMethod -->
        <test-method signature="ScecondScenarioTest()[pri:0, instance:module03.ClassZeroTest@31368b99]" started-at="2025-09-25T14:27:30 IST" name="ScecondScenarioTest" finished-at="2025-09-25T14:27:30 IST" duration-ms="0" status="PASS">
          <reporter-output>
          </reporter-output>
        </test-method> <!-- ScecondScenarioTest -->
        <test-method is-config="true" signature="beforeMethod()[pri:0, instance:module03.ClassZeroTest@31368b99]" started-at="2025-09-25T14:27:30 IST" name="beforeMethod" finished-at="2025-09-25T14:27:30 IST" duration-ms="1" status="PASS">
          <reporter-output>
          </reporter-output>
        </test-method> <!-- beforeMethod -->
        <test-method is-config="true" signature="afterMethod()[pri:0, instance:module03.ClassZeroTest@31368b99]" started-at="2025-09-25T14:27:30 IST" name="afterMethod" finished-at="2025-09-25T14:27:30 IST" duration-ms="0" status="PASS">
          <reporter-output>
          </reporter-output>
        </test-method> <!-- afterMethod -->
        <test-method signature="firstScenarioTest()[pri:0, instance:module03.ClassZeroTest@31368b99]" started-at="2025-09-25T14:27:30 IST" name="firstScenarioTest" finished-at="2025-09-25T14:27:30 IST" duration-ms="0" status="PASS">
          <reporter-output>
          </reporter-output>
        </test-method> <!-- firstScenarioTest -->
        <test-method is-config="true" signature="beforeMethod()[pri:0, instance:module03.ClassZeroTest@31368b99]" started-at="2025-09-25T14:27:30 IST" name="beforeMethod" finished-at="2025-09-25T14:27:30 IST" duration-ms="1" status="PASS">
          <reporter-output>
          </reporter-output>
        </test-method> <!-- beforeMethod -->
        <test-method is-config="true" signature="afterMethod()[pri:0, instance:module03.ClassZeroTest@31368b99]" started-at="2025-09-25T14:27:30 IST" name="afterMethod" finished-at="2025-09-25T14:27:30 IST" duration-ms="0" status="PASS">
          <reporter-output>
          </reporter-output>
        </test-method> <!-- afterMethod -->
        <test-method signature="thirdScenarioTest()[pri:0, instance:module03.ClassZeroTest@31368b99]" started-at="2025-09-25T14:27:30 IST" name="thirdScenarioTest" finished-at="2025-09-25T14:27:30 IST" duration-ms="0" status="PASS">
          <reporter-output>
          </reporter-output>
        </test-method> <!-- thirdScenarioTest -->
        <test-method is-config="true" signature="afterClassMethod()[pri:0, instance:module03.ClassZeroTest@31368b99]" started-at="2025-09-25T14:27:30 IST" name="afterClassMethod" finished-at="2025-09-25T14:27:30 IST" duration-ms="157" status="PASS">
          <reporter-output>
          </reporter-output>
        </test-method> <!-- afterClassMethod -->
        <test-method is-config="true" signature="afterMethod()[pri:0, instance:module03.ClassZeroTest@31368b99]" started-at="2025-09-25T14:27:30 IST" name="afterMethod" finished-at="2025-09-25T14:27:30 IST" duration-ms="0" status="PASS">
          <reporter-output>
          </reporter-output>
        </test-method> <!-- afterMethod -->
      </class> <!-- module03.ClassZeroTest -->
    </test> <!-- Surefire test -->
  </suite> <!-- Surefire suite -->
</testng-results>
