<?xml version="1.0" encoding="UTF-8"?>
<testng-results ignored="2" total="3" passed="1" failed="0" skipped="0">
  <reporter-output>
  </reporter-output>
  <suite started-at="2025-09-26T14:50:28 IST" name="Default suite" finished-at="2025-09-26T14:50:33 IST" duration-ms="5535">
    <groups>
      <group name="smoke">
        <method signature="ClassOneTest.firstScenarioTest()[pri:0, instance:module01.ClassOneTest@6ed3ccb2]" name="firstScenarioTest" class="module01.ClassOneTest"/>
      </group> <!-- smoke -->
    </groups>
    <test started-at="2025-09-26T14:50:28 IST" name="Default test" finished-at="2025-09-26T14:50:33 IST" duration-ms="5535">
      <class name="module01.ClassOneTest">
        <test-method is-config="true" signature="beforeSuitMethod()[pri:0, instance:module01.ClassOneTest@6ed3ccb2]" started-at="2025-09-26T14:50:28 IST" name="beforeSuitMethod" finished-at="2025-09-26T14:50:28 IST" duration-ms="6" status="PASS">
          <reporter-output>
          </reporter-output>
        </test-method> <!-- beforeSuitMethod -->
        <test-method is-config="true" signature="beforeClassMethod(org.testng.xml.XmlTest)[pri:0, instance:module01.ClassOneTest@6ed3ccb2]" started-at="2025-09-26T14:50:28 IST" name="beforeClassMethod" finished-at="2025-09-26T14:50:29 IST" duration-ms="1764" status="PASS">
          <params>
            <param index="0">
              <value>
                <![CDATA[org.testng.xml.XmlTest@6b1a77ac]]>
              </value>
            </param>
          </params>
          <reporter-output>
          </reporter-output>
        </test-method> <!-- beforeClassMethod -->
        <test-method is-config="true" signature="beforeMethod()[pri:0, instance:module01.ClassOneTest@6ed3ccb2]" started-at="2025-09-26T14:50:29 IST" name="beforeMethod" finished-at="2025-09-26T14:50:31 IST" duration-ms="1821" status="PASS">
          <reporter-output>
          </reporter-output>
        </test-method> <!-- beforeMethod -->
        <test-method signature="firstScenarioTest()[pri:0, instance:module01.ClassOneTest@6ed3ccb2]" started-at="2025-09-26T14:50:31 IST" name="firstScenarioTest" finished-at="2025-09-26T14:50:31 IST" duration-ms="9" status="PASS">
          <reporter-output>
          </reporter-output>
        </test-method> <!-- firstScenarioTest -->
        <test-method is-config="true" signature="afterMethod()[pri:0, instance:module01.ClassOneTest@6ed3ccb2]" started-at="2025-09-26T14:50:31 IST" name="afterMethod" finished-at="2025-09-26T14:50:33 IST" duration-ms="1725" status="PASS">
          <reporter-output>
          </reporter-output>
        </test-method> <!-- afterMethod -->
        <test-method is-config="true" signature="afterClassMethod()[pri:0, instance:module01.ClassOneTest@6ed3ccb2]" started-at="2025-09-26T14:50:33 IST" name="afterClassMethod" finished-at="2025-09-26T14:50:33 IST" duration-ms="177" status="PASS">
          <reporter-output>
          </reporter-output>
        </test-method> <!-- afterClassMethod -->
        <test-method is-config="true" signature="afterSuitMethod()[pri:0, instance:module01.ClassOneTest@6ed3ccb2]" started-at="2025-09-26T14:50:33 IST" name="afterSuitMethod" finished-at="2025-09-26T14:50:33 IST" duration-ms="1" status="PASS">
          <reporter-output>
          </reporter-output>
        </test-method> <!-- afterSuitMethod -->
      </class> <!-- module01.ClassOneTest -->
    </test> <!-- Default test -->
  </suite> <!-- Default suite -->
</testng-results>
