<?xml version="1.0" encoding="UTF-8"?>
<testng-results ignored="0" total="7" passed="7" failed="0" skipped="0">
  <reporter-output>
  </reporter-output>
  <suite started-at="2025-09-29T16:07:53 IST" name="Default suite" finished-at="2025-09-29T16:07:53 IST" duration-ms="81">
    <groups>
    </groups>
    <test started-at="2025-09-29T16:07:53 IST" name="Default test" finished-at="2025-09-29T16:07:53 IST" duration-ms="81">
      <class name="module01.PracticePage">
        <test-method signature="testScriptOne(java.lang.String,java.lang.String)[pri:0, instance:module01.PracticePage@6c6cb480]" started-at="2025-09-29T16:07:53 IST" name="testScriptOne" data-provider="loginData" finished-at="2025-09-29T16:07:53 IST" duration-ms="10" status="PASS">
          <params>
            <param index="0">
              <value>
                <![CDATA[kaif@123]]>
              </value>
            </param>
            <param index="1">
              <value>
                <![CDATA[Khan@123]]>
              </value>
            </param>
          </params>
          <reporter-output>
          </reporter-output>
        </test-method> <!-- testScriptOne -->
        <test-method signature="testScriptOne(java.lang.String,java.lang.String)[pri:0, instance:module01.PracticePage@6c6cb480]" started-at="2025-09-29T16:07:53 IST" name="testScriptOne" data-provider="loginData" finished-at="2025-09-29T16:07:53 IST" duration-ms="2" status="PASS">
          <params>
            <param index="0">
              <value>
                <![CDATA[sadik@123]]>
              </value>
            </param>
            <param index="1">
              <value>
                <![CDATA[Khan@321]]>
              </value>
            </param>
          </params>
          <reporter-output>
          </reporter-output>
        </test-method> <!-- testScriptOne -->
        <test-method signature="testScriptOne(java.lang.String,java.lang.String)[pri:0, instance:module01.PracticePage@6c6cb480]" started-at="2025-09-29T16:07:53 IST" name="testScriptOne" data-provider="loginData" finished-at="2025-09-29T16:07:53 IST" duration-ms="2" status="PASS">
          <params>
            <param index="0">
              <value>
                <![CDATA[parvez@123]]>
              </value>
            </param>
            <param index="1">
              <value>
                <![CDATA[Malik@123]]>
              </value>
            </param>
          </params>
          <reporter-output>
          </reporter-output>
        </test-method> <!-- testScriptOne -->
        <test-method signature="testScriptTwo(java.lang.String,java.lang.String)[pri:0, instance:module01.PracticePage@6c6cb480]" started-at="2025-09-29T16:07:53 IST" name="testScriptTwo" data-provider="loginData02" finished-at="2025-09-29T16:07:53 IST" duration-ms="2" status="PASS">
          <params>
            <param index="0">
              <value>
                <![CDATA[Deepak]]>
              </value>
            </param>
            <param index="1">
              <value>
                <![CDATA[Infigyn]]>
              </value>
            </param>
          </params>
          <reporter-output>
          </reporter-output>
        </test-method> <!-- testScriptTwo -->
        <test-method signature="testScriptTwo(java.lang.String,java.lang.String)[pri:0, instance:module01.PracticePage@6c6cb480]" started-at="2025-09-29T16:07:53 IST" name="testScriptTwo" data-provider="loginData02" finished-at="2025-09-29T16:07:53 IST" duration-ms="2" status="PASS">
          <params>
            <param index="0">
              <value>
                <![CDATA[John]]>
              </value>
            </param>
            <param index="1">
              <value>
                <![CDATA[facebook]]>
              </value>
            </param>
          </params>
          <reporter-output>
          </reporter-output>
        </test-method> <!-- testScriptTwo -->
        <test-method signature="testScriptTwo(java.lang.String,java.lang.String)[pri:0, instance:module01.PracticePage@6c6cb480]" started-at="2025-09-29T16:07:53 IST" name="testScriptTwo" data-provider="loginData02" finished-at="2025-09-29T16:07:53 IST" duration-ms="1" status="PASS">
          <params>
            <param index="0">
              <value>
                <![CDATA[pankaj]]>
              </value>
            </param>
            <param index="1">
              <value>
                <![CDATA[relince]]>
              </value>
            </param>
          </params>
          <reporter-output>
          </reporter-output>
        </test-method> <!-- testScriptTwo -->
        <test-method signature="testScriptTwo(java.lang.String,java.lang.String)[pri:0, instance:module01.PracticePage@6c6cb480]" started-at="2025-09-29T16:07:53 IST" name="testScriptTwo" data-provider="loginData02" finished-at="2025-09-29T16:07:53 IST" duration-ms="2" status="PASS">
          <params>
            <param index="0">
              <value>
                <![CDATA[miller]]>
              </value>
            </param>
            <param index="1">
              <value>
                <![CDATA[whatsapp]]>
              </value>
            </param>
          </params>
          <reporter-output>
          </reporter-output>
        </test-method> <!-- testScriptTwo -->
      </class> <!-- module01.PracticePage -->
    </test> <!-- Default test -->
  </suite> <!-- Default suite -->
</testng-results>
