<?xml version="1.0" encoding="UTF-8"?>
<testng-results ignored="0" total="84" passed="84" failed="0" skipped="0">
  <reporter-output>
  </reporter-output>
  <suite started-at="2025-09-26T17:20:03 IST" name="Suite" finished-at="2025-09-26T17:22:25 IST" duration-ms="142013">
    <groups>
      <group name="reg">
        <method signature="ClassOneTest.ScecondScenarioTest()[pri:0, instance:module01.ClassOneTest@2cd76f31]" name="ScecondScenarioTest" class="module01.ClassOneTest"/>
        <method signature="ClassOneTest.thirdScenarioTest()[pri:0, instance:module01.ClassOneTest@2cd76f31]" name="thirdScenarioTest" class="module01.ClassOneTest"/>
        <method signature="ClassTwoTest.ScecondScenarioTest()[pri:0, instance:module01.ClassTwoTest@302552ec]" name="ScecondScenarioTest" class="module01.ClassTwoTest"/>
        <method signature="ClassTwoTest.thirdScenarioTest()[pri:0, instance:module01.ClassTwoTest@302552ec]" name="thirdScenarioTest" class="module01.ClassTwoTest"/>
        <method signature="ClassZeroTest.ScecondScenarioTest()[pri:0, instance:module01.ClassZeroTest@bcec361]" name="ScecondScenarioTest" class="module01.ClassZeroTest"/>
        <method signature="ClassZeroTest.thirdScenarioTest()[pri:0, instance:module01.ClassZeroTest@bcec361]" name="thirdScenarioTest" class="module01.ClassZeroTest"/>
        <method signature="ClassOneTest.ScecondScenarioTest()[pri:0, instance:module02.ClassOneTest@198b6731]" name="ScecondScenarioTest" class="module02.ClassOneTest"/>
        <method signature="ClassOneTest.thirdScenarioTest()[pri:0, instance:module02.ClassOneTest@198b6731]" name="thirdScenarioTest" class="module02.ClassOneTest"/>
        <method signature="ClassTwoTest.ScecondScenarioTest()[pri:0, instance:module02.ClassTwoTest@26794848]" name="ScecondScenarioTest" class="module02.ClassTwoTest"/>
        <method signature="ClassTwoTest.thirdScenarioTest()[pri:0, instance:module02.ClassTwoTest@26794848]" name="thirdScenarioTest" class="module02.ClassTwoTest"/>
        <method signature="ClassZeroTest.ScecondScenarioTest()[pri:0, instance:module02.ClassZeroTest@4b2bac3f]" name="ScecondScenarioTest" class="module02.ClassZeroTest"/>
        <method signature="ClassZeroTest.thirdScenarioTest()[pri:0, instance:module02.ClassZeroTest@4b2bac3f]" name="thirdScenarioTest" class="module02.ClassZeroTest"/>
        <method signature="ClassOneTest.ScecondScenarioTest()[pri:0, instance:module03.ClassOneTest@4e08711f]" name="ScecondScenarioTest" class="module03.ClassOneTest"/>
        <method signature="ClassOneTest.thirdScenarioTest()[pri:0, instance:module03.ClassOneTest@4e08711f]" name="thirdScenarioTest" class="module03.ClassOneTest"/>
        <method signature="ClassTwoTest.ScecondScenarioTest()[pri:0, instance:module03.ClassTwoTest@40005471]" name="ScecondScenarioTest" class="module03.ClassTwoTest"/>
        <method signature="ClassTwoTest.thirdScenarioTest()[pri:0, instance:module03.ClassTwoTest@40005471]" name="thirdScenarioTest" class="module03.ClassTwoTest"/>
        <method signature="ClassZeroTest.ScecondScenarioTest()[pri:0, instance:module03.ClassZeroTest@3d285d7e]" name="ScecondScenarioTest" class="module03.ClassZeroTest"/>
        <method signature="ClassZeroTest.fourthScenarioTest()[pri:0, instance:module03.ClassZeroTest@3d285d7e]" name="fourthScenarioTest" class="module03.ClassZeroTest"/>
        <method signature="ClassZeroTest.thirdScenarioTest()[pri:0, instance:module03.ClassZeroTest@3d285d7e]" name="thirdScenarioTest" class="module03.ClassZeroTest"/>
        <method signature="ClassOneTest.ScecondScenarioTest()[pri:0, instance:module01.ClassOneTest@5c671d7f]" name="ScecondScenarioTest" class="module01.ClassOneTest"/>
        <method signature="ClassOneTest.thirdScenarioTest()[pri:0, instance:module01.ClassOneTest@5c671d7f]" name="thirdScenarioTest" class="module01.ClassOneTest"/>
        <method signature="ClassTwoTest.ScecondScenarioTest()[pri:0, instance:module01.ClassTwoTest@1757cd72]" name="ScecondScenarioTest" class="module01.ClassTwoTest"/>
        <method signature="ClassTwoTest.thirdScenarioTest()[pri:0, instance:module01.ClassTwoTest@1757cd72]" name="thirdScenarioTest" class="module01.ClassTwoTest"/>
        <method signature="ClassZeroTest.ScecondScenarioTest()[pri:0, instance:module01.ClassZeroTest@561b6512]" name="ScecondScenarioTest" class="module01.ClassZeroTest"/>
        <method signature="ClassZeroTest.thirdScenarioTest()[pri:0, instance:module01.ClassZeroTest@561b6512]" name="thirdScenarioTest" class="module01.ClassZeroTest"/>
        <method signature="ClassOneTest.ScecondScenarioTest()[pri:0, instance:module02.ClassOneTest@192c3f1e]" name="ScecondScenarioTest" class="module02.ClassOneTest"/>
        <method signature="ClassOneTest.thirdScenarioTest()[pri:0, instance:module02.ClassOneTest@192c3f1e]" name="thirdScenarioTest" class="module02.ClassOneTest"/>
        <method signature="ClassTwoTest.ScecondScenarioTest()[pri:0, instance:module02.ClassTwoTest@2e377400]" name="ScecondScenarioTest" class="module02.ClassTwoTest"/>
        <method signature="ClassTwoTest.thirdScenarioTest()[pri:0, instance:module02.ClassTwoTest@2e377400]" name="thirdScenarioTest" class="module02.ClassTwoTest"/>
        <method signature="ClassZeroTest.ScecondScenarioTest()[pri:0, instance:module02.ClassZeroTest@26b3fd41]" name="ScecondScenarioTest" class="module02.ClassZeroTest"/>
        <method signature="ClassZeroTest.thirdScenarioTest()[pri:0, instance:module02.ClassZeroTest@26b3fd41]" name="thirdScenarioTest" class="module02.ClassZeroTest"/>
        <method signature="ClassOneTest.ScecondScenarioTest()[pri:0, instance:module03.ClassOneTest@7494f96a]" name="ScecondScenarioTest" class="module03.ClassOneTest"/>
        <method signature="ClassOneTest.thirdScenarioTest()[pri:0, instance:module03.ClassOneTest@7494f96a]" name="thirdScenarioTest" class="module03.ClassOneTest"/>
        <method signature="ClassTwoTest.ScecondScenarioTest()[pri:0, instance:module03.ClassTwoTest@49e5f737]" name="ScecondScenarioTest" class="module03.ClassTwoTest"/>
        <method signature="ClassTwoTest.thirdScenarioTest()[pri:0, instance:module03.ClassTwoTest@49e5f737]" name="thirdScenarioTest" class="module03.ClassTwoTest"/>
        <method signature="ClassZeroTest.ScecondScenarioTest()[pri:0, instance:module03.ClassZeroTest@445b295b]" name="ScecondScenarioTest" class="module03.ClassZeroTest"/>
        <method signature="ClassZeroTest.fourthScenarioTest()[pri:0, instance:module03.ClassZeroTest@445b295b]" name="fourthScenarioTest" class="module03.ClassZeroTest"/>
        <method signature="ClassZeroTest.thirdScenarioTest()[pri:0, instance:module03.ClassZeroTest@445b295b]" name="thirdScenarioTest" class="module03.ClassZeroTest"/>
        <method signature="ClassOneTest.ScecondScenarioTest()[pri:0, instance:module01.ClassOneTest@4c309d4d]" name="ScecondScenarioTest" class="module01.ClassOneTest"/>
        <method signature="ClassOneTest.thirdScenarioTest()[pri:0, instance:module01.ClassOneTest@4c309d4d]" name="thirdScenarioTest" class="module01.ClassOneTest"/>
        <method signature="ClassTwoTest.ScecondScenarioTest()[pri:0, instance:module01.ClassTwoTest@3af9c5b7]" name="ScecondScenarioTest" class="module01.ClassTwoTest"/>
        <method signature="ClassTwoTest.thirdScenarioTest()[pri:0, instance:module01.ClassTwoTest@3af9c5b7]" name="thirdScenarioTest" class="module01.ClassTwoTest"/>
        <method signature="ClassZeroTest.ScecondScenarioTest()[pri:0, instance:module01.ClassZeroTest@c86b9e3]" name="ScecondScenarioTest" class="module01.ClassZeroTest"/>
        <method signature="ClassZeroTest.thirdScenarioTest()[pri:0, instance:module01.ClassZeroTest@c86b9e3]" name="thirdScenarioTest" class="module01.ClassZeroTest"/>
        <method signature="ClassOneTest.ScecondScenarioTest()[pri:0, instance:module02.ClassOneTest@687e99d8]" name="ScecondScenarioTest" class="module02.ClassOneTest"/>
        <method signature="ClassOneTest.thirdScenarioTest()[pri:0, instance:module02.ClassOneTest@687e99d8]" name="thirdScenarioTest" class="module02.ClassOneTest"/>
        <method signature="ClassTwoTest.ScecondScenarioTest()[pri:0, instance:module02.ClassTwoTest@10aa41f2]" name="ScecondScenarioTest" class="module02.ClassTwoTest"/>
        <method signature="ClassTwoTest.thirdScenarioTest()[pri:0, instance:module02.ClassTwoTest@10aa41f2]" name="thirdScenarioTest" class="module02.ClassTwoTest"/>
        <method signature="ClassZeroTest.ScecondScenarioTest()[pri:0, instance:module02.ClassZeroTest@e4487af]" name="ScecondScenarioTest" class="module02.ClassZeroTest"/>
        <method signature="ClassZeroTest.thirdScenarioTest()[pri:0, instance:module02.ClassZeroTest@e4487af]" name="thirdScenarioTest" class="module02.ClassZeroTest"/>
        <method signature="ClassOneTest.ScecondScenarioTest()[pri:0, instance:module03.ClassOneTest@6aaceffd]" name="ScecondScenarioTest" class="module03.ClassOneTest"/>
        <method signature="ClassOneTest.thirdScenarioTest()[pri:0, instance:module03.ClassOneTest@6aaceffd]" name="thirdScenarioTest" class="module03.ClassOneTest"/>
        <method signature="ClassTwoTest.ScecondScenarioTest()[pri:0, instance:module03.ClassTwoTest@ed7f8b4]" name="ScecondScenarioTest" class="module03.ClassTwoTest"/>
        <method signature="ClassTwoTest.thirdScenarioTest()[pri:0, instance:module03.ClassTwoTest@ed7f8b4]" name="thirdScenarioTest" class="module03.ClassTwoTest"/>
        <method signature="ClassZeroTest.ScecondScenarioTest()[pri:0, instance:module03.ClassZeroTest@37271612]" name="ScecondScenarioTest" class="module03.ClassZeroTest"/>
        <method signature="ClassZeroTest.fourthScenarioTest()[pri:0, instance:module03.ClassZeroTest@37271612]" name="fourthScenarioTest" class="module03.ClassZeroTest"/>
        <method signature="ClassZeroTest.thirdScenarioTest()[pri:0, instance:module03.ClassZeroTest@37271612]" name="thirdScenarioTest" class="module03.ClassZeroTest"/>
      </group> <!-- reg -->
      <group name="smoke">
        <method signature="ClassOneTest.firstScenarioTest()[pri:0, instance:module01.ClassOneTest@2cd76f31]" name="firstScenarioTest" class="module01.ClassOneTest"/>
        <method signature="ClassTwoTest.firstScenarioTest()[pri:0, instance:module01.ClassTwoTest@302552ec]" name="firstScenarioTest" class="module01.ClassTwoTest"/>
        <method signature="ClassZeroTest.firstScenarioTest()[pri:0, instance:module01.ClassZeroTest@bcec361]" name="firstScenarioTest" class="module01.ClassZeroTest"/>
        <method signature="ClassOneTest.firstScenarioTest()[pri:0, instance:module02.ClassOneTest@198b6731]" name="firstScenarioTest" class="module02.ClassOneTest"/>
        <method signature="ClassTwoTest.firstScenarioTest()[pri:0, instance:module02.ClassTwoTest@26794848]" name="firstScenarioTest" class="module02.ClassTwoTest"/>
        <method signature="ClassZeroTest.firstScenarioTest()[pri:0, instance:module02.ClassZeroTest@4b2bac3f]" name="firstScenarioTest" class="module02.ClassZeroTest"/>
        <method signature="ClassOneTest.firstScenarioTest()[pri:0, instance:module03.ClassOneTest@4e08711f]" name="firstScenarioTest" class="module03.ClassOneTest"/>
        <method signature="ClassTwoTest.firstScenarioTest()[pri:0, instance:module03.ClassTwoTest@40005471]" name="firstScenarioTest" class="module03.ClassTwoTest"/>
        <method signature="ClassZeroTest.firstScenarioTest()[pri:0, instance:module03.ClassZeroTest@3d285d7e]" name="firstScenarioTest" class="module03.ClassZeroTest"/>
        <method signature="ClassOneTest.firstScenarioTest()[pri:0, instance:module01.ClassOneTest@5c671d7f]" name="firstScenarioTest" class="module01.ClassOneTest"/>
        <method signature="ClassTwoTest.firstScenarioTest()[pri:0, instance:module01.ClassTwoTest@1757cd72]" name="firstScenarioTest" class="module01.ClassTwoTest"/>
        <method signature="ClassZeroTest.firstScenarioTest()[pri:0, instance:module01.ClassZeroTest@561b6512]" name="firstScenarioTest" class="module01.ClassZeroTest"/>
        <method signature="ClassOneTest.firstScenarioTest()[pri:0, instance:module02.ClassOneTest@192c3f1e]" name="firstScenarioTest" class="module02.ClassOneTest"/>
        <method signature="ClassTwoTest.firstScenarioTest()[pri:0, instance:module02.ClassTwoTest@2e377400]" name="firstScenarioTest" class="module02.ClassTwoTest"/>
        <method signature="ClassZeroTest.firstScenarioTest()[pri:0, instance:module02.ClassZeroTest@26b3fd41]" name="firstScenarioTest" class="module02.ClassZeroTest"/>
        <method signature="ClassOneTest.firstScenarioTest()[pri:0, instance:module03.ClassOneTest@7494f96a]" name="firstScenarioTest" class="module03.ClassOneTest"/>
        <method signature="ClassTwoTest.firstScenarioTest()[pri:0, instance:module03.ClassTwoTest@49e5f737]" name="firstScenarioTest" class="module03.ClassTwoTest"/>
        <method signature="ClassZeroTest.firstScenarioTest()[pri:0, instance:module03.ClassZeroTest@445b295b]" name="firstScenarioTest" class="module03.ClassZeroTest"/>
        <method signature="ClassOneTest.firstScenarioTest()[pri:0, instance:module01.ClassOneTest@4c309d4d]" name="firstScenarioTest" class="module01.ClassOneTest"/>
        <method signature="ClassTwoTest.firstScenarioTest()[pri:0, instance:module01.ClassTwoTest@3af9c5b7]" name="firstScenarioTest" class="module01.ClassTwoTest"/>
        <method signature="ClassZeroTest.firstScenarioTest()[pri:0, instance:module01.ClassZeroTest@c86b9e3]" name="firstScenarioTest" class="module01.ClassZeroTest"/>
        <method signature="ClassOneTest.firstScenarioTest()[pri:0, instance:module02.ClassOneTest@687e99d8]" name="firstScenarioTest" class="module02.ClassOneTest"/>
        <method signature="ClassTwoTest.firstScenarioTest()[pri:0, instance:module02.ClassTwoTest@10aa41f2]" name="firstScenarioTest" class="module02.ClassTwoTest"/>
        <method signature="ClassZeroTest.firstScenarioTest()[pri:0, instance:module02.ClassZeroTest@e4487af]" name="firstScenarioTest" class="module02.ClassZeroTest"/>
        <method signature="ClassOneTest.firstScenarioTest()[pri:0, instance:module03.ClassOneTest@6aaceffd]" name="firstScenarioTest" class="module03.ClassOneTest"/>
        <method signature="ClassTwoTest.firstScenarioTest()[pri:0, instance:module03.ClassTwoTest@ed7f8b4]" name="firstScenarioTest" class="module03.ClassTwoTest"/>
        <method signature="ClassZeroTest.firstScenarioTest()[pri:0, instance:module03.ClassZeroTest@37271612]" name="firstScenarioTest" class="module03.ClassZeroTest"/>
      </group> <!-- smoke -->
    </groups>
    <test started-at="2025-09-26T17:20:03 IST" name="chromeSuite" finished-at="2025-09-26T17:22:10 IST" duration-ms="127657">
      <class name="module02.ClassZeroTest">
        <test-method is-config="true" signature="beforeClassMethod(org.testng.xml.XmlTest)[pri:0, instance:module02.ClassZeroTest@e4487af]" started-at="2025-09-26T17:20:03 IST" name="beforeClassMethod" finished-at="2025-09-26T17:20:08 IST" duration-ms="5692" status="PASS">
          <params>
            <param index="0">
              <value>
                <![CDATA[org.testng.xml.XmlTest@8d458ede]]>
              </value>
            </param>
          </params>
          <reporter-output>
          </reporter-output>
        </test-method> <!-- beforeClassMethod -->
        <test-method is-config="true" signature="beforeMethod()[pri:0, instance:module02.ClassZeroTest@e4487af]" started-at="2025-09-26T17:20:08 IST" name="beforeMethod" finished-at="2025-09-26T17:20:17 IST" duration-ms="8430" status="PASS">
          <reporter-output>
          </reporter-output>
        </test-method> <!-- beforeMethod -->
        <test-method signature="ScecondScenarioTest()[pri:0, instance:module02.ClassZeroTest@e4487af]" started-at="2025-09-26T17:20:17 IST" name="ScecondScenarioTest" finished-at="2025-09-26T17:20:17 IST" duration-ms="79" status="PASS">
          <reporter-output>
          </reporter-output>
        </test-method> <!-- ScecondScenarioTest -->
        <test-method is-config="true" signature="afterMethod()[pri:0, instance:module02.ClassZeroTest@e4487af]" started-at="2025-09-26T17:20:17 IST" name="afterMethod" finished-at="2025-09-26T17:20:22 IST" duration-ms="4412" status="PASS">
          <reporter-output>
          </reporter-output>
        </test-method> <!-- afterMethod -->
        <test-method is-config="true" signature="beforeMethod()[pri:0, instance:module02.ClassZeroTest@e4487af]" started-at="2025-09-26T17:20:22 IST" name="beforeMethod" finished-at="2025-09-26T17:20:25 IST" duration-ms="2984" status="PASS">
          <reporter-output>
          </reporter-output>
        </test-method> <!-- beforeMethod -->
        <test-method signature="firstScenarioTest()[pri:0, instance:module02.ClassZeroTest@e4487af]" started-at="2025-09-26T17:20:25 IST" name="firstScenarioTest" finished-at="2025-09-26T17:20:25 IST" duration-ms="2" status="PASS">
          <reporter-output>
          </reporter-output>
        </test-method> <!-- firstScenarioTest -->
        <test-method is-config="true" signature="afterMethod()[pri:0, instance:module02.ClassZeroTest@e4487af]" started-at="2025-09-26T17:20:25 IST" name="afterMethod" finished-at="2025-09-26T17:20:30 IST" duration-ms="5814" status="PASS">
          <reporter-output>
          </reporter-output>
        </test-method> <!-- afterMethod -->
        <test-method is-config="true" signature="beforeMethod()[pri:0, instance:module02.ClassZeroTest@e4487af]" started-at="2025-09-26T17:20:30 IST" name="beforeMethod" finished-at="2025-09-26T17:20:38 IST" duration-ms="7207" status="PASS">
          <reporter-output>
          </reporter-output>
        </test-method> <!-- beforeMethod -->
        <test-method signature="thirdScenarioTest()[pri:0, instance:module02.ClassZeroTest@e4487af]" started-at="2025-09-26T17:20:38 IST" name="thirdScenarioTest" finished-at="2025-09-26T17:20:38 IST" duration-ms="8" status="PASS">
          <reporter-output>
          </reporter-output>
        </test-method> <!-- thirdScenarioTest -->
        <test-method is-config="true" signature="afterMethod()[pri:0, instance:module02.ClassZeroTest@e4487af]" started-at="2025-09-26T17:20:38 IST" name="afterMethod" finished-at="2025-09-26T17:20:41 IST" duration-ms="3444" status="PASS">
          <reporter-output>
          </reporter-output>
        </test-method> <!-- afterMethod -->
        <test-method is-config="true" signature="afterClassMethod()[pri:0, instance:module02.ClassZeroTest@e4487af]" started-at="2025-09-26T17:20:41 IST" name="afterClassMethod" finished-at="2025-09-26T17:21:12 IST" duration-ms="31066" status="PASS">
          <reporter-output>
          </reporter-output>
        </test-method> <!-- afterClassMethod -->
      </class> <!-- module02.ClassZeroTest -->
      <class name="module01.ClassTwoTest">
        <test-method is-config="true" signature="beforeClassMethod(org.testng.xml.XmlTest)[pri:0, instance:module01.ClassTwoTest@3af9c5b7]" started-at="2025-09-26T17:21:12 IST" name="beforeClassMethod" finished-at="2025-09-26T17:21:20 IST" duration-ms="7584" status="PASS">
          <params>
            <param index="0">
              <value>
                <![CDATA[org.testng.xml.XmlTest@8d458ede]]>
              </value>
            </param>
          </params>
          <reporter-output>
          </reporter-output>
        </test-method> <!-- beforeClassMethod -->
        <test-method is-config="true" signature="beforeMethod()[pri:0, instance:module01.ClassTwoTest@3af9c5b7]" started-at="2025-09-26T17:21:20 IST" name="beforeMethod" finished-at="2025-09-26T17:21:28 IST" duration-ms="8088" status="PASS">
          <reporter-output>
          </reporter-output>
        </test-method> <!-- beforeMethod -->
        <test-method signature="ScecondScenarioTest()[pri:0, instance:module01.ClassTwoTest@3af9c5b7]" started-at="2025-09-26T17:21:28 IST" name="ScecondScenarioTest" finished-at="2025-09-26T17:21:28 IST" duration-ms="4" status="PASS">
          <reporter-output>
          </reporter-output>
        </test-method> <!-- ScecondScenarioTest -->
        <test-method is-config="true" signature="afterMethod()[pri:0, instance:module01.ClassTwoTest@3af9c5b7]" started-at="2025-09-26T17:21:28 IST" name="afterMethod" finished-at="2025-09-26T17:21:33 IST" duration-ms="4803" status="PASS">
          <reporter-output>
          </reporter-output>
        </test-method> <!-- afterMethod -->
        <test-method is-config="true" signature="beforeMethod()[pri:0, instance:module01.ClassTwoTest@3af9c5b7]" started-at="2025-09-26T17:21:33 IST" name="beforeMethod" finished-at="2025-09-26T17:21:35 IST" duration-ms="2000" status="PASS">
          <reporter-output>
          </reporter-output>
        </test-method> <!-- beforeMethod -->
        <test-method signature="firstScenarioTest()[pri:0, instance:module01.ClassTwoTest@3af9c5b7]" started-at="2025-09-26T17:21:35 IST" name="firstScenarioTest" finished-at="2025-09-26T17:21:35 IST" duration-ms="1" status="PASS">
          <reporter-output>
          </reporter-output>
        </test-method> <!-- firstScenarioTest -->
        <test-method is-config="true" signature="afterMethod()[pri:0, instance:module01.ClassTwoTest@3af9c5b7]" started-at="2025-09-26T17:21:35 IST" name="afterMethod" finished-at="2025-09-26T17:21:37 IST" duration-ms="2858" status="PASS">
          <reporter-output>
          </reporter-output>
        </test-method> <!-- afterMethod -->
        <test-method is-config="true" signature="beforeMethod()[pri:0, instance:module01.ClassTwoTest@3af9c5b7]" started-at="2025-09-26T17:21:37 IST" name="beforeMethod" finished-at="2025-09-26T17:21:39 IST" duration-ms="1747" status="PASS">
          <reporter-output>
          </reporter-output>
        </test-method> <!-- beforeMethod -->
        <test-method signature="thirdScenarioTest()[pri:0, instance:module01.ClassTwoTest@3af9c5b7]" started-at="2025-09-26T17:21:39 IST" name="thirdScenarioTest" finished-at="2025-09-26T17:21:39 IST" duration-ms="3" status="PASS">
          <reporter-output>
          </reporter-output>
        </test-method> <!-- thirdScenarioTest -->
        <test-method is-config="true" signature="afterMethod()[pri:0, instance:module01.ClassTwoTest@3af9c5b7]" started-at="2025-09-26T17:21:39 IST" name="afterMethod" finished-at="2025-09-26T17:21:41 IST" duration-ms="2252" status="PASS">
          <reporter-output>
          </reporter-output>
        </test-method> <!-- afterMethod -->
        <test-method is-config="true" signature="afterClassMethod()[pri:0, instance:module01.ClassTwoTest@3af9c5b7]" started-at="2025-09-26T17:21:41 IST" name="afterClassMethod" finished-at="2025-09-26T17:22:10 IST" duration-ms="28110" status="PASS">
          <reporter-output>
          </reporter-output>
        </test-method> <!-- afterClassMethod -->
      </class> <!-- module01.ClassTwoTest -->
      <class name="module02.ClassTwoTest">
        <test-method is-config="true" signature="beforeClassMethod(org.testng.xml.XmlTest)[pri:0, instance:module02.ClassTwoTest@10aa41f2]" started-at="2025-09-26T17:20:50 IST" name="beforeClassMethod" finished-at="2025-09-26T17:20:53 IST" duration-ms="3394" status="PASS">
          <params>
            <param index="0">
              <value>
                <![CDATA[org.testng.xml.XmlTest@8d458ede]]>
              </value>
            </param>
          </params>
          <reporter-output>
          </reporter-output>
        </test-method> <!-- beforeClassMethod -->
        <test-method is-config="true" signature="beforeMethod()[pri:0, instance:module02.ClassTwoTest@10aa41f2]" started-at="2025-09-26T17:20:53 IST" name="beforeMethod" finished-at="2025-09-26T17:21:00 IST" duration-ms="6237" status="PASS">
          <reporter-output>
          </reporter-output>
        </test-method> <!-- beforeMethod -->
        <test-method signature="ScecondScenarioTest()[pri:0, instance:module02.ClassTwoTest@10aa41f2]" started-at="2025-09-26T17:21:00 IST" name="ScecondScenarioTest" finished-at="2025-09-26T17:21:00 IST" duration-ms="1" status="PASS">
          <reporter-output>
          </reporter-output>
        </test-method> <!-- ScecondScenarioTest -->
        <test-method is-config="true" signature="afterMethod()[pri:0, instance:module02.ClassTwoTest@10aa41f2]" started-at="2025-09-26T17:21:00 IST" name="afterMethod" finished-at="2025-09-26T17:21:02 IST" duration-ms="2790" status="PASS">
          <reporter-output>
          </reporter-output>
        </test-method> <!-- afterMethod -->
        <test-method is-config="true" signature="beforeMethod()[pri:0, instance:module02.ClassTwoTest@10aa41f2]" started-at="2025-09-26T17:21:02 IST" name="beforeMethod" finished-at="2025-09-26T17:21:06 IST" duration-ms="3469" status="PASS">
          <reporter-output>
          </reporter-output>
        </test-method> <!-- beforeMethod -->
        <test-method signature="firstScenarioTest()[pri:0, instance:module02.ClassTwoTest@10aa41f2]" started-at="2025-09-26T17:21:06 IST" name="firstScenarioTest" finished-at="2025-09-26T17:21:06 IST" duration-ms="1" status="PASS">
          <reporter-output>
          </reporter-output>
        </test-method> <!-- firstScenarioTest -->
        <test-method is-config="true" signature="afterMethod()[pri:0, instance:module02.ClassTwoTest@10aa41f2]" started-at="2025-09-26T17:21:06 IST" name="afterMethod" finished-at="2025-09-26T17:21:10 IST" duration-ms="3731" status="PASS">
          <reporter-output>
          </reporter-output>
        </test-method> <!-- afterMethod -->
        <test-method is-config="true" signature="beforeMethod()[pri:0, instance:module02.ClassTwoTest@10aa41f2]" started-at="2025-09-26T17:21:10 IST" name="beforeMethod" finished-at="2025-09-26T17:21:12 IST" duration-ms="2207" status="PASS">
          <reporter-output>
          </reporter-output>
        </test-method> <!-- beforeMethod -->
        <test-method signature="thirdScenarioTest()[pri:0, instance:module02.ClassTwoTest@10aa41f2]" started-at="2025-09-26T17:21:12 IST" name="thirdScenarioTest" finished-at="2025-09-26T17:21:12 IST" duration-ms="2" status="PASS">
          <reporter-output>
          </reporter-output>
        </test-method> <!-- thirdScenarioTest -->
        <test-method is-config="true" signature="afterMethod()[pri:0, instance:module02.ClassTwoTest@10aa41f2]" started-at="2025-09-26T17:21:12 IST" name="afterMethod" finished-at="2025-09-26T17:21:14 IST" duration-ms="2172" status="PASS">
          <reporter-output>
          </reporter-output>
        </test-method> <!-- afterMethod -->
        <test-method is-config="true" signature="afterClassMethod()[pri:0, instance:module02.ClassTwoTest@10aa41f2]" started-at="2025-09-26T17:21:14 IST" name="afterClassMethod" finished-at="2025-09-26T17:21:45 IST" duration-ms="31107" status="PASS">
          <reporter-output>
          </reporter-output>
        </test-method> <!-- afterClassMethod -->
      </class> <!-- module02.ClassTwoTest -->
      <class name="module01.ClassZeroTest">
        <test-method is-config="true" signature="beforeClassMethod(org.testng.xml.XmlTest)[pri:0, instance:module01.ClassZeroTest@c86b9e3]" started-at="2025-09-26T17:20:03 IST" name="beforeClassMethod" finished-at="2025-09-26T17:20:09 IST" duration-ms="6176" status="PASS">
          <params>
            <param index="0">
              <value>
                <![CDATA[org.testng.xml.XmlTest@8d458ede]]>
              </value>
            </param>
          </params>
          <reporter-output>
          </reporter-output>
        </test-method> <!-- beforeClassMethod -->
        <test-method is-config="true" signature="beforeMethod()[pri:0, instance:module01.ClassZeroTest@c86b9e3]" started-at="2025-09-26T17:20:09 IST" name="beforeMethod" finished-at="2025-09-26T17:20:17 IST" duration-ms="7968" status="PASS">
          <reporter-output>
          </reporter-output>
        </test-method> <!-- beforeMethod -->
        <test-method signature="ScecondScenarioTest()[pri:0, instance:module01.ClassZeroTest@c86b9e3]" started-at="2025-09-26T17:20:17 IST" name="ScecondScenarioTest" finished-at="2025-09-26T17:20:17 IST" duration-ms="60" status="PASS">
          <reporter-output>
          </reporter-output>
        </test-method> <!-- ScecondScenarioTest -->
        <test-method is-config="true" signature="afterMethod()[pri:0, instance:module01.ClassZeroTest@c86b9e3]" started-at="2025-09-26T17:20:17 IST" name="afterMethod" finished-at="2025-09-26T17:20:22 IST" duration-ms="5030" status="PASS">
          <reporter-output>
          </reporter-output>
        </test-method> <!-- afterMethod -->
        <test-method is-config="true" signature="beforeMethod()[pri:0, instance:module01.ClassZeroTest@c86b9e3]" started-at="2025-09-26T17:20:22 IST" name="beforeMethod" finished-at="2025-09-26T17:20:27 IST" duration-ms="4357" status="PASS">
          <reporter-output>
          </reporter-output>
        </test-method> <!-- beforeMethod -->
        <test-method signature="firstScenarioTest()[pri:0, instance:module01.ClassZeroTest@c86b9e3]" started-at="2025-09-26T17:20:27 IST" name="firstScenarioTest" finished-at="2025-09-26T17:20:27 IST" duration-ms="17" status="PASS">
          <reporter-output>
          </reporter-output>
        </test-method> <!-- firstScenarioTest -->
        <test-method is-config="true" signature="afterMethod()[pri:0, instance:module01.ClassZeroTest@c86b9e3]" started-at="2025-09-26T17:20:27 IST" name="afterMethod" finished-at="2025-09-26T17:20:32 IST" duration-ms="5746" status="PASS">
          <reporter-output>
          </reporter-output>
        </test-method> <!-- afterMethod -->
        <test-method is-config="true" signature="beforeMethod()[pri:0, instance:module01.ClassZeroTest@c86b9e3]" started-at="2025-09-26T17:20:32 IST" name="beforeMethod" finished-at="2025-09-26T17:20:39 IST" duration-ms="6291" status="PASS">
          <reporter-output>
          </reporter-output>
        </test-method> <!-- beforeMethod -->
        <test-method signature="thirdScenarioTest()[pri:0, instance:module01.ClassZeroTest@c86b9e3]" started-at="2025-09-26T17:20:39 IST" name="thirdScenarioTest" finished-at="2025-09-26T17:20:39 IST" duration-ms="28" status="PASS">
          <reporter-output>
          </reporter-output>
        </test-method> <!-- thirdScenarioTest -->
        <test-method is-config="true" signature="afterMethod()[pri:0, instance:module01.ClassZeroTest@c86b9e3]" started-at="2025-09-26T17:20:39 IST" name="afterMethod" finished-at="2025-09-26T17:20:41 IST" duration-ms="2508" status="PASS">
          <reporter-output>
          </reporter-output>
        </test-method> <!-- afterMethod -->
        <test-method is-config="true" signature="afterClassMethod()[pri:0, instance:module01.ClassZeroTest@c86b9e3]" started-at="2025-09-26T17:20:41 IST" name="afterClassMethod" finished-at="2025-09-26T17:21:13 IST" duration-ms="31271" status="PASS">
          <reporter-output>
          </reporter-output>
        </test-method> <!-- afterClassMethod -->
      </class> <!-- module01.ClassZeroTest -->
      <class name="module02.ClassOneTest">
        <test-method is-config="true" signature="beforeSuitMethod()[pri:0, instance:module02.ClassOneTest@687e99d8]" started-at="2025-09-26T17:20:03 IST" name="beforeSuitMethod" finished-at="2025-09-26T17:20:03 IST" duration-ms="8" status="PASS">
          <reporter-output>
          </reporter-output>
        </test-method> <!-- beforeSuitMethod -->
        <test-method is-config="true" signature="beforeClassMethod(org.testng.xml.XmlTest)[pri:0, instance:module02.ClassOneTest@687e99d8]" started-at="2025-09-26T17:20:03 IST" name="beforeClassMethod" finished-at="2025-09-26T17:20:08 IST" duration-ms="5066" status="PASS">
          <params>
            <param index="0">
              <value>
                <![CDATA[org.testng.xml.XmlTest@8d458ede]]>
              </value>
            </param>
          </params>
          <reporter-output>
          </reporter-output>
        </test-method> <!-- beforeClassMethod -->
        <test-method is-config="true" signature="beforeMethod()[pri:0, instance:module02.ClassOneTest@687e99d8]" started-at="2025-09-26T17:20:08 IST" name="beforeMethod" finished-at="2025-09-26T17:20:16 IST" duration-ms="8212" status="PASS">
          <reporter-output>
          </reporter-output>
        </test-method> <!-- beforeMethod -->
        <test-method signature="ScecondScenarioTest()[pri:0, instance:module02.ClassOneTest@687e99d8]" started-at="2025-09-26T17:20:16 IST" name="ScecondScenarioTest" finished-at="2025-09-26T17:20:16 IST" duration-ms="4" status="PASS">
          <reporter-output>
          </reporter-output>
        </test-method> <!-- ScecondScenarioTest -->
        <test-method is-config="true" signature="afterMethod()[pri:0, instance:module02.ClassOneTest@687e99d8]" started-at="2025-09-26T17:20:16 IST" name="afterMethod" finished-at="2025-09-26T17:20:22 IST" duration-ms="6081" status="PASS">
          <reporter-output>
          </reporter-output>
        </test-method> <!-- afterMethod -->
        <test-method is-config="true" signature="beforeMethod()[pri:0, instance:module02.ClassOneTest@687e99d8]" started-at="2025-09-26T17:20:22 IST" name="beforeMethod" finished-at="2025-09-26T17:20:26 IST" duration-ms="4208" status="PASS">
          <reporter-output>
          </reporter-output>
        </test-method> <!-- beforeMethod -->
        <test-method signature="firstScenarioTest()[pri:0, instance:module02.ClassOneTest@687e99d8]" started-at="2025-09-26T17:20:26 IST" name="firstScenarioTest" finished-at="2025-09-26T17:20:26 IST" duration-ms="2" status="PASS">
          <reporter-output>
          </reporter-output>
        </test-method> <!-- firstScenarioTest -->
        <test-method is-config="true" signature="afterMethod()[pri:0, instance:module02.ClassOneTest@687e99d8]" started-at="2025-09-26T17:20:26 IST" name="afterMethod" finished-at="2025-09-26T17:20:33 IST" duration-ms="6445" status="PASS">
          <reporter-output>
          </reporter-output>
        </test-method> <!-- afterMethod -->
        <test-method is-config="true" signature="beforeMethod()[pri:0, instance:module02.ClassOneTest@687e99d8]" started-at="2025-09-26T17:20:33 IST" name="beforeMethod" finished-at="2025-09-26T17:20:39 IST" duration-ms="5952" status="PASS">
          <reporter-output>
          </reporter-output>
        </test-method> <!-- beforeMethod -->
        <test-method signature="thirdScenarioTest()[pri:0, instance:module02.ClassOneTest@687e99d8]" started-at="2025-09-26T17:20:39 IST" name="thirdScenarioTest" finished-at="2025-09-26T17:20:39 IST" duration-ms="2" status="PASS">
          <reporter-output>
          </reporter-output>
        </test-method> <!-- thirdScenarioTest -->
        <test-method is-config="true" signature="afterMethod()[pri:0, instance:module02.ClassOneTest@687e99d8]" started-at="2025-09-26T17:20:39 IST" name="afterMethod" finished-at="2025-09-26T17:20:42 IST" duration-ms="2718" status="PASS">
          <reporter-output>
          </reporter-output>
        </test-method> <!-- afterMethod -->
        <test-method is-config="true" signature="afterClassMethod()[pri:0, instance:module02.ClassOneTest@687e99d8]" started-at="2025-09-26T17:20:42 IST" name="afterClassMethod" finished-at="2025-09-26T17:20:50 IST" duration-ms="8456" status="PASS">
          <reporter-output>
          </reporter-output>
        </test-method> <!-- afterClassMethod -->
        <test-method is-config="true" signature="afterSuitMethod()[pri:0, instance:module02.ClassOneTest@687e99d8]" started-at="2025-09-26T17:22:25 IST" name="afterSuitMethod" finished-at="2025-09-26T17:22:25 IST" duration-ms="0" status="PASS">
          <reporter-output>
          </reporter-output>
        </test-method> <!-- afterSuitMethod -->
      </class> <!-- module02.ClassOneTest -->
      <class name="module03.ClassOneTest">
        <test-method is-config="true" signature="beforeClassMethod(org.testng.xml.XmlTest)[pri:0, instance:module03.ClassOneTest@6aaceffd]" started-at="2025-09-26T17:20:03 IST" name="beforeClassMethod" finished-at="2025-09-26T17:20:10 IST" duration-ms="7173" status="PASS">
          <params>
            <param index="0">
              <value>
                <![CDATA[org.testng.xml.XmlTest@8d458ede]]>
              </value>
            </param>
          </params>
          <reporter-output>
          </reporter-output>
        </test-method> <!-- beforeClassMethod -->
        <test-method is-config="true" signature="beforeMethod()[pri:0, instance:module03.ClassOneTest@6aaceffd]" started-at="2025-09-26T17:20:10 IST" name="beforeMethod" finished-at="2025-09-26T17:20:18 IST" duration-ms="8226" status="PASS">
          <reporter-output>
          </reporter-output>
        </test-method> <!-- beforeMethod -->
        <test-method signature="ScecondScenarioTest()[pri:0, instance:module03.ClassOneTest@6aaceffd]" started-at="2025-09-26T17:20:18 IST" name="ScecondScenarioTest" finished-at="2025-09-26T17:20:18 IST" duration-ms="1" status="PASS">
          <reporter-output>
          </reporter-output>
        </test-method> <!-- ScecondScenarioTest -->
        <test-method is-config="true" signature="afterMethod()[pri:0, instance:module03.ClassOneTest@6aaceffd]" started-at="2025-09-26T17:20:18 IST" name="afterMethod" finished-at="2025-09-26T17:20:23 IST" duration-ms="4617" status="PASS">
          <reporter-output>
          </reporter-output>
        </test-method> <!-- afterMethod -->
        <test-method is-config="true" signature="beforeMethod()[pri:0, instance:module03.ClassOneTest@6aaceffd]" started-at="2025-09-26T17:20:23 IST" name="beforeMethod" finished-at="2025-09-26T17:20:28 IST" duration-ms="5338" status="PASS">
          <reporter-output>
          </reporter-output>
        </test-method> <!-- beforeMethod -->
        <test-method signature="firstScenarioTest()[pri:0, instance:module03.ClassOneTest@6aaceffd]" started-at="2025-09-26T17:20:28 IST" name="firstScenarioTest" finished-at="2025-09-26T17:20:28 IST" duration-ms="1" status="PASS">
          <reporter-output>
          </reporter-output>
        </test-method> <!-- firstScenarioTest -->
        <test-method is-config="true" signature="afterMethod()[pri:0, instance:module03.ClassOneTest@6aaceffd]" started-at="2025-09-26T17:20:28 IST" name="afterMethod" finished-at="2025-09-26T17:20:35 IST" duration-ms="6898" status="PASS">
          <reporter-output>
          </reporter-output>
        </test-method> <!-- afterMethod -->
        <test-method is-config="true" signature="beforeMethod()[pri:0, instance:module03.ClassOneTest@6aaceffd]" started-at="2025-09-26T17:20:35 IST" name="beforeMethod" finished-at="2025-09-26T17:20:39 IST" duration-ms="3793" status="PASS">
          <reporter-output>
          </reporter-output>
        </test-method> <!-- beforeMethod -->
        <test-method signature="thirdScenarioTest()[pri:0, instance:module03.ClassOneTest@6aaceffd]" started-at="2025-09-26T17:20:39 IST" name="thirdScenarioTest" finished-at="2025-09-26T17:20:39 IST" duration-ms="1" status="PASS">
          <reporter-output>
          </reporter-output>
        </test-method> <!-- thirdScenarioTest -->
        <test-method is-config="true" signature="afterMethod()[pri:0, instance:module03.ClassOneTest@6aaceffd]" started-at="2025-09-26T17:20:39 IST" name="afterMethod" finished-at="2025-09-26T17:20:42 IST" duration-ms="2718" status="PASS">
          <reporter-output>
          </reporter-output>
        </test-method> <!-- afterMethod -->
        <test-method is-config="true" signature="afterClassMethod()[pri:0, instance:module03.ClassOneTest@6aaceffd]" started-at="2025-09-26T17:20:42 IST" name="afterClassMethod" finished-at="2025-09-26T17:21:13 IST" duration-ms="31631" status="PASS">
          <reporter-output>
          </reporter-output>
        </test-method> <!-- afterClassMethod -->
      </class> <!-- module03.ClassOneTest -->
      <class name="module01.ClassOneTest">
        <test-method is-config="true" signature="beforeClassMethod(org.testng.xml.XmlTest)[pri:0, instance:module01.ClassOneTest@4c309d4d]" started-at="2025-09-26T17:21:45 IST" name="beforeClassMethod" finished-at="2025-09-26T17:21:49 IST" duration-ms="4190" status="PASS">
          <params>
            <param index="0">
              <value>
                <![CDATA[org.testng.xml.XmlTest@8d458ede]]>
              </value>
            </param>
          </params>
          <reporter-output>
          </reporter-output>
        </test-method> <!-- beforeClassMethod -->
        <test-method is-config="true" signature="beforeMethod()[pri:0, instance:module01.ClassOneTest@4c309d4d]" started-at="2025-09-26T17:21:49 IST" name="beforeMethod" finished-at="2025-09-26T17:21:53 IST" duration-ms="4093" status="PASS">
          <reporter-output>
          </reporter-output>
        </test-method> <!-- beforeMethod -->
        <test-method signature="ScecondScenarioTest()[pri:0, instance:module01.ClassOneTest@4c309d4d]" started-at="2025-09-26T17:21:53 IST" name="ScecondScenarioTest" finished-at="2025-09-26T17:21:53 IST" duration-ms="14" status="PASS">
          <reporter-output>
          </reporter-output>
        </test-method> <!-- ScecondScenarioTest -->
        <test-method is-config="true" signature="afterMethod()[pri:0, instance:module01.ClassOneTest@4c309d4d]" started-at="2025-09-26T17:21:53 IST" name="afterMethod" finished-at="2025-09-26T17:21:56 IST" duration-ms="2325" status="PASS">
          <reporter-output>
          </reporter-output>
        </test-method> <!-- afterMethod -->
        <test-method is-config="true" signature="beforeMethod()[pri:0, instance:module01.ClassOneTest@4c309d4d]" started-at="2025-09-26T17:21:56 IST" name="beforeMethod" finished-at="2025-09-26T17:21:58 IST" duration-ms="2723" status="PASS">
          <reporter-output>
          </reporter-output>
        </test-method> <!-- beforeMethod -->
        <test-method signature="firstScenarioTest()[pri:0, instance:module01.ClassOneTest@4c309d4d]" started-at="2025-09-26T17:21:58 IST" name="firstScenarioTest" finished-at="2025-09-26T17:21:58 IST" duration-ms="3" status="PASS">
          <reporter-output>
          </reporter-output>
        </test-method> <!-- firstScenarioTest -->
        <test-method is-config="true" signature="afterMethod()[pri:0, instance:module01.ClassOneTest@4c309d4d]" started-at="2025-09-26T17:21:58 IST" name="afterMethod" finished-at="2025-09-26T17:22:02 IST" duration-ms="3062" status="PASS">
          <reporter-output>
          </reporter-output>
        </test-method> <!-- afterMethod -->
        <test-method is-config="true" signature="beforeMethod()[pri:0, instance:module01.ClassOneTest@4c309d4d]" started-at="2025-09-26T17:22:02 IST" name="beforeMethod" finished-at="2025-09-26T17:22:03 IST" duration-ms="1918" status="PASS">
          <reporter-output>
          </reporter-output>
        </test-method> <!-- beforeMethod -->
        <test-method signature="thirdScenarioTest()[pri:0, instance:module01.ClassOneTest@4c309d4d]" started-at="2025-09-26T17:22:03 IST" name="thirdScenarioTest" finished-at="2025-09-26T17:22:03 IST" duration-ms="1" status="PASS">
          <reporter-output>
          </reporter-output>
        </test-method> <!-- thirdScenarioTest -->
        <test-method is-config="true" signature="afterMethod()[pri:0, instance:module01.ClassOneTest@4c309d4d]" started-at="2025-09-26T17:22:03 IST" name="afterMethod" finished-at="2025-09-26T17:22:05 IST" duration-ms="1969" status="PASS">
          <reporter-output>
          </reporter-output>
        </test-method> <!-- afterMethod -->
        <test-method is-config="true" signature="afterClassMethod()[pri:0, instance:module01.ClassOneTest@4c309d4d]" started-at="2025-09-26T17:22:05 IST" name="afterClassMethod" finished-at="2025-09-26T17:22:09 IST" duration-ms="3284" status="PASS">
          <reporter-output>
          </reporter-output>
        </test-method> <!-- afterClassMethod -->
      </class> <!-- module01.ClassOneTest -->
      <class name="module03.ClassTwoTest">
        <test-method is-config="true" signature="beforeClassMethod(org.testng.xml.XmlTest)[pri:0, instance:module03.ClassTwoTest@ed7f8b4]" started-at="2025-09-26T17:21:13 IST" name="beforeClassMethod" finished-at="2025-09-26T17:21:20 IST" duration-ms="6434" status="PASS">
          <params>
            <param index="0">
              <value>
                <![CDATA[org.testng.xml.XmlTest@8d458ede]]>
              </value>
            </param>
          </params>
          <reporter-output>
          </reporter-output>
        </test-method> <!-- beforeClassMethod -->
        <test-method is-config="true" signature="beforeMethod()[pri:0, instance:module03.ClassTwoTest@ed7f8b4]" started-at="2025-09-26T17:21:20 IST" name="beforeMethod" finished-at="2025-09-26T17:21:27 IST" duration-ms="7479" status="PASS">
          <reporter-output>
          </reporter-output>
        </test-method> <!-- beforeMethod -->
        <test-method signature="ScecondScenarioTest()[pri:0, instance:module03.ClassTwoTest@ed7f8b4]" started-at="2025-09-26T17:21:27 IST" name="ScecondScenarioTest" finished-at="2025-09-26T17:21:27 IST" duration-ms="2" status="PASS">
          <reporter-output>
          </reporter-output>
        </test-method> <!-- ScecondScenarioTest -->
        <test-method is-config="true" signature="afterMethod()[pri:0, instance:module03.ClassTwoTest@ed7f8b4]" started-at="2025-09-26T17:21:27 IST" name="afterMethod" finished-at="2025-09-26T17:21:32 IST" duration-ms="4814" status="PASS">
          <reporter-output>
          </reporter-output>
        </test-method> <!-- afterMethod -->
        <test-method is-config="true" signature="beforeMethod()[pri:0, instance:module03.ClassTwoTest@ed7f8b4]" started-at="2025-09-26T17:21:32 IST" name="beforeMethod" finished-at="2025-09-26T17:21:35 IST" duration-ms="3039" status="PASS">
          <reporter-output>
          </reporter-output>
        </test-method> <!-- beforeMethod -->
        <test-method signature="firstScenarioTest()[pri:0, instance:module03.ClassTwoTest@ed7f8b4]" started-at="2025-09-26T17:21:35 IST" name="firstScenarioTest" finished-at="2025-09-26T17:21:35 IST" duration-ms="1" status="PASS">
          <reporter-output>
          </reporter-output>
        </test-method> <!-- firstScenarioTest -->
        <test-method is-config="true" signature="afterMethod()[pri:0, instance:module03.ClassTwoTest@ed7f8b4]" started-at="2025-09-26T17:21:35 IST" name="afterMethod" finished-at="2025-09-26T17:21:38 IST" duration-ms="3282" status="PASS">
          <reporter-output>
          </reporter-output>
        </test-method> <!-- afterMethod -->
        <test-method is-config="true" signature="beforeMethod()[pri:0, instance:module03.ClassTwoTest@ed7f8b4]" started-at="2025-09-26T17:21:38 IST" name="beforeMethod" finished-at="2025-09-26T17:21:41 IST" duration-ms="2628" status="PASS">
          <reporter-output>
          </reporter-output>
        </test-method> <!-- beforeMethod -->
        <test-method signature="thirdScenarioTest()[pri:0, instance:module03.ClassTwoTest@ed7f8b4]" started-at="2025-09-26T17:21:41 IST" name="thirdScenarioTest" finished-at="2025-09-26T17:21:41 IST" duration-ms="5" status="PASS">
          <reporter-output>
          </reporter-output>
        </test-method> <!-- thirdScenarioTest -->
        <test-method is-config="true" signature="afterMethod()[pri:0, instance:module03.ClassTwoTest@ed7f8b4]" started-at="2025-09-26T17:21:41 IST" name="afterMethod" finished-at="2025-09-26T17:21:44 IST" duration-ms="3560" status="PASS">
          <reporter-output>
          </reporter-output>
        </test-method> <!-- afterMethod -->
        <test-method is-config="true" signature="afterClassMethod()[pri:0, instance:module03.ClassTwoTest@ed7f8b4]" started-at="2025-09-26T17:21:44 IST" name="afterClassMethod" finished-at="2025-09-26T17:22:10 IST" duration-ms="25948" status="PASS">
          <reporter-output>
          </reporter-output>
        </test-method> <!-- afterClassMethod -->
      </class> <!-- module03.ClassTwoTest -->
      <class name="module03.ClassZeroTest">
        <test-method is-config="true" signature="beforeClassMethod(org.testng.xml.XmlTest)[pri:0, instance:module03.ClassZeroTest@37271612]" started-at="2025-09-26T17:21:13 IST" name="beforeClassMethod" finished-at="2025-09-26T17:21:21 IST" duration-ms="8113" status="PASS">
          <params>
            <param index="0">
              <value>
                <![CDATA[org.testng.xml.XmlTest@8d458ede]]>
              </value>
            </param>
          </params>
          <reporter-output>
          </reporter-output>
        </test-method> <!-- beforeClassMethod -->
        <test-method is-config="true" signature="beforeMethod()[pri:0, instance:module03.ClassZeroTest@37271612]" started-at="2025-09-26T17:21:21 IST" name="beforeMethod" finished-at="2025-09-26T17:21:28 IST" duration-ms="7184" status="PASS">
          <reporter-output>
          </reporter-output>
        </test-method> <!-- beforeMethod -->
        <test-method signature="ScecondScenarioTest()[pri:0, instance:module03.ClassZeroTest@37271612]" started-at="2025-09-26T17:21:28 IST" name="ScecondScenarioTest" finished-at="2025-09-26T17:21:28 IST" duration-ms="1" status="PASS">
          <reporter-output>
          </reporter-output>
        </test-method> <!-- ScecondScenarioTest -->
        <test-method is-config="true" signature="afterMethod()[pri:0, instance:module03.ClassZeroTest@37271612]" started-at="2025-09-26T17:21:28 IST" name="afterMethod" finished-at="2025-09-26T17:21:34 IST" duration-ms="6288" status="PASS">
          <reporter-output>
          </reporter-output>
        </test-method> <!-- afterMethod -->
        <test-method is-config="true" signature="beforeMethod()[pri:0, instance:module03.ClassZeroTest@37271612]" started-at="2025-09-26T17:21:34 IST" name="beforeMethod" finished-at="2025-09-26T17:21:37 IST" duration-ms="2415" status="PASS">
          <reporter-output>
          </reporter-output>
        </test-method> <!-- beforeMethod -->
        <test-method signature="firstScenarioTest()[pri:0, instance:module03.ClassZeroTest@37271612]" started-at="2025-09-26T17:21:37 IST" name="firstScenarioTest" finished-at="2025-09-26T17:21:37 IST" duration-ms="1" status="PASS">
          <reporter-output>
          </reporter-output>
        </test-method> <!-- firstScenarioTest -->
        <test-method is-config="true" signature="afterMethod()[pri:0, instance:module03.ClassZeroTest@37271612]" started-at="2025-09-26T17:21:37 IST" name="afterMethod" finished-at="2025-09-26T17:21:41 IST" duration-ms="4716" status="PASS">
          <reporter-output>
          </reporter-output>
        </test-method> <!-- afterMethod -->
        <test-method is-config="true" signature="beforeMethod()[pri:0, instance:module03.ClassZeroTest@37271612]" started-at="2025-09-26T17:21:41 IST" name="beforeMethod" finished-at="2025-09-26T17:21:44 IST" duration-ms="2552" status="PASS">
          <reporter-output>
          </reporter-output>
        </test-method> <!-- beforeMethod -->
        <test-method signature="fourthScenarioTest()[pri:0, instance:module03.ClassZeroTest@37271612]" started-at="2025-09-26T17:21:44 IST" name="fourthScenarioTest" finished-at="2025-09-26T17:21:44 IST" duration-ms="7" status="PASS">
          <reporter-output>
          </reporter-output>
        </test-method> <!-- fourthScenarioTest -->
        <test-method is-config="true" signature="afterMethod()[pri:0, instance:module03.ClassZeroTest@37271612]" started-at="2025-09-26T17:21:44 IST" name="afterMethod" finished-at="2025-09-26T17:21:48 IST" duration-ms="4452" status="PASS">
          <reporter-output>
          </reporter-output>
        </test-method> <!-- afterMethod -->
        <test-method is-config="true" signature="beforeMethod()[pri:0, instance:module03.ClassZeroTest@37271612]" started-at="2025-09-26T17:21:48 IST" name="beforeMethod" finished-at="2025-09-26T17:21:51 IST" duration-ms="2881" status="PASS">
          <reporter-output>
          </reporter-output>
        </test-method> <!-- beforeMethod -->
        <test-method signature="thirdScenarioTest()[pri:0, instance:module03.ClassZeroTest@37271612]" started-at="2025-09-26T17:21:51 IST" name="thirdScenarioTest" finished-at="2025-09-26T17:21:51 IST" duration-ms="1" status="PASS">
          <reporter-output>
          </reporter-output>
        </test-method> <!-- thirdScenarioTest -->
        <test-method is-config="true" signature="afterMethod()[pri:0, instance:module03.ClassZeroTest@37271612]" started-at="2025-09-26T17:21:51 IST" name="afterMethod" finished-at="2025-09-26T17:21:54 IST" duration-ms="2408" status="PASS">
          <reporter-output>
          </reporter-output>
        </test-method> <!-- afterMethod -->
        <test-method is-config="true" signature="afterClassMethod()[pri:0, instance:module03.ClassZeroTest@37271612]" started-at="2025-09-26T17:21:54 IST" name="afterClassMethod" finished-at="2025-09-26T17:22:10 IST" duration-ms="16731" status="PASS">
          <reporter-output>
          </reporter-output>
        </test-method> <!-- afterClassMethod -->
      </class> <!-- module03.ClassZeroTest -->
    </test> <!-- chromeSuite -->
    <test started-at="2025-09-26T17:20:03 IST" name="edgeSuit" finished-at="2025-09-26T17:22:14 IST" duration-ms="130954">
      <class name="module02.ClassZeroTest">
        <test-method is-config="true" signature="beforeClassMethod(org.testng.xml.XmlTest)[pri:0, instance:module02.ClassZeroTest@4b2bac3f]" started-at="2025-09-26T17:20:03 IST" name="beforeClassMethod" finished-at="2025-09-26T17:20:09 IST" duration-ms="6162" status="PASS">
          <params>
            <param index="0">
              <value>
                <![CDATA[org.testng.xml.XmlTest@c5736fef]]>
              </value>
            </param>
          </params>
          <reporter-output>
          </reporter-output>
        </test-method> <!-- beforeClassMethod -->
        <test-method is-config="true" signature="beforeMethod()[pri:0, instance:module02.ClassZeroTest@4b2bac3f]" started-at="2025-09-26T17:20:09 IST" name="beforeMethod" finished-at="2025-09-26T17:20:15 IST" duration-ms="6446" status="PASS">
          <reporter-output>
          </reporter-output>
        </test-method> <!-- beforeMethod -->
        <test-method signature="ScecondScenarioTest()[pri:0, instance:module02.ClassZeroTest@4b2bac3f]" started-at="2025-09-26T17:20:15 IST" name="ScecondScenarioTest" finished-at="2025-09-26T17:20:15 IST" duration-ms="5" status="PASS">
          <reporter-output>
          </reporter-output>
        </test-method> <!-- ScecondScenarioTest -->
        <test-method is-config="true" signature="afterMethod()[pri:0, instance:module02.ClassZeroTest@4b2bac3f]" started-at="2025-09-26T17:20:15 IST" name="afterMethod" finished-at="2025-09-26T17:20:19 IST" duration-ms="3772" status="PASS">
          <reporter-output>
          </reporter-output>
        </test-method> <!-- afterMethod -->
        <test-method is-config="true" signature="beforeMethod()[pri:0, instance:module02.ClassZeroTest@4b2bac3f]" started-at="2025-09-26T17:20:19 IST" name="beforeMethod" finished-at="2025-09-26T17:20:23 IST" duration-ms="4001" status="PASS">
          <reporter-output>
          </reporter-output>
        </test-method> <!-- beforeMethod -->
        <test-method signature="firstScenarioTest()[pri:0, instance:module02.ClassZeroTest@4b2bac3f]" started-at="2025-09-26T17:20:23 IST" name="firstScenarioTest" finished-at="2025-09-26T17:20:23 IST" duration-ms="2" status="PASS">
          <reporter-output>
          </reporter-output>
        </test-method> <!-- firstScenarioTest -->
        <test-method is-config="true" signature="afterMethod()[pri:0, instance:module02.ClassZeroTest@4b2bac3f]" started-at="2025-09-26T17:20:23 IST" name="afterMethod" finished-at="2025-09-26T17:20:29 IST" duration-ms="5532" status="PASS">
          <reporter-output>
          </reporter-output>
        </test-method> <!-- afterMethod -->
        <test-method is-config="true" signature="beforeMethod()[pri:0, instance:module02.ClassZeroTest@4b2bac3f]" started-at="2025-09-26T17:20:29 IST" name="beforeMethod" finished-at="2025-09-26T17:20:33 IST" duration-ms="4070" status="PASS">
          <reporter-output>
          </reporter-output>
        </test-method> <!-- beforeMethod -->
        <test-method signature="thirdScenarioTest()[pri:0, instance:module02.ClassZeroTest@4b2bac3f]" started-at="2025-09-26T17:20:33 IST" name="thirdScenarioTest" finished-at="2025-09-26T17:20:33 IST" duration-ms="1" status="PASS">
          <reporter-output>
          </reporter-output>
        </test-method> <!-- thirdScenarioTest -->
        <test-method is-config="true" signature="afterMethod()[pri:0, instance:module02.ClassZeroTest@4b2bac3f]" started-at="2025-09-26T17:20:33 IST" name="afterMethod" finished-at="2025-09-26T17:20:38 IST" duration-ms="5116" status="PASS">
          <reporter-output>
          </reporter-output>
        </test-method> <!-- afterMethod -->
        <test-method is-config="true" signature="afterClassMethod()[pri:0, instance:module02.ClassZeroTest@4b2bac3f]" started-at="2025-09-26T17:20:38 IST" name="afterClassMethod" finished-at="2025-09-26T17:20:52 IST" duration-ms="13830" status="PASS">
          <reporter-output>
          </reporter-output>
        </test-method> <!-- afterClassMethod -->
      </class> <!-- module02.ClassZeroTest -->
      <class name="module01.ClassTwoTest">
        <test-method is-config="true" signature="beforeClassMethod(org.testng.xml.XmlTest)[pri:0, instance:module01.ClassTwoTest@302552ec]" started-at="2025-09-26T17:21:13 IST" name="beforeClassMethod" finished-at="2025-09-26T17:21:19 IST" duration-ms="5795" status="PASS">
          <params>
            <param index="0">
              <value>
                <![CDATA[org.testng.xml.XmlTest@c5736fef]]>
              </value>
            </param>
          </params>
          <reporter-output>
          </reporter-output>
        </test-method> <!-- beforeClassMethod -->
        <test-method is-config="true" signature="beforeMethod()[pri:0, instance:module01.ClassTwoTest@302552ec]" started-at="2025-09-26T17:21:19 IST" name="beforeMethod" finished-at="2025-09-26T17:21:27 IST" duration-ms="7860" status="PASS">
          <reporter-output>
          </reporter-output>
        </test-method> <!-- beforeMethod -->
        <test-method signature="ScecondScenarioTest()[pri:0, instance:module01.ClassTwoTest@302552ec]" started-at="2025-09-26T17:21:27 IST" name="ScecondScenarioTest" finished-at="2025-09-26T17:21:27 IST" duration-ms="1" status="PASS">
          <reporter-output>
          </reporter-output>
        </test-method> <!-- ScecondScenarioTest -->
        <test-method is-config="true" signature="afterMethod()[pri:0, instance:module01.ClassTwoTest@302552ec]" started-at="2025-09-26T17:21:27 IST" name="afterMethod" finished-at="2025-09-26T17:21:32 IST" duration-ms="5059" status="PASS">
          <reporter-output>
          </reporter-output>
        </test-method> <!-- afterMethod -->
        <test-method is-config="true" signature="beforeMethod()[pri:0, instance:module01.ClassTwoTest@302552ec]" started-at="2025-09-26T17:21:32 IST" name="beforeMethod" finished-at="2025-09-26T17:21:35 IST" duration-ms="3095" status="PASS">
          <reporter-output>
          </reporter-output>
        </test-method> <!-- beforeMethod -->
        <test-method signature="firstScenarioTest()[pri:0, instance:module01.ClassTwoTest@302552ec]" started-at="2025-09-26T17:21:35 IST" name="firstScenarioTest" finished-at="2025-09-26T17:21:35 IST" duration-ms="1" status="PASS">
          <reporter-output>
          </reporter-output>
        </test-method> <!-- firstScenarioTest -->
        <test-method is-config="true" signature="afterMethod()[pri:0, instance:module01.ClassTwoTest@302552ec]" started-at="2025-09-26T17:21:35 IST" name="afterMethod" finished-at="2025-09-26T17:21:39 IST" duration-ms="3788" status="PASS">
          <reporter-output>
          </reporter-output>
        </test-method> <!-- afterMethod -->
        <test-method is-config="true" signature="beforeMethod()[pri:0, instance:module01.ClassTwoTest@302552ec]" started-at="2025-09-26T17:21:39 IST" name="beforeMethod" finished-at="2025-09-26T17:21:42 IST" duration-ms="3061" status="PASS">
          <reporter-output>
          </reporter-output>
        </test-method> <!-- beforeMethod -->
        <test-method signature="thirdScenarioTest()[pri:0, instance:module01.ClassTwoTest@302552ec]" started-at="2025-09-26T17:21:42 IST" name="thirdScenarioTest" finished-at="2025-09-26T17:21:42 IST" duration-ms="1" status="PASS">
          <reporter-output>
          </reporter-output>
        </test-method> <!-- thirdScenarioTest -->
        <test-method is-config="true" signature="afterMethod()[pri:0, instance:module01.ClassTwoTest@302552ec]" started-at="2025-09-26T17:21:42 IST" name="afterMethod" finished-at="2025-09-26T17:21:44 IST" duration-ms="2193" status="PASS">
          <reporter-output>
          </reporter-output>
        </test-method> <!-- afterMethod -->
        <test-method is-config="true" signature="afterClassMethod()[pri:0, instance:module01.ClassTwoTest@302552ec]" started-at="2025-09-26T17:21:44 IST" name="afterClassMethod" finished-at="2025-09-26T17:22:09 IST" duration-ms="24652" status="PASS">
          <reporter-output>
          </reporter-output>
        </test-method> <!-- afterClassMethod -->
      </class> <!-- module01.ClassTwoTest -->
      <class name="module02.ClassTwoTest">
        <test-method is-config="true" signature="beforeClassMethod(org.testng.xml.XmlTest)[pri:0, instance:module02.ClassTwoTest@26794848]" started-at="2025-09-26T17:20:52 IST" name="beforeClassMethod" finished-at="2025-09-26T17:20:55 IST" duration-ms="3030" status="PASS">
          <params>
            <param index="0">
              <value>
                <![CDATA[org.testng.xml.XmlTest@c5736fef]]>
              </value>
            </param>
          </params>
          <reporter-output>
          </reporter-output>
        </test-method> <!-- beforeClassMethod -->
        <test-method is-config="true" signature="beforeMethod()[pri:0, instance:module02.ClassTwoTest@26794848]" started-at="2025-09-26T17:20:55 IST" name="beforeMethod" finished-at="2025-09-26T17:21:00 IST" duration-ms="5079" status="PASS">
          <reporter-output>
          </reporter-output>
        </test-method> <!-- beforeMethod -->
        <test-method signature="ScecondScenarioTest()[pri:0, instance:module02.ClassTwoTest@26794848]" started-at="2025-09-26T17:21:00 IST" name="ScecondScenarioTest" finished-at="2025-09-26T17:21:00 IST" duration-ms="3" status="PASS">
          <reporter-output>
          </reporter-output>
        </test-method> <!-- ScecondScenarioTest -->
        <test-method is-config="true" signature="afterMethod()[pri:0, instance:module02.ClassTwoTest@26794848]" started-at="2025-09-26T17:21:00 IST" name="afterMethod" finished-at="2025-09-26T17:21:03 IST" duration-ms="2904" status="PASS">
          <reporter-output>
          </reporter-output>
        </test-method> <!-- afterMethod -->
        <test-method is-config="true" signature="beforeMethod()[pri:0, instance:module02.ClassTwoTest@26794848]" started-at="2025-09-26T17:21:03 IST" name="beforeMethod" finished-at="2025-09-26T17:21:06 IST" duration-ms="3017" status="PASS">
          <reporter-output>
          </reporter-output>
        </test-method> <!-- beforeMethod -->
        <test-method signature="firstScenarioTest()[pri:0, instance:module02.ClassTwoTest@26794848]" started-at="2025-09-26T17:21:06 IST" name="firstScenarioTest" finished-at="2025-09-26T17:21:06 IST" duration-ms="2" status="PASS">
          <reporter-output>
          </reporter-output>
        </test-method> <!-- firstScenarioTest -->
        <test-method is-config="true" signature="afterMethod()[pri:0, instance:module02.ClassTwoTest@26794848]" started-at="2025-09-26T17:21:06 IST" name="afterMethod" finished-at="2025-09-26T17:21:10 IST" duration-ms="3720" status="PASS">
          <reporter-output>
          </reporter-output>
        </test-method> <!-- afterMethod -->
        <test-method is-config="true" signature="beforeMethod()[pri:0, instance:module02.ClassTwoTest@26794848]" started-at="2025-09-26T17:21:10 IST" name="beforeMethod" finished-at="2025-09-26T17:21:12 IST" duration-ms="2198" status="PASS">
          <reporter-output>
          </reporter-output>
        </test-method> <!-- beforeMethod -->
        <test-method signature="thirdScenarioTest()[pri:0, instance:module02.ClassTwoTest@26794848]" started-at="2025-09-26T17:21:12 IST" name="thirdScenarioTest" finished-at="2025-09-26T17:21:12 IST" duration-ms="3" status="PASS">
          <reporter-output>
          </reporter-output>
        </test-method> <!-- thirdScenarioTest -->
        <test-method is-config="true" signature="afterMethod()[pri:0, instance:module02.ClassTwoTest@26794848]" started-at="2025-09-26T17:21:12 IST" name="afterMethod" finished-at="2025-09-26T17:21:19 IST" duration-ms="7456" status="PASS">
          <reporter-output>
          </reporter-output>
        </test-method> <!-- afterMethod -->
        <test-method is-config="true" signature="afterClassMethod()[pri:0, instance:module02.ClassTwoTest@26794848]" started-at="2025-09-26T17:21:19 IST" name="afterClassMethod" finished-at="2025-09-26T17:21:50 IST" duration-ms="31165" status="PASS">
          <reporter-output>
          </reporter-output>
        </test-method> <!-- afterClassMethod -->
      </class> <!-- module02.ClassTwoTest -->
      <class name="module01.ClassZeroTest">
        <test-method is-config="true" signature="beforeClassMethod(org.testng.xml.XmlTest)[pri:0, instance:module01.ClassZeroTest@bcec361]" started-at="2025-09-26T17:20:03 IST" name="beforeClassMethod" finished-at="2025-09-26T17:20:09 IST" duration-ms="5828" status="PASS">
          <params>
            <param index="0">
              <value>
                <![CDATA[org.testng.xml.XmlTest@c5736fef]]>
              </value>
            </param>
          </params>
          <reporter-output>
          </reporter-output>
        </test-method> <!-- beforeClassMethod -->
        <test-method is-config="true" signature="beforeMethod()[pri:0, instance:module01.ClassZeroTest@bcec361]" started-at="2025-09-26T17:20:09 IST" name="beforeMethod" finished-at="2025-09-26T17:20:17 IST" duration-ms="8439" status="PASS">
          <reporter-output>
          </reporter-output>
        </test-method> <!-- beforeMethod -->
        <test-method signature="ScecondScenarioTest()[pri:0, instance:module01.ClassZeroTest@bcec361]" started-at="2025-09-26T17:20:17 IST" name="ScecondScenarioTest" finished-at="2025-09-26T17:20:17 IST" duration-ms="81" status="PASS">
          <reporter-output>
          </reporter-output>
        </test-method> <!-- ScecondScenarioTest -->
        <test-method is-config="true" signature="afterMethod()[pri:0, instance:module01.ClassZeroTest@bcec361]" started-at="2025-09-26T17:20:17 IST" name="afterMethod" finished-at="2025-09-26T17:20:22 IST" duration-ms="5305" status="PASS">
          <reporter-output>
          </reporter-output>
        </test-method> <!-- afterMethod -->
        <test-method is-config="true" signature="beforeMethod()[pri:0, instance:module01.ClassZeroTest@bcec361]" started-at="2025-09-26T17:20:22 IST" name="beforeMethod" finished-at="2025-09-26T17:20:27 IST" duration-ms="4550" status="PASS">
          <reporter-output>
          </reporter-output>
        </test-method> <!-- beforeMethod -->
        <test-method signature="firstScenarioTest()[pri:0, instance:module01.ClassZeroTest@bcec361]" started-at="2025-09-26T17:20:27 IST" name="firstScenarioTest" finished-at="2025-09-26T17:20:27 IST" duration-ms="2" status="PASS">
          <reporter-output>
          </reporter-output>
        </test-method> <!-- firstScenarioTest -->
        <test-method is-config="true" signature="afterMethod()[pri:0, instance:module01.ClassZeroTest@bcec361]" started-at="2025-09-26T17:20:27 IST" name="afterMethod" finished-at="2025-09-26T17:20:33 IST" duration-ms="5809" status="PASS">
          <reporter-output>
          </reporter-output>
        </test-method> <!-- afterMethod -->
        <test-method is-config="true" signature="beforeMethod()[pri:0, instance:module01.ClassZeroTest@bcec361]" started-at="2025-09-26T17:20:33 IST" name="beforeMethod" finished-at="2025-09-26T17:20:39 IST" duration-ms="6003" status="PASS">
          <reporter-output>
          </reporter-output>
        </test-method> <!-- beforeMethod -->
        <test-method signature="thirdScenarioTest()[pri:0, instance:module01.ClassZeroTest@bcec361]" started-at="2025-09-26T17:20:39 IST" name="thirdScenarioTest" finished-at="2025-09-26T17:20:39 IST" duration-ms="18" status="PASS">
          <reporter-output>
          </reporter-output>
        </test-method> <!-- thirdScenarioTest -->
        <test-method is-config="true" signature="afterMethod()[pri:0, instance:module01.ClassZeroTest@bcec361]" started-at="2025-09-26T17:20:39 IST" name="afterMethod" finished-at="2025-09-26T17:20:42 IST" duration-ms="2667" status="PASS">
          <reporter-output>
          </reporter-output>
        </test-method> <!-- afterMethod -->
        <test-method is-config="true" signature="afterClassMethod()[pri:0, instance:module01.ClassZeroTest@bcec361]" started-at="2025-09-26T17:20:42 IST" name="afterClassMethod" finished-at="2025-09-26T17:21:13 IST" duration-ms="31634" status="PASS">
          <reporter-output>
          </reporter-output>
        </test-method> <!-- afterClassMethod -->
      </class> <!-- module01.ClassZeroTest -->
      <class name="module02.ClassOneTest">
        <test-method is-config="true" signature="beforeClassMethod(org.testng.xml.XmlTest)[pri:0, instance:module02.ClassOneTest@198b6731]" started-at="2025-09-26T17:20:03 IST" name="beforeClassMethod" finished-at="2025-09-26T17:20:10 IST" duration-ms="7062" status="PASS">
          <params>
            <param index="0">
              <value>
                <![CDATA[org.testng.xml.XmlTest@c5736fef]]>
              </value>
            </param>
          </params>
          <reporter-output>
          </reporter-output>
        </test-method> <!-- beforeClassMethod -->
        <test-method is-config="true" signature="beforeMethod()[pri:0, instance:module02.ClassOneTest@198b6731]" started-at="2025-09-26T17:20:10 IST" name="beforeMethod" finished-at="2025-09-26T17:20:17 IST" duration-ms="7476" status="PASS">
          <reporter-output>
          </reporter-output>
        </test-method> <!-- beforeMethod -->
        <test-method signature="ScecondScenarioTest()[pri:0, instance:module02.ClassOneTest@198b6731]" started-at="2025-09-26T17:20:17 IST" name="ScecondScenarioTest" finished-at="2025-09-26T17:20:17 IST" duration-ms="1" status="PASS">
          <reporter-output>
          </reporter-output>
        </test-method> <!-- ScecondScenarioTest -->
        <test-method is-config="true" signature="afterMethod()[pri:0, instance:module02.ClassOneTest@198b6731]" started-at="2025-09-26T17:20:17 IST" name="afterMethod" finished-at="2025-09-26T17:20:22 IST" duration-ms="5065" status="PASS">
          <reporter-output>
          </reporter-output>
        </test-method> <!-- afterMethod -->
        <test-method is-config="true" signature="beforeMethod()[pri:0, instance:module02.ClassOneTest@198b6731]" started-at="2025-09-26T17:20:22 IST" name="beforeMethod" finished-at="2025-09-26T17:20:27 IST" duration-ms="4613" status="PASS">
          <reporter-output>
          </reporter-output>
        </test-method> <!-- beforeMethod -->
        <test-method signature="firstScenarioTest()[pri:0, instance:module02.ClassOneTest@198b6731]" started-at="2025-09-26T17:20:27 IST" name="firstScenarioTest" finished-at="2025-09-26T17:20:27 IST" duration-ms="13" status="PASS">
          <reporter-output>
          </reporter-output>
        </test-method> <!-- firstScenarioTest -->
        <test-method is-config="true" signature="afterMethod()[pri:0, instance:module02.ClassOneTest@198b6731]" started-at="2025-09-26T17:20:27 IST" name="afterMethod" finished-at="2025-09-26T17:20:34 IST" duration-ms="6895" status="PASS">
          <reporter-output>
          </reporter-output>
        </test-method> <!-- afterMethod -->
        <test-method is-config="true" signature="beforeMethod()[pri:0, instance:module02.ClassOneTest@198b6731]" started-at="2025-09-26T17:20:34 IST" name="beforeMethod" finished-at="2025-09-26T17:20:39 IST" duration-ms="4855" status="PASS">
          <reporter-output>
          </reporter-output>
        </test-method> <!-- beforeMethod -->
        <test-method signature="thirdScenarioTest()[pri:0, instance:module02.ClassOneTest@198b6731]" started-at="2025-09-26T17:20:39 IST" name="thirdScenarioTest" finished-at="2025-09-26T17:20:39 IST" duration-ms="1" status="PASS">
          <reporter-output>
          </reporter-output>
        </test-method> <!-- thirdScenarioTest -->
        <test-method is-config="true" signature="afterMethod()[pri:0, instance:module02.ClassOneTest@198b6731]" started-at="2025-09-26T17:20:39 IST" name="afterMethod" finished-at="2025-09-26T17:20:42 IST" duration-ms="2699" status="PASS">
          <reporter-output>
          </reporter-output>
        </test-method> <!-- afterMethod -->
        <test-method is-config="true" signature="afterClassMethod()[pri:0, instance:module02.ClassOneTest@198b6731]" started-at="2025-09-26T17:20:42 IST" name="afterClassMethod" finished-at="2025-09-26T17:21:13 IST" duration-ms="31652" status="PASS">
          <reporter-output>
          </reporter-output>
        </test-method> <!-- afterClassMethod -->
      </class> <!-- module02.ClassOneTest -->
      <class name="module03.ClassOneTest">
        <test-method is-config="true" signature="beforeClassMethod(org.testng.xml.XmlTest)[pri:0, instance:module03.ClassOneTest@4e08711f]" started-at="2025-09-26T17:20:03 IST" name="beforeClassMethod" finished-at="2025-09-26T17:20:08 IST" duration-ms="5425" status="PASS">
          <params>
            <param index="0">
              <value>
                <![CDATA[org.testng.xml.XmlTest@c5736fef]]>
              </value>
            </param>
          </params>
          <reporter-output>
          </reporter-output>
        </test-method> <!-- beforeClassMethod -->
        <test-method is-config="true" signature="beforeMethod()[pri:0, instance:module03.ClassOneTest@4e08711f]" started-at="2025-09-26T17:20:08 IST" name="beforeMethod" finished-at="2025-09-26T17:20:15 IST" duration-ms="6718" status="PASS">
          <reporter-output>
          </reporter-output>
        </test-method> <!-- beforeMethod -->
        <test-method signature="ScecondScenarioTest()[pri:0, instance:module03.ClassOneTest@4e08711f]" started-at="2025-09-26T17:20:15 IST" name="ScecondScenarioTest" finished-at="2025-09-26T17:20:15 IST" duration-ms="186" status="PASS">
          <reporter-output>
          </reporter-output>
        </test-method> <!-- ScecondScenarioTest -->
        <test-method is-config="true" signature="afterMethod()[pri:0, instance:module03.ClassOneTest@4e08711f]" started-at="2025-09-26T17:20:15 IST" name="afterMethod" finished-at="2025-09-26T17:20:28 IST" duration-ms="12595" status="PASS">
          <reporter-output>
          </reporter-output>
        </test-method> <!-- afterMethod -->
        <test-method is-config="true" signature="beforeMethod()[pri:0, instance:module03.ClassOneTest@4e08711f]" started-at="2025-09-26T17:20:28 IST" name="beforeMethod" finished-at="2025-09-26T17:20:32 IST" duration-ms="3987" status="PASS">
          <reporter-output>
          </reporter-output>
        </test-method> <!-- beforeMethod -->
        <test-method signature="firstScenarioTest()[pri:0, instance:module03.ClassOneTest@4e08711f]" started-at="2025-09-26T17:20:32 IST" name="firstScenarioTest" finished-at="2025-09-26T17:20:32 IST" duration-ms="7" status="PASS">
          <reporter-output>
          </reporter-output>
        </test-method> <!-- firstScenarioTest -->
        <test-method is-config="true" signature="afterMethod()[pri:0, instance:module03.ClassOneTest@4e08711f]" started-at="2025-09-26T17:20:32 IST" name="afterMethod" finished-at="2025-09-26T17:20:38 IST" duration-ms="6010" status="PASS">
          <reporter-output>
          </reporter-output>
        </test-method> <!-- afterMethod -->
        <test-method is-config="true" signature="beforeMethod()[pri:0, instance:module03.ClassOneTest@4e08711f]" started-at="2025-09-26T17:20:38 IST" name="beforeMethod" finished-at="2025-09-26T17:20:42 IST" duration-ms="3707" status="PASS">
          <reporter-output>
          </reporter-output>
        </test-method> <!-- beforeMethod -->
        <test-method signature="thirdScenarioTest()[pri:0, instance:module03.ClassOneTest@4e08711f]" started-at="2025-09-26T17:20:42 IST" name="thirdScenarioTest" finished-at="2025-09-26T17:20:42 IST" duration-ms="1" status="PASS">
          <reporter-output>
          </reporter-output>
        </test-method> <!-- thirdScenarioTest -->
        <test-method is-config="true" signature="afterMethod()[pri:0, instance:module03.ClassOneTest@4e08711f]" started-at="2025-09-26T17:20:42 IST" name="afterMethod" finished-at="2025-09-26T17:20:44 IST" duration-ms="2313" status="PASS">
          <reporter-output>
          </reporter-output>
        </test-method> <!-- afterMethod -->
        <test-method is-config="true" signature="afterClassMethod()[pri:0, instance:module03.ClassOneTest@4e08711f]" started-at="2025-09-26T17:20:44 IST" name="afterClassMethod" finished-at="2025-09-26T17:21:15 IST" duration-ms="31127" status="PASS">
          <reporter-output>
          </reporter-output>
        </test-method> <!-- afterClassMethod -->
      </class> <!-- module03.ClassOneTest -->
      <class name="module01.ClassOneTest">
        <test-method is-config="true" signature="beforeClassMethod(org.testng.xml.XmlTest)[pri:0, instance:module01.ClassOneTest@2cd76f31]" started-at="2025-09-26T17:21:50 IST" name="beforeClassMethod" finished-at="2025-09-26T17:22:02 IST" duration-ms="11813" status="PASS">
          <params>
            <param index="0">
              <value>
                <![CDATA[org.testng.xml.XmlTest@c5736fef]]>
              </value>
            </param>
          </params>
          <reporter-output>
          </reporter-output>
        </test-method> <!-- beforeClassMethod -->
        <test-method is-config="true" signature="beforeMethod()[pri:0, instance:module01.ClassOneTest@2cd76f31]" started-at="2025-09-26T17:22:02 IST" name="beforeMethod" finished-at="2025-09-26T17:22:05 IST" duration-ms="2517" status="PASS">
          <reporter-output>
          </reporter-output>
        </test-method> <!-- beforeMethod -->
        <test-method signature="ScecondScenarioTest()[pri:0, instance:module01.ClassOneTest@2cd76f31]" started-at="2025-09-26T17:22:05 IST" name="ScecondScenarioTest" finished-at="2025-09-26T17:22:05 IST" duration-ms="2" status="PASS">
          <reporter-output>
          </reporter-output>
        </test-method> <!-- ScecondScenarioTest -->
        <test-method is-config="true" signature="afterMethod()[pri:0, instance:module01.ClassOneTest@2cd76f31]" started-at="2025-09-26T17:22:05 IST" name="afterMethod" finished-at="2025-09-26T17:22:07 IST" duration-ms="1932" status="PASS">
          <reporter-output>
          </reporter-output>
        </test-method> <!-- afterMethod -->
        <test-method is-config="true" signature="beforeMethod()[pri:0, instance:module01.ClassOneTest@2cd76f31]" started-at="2025-09-26T17:22:07 IST" name="beforeMethod" finished-at="2025-09-26T17:22:08 IST" duration-ms="1348" status="PASS">
[...]
          <reporter-output>
          </reporter-output>
        </test-method> <!-- afterClassMethod -->
      </class> <!-- module03.ClassOneTest -->
      <class name="module01.ClassOneTest">
        <test-method is-config="true" signature="beforeClassMethod(org.testng.xml.XmlTest)[pri:0, instance:module01.ClassOneTest@5c671d7f]" started-at="2025-09-26T17:21:46 IST" name="beforeClassMethod" finished-at="2025-09-26T17:21:58 IST" duration-ms="12011" status="PASS">
          <params>
            <param index="0">
              <value>
                <![CDATA[org.testng.xml.XmlTest@cc371b7e]]>
              </value>
            </param>
          </params>
          <reporter-output>
          </reporter-output>
        </test-method> <!-- beforeClassMethod -->
        <test-method is-config="true" signature="beforeMethod()[pri:0, instance:module01.ClassOneTest@5c671d7f]" started-at="2025-09-26T17:21:58 IST" name="beforeMethod" finished-at="2025-09-26T17:21:58 IST" duration-ms="396" status="PASS">
          <reporter-output>
          </reporter-output>
        </test-method> <!-- beforeMethod -->
        <test-method signature="ScecondScenarioTest()[pri:0, instance:module01.ClassOneTest@5c671d7f]" started-at="2025-09-26T17:21:58 IST" name="ScecondScenarioTest" finished-at="2025-09-26T17:21:58 IST" duration-ms="1" status="PASS">
          <reporter-output>
          </reporter-output>
        </test-method> <!-- ScecondScenarioTest -->
        <test-method is-config="true" signature="afterMethod()[pri:0, instance:module01.ClassOneTest@5c671d7f]" started-at="2025-09-26T17:21:58 IST" name="afterMethod" finished-at="2025-09-26T17:22:03 IST" duration-ms="4972" status="PASS">
          <reporter-output>
          </reporter-output>
        </test-method> <!-- afterMethod -->
        <test-method is-config="true" signature="beforeMethod()[pri:0, instance:module01.ClassOneTest@5c671d7f]" started-at="2025-09-26T17:22:03 IST" name="beforeMethod" finished-at="2025-09-26T17:22:03 IST" duration-ms="241" status="PASS">
          <reporter-output>
          </reporter-output>
        </test-method> <!-- beforeMethod -->
        <test-method signature="firstScenarioTest()[pri:0, instance:module01.ClassOneTest@5c671d7f]" started-at="2025-09-26T17:22:03 IST" name="firstScenarioTest" finished-at="2025-09-26T17:22:03 IST" duration-ms="1" status="PASS">
          <reporter-output>
          </reporter-output>
        </test-method> <!-- firstScenarioTest -->
        <test-method is-config="true" signature="afterMethod()[pri:0, instance:module01.ClassOneTest@5c671d7f]" started-at="2025-09-26T17:22:03 IST" name="afterMethod" finished-at="2025-09-26T17:22:07 IST" duration-ms="3254" status="PASS">
          <reporter-output>
          </reporter-output>
        </test-method> <!-- afterMethod -->
        <test-method is-config="true" signature="beforeMethod()[pri:0, instance:module01.ClassOneTest@5c671d7f]" started-at="2025-09-26T17:22:07 IST" name="beforeMethod" finished-at="2025-09-26T17:22:07 IST" duration-ms="70" status="PASS">
          <reporter-output>
          </reporter-output>
        </test-method> <!-- beforeMethod -->
        <test-method signature="thirdScenarioTest()[pri:0, instance:module01.ClassOneTest@5c671d7f]" started-at="2025-09-26T17:22:07 IST" name="thirdScenarioTest" finished-at="2025-09-26T17:22:07 IST" duration-ms="3" status="PASS">
          <reporter-output>
          </reporter-output>
        </test-method> <!-- thirdScenarioTest -->
        <test-method is-config="true" signature="afterMethod()[pri:0, instance:module01.ClassOneTest@5c671d7f]" started-at="2025-09-26T17:22:07 IST" name="afterMethod" finished-at="2025-09-26T17:22:23 IST" duration-ms="16810" status="FAIL">
          <exception class="org.openqa.selenium.NoSuchElementException">
            <message>
              <![CDATA[Unable to locate element: Sign Out
For documentation on this error, please visit: https://www.selenium.dev/documentation/webdriver/troubleshooting/errors#no-such-element-exception
Build info: version: '4.35.0', revision: '1c58e5028b'
System info: os.name: 'Windows 11', os.arch: 'amd64', os.version: '10.0', java.version: '21.0.6'
Driver info: org.openqa.selenium.firefox.FirefoxDriver
Command: [62215a84-0308-40c7-9489-de88e49fd221, findElement {using=link text, value=Sign Out}]
Capabilities {acceptInsecureCerts: true, browserName: firefox, browserVersion: 143.0.1, moz:accessibilityChecks: false, moz:buildID: 20250918214338, moz:geckodriverVersion: 0.36.0, moz:headless: false, moz:platformVersion: 10.0, moz:processID: 16288, moz:profile: C:\Users\KAIFKH~1\AppData\L..., moz:shutdownTimeout: 60000, moz:webdriverClick: true, moz:windowless: false, pageLoadStrategy: normal, platformName: windows, proxy: Proxy(), setWindowRect: true, strictFileInteractability: false, timeouts: {implicit: 0, pageLoad: 300000, script: 30000}, unhandledPromptBehavior: dismiss and notify, userAgent: Mozilla/5.0 (Windows NT 10....}
Session ID: 62215a84-0308-40c7-9489-de88e49fd221]]>
            </message>
            <full-stacktrace>
              <![CDATA[org.openqa.selenium.NoSuchElementException: Unable to locate element: Sign Out
For documentation on this error, please visit: https://www.selenium.dev/documentation/webdriver/troubleshooting/errors#no-such-element-exception
Build info: version: '4.35.0', revision: '1c58e5028b'
System info: os.name: 'Windows 11', os.arch: 'amd64', os.version: '10.0', java.version: '21.0.6'
Driver info: org.openqa.selenium.firefox.FirefoxDriver
Command: [62215a84-0308-40c7-9489-de88e49fd221, findElement {using=link text, value=Sign Out}]
Capabilities {acceptInsecureCerts: true, browserName: firefox, browserVersion: 143.0.1, moz:accessibilityChecks: false, moz:buildID: 20250918214338, moz:geckodriverVersion: 0.36.0, moz:headless: false, moz:platformVersion: 10.0, moz:processID: 16288, moz:profile: C:\Users\KAIFKH~1\AppData\L..., moz:shutdownTimeout: 60000, moz:webdriverClick: true, moz:windowless: false, pageLoadStrategy: normal, platformName: windows, proxy: Proxy(), setWindowRect: true, strictFileInteractability: false, timeouts: {implicit: 0, pageLoad: 300000, script: 30000}, unhandledPromptBehavior: dismiss and notify, userAgent: Mozilla/5.0 (Windows NT 10....}
Session ID: 62215a84-0308-40c7-9489-de88e49fd221
at java.base/jdk.internal.reflect.DirectConstructorHandleAccessor.newInstance(DirectConstructorHandleAccessor.java:62)
at java.base/java.lang.reflect.Constructor.newInstanceWithCaller(Constructor.java:502)
at java.base/java.lang.reflect.Constructor.newInstance(Constructor.java:486)
at org.openqa.selenium.remote.ErrorCodec.decode(ErrorCodec.java:167)
at org.openqa.selenium.remote.codec.w3c.W3CHttpResponseCodec.decode(W3CHttpResponseCodec.java:138)
at org.openqa.selenium.remote.codec.w3c.W3CHttpResponseCodec.decode(W3CHttpResponseCodec.java:50)
at org.openqa.selenium.remote.HttpCommandExecutor.execute(HttpCommandExecutor.java:215)
at org.openqa.selenium.remote.service.DriverCommandExecutor.invokeExecute(DriverCommandExecutor.java:216)
at org.openqa.selenium.remote.service.DriverCommandExecutor.execute(DriverCommandExecutor.java:174)
at org.openqa.selenium.remote.RemoteWebDriver.execute(RemoteWebDriver.java:557)
at org.openqa.selenium.remote.ElementLocation$ElementFinder$2.findElement(ElementLocation.java:165)
at org.openqa.selenium.remote.ElementLocation.findElement(ElementLocation.java:59)
at org.openqa.selenium.remote.RemoteWebDriver.findElement(RemoteWebDriver.java:380)
at org.openqa.selenium.remote.RemoteWebDriver.findElement(RemoteWebDriver.java:374)
at org.openqa.selenium.support.pagefactory.DefaultElementLocator.findElement(DefaultElementLocator.java:68)
at org.openqa.selenium.support.pagefactory.internal.LocatingElementHandler.invoke(LocatingElementHandler.java:38)
at jdk.proxy2/jdk.proxy2.$Proxy18.click(Unknown Source)
at com.ProjectName.busuness.repository.HomePage.logoutFromApp(HomePage.java:46)
at com.ProjectName.generic.BaseClassUtil.BaseClass.afterMethod(BaseClass.java:113)
at java.base/jdk.internal.reflect.DirectMethodHandleAccessor.invoke(DirectMethodHandleAccessor.java:103)
at java.base/java.lang.reflect.Method.invoke(Method.java:580)
at org.testng.internal.invokers.MethodInvocationHelper.invokeMethod(MethodInvocationHelper.java:141)
at org.testng.internal.invokers.MethodInvocationHelper.invokeMethodConsideringTimeout(MethodInvocationHelper.java:71)
at org.testng.internal.invokers.ConfigInvoker.invokeConfigurationMethod(ConfigInvoker.java:400)
at org.testng.internal.invokers.ConfigInvoker.invokeConfigurations(ConfigInvoker.java:333)
at org.testng.internal.invokers.TestInvoker.runConfigMethods(TestInvoker.java:836)
at org.testng.internal.invokers.TestInvoker.runAfterConfigurations(TestInvoker.java:805)
at org.testng.internal.invokers.TestInvoker.invokeMethod(TestInvoker.java:781)
at org.testng.internal.invokers.TestInvoker.invokeTestMethod(TestInvoker.java:230)
at org.testng.internal.invokers.MethodRunner.runInSequence(MethodRunner.java:63)
at org.testng.internal.invokers.TestInvoker$MethodInvocationAgent.invoke(TestInvoker.java:995)
at org.testng.internal.invokers.TestInvoker.invokeTestMethods(TestInvoker.java:203)
at org.testng.internal.invokers.TestMethodWorker.invokeTestMethods(TestMethodWorker.java:154)
at org.testng.internal.invokers.TestMethodWorker.run(TestMethodWorker.java:134)
at java.base/java.util.concurrent.Executors$RunnableAdapter.call(Executors.java:572)
at java.base/java.util.concurrent.FutureTask.run(FutureTask.java:317)
at org.testng.internal.thread.graph.TestNGFutureTask.run(TestNGFutureTask.java:22)
at java.base/java.util.concurrent.ThreadPoolExecutor.runWorker(ThreadPoolExecutor.java:1144)
at java.base/java.util.concurrent.ThreadPoolExecutor$Worker.run(ThreadPoolExecutor.java:642)
at java.base/java.lang.Thread.run(Thread.java:1583)
]]>
            </full-stacktrace>
          </exception> <!-- org.openqa.selenium.NoSuchElementException -->
          <reporter-output>
          </reporter-output>
        </test-method> <!-- afterMethod -->
        <test-method is-config="true" signature="afterClassMethod()[pri:0, instance:module01.ClassOneTest@5c671d7f]" started-at="2025-09-26T17:22:23 IST" name="afterClassMethod" finished-at="2025-09-26T17:22:25 IST" duration-ms="1309" status="PASS">
          <reporter-output>
          </reporter-output>
        </test-method> <!-- afterClassMethod -->
      </class> <!-- module01.ClassOneTest -->
      <class name="module03.ClassTwoTest">
        <test-method is-config="true" signature="beforeClassMethod(org.testng.xml.XmlTest)[pri:0, instance:module03.ClassTwoTest@49e5f737]" started-at="2025-09-26T17:21:34 IST" name="beforeClassMethod" finished-at="2025-09-26T17:21:45 IST" duration-ms="11279" status="PASS">
          <params>
            <param index="0">
              <value>
                <![CDATA[org.testng.xml.XmlTest@cc371b7e]]>
              </value>
            </param>
          </params>
          <reporter-output>
          </reporter-output>
        </test-method> <!-- beforeClassMethod -->
        <test-method is-config="true" signature="beforeMethod()[pri:0, instance:module03.ClassTwoTest@49e5f737]" started-at="2025-09-26T17:21:45 IST" name="beforeMethod" finished-at="2025-09-26T17:21:46 IST" duration-ms="652" status="PASS">
          <reporter-output>
          </reporter-output>
        </test-method> <!-- beforeMethod -->
        <test-method signature="ScecondScenarioTest()[pri:0, instance:module03.ClassTwoTest@49e5f737]" started-at="2025-09-26T17:21:46 IST" name="ScecondScenarioTest" finished-at="2025-09-26T17:21:46 IST" duration-ms="1" status="PASS">
          <reporter-output>
          </reporter-output>
        </test-method> <!-- ScecondScenarioTest -->
        <test-method is-config="true" signature="afterMethod()[pri:0, instance:module03.ClassTwoTest@49e5f737]" started-at="2025-09-26T17:21:46 IST" name="afterMethod" finished-at="2025-09-26T17:21:51 IST" duration-ms="4623" status="PASS">
          <reporter-output>
          </reporter-output>
        </test-method> <!-- afterMethod -->
        <test-method is-config="true" signature="beforeMethod()[pri:0, instance:module03.ClassTwoTest@49e5f737]" started-at="2025-09-26T17:21:51 IST" name="beforeMethod" finished-at="2025-09-26T17:21:51 IST" duration-ms="68" status="PASS">
          <reporter-output>
          </reporter-output>
        </test-method> <!-- beforeMethod -->
        <test-method signature="firstScenarioTest()[pri:0, instance:module03.ClassTwoTest@49e5f737]" started-at="2025-09-26T17:21:51 IST" name="firstScenarioTest" finished-at="2025-09-26T17:21:51 IST" duration-ms="1" status="PASS">
          <reporter-output>
          </reporter-output>
        </test-method> <!-- firstScenarioTest -->
        <test-method is-config="true" signature="afterMethod()[pri:0, instance:module03.ClassTwoTest@49e5f737]" started-at="2025-09-26T17:21:51 IST" name="afterMethod" finished-at="2025-09-26T17:21:54 IST" duration-ms="3576" status="PASS">
          <reporter-output>
          </reporter-output>
        </test-method> <!-- afterMethod -->
        <test-method is-config="true" signature="beforeMethod()[pri:0, instance:module03.ClassTwoTest@49e5f737]" started-at="2025-09-26T17:21:54 IST" name="beforeMethod" finished-at="2025-09-26T17:21:55 IST" duration-ms="129" status="PASS">
          <reporter-output>
          </reporter-output>
        </test-method> <!-- beforeMethod -->
        <test-method signature="thirdScenarioTest()[pri:0, instance:module03.ClassTwoTest@49e5f737]" started-at="2025-09-26T17:21:55 IST" name="thirdScenarioTest" finished-at="2025-09-26T17:21:55 IST" duration-ms="6" status="PASS">
          <reporter-output>
          </reporter-output>
        </test-method> <!-- thirdScenarioTest -->
        <test-method is-config="true" signature="afterMethod()[pri:0, instance:module03.ClassTwoTest@49e5f737]" started-at="2025-09-26T17:21:55 IST" name="afterMethod" finished-at="2025-09-26T17:21:59 IST" duration-ms="4801" status="PASS">
          <reporter-output>
          </reporter-output>
        </test-method> <!-- afterMethod -->
        <test-method is-config="true" signature="afterClassMethod()[pri:0, instance:module03.ClassTwoTest@49e5f737]" started-at="2025-09-26T17:21:59 IST" name="afterClassMethod" finished-at="2025-09-26T17:22:05 IST" duration-ms="5933" status="PASS">
          <reporter-output>
          </reporter-output>
        </test-method> <!-- afterClassMethod -->
      </class> <!-- module03.ClassTwoTest -->
      <class name="module03.ClassZeroTest">
        <test-method is-config="true" signature="beforeClassMethod(org.testng.xml.XmlTest)[pri:0, instance:module03.ClassZeroTest@445b295b]" started-at="2025-09-26T17:21:13 IST" name="beforeClassMethod" finished-at="2025-09-26T17:21:38 IST" duration-ms="25078" status="PASS">
          <params>
            <param index="0">
              <value>
                <![CDATA[org.testng.xml.XmlTest@cc371b7e]]>
              </value>
            </param>
          </params>
          <reporter-output>
          </reporter-output>
        </test-method> <!-- beforeClassMethod -->
        <test-method is-config="true" signature="beforeMethod()[pri:0, instance:module03.ClassZeroTest@445b295b]" started-at="2025-09-26T17:21:38 IST" name="beforeMethod" finished-at="2025-09-26T17:21:40 IST" duration-ms="1863" status="PASS">
          <reporter-output>
          </reporter-output>
        </test-method> <!-- beforeMethod -->
        <test-method signature="ScecondScenarioTest()[pri:0, instance:module03.ClassZeroTest@445b295b]" started-at="2025-09-26T17:21:40 IST" name="ScecondScenarioTest" finished-at="2025-09-26T17:21:40 IST" duration-ms="5" status="PASS">
          <reporter-output>
          </reporter-output>
        </test-method> <!-- ScecondScenarioTest -->
        <test-method is-config="true" signature="afterMethod()[pri:0, instance:module03.ClassZeroTest@445b295b]" started-at="2025-09-26T17:21:40 IST" name="afterMethod" finished-at="2025-09-26T17:21:49 IST" duration-ms="9383" status="PASS">
          <reporter-output>
          </reporter-output>
        </test-method> <!-- afterMethod -->
        <test-method is-config="true" signature="beforeMethod()[pri:0, instance:module03.ClassZeroTest@445b295b]" started-at="2025-09-26T17:21:49 IST" name="beforeMethod" finished-at="2025-09-26T17:21:50 IST" duration-ms="444" status="PASS">
          <reporter-output>
          </reporter-output>
        </test-method> <!-- beforeMethod -->
        <test-method signature="firstScenarioTest()[pri:0, instance:module03.ClassZeroTest@445b295b]" started-at="2025-09-26T17:21:50 IST" name="firstScenarioTest" finished-at="2025-09-26T17:21:50 IST" duration-ms="6" status="PASS">
          <reporter-output>
          </reporter-output>
        </test-method> <!-- firstScenarioTest -->
        <test-method is-config="true" signature="afterMethod()[pri:0, instance:module03.ClassZeroTest@445b295b]" started-at="2025-09-26T17:21:50 IST" name="afterMethod" finished-at="2025-09-26T17:21:57 IST" duration-ms="7032" status="PASS">
          <reporter-output>
          </reporter-output>
        </test-method> <!-- afterMethod -->
        <test-method is-config="true" signature="beforeMethod()[pri:0, instance:module03.ClassZeroTest@445b295b]" started-at="2025-09-26T17:21:57 IST" name="beforeMethod" finished-at="2025-09-26T17:21:57 IST" duration-ms="182" status="PASS">
          <reporter-output>
          </reporter-output>
        </test-method> <!-- beforeMethod -->
        <test-method signature="fourthScenarioTest()[pri:0, instance:module03.ClassZeroTest@445b295b]" started-at="2025-09-26T17:21:57 IST" name="fourthScenarioTest" finished-at="2025-09-26T17:21:57 IST" duration-ms="2" status="PASS">
          <reporter-output>
          </reporter-output>
        </test-method> <!-- fourthScenarioTest -->
        <test-method is-config="true" signature="afterMethod()[pri:0, instance:module03.ClassZeroTest@445b295b]" started-at="2025-09-26T17:21:57 IST" name="afterMethod" finished-at="2025-09-26T17:22:03 IST" duration-ms="5800" status="PASS">
          <reporter-output>
          </reporter-output>
        </test-method> <!-- afterMethod -->
        <test-method is-config="true" signature="beforeMethod()[pri:0, instance:module03.ClassZeroTest@445b295b]" started-at="2025-09-26T17:22:03 IST" name="beforeMethod" finished-at="2025-09-26T17:22:03 IST" duration-ms="245" status="PASS">
          <reporter-output>
          </reporter-output>
        </test-method> <!-- beforeMethod -->
        <test-method signature="thirdScenarioTest()[pri:0, instance:module03.ClassZeroTest@445b295b]" started-at="2025-09-26T17:22:03 IST" name="thirdScenarioTest" finished-at="2025-09-26T17:22:03 IST" duration-ms="1" status="PASS">
          <reporter-output>
          </reporter-output>
        </test-method> <!-- thirdScenarioTest -->
        <test-method is-config="true" signature="afterMethod()[pri:0, instance:module03.ClassZeroTest@445b295b]" started-at="2025-09-26T17:22:03 IST" name="afterMethod" finished-at="2025-09-26T17:22:06 IST" duration-ms="2998" status="PASS">
          <reporter-output>
          </reporter-output>
        </test-method> <!-- afterMethod -->
        <test-method is-config="true" signature="afterClassMethod()[pri:0, instance:module03.ClassZeroTest@445b295b]" started-at="2025-09-26T17:22:06 IST" name="afterClassMethod" finished-at="2025-09-26T17:22:09 IST" duration-ms="2952" status="PASS">
          <reporter-output>
          </reporter-output>
        </test-method> <!-- afterClassMethod -->
      </class> <!-- module03.ClassZeroTest -->
    </test> <!-- firefoxSuite -->
  </suite> <!-- Suite -->
</testng-results>
