<?xml version="1.0" encoding="UTF-8"?>
<testng-results ignored="0" total="28" passed="28" failed="0" skipped="0">
  <reporter-output>
  </reporter-output>
  <suite started-at="2025-09-25T15:12:46 IST" name="Suite" finished-at="2025-09-25T15:12:59 IST" duration-ms="12903">
    <groups>
      <group name="reg">
        <method signature="ClassOneTest.ScecondScenarioTest()[pri:0, instance:module01.ClassOneTest@45c7e403]" name="ScecondScenarioTest" class="module01.ClassOneTest"/>
        <method signature="ClassOneTest.thirdScenarioTest()[pri:0, instance:module01.ClassOneTest@45c7e403]" name="thirdScenarioTest" class="module01.ClassOneTest"/>
        <method signature="ClassTwoTest.ScecondScenarioTest()[pri:0, instance:module01.ClassTwoTest@752325ad]" name="ScecondScenarioTest" class="module01.ClassTwoTest"/>
        <method signature="ClassTwoTest.thirdScenarioTest()[pri:0, instance:module01.ClassTwoTest@752325ad]" name="thirdScenarioTest" class="module01.ClassTwoTest"/>
        <method signature="ClassZeroTest.ScecondScenarioTest()[pri:0, instance:module01.ClassZeroTest@3a52dba3]" name="ScecondScenarioTest" class="module01.ClassZeroTest"/>
        <method signature="ClassZeroTest.thirdScenarioTest()[pri:0, instance:module01.ClassZeroTest@3a52dba3]" name="thirdScenarioTest" class="module01.ClassZeroTest"/>
        <method signature="ClassOneTest.ScecondScenarioTest()[pri:0, instance:module02.ClassOneTest@55fe41ea]" name="ScecondScenarioTest" class="module02.ClassOneTest"/>
        <method signature="ClassOneTest.thirdScenarioTest()[pri:0, instance:module02.ClassOneTest@55fe41ea]" name="thirdScenarioTest" class="module02.ClassOneTest"/>
        <method signature="ClassTwoTest.ScecondScenarioTest()[pri:0, instance:module02.ClassTwoTest@2a5c8d3f]" name="ScecondScenarioTest" class="module02.ClassTwoTest"/>
        <method signature="ClassTwoTest.thirdScenarioTest()[pri:0, instance:module02.ClassTwoTest@2a5c8d3f]" name="thirdScenarioTest" class="module02.ClassTwoTest"/>
        <method signature="ClassZeroTest.ScecondScenarioTest()[pri:0, instance:module02.ClassZeroTest@2aceadd4]" name="ScecondScenarioTest" class="module02.ClassZeroTest"/>
        <method signature="ClassZeroTest.thirdScenarioTest()[pri:0, instance:module02.ClassZeroTest@2aceadd4]" name="thirdScenarioTest" class="module02.ClassZeroTest"/>
        <method signature="ClassOneTest.ScecondScenarioTest()[pri:0, instance:module03.ClassOneTest@24aed80c]" name="ScecondScenarioTest" class="module03.ClassOneTest"/>
        <method signature="ClassOneTest.thirdScenarioTest()[pri:0, instance:module03.ClassOneTest@24aed80c]" name="thirdScenarioTest" class="module03.ClassOneTest"/>
        <method signature="ClassTwoTest.ScecondScenarioTest()[pri:0, instance:module03.ClassTwoTest@b3ca52e]" name="ScecondScenarioTest" class="module03.ClassTwoTest"/>
        <method signature="ClassTwoTest.thirdScenarioTest()[pri:0, instance:module03.ClassTwoTest@b3ca52e]" name="thirdScenarioTest" class="module03.ClassTwoTest"/>
        <method signature="ClassZeroTest.ScecondScenarioTest()[pri:0, instance:module03.ClassZeroTest@279fedbd]" name="ScecondScenarioTest" class="module03.ClassZeroTest"/>
        <method signature="ClassZeroTest.fourthScenarioTest()[pri:0, instance:module03.ClassZeroTest@279fedbd]" name="fourthScenarioTest" class="module03.ClassZeroTest"/>
        <method signature="ClassZeroTest.thirdScenarioTest()[pri:0, instance:module03.ClassZeroTest@279fedbd]" name="thirdScenarioTest" class="module03.ClassZeroTest"/>
      </group> <!-- reg -->
      <group name="smoke">
        <method signature="ClassOneTest.firstScenarioTest()[pri:0, instance:module01.ClassOneTest@45c7e403]" name="firstScenarioTest" class="module01.ClassOneTest"/>
        <method signature="ClassTwoTest.firstScenarioTest()[pri:0, instance:module01.ClassTwoTest@752325ad]" name="firstScenarioTest" class="module01.ClassTwoTest"/>
        <method signature="ClassZeroTest.firstScenarioTest()[pri:0, instance:module01.ClassZeroTest@3a52dba3]" name="firstScenarioTest" class="module01.ClassZeroTest"/>
        <method signature="ClassOneTest.firstScenarioTest()[pri:0, instance:module02.ClassOneTest@55fe41ea]" name="firstScenarioTest" class="module02.ClassOneTest"/>
        <method signature="ClassTwoTest.firstScenarioTest()[pri:0, instance:module02.ClassTwoTest@2a5c8d3f]" name="firstScenarioTest" class="module02.ClassTwoTest"/>
        <method signature="ClassZeroTest.firstScenarioTest()[pri:0, instance:module02.ClassZeroTest@2aceadd4]" name="firstScenarioTest" class="module02.ClassZeroTest"/>
        <method signature="ClassOneTest.firstScenarioTest()[pri:0, instance:module03.ClassOneTest@24aed80c]" name="firstScenarioTest" class="module03.ClassOneTest"/>
        <method signature="ClassTwoTest.firstScenarioTest()[pri:0, instance:module03.ClassTwoTest@b3ca52e]" name="firstScenarioTest" class="module03.ClassTwoTest"/>
        <method signature="ClassZeroTest.firstScenarioTest()[pri:0, instance:module03.ClassZeroTest@279fedbd]" name="firstScenarioTest" class="module03.ClassZeroTest"/>
      </group> <!-- smoke -->
    </groups>
    <test started-at="2025-09-25T15:12:46 IST" name="Test" finished-at="2025-09-25T15:12:59 IST" duration-ms="12903">
      <class name="module02.ClassZeroTest">
        <test-method is-config="true" signature="beforeClassMethod()[pri:0, instance:module02.ClassZeroTest@2aceadd4]" started-at="2025-09-25T15:12:48 IST" name="beforeClassMethod" finished-at="2025-09-25T15:12:49 IST" duration-ms="1149" status="PASS">
          <reporter-output>
          </reporter-output>
        </test-method> <!-- beforeClassMethod -->
        <test-method signature="ScecondScenarioTest()[pri:0, instance:module02.ClassZeroTest@2aceadd4]" started-at="2025-09-25T15:12:49 IST" name="ScecondScenarioTest" finished-at="2025-09-25T15:12:49 IST" duration-ms="2" status="PASS">
          <reporter-output>
          </reporter-output>
        </test-method> <!-- ScecondScenarioTest -->
        <test-method is-config="true" signature="beforeMethod()[pri:0, instance:module02.ClassZeroTest@2aceadd4]" started-at="2025-09-25T15:12:49 IST" name="beforeMethod" finished-at="2025-09-25T15:12:49 IST" duration-ms="0" status="PASS">
          <reporter-output>
          </reporter-output>
        </test-method> <!-- beforeMethod -->
        <test-method is-config="true" signature="afterMethod()[pri:0, instance:module02.ClassZeroTest@2aceadd4]" started-at="2025-09-25T15:12:49 IST" name="afterMethod" finished-at="2025-09-25T15:12:49 IST" duration-ms="1" status="PASS">
          <reporter-output>
          </reporter-output>
        </test-method> <!-- afterMethod -->
        <test-method is-config="true" signature="beforeMethod()[pri:0, instance:module02.ClassZeroTest@2aceadd4]" started-at="2025-09-25T15:12:49 IST" name="beforeMethod" finished-at="2025-09-25T15:12:49 IST" duration-ms="1" status="PASS">
          <reporter-output>
          </reporter-output>
        </test-method> <!-- beforeMethod -->
        <test-method signature="firstScenarioTest()[pri:0, instance:module02.ClassZeroTest@2aceadd4]" started-at="2025-09-25T15:12:49 IST" name="firstScenarioTest" finished-at="2025-09-25T15:12:49 IST" duration-ms="1" status="PASS">
          <reporter-output>
          </reporter-output>
        </test-method> <!-- firstScenarioTest -->
        <test-method is-config="true" signature="afterMethod()[pri:0, instance:module02.ClassZeroTest@2aceadd4]" started-at="2025-09-25T15:12:49 IST" name="afterMethod" finished-at="2025-09-25T15:12:49 IST" duration-ms="1" status="PASS">
          <reporter-output>
          </reporter-output>
        </test-method> <!-- afterMethod -->
        <test-method signature="thirdScenarioTest()[pri:0, instance:module02.ClassZeroTest@2aceadd4]" started-at="2025-09-25T15:12:49 IST" name="thirdScenarioTest" finished-at="2025-09-25T15:12:49 IST" duration-ms="1" status="PASS">
          <reporter-output>
          </reporter-output>
        </test-method> <!-- thirdScenarioTest -->
        <test-method is-config="true" signature="beforeMethod()[pri:0, instance:module02.ClassZeroTest@2aceadd4]" started-at="2025-09-25T15:12:49 IST" name="beforeMethod" finished-at="2025-09-25T15:12:49 IST" duration-ms="0" status="PASS">
          <reporter-output>
          </reporter-output>
        </test-method> <!-- beforeMethod -->
        <test-method is-config="true" signature="afterMethod()[pri:0, instance:module02.ClassZeroTest@2aceadd4]" started-at="2025-09-25T15:12:49 IST" name="afterMethod" finished-at="2025-09-25T15:12:49 IST" duration-ms="1" status="PASS">
          <reporter-output>
          </reporter-output>
        </test-method> <!-- afterMethod -->
        <test-method is-config="true" signature="afterClassMethod()[pri:0, instance:module02.ClassZeroTest@2aceadd4]" started-at="2025-09-25T15:12:49 IST" name="afterClassMethod" finished-at="2025-09-25T15:12:49 IST" duration-ms="157" status="PASS">
          <reporter-output>
          </reporter-output>
        </test-method> <!-- afterClassMethod -->
      </class> <!-- module02.ClassZeroTest -->
      <class name="module01.ClassTwoTest">
        <test-method is-config="true" signature="beforeClassMethod()[pri:0, instance:module01.ClassTwoTest@752325ad]" started-at="2025-09-25T15:12:54 IST" name="beforeClassMethod" finished-at="2025-09-25T15:12:55 IST" duration-ms="1108" status="PASS">
          <reporter-output>
          </reporter-output>
        </test-method> <!-- beforeClassMethod -->
        <test-method is-config="true" signature="beforeMethod()[pri:0, instance:module01.ClassTwoTest@752325ad]" started-at="2025-09-25T15:12:55 IST" name="beforeMethod" finished-at="2025-09-25T15:12:55 IST" duration-ms="1" status="PASS">
          <reporter-output>
          </reporter-output>
        </test-method> <!-- beforeMethod -->
        <test-method signature="ScecondScenarioTest()[pri:0, instance:module01.ClassTwoTest@752325ad]" started-at="2025-09-25T15:12:55 IST" name="ScecondScenarioTest" finished-at="2025-09-25T15:12:55 IST" duration-ms="1" status="PASS">
          <reporter-output>
          </reporter-output>
        </test-method> <!-- ScecondScenarioTest -->
        <test-method is-config="true" signature="afterMethod()[pri:0, instance:module01.ClassTwoTest@752325ad]" started-at="2025-09-25T15:12:55 IST" name="afterMethod" finished-at="2025-09-25T15:12:55 IST" duration-ms="1" status="PASS">
          <reporter-output>
          </reporter-output>
        </test-method> <!-- afterMethod -->
        <test-method signature="firstScenarioTest()[pri:0, instance:module01.ClassTwoTest@752325ad]" started-at="2025-09-25T15:12:55 IST" name="firstScenarioTest" finished-at="2025-09-25T15:12:55 IST" duration-ms="2" status="PASS">
          <reporter-output>
          </reporter-output>
        </test-method> <!-- firstScenarioTest -->
        <test-method is-config="true" signature="beforeMethod()[pri:0, instance:module01.ClassTwoTest@752325ad]" started-at="2025-09-25T15:12:55 IST" name="beforeMethod" finished-at="2025-09-25T15:12:55 IST" duration-ms="0" status="PASS">
          <reporter-output>
          </reporter-output>
        </test-method> <!-- beforeMethod -->
        <test-method is-config="true" signature="afterMethod()[pri:0, instance:module01.ClassTwoTest@752325ad]" started-at="2025-09-25T15:12:55 IST" name="afterMethod" finished-at="2025-09-25T15:12:55 IST" duration-ms="1" status="PASS">
          <reporter-output>
          </reporter-output>
        </test-method> <!-- afterMethod -->
        <test-method signature="thirdScenarioTest()[pri:0, instance:module01.ClassTwoTest@752325ad]" started-at="2025-09-25T15:12:55 IST" name="thirdScenarioTest" finished-at="2025-09-25T15:12:55 IST" duration-ms="6" status="PASS">
          <reporter-output>
          </reporter-output>
        </test-method> <!-- thirdScenarioTest -->
        <test-method is-config="true" signature="beforeMethod()[pri:0, instance:module01.ClassTwoTest@752325ad]" started-at="2025-09-25T15:12:55 IST" name="beforeMethod" finished-at="2025-09-25T15:12:55 IST" duration-ms="0" status="PASS">
          <reporter-output>
          </reporter-output>
        </test-method> <!-- beforeMethod -->
        <test-method is-config="true" signature="afterClassMethod()[pri:0, instance:module01.ClassTwoTest@752325ad]" started-at="2025-09-25T15:12:55 IST" name="afterClassMethod" finished-at="2025-09-25T15:12:55 IST" duration-ms="146" status="PASS">
          <reporter-output>
          </reporter-output>
        </test-method> <!-- afterClassMethod -->
        <test-method is-config="true" signature="afterMethod()[pri:0, instance:module01.ClassTwoTest@752325ad]" started-at="2025-09-25T15:12:55 IST" name="afterMethod" finished-at="2025-09-25T15:12:55 IST" duration-ms="0" status="PASS">
          <reporter-output>
          </reporter-output>
        </test-method> <!-- afterMethod -->
      </class> <!-- module01.ClassTwoTest -->
      <class name="module02.ClassTwoTest">
        <test-method is-config="true" signature="beforeClassMethod()[pri:0, instance:module02.ClassTwoTest@2a5c8d3f]" started-at="2025-09-25T15:12:52 IST" name="beforeClassMethod" finished-at="2025-09-25T15:12:53 IST" duration-ms="1172" status="PASS">
          <reporter-output>
          </reporter-output>
        </test-method> <!-- beforeClassMethod -->
        <test-method signature="ScecondScenarioTest()[pri:0, instance:module02.ClassTwoTest@2a5c8d3f]" started-at="2025-09-25T15:12:53 IST" name="ScecondScenarioTest" finished-at="2025-09-25T15:12:53 IST" duration-ms="1" status="PASS">
          <reporter-output>
          </reporter-output>
        </test-method> <!-- ScecondScenarioTest -->
        <test-method is-config="true" signature="beforeMethod()[pri:0, instance:module02.ClassTwoTest@2a5c8d3f]" started-at="2025-09-25T15:12:53 IST" name="beforeMethod" finished-at="2025-09-25T15:12:53 IST" duration-ms="0" status="PASS">
          <reporter-output>
          </reporter-output>
        </test-method> <!-- beforeMethod -->
        <test-method is-config="true" signature="afterMethod()[pri:0, instance:module02.ClassTwoTest@2a5c8d3f]" started-at="2025-09-25T15:12:53 IST" name="afterMethod" finished-at="2025-09-25T15:12:53 IST" duration-ms="1" status="PASS">
          <reporter-output>
          </reporter-output>
        </test-method> <!-- afterMethod -->
        <test-method is-config="true" signature="beforeMethod()[pri:0, instance:module02.ClassTwoTest@2a5c8d3f]" started-at="2025-09-25T15:12:53 IST" name="beforeMethod" finished-at="2025-09-25T15:12:53 IST" duration-ms="0" status="PASS">
          <reporter-output>
          </reporter-output>
        </test-method> <!-- beforeMethod -->
        <test-method signature="firstScenarioTest()[pri:0, instance:module02.ClassTwoTest@2a5c8d3f]" started-at="2025-09-25T15:12:53 IST" name="firstScenarioTest" finished-at="2025-09-25T15:12:53 IST" duration-ms="1" status="PASS">
          <reporter-output>
          </reporter-output>
        </test-method> <!-- firstScenarioTest -->
        <test-method is-config="true" signature="afterMethod()[pri:0, instance:module02.ClassTwoTest@2a5c8d3f]" started-at="2025-09-25T15:12:53 IST" name="afterMethod" finished-at="2025-09-25T15:12:53 IST" duration-ms="1" status="PASS">
          <reporter-output>
          </reporter-output>
        </test-method> <!-- afterMethod -->
        <test-method is-config="true" signature="beforeMethod()[pri:0, instance:module02.ClassTwoTest@2a5c8d3f]" started-at="2025-09-25T15:12:53 IST" name="beforeMethod" finished-at="2025-09-25T15:12:53 IST" duration-ms="1" status="PASS">
          <reporter-output>
          </reporter-output>
        </test-method> <!-- beforeMethod -->
        <test-method signature="thirdScenarioTest()[pri:0, instance:module02.ClassTwoTest@2a5c8d3f]" started-at="2025-09-25T15:12:53 IST" name="thirdScenarioTest" finished-at="2025-09-25T15:12:53 IST" duration-ms="1" status="PASS">
          <reporter-output>
          </reporter-output>
        </test-method> <!-- thirdScenarioTest -->
        <test-method is-config="true" signature="afterMethod()[pri:0, instance:module02.ClassTwoTest@2a5c8d3f]" started-at="2025-09-25T15:12:53 IST" name="afterMethod" finished-at="2025-09-25T15:12:53 IST" duration-ms="0" status="PASS">
          <reporter-output>
          </reporter-output>
        </test-method> <!-- afterMethod -->
        <test-method is-config="true" signature="afterClassMethod()[pri:0, instance:module02.ClassTwoTest@2a5c8d3f]" started-at="2025-09-25T15:12:53 IST" name="afterClassMethod" finished-at="2025-09-25T15:12:54 IST" duration-ms="167" status="PASS">
          <reporter-output>
          </reporter-output>
        </test-method> <!-- afterClassMethod -->
      </class> <!-- module02.ClassTwoTest -->
      <class name="module01.ClassZeroTest">
        <test-method is-config="true" signature="beforeClassMethod()[pri:0, instance:module01.ClassZeroTest@3a52dba3]" started-at="2025-09-25T15:12:51 IST" name="beforeClassMethod" finished-at="2025-09-25T15:12:52 IST" duration-ms="1141" status="PASS">
          <reporter-output>
          </reporter-output>
        </test-method> <!-- beforeClassMethod -->
        <test-method is-config="true" signature="beforeMethod()[pri:0, instance:module01.ClassZeroTest@3a52dba3]" started-at="2025-09-25T15:12:52 IST" name="beforeMethod" finished-at="2025-09-25T15:12:52 IST" duration-ms="1" status="PASS">
          <reporter-output>
          </reporter-output>
        </test-method> <!-- beforeMethod -->
        <test-method signature="ScecondScenarioTest()[pri:0, instance:module01.ClassZeroTest@3a52dba3]" started-at="2025-09-25T15:12:52 IST" name="ScecondScenarioTest" finished-at="2025-09-25T15:12:52 IST" duration-ms="1" status="PASS">
          <reporter-output>
          </reporter-output>
        </test-method> <!-- ScecondScenarioTest -->
        <test-method is-config="true" signature="afterMethod()[pri:0, instance:module01.ClassZeroTest@3a52dba3]" started-at="2025-09-25T15:12:52 IST" name="afterMethod" finished-at="2025-09-25T15:12:52 IST" duration-ms="0" status="PASS">
          <reporter-output>
          </reporter-output>
        </test-method> <!-- afterMethod -->
        <test-method signature="firstScenarioTest()[pri:0, instance:module01.ClassZeroTest@3a52dba3]" started-at="2025-09-25T15:12:52 IST" name="firstScenarioTest" finished-at="2025-09-25T15:12:52 IST" duration-ms="2" status="PASS">
          <reporter-output>
          </reporter-output>
        </test-method> <!-- firstScenarioTest -->
        <test-method is-config="true" signature="beforeMethod()[pri:0, instance:module01.ClassZeroTest@3a52dba3]" started-at="2025-09-25T15:12:52 IST" name="beforeMethod" finished-at="2025-09-25T15:12:52 IST" duration-ms="0" status="PASS">
          <reporter-output>
          </reporter-output>
        </test-method> <!-- beforeMethod -->
        <test-method is-config="true" signature="afterMethod()[pri:0, instance:module01.ClassZeroTest@3a52dba3]" started-at="2025-09-25T15:12:52 IST" name="afterMethod" finished-at="2025-09-25T15:12:52 IST" duration-ms="1" status="PASS">
          <reporter-output>
          </reporter-output>
        </test-method> <!-- afterMethod -->
        <test-method signature="thirdScenarioTest()[pri:0, instance:module01.ClassZeroTest@3a52dba3]" started-at="2025-09-25T15:12:52 IST" name="thirdScenarioTest" finished-at="2025-09-25T15:12:52 IST" duration-ms="2" status="PASS">
          <reporter-output>
          </reporter-output>
        </test-method> <!-- thirdScenarioTest -->
        <test-method is-config="true" signature="beforeMethod()[pri:0, instance:module01.ClassZeroTest@3a52dba3]" started-at="2025-09-25T15:12:52 IST" name="beforeMethod" finished-at="2025-09-25T15:12:52 IST" duration-ms="0" status="PASS">
          <reporter-output>
          </reporter-output>
        </test-method> <!-- beforeMethod -->
        <test-method is-config="true" signature="afterMethod()[pri:0, instance:module01.ClassZeroTest@3a52dba3]" started-at="2025-09-25T15:12:52 IST" name="afterMethod" finished-at="2025-09-25T15:12:52 IST" duration-ms="0" status="PASS">
          <reporter-output>
          </reporter-output>
        </test-method> <!-- afterMethod -->
        <test-method is-config="true" signature="afterClassMethod()[pri:0, instance:module01.ClassZeroTest@3a52dba3]" started-at="2025-09-25T15:12:52 IST" name="afterClassMethod" finished-at="2025-09-25T15:12:52 IST" duration-ms="157" status="PASS">
          <reporter-output>
          </reporter-output>
        </test-method> <!-- afterClassMethod -->
      </class> <!-- module01.ClassZeroTest -->
      <class name="module02.ClassOneTest">
        <test-method is-config="true" signature="beforeSuitMethod()[pri:0, instance:module02.ClassOneTest@55fe41ea]" started-at="2025-09-25T15:12:46 IST" name="beforeSuitMethod" finished-at="2025-09-25T15:12:46 IST" duration-ms="13" status="PASS">
          <reporter-output>
          </reporter-output>
        </test-method> <!-- beforeSuitMethod -->
        <test-method is-config="true" signature="beforeClassMethod()[pri:0, instance:module02.ClassOneTest@55fe41ea]" started-at="2025-09-25T15:12:46 IST" name="beforeClassMethod" finished-at="2025-09-25T15:12:48 IST" duration-ms="1669" status="PASS">
          <reporter-output>
          </reporter-output>
        </test-method> <!-- beforeClassMethod -->
        <test-method signature="ScecondScenarioTest()[pri:0, instance:module02.ClassOneTest@55fe41ea]" started-at="2025-09-25T15:12:48 IST" name="ScecondScenarioTest" finished-at="2025-09-25T15:12:48 IST" duration-ms="9" status="PASS">
          <reporter-output>
          </reporter-output>
        </test-method> <!-- ScecondScenarioTest -->
        <test-method is-config="true" signature="beforeMethod()[pri:0, instance:module02.ClassOneTest@55fe41ea]" started-at="2025-09-25T15:12:48 IST" name="beforeMethod" finished-at="2025-09-25T15:12:48 IST" duration-ms="0" status="PASS">
          <reporter-output>
          </reporter-output>
        </test-method> <!-- beforeMethod -->
        <test-method is-config="true" signature="afterMethod()[pri:0, instance:module02.ClassOneTest@55fe41ea]" started-at="2025-09-25T15:12:48 IST" name="afterMethod" finished-at="2025-09-25T15:12:48 IST" duration-ms="1" status="PASS">
          <reporter-output>
          </reporter-output>
        </test-method> <!-- afterMethod -->
        <test-method is-config="true" signature="beforeMethod()[pri:0, instance:module02.ClassOneTest@55fe41ea]" started-at="2025-09-25T15:12:48 IST" name="beforeMethod" finished-at="2025-09-25T15:12:48 IST" duration-ms="1" status="PASS">
          <reporter-output>
          </reporter-output>
        </test-method> <!-- beforeMethod -->
        <test-method signature="firstScenarioTest()[pri:0, instance:module02.ClassOneTest@55fe41ea]" started-at="2025-09-25T15:12:48 IST" name="firstScenarioTest" finished-at="2025-09-25T15:12:48 IST" duration-ms="3" status="PASS">
          <reporter-output>
          </reporter-output>
        </test-method> <!-- firstScenarioTest -->
        <test-method is-config="true" signature="afterMethod()[pri:0, instance:module02.ClassOneTest@55fe41ea]" started-at="2025-09-25T15:12:48 IST" name="afterMethod" finished-at="2025-09-25T15:12:48 IST" duration-ms="0" status="PASS">
          <reporter-output>
          </reporter-output>
        </test-method> <!-- afterMethod -->
        <test-method is-config="true" signature="beforeMethod()[pri:0, instance:module02.ClassOneTest@55fe41ea]" started-at="2025-09-25T15:12:48 IST" name="beforeMethod" finished-at="2025-09-25T15:12:48 IST" duration-ms="1" status="PASS">
          <reporter-output>
          </reporter-output>
        </test-method> <!-- beforeMethod -->
        <test-method signature="thirdScenarioTest()[pri:0, instance:module02.ClassOneTest@55fe41ea]" started-at="2025-09-25T15:12:48 IST" name="thirdScenarioTest" finished-at="2025-09-25T15:12:48 IST" duration-ms="5" status="PASS">
          <reporter-output>
          </reporter-output>
        </test-method> <!-- thirdScenarioTest -->
        <test-method is-config="true" signature="afterMethod()[pri:0, instance:module02.ClassOneTest@55fe41ea]" started-at="2025-09-25T15:12:48 IST" name="afterMethod" finished-at="2025-09-25T15:12:48 IST" duration-ms="0" status="PASS">
          <reporter-output>
          </reporter-output>
        </test-method> <!-- afterMethod -->
        <test-method is-config="true" signature="afterClassMethod()[pri:0, instance:module02.ClassOneTest@55fe41ea]" started-at="2025-09-25T15:12:48 IST" name="afterClassMethod" finished-at="2025-09-25T15:12:48 IST" duration-ms="219" status="PASS">
          <reporter-output>
          </reporter-output>
        </test-method> <!-- afterClassMethod -->
        <test-method is-config="true" signature="afterSuitMethod()[pri:0, instance:module02.ClassOneTest@55fe41ea]" started-at="2025-09-25T15:12:59 IST" name="afterSuitMethod" finished-at="2025-09-25T15:12:59 IST" duration-ms="1" status="PASS">
          <reporter-output>
          </reporter-output>
        </test-method> <!-- afterSuitMethod -->
      </class> <!-- module02.ClassOneTest -->
      <class name="module03.ClassOneTest">
        <test-method is-config="true" signature="beforeClassMethod()[pri:0, instance:module03.ClassOneTest@24aed80c]" started-at="2025-09-25T15:12:49 IST" name="beforeClassMethod" finished-at="2025-09-25T15:12:51 IST" duration-ms="1498" status="PASS">
          <reporter-output>
          </reporter-output>
        </test-method> <!-- beforeClassMethod -->
        <test-method signature="ScecondScenarioTest()[pri:0, instance:module03.ClassOneTest@24aed80c]" started-at="2025-09-25T15:12:51 IST" name="ScecondScenarioTest" finished-at="2025-09-25T15:12:51 IST" duration-ms="1" status="PASS">
          <reporter-output>
          </reporter-output>
        </test-method> <!-- ScecondScenarioTest -->
        <test-method is-config="true" signature="beforeMethod()[pri:0, instance:module03.ClassOneTest@24aed80c]" started-at="2025-09-25T15:12:51 IST" name="beforeMethod" finished-at="2025-09-25T15:12:51 IST" duration-ms="0" status="PASS">
          <reporter-output>
          </reporter-output>
        </test-method> <!-- beforeMethod -->
        <test-method is-config="true" signature="afterMethod()[pri:0, instance:module03.ClassOneTest@24aed80c]" started-at="2025-09-25T15:12:51 IST" name="afterMethod" finished-at="2025-09-25T15:12:51 IST" duration-ms="1" status="PASS">
          <reporter-output>
          </reporter-output>
        </test-method> <!-- afterMethod -->
        <test-method signature="firstScenarioTest()[pri:0, instance:module03.ClassOneTest@24aed80c]" started-at="2025-09-25T15:12:51 IST" name="firstScenarioTest" finished-at="2025-09-25T15:12:51 IST" duration-ms="1" status="PASS">
          <reporter-output>
          </reporter-output>
        </test-method> <!-- firstScenarioTest -->
        <test-method is-config="true" signature="beforeMethod()[pri:0, instance:module03.ClassOneTest@24aed80c]" started-at="2025-09-25T15:12:51 IST" name="beforeMethod" finished-at="2025-09-25T15:12:51 IST" duration-ms="0" status="PASS">
          <reporter-output>
          </reporter-output>
        </test-method> <!-- beforeMethod -->
        <test-method is-config="true" signature="afterMethod()[pri:0, instance:module03.ClassOneTest@24aed80c]" started-at="2025-09-25T15:12:51 IST" name="afterMethod" finished-at="2025-09-25T15:12:51 IST" duration-ms="1" status="PASS">
          <reporter-output>
          </reporter-output>
        </test-method> <!-- afterMethod -->
        <test-method signature="thirdScenarioTest()[pri:0, instance:module03.ClassOneTest@24aed80c]" started-at="2025-09-25T15:12:51 IST" name="thirdScenarioTest" finished-at="2025-09-25T15:12:51 IST" duration-ms="1" status="PASS">
          <reporter-output>
          </reporter-output>
        </test-method> <!-- thirdScenarioTest -->
        <test-method is-config="true" signature="beforeMethod()[pri:0, instance:module03.ClassOneTest@24aed80c]" started-at="2025-09-25T15:12:51 IST" name="beforeMethod" finished-at="2025-09-25T15:12:51 IST" duration-ms="0" status="PASS">
          <reporter-output>
          </reporter-output>
        </test-method> <!-- beforeMethod -->
        <test-method is-config="true" signature="afterMethod()[pri:0, instance:module03.ClassOneTest@24aed80c]" started-at="2025-09-25T15:12:51 IST" name="afterMethod" finished-at="2025-09-25T15:12:51 IST" duration-ms="2" status="PASS">
          <reporter-output>
          </reporter-output>
        </test-method> <!-- afterMethod -->
        <test-method is-config="true" signature="afterClassMethod()[pri:0, instance:module03.ClassOneTest@24aed80c]" started-at="2025-09-25T15:12:51 IST" name="afterClassMethod" finished-at="2025-09-25T15:12:51 IST" duration-ms="182" status="PASS">
          <reporter-output>
          </reporter-output>
        </test-method> <!-- afterClassMethod -->
      </class> <!-- module03.ClassOneTest -->
      <class name="module01.ClassOneTest">
        <test-method is-config="true" signature="beforeClassMethod()[pri:0, instance:module01.ClassOneTest@45c7e403]" started-at="2025-09-25T15:12:58 IST" name="beforeClassMethod" finished-at="2025-09-25T15:12:59 IST" duration-ms="1141" status="PASS">
          <reporter-output>
          </reporter-output>
        </test-method> <!-- beforeClassMethod -->
        <test-method is-config="true" signature="beforeMethod()[pri:0, instance:module01.ClassOneTest@45c7e403]" started-at="2025-09-25T15:12:59 IST" name="beforeMethod" finished-at="2025-09-25T15:12:59 IST" duration-ms="1" status="PASS">
          <reporter-output>
          </reporter-output>
        </test-method> <!-- beforeMethod -->
        <test-method signature="ScecondScenarioTest()[pri:0, instance:module01.ClassOneTest@45c7e403]" started-at="2025-09-25T15:12:59 IST" name="ScecondScenarioTest" finished-at="2025-09-25T15:12:59 IST" duration-ms="2" status="PASS">
          <reporter-output>
          </reporter-output>
        </test-method> <!-- ScecondScenarioTest -->
        <test-method is-config="true" signature="afterMethod()[pri:0, instance:module01.ClassOneTest@45c7e403]" started-at="2025-09-25T15:12:59 IST" name="afterMethod" finished-at="2025-09-25T15:12:59 IST" duration-ms="0" status="PASS">
          <reporter-output>
          </reporter-output>
        </test-method> <!-- afterMethod -->
        <test-method is-config="true" signature="beforeMethod()[pri:0, instance:module01.ClassOneTest@45c7e403]" started-at="2025-09-25T15:12:59 IST" name="beforeMethod" finished-at="2025-09-25T15:12:59 IST" duration-ms="0" status="PASS">
          <reporter-output>
          </reporter-output>
        </test-method> <!-- beforeMethod -->
        <test-method signature="firstScenarioTest()[pri:0, instance:module01.ClassOneTest@45c7e403]" started-at="2025-09-25T15:12:59 IST" name="firstScenarioTest" finished-at="2025-09-25T15:12:59 IST" duration-ms="1" status="PASS">
          <reporter-output>
          </reporter-output>
        </test-method> <!-- firstScenarioTest -->
        <test-method is-config="true" signature="afterMethod()[pri:0, instance:module01.ClassOneTest@45c7e403]" started-at="2025-09-25T15:12:59 IST" name="afterMethod" finished-at="2025-09-25T15:12:59 IST" duration-ms="0" status="PASS">
          <reporter-output>
          </reporter-output>
        </test-method> <!-- afterMethod -->
        <test-method signature="thirdScenarioTest()[pri:0, instance:module01.ClassOneTest@45c7e403]" started-at="2025-09-25T15:12:59 IST" name="thirdScenarioTest" finished-at="2025-09-25T15:12:59 IST" duration-ms="1" status="PASS">
          <reporter-output>
          </reporter-output>
        </test-method> <!-- thirdScenarioTest -->
        <test-method is-config="true" signature="beforeMethod()[pri:0, instance:module01.ClassOneTest@45c7e403]" started-at="2025-09-25T15:12:59 IST" name="beforeMethod" finished-at="2025-09-25T15:12:59 IST" duration-ms="0" status="PASS">
          <reporter-output>
          </reporter-output>
        </test-method> <!-- beforeMethod -->
        <test-method is-config="true" signature="afterClassMethod()[pri:0, instance:module01.ClassOneTest@45c7e403]" started-at="2025-09-25T15:12:59 IST" name="afterClassMethod" finished-at="2025-09-25T15:12:59 IST" duration-ms="165" status="PASS">
          <reporter-output>
          </reporter-output>
        </test-method> <!-- afterClassMethod -->
        <test-method is-config="true" signature="afterMethod()[pri:0, instance:module01.ClassOneTest@45c7e403]" started-at="2025-09-25T15:12:59 IST" name="afterMethod" finished-at="2025-09-25T15:12:59 IST" duration-ms="0" status="PASS">
          <reporter-output>
          </reporter-output>
        </test-method> <!-- afterMethod -->
      </class> <!-- module01.ClassOneTest -->
      <class name="module03.ClassTwoTest">
        <test-method is-config="true" signature="beforeClassMethod()[pri:0, instance:module03.ClassTwoTest@b3ca52e]" started-at="2025-09-25T15:12:56 IST" name="beforeClassMethod" finished-at="2025-09-25T15:12:57 IST" duration-ms="1107" status="PASS">
          <reporter-output>
          </reporter-output>
        </test-method> <!-- beforeClassMethod -->
        <test-method is-config="true" signature="beforeMethod()[pri:0, instance:module03.ClassTwoTest@b3ca52e]" started-at="2025-09-25T15:12:57 IST" name="beforeMethod" finished-at="2025-09-25T15:12:57 IST" duration-ms="1" status="PASS">
          <reporter-output>
          </reporter-output>
        </test-method> <!-- beforeMethod -->
        <test-method signature="ScecondScenarioTest()[pri:0, instance:module03.ClassTwoTest@b3ca52e]" started-at="2025-09-25T15:12:57 IST" name="ScecondScenarioTest" finished-at="2025-09-25T15:12:57 IST" duration-ms="0" status="PASS">
          <reporter-output>
          </reporter-output>
        </test-method> <!-- ScecondScenarioTest -->
        <test-method is-config="true" signature="beforeMethod()[pri:0, instance:module03.ClassTwoTest@b3ca52e]" started-at="2025-09-25T15:12:57 IST" name="beforeMethod" finished-at="2025-09-25T15:12:57 IST" duration-ms="1" status="PASS">
          <reporter-output>
          </reporter-output>
        </test-method> <!-- beforeMethod -->
        <test-method is-config="true" signature="afterMethod()[pri:0, instance:module03.ClassTwoTest@b3ca52e]" started-at="2025-09-25T15:12:57 IST" name="afterMethod" finished-at="2025-09-25T15:12:57 IST" duration-ms="0" status="PASS">
          <reporter-output>
          </reporter-output>
        </test-method> <!-- afterMethod -->
        <test-method signature="firstScenarioTest()[pri:0, instance:module03.ClassTwoTest@b3ca52e]" started-at="2025-09-25T15:12:57 IST" name="firstScenarioTest" finished-at="2025-09-25T15:12:57 IST" duration-ms="0" status="PASS">
          <reporter-output>
          </reporter-output>
        </test-method> <!-- firstScenarioTest -->
        <test-method signature="thirdScenarioTest()[pri:0, instance:module03.ClassTwoTest@b3ca52e]" started-at="2025-09-25T15:12:57 IST" name="thirdScenarioTest" finished-at="2025-09-25T15:12:57 IST" duration-ms="1" status="PASS">
          <reporter-output>
          </reporter-output>
        </test-method> <!-- thirdScenarioTest -->
        <test-method is-config="true" signature="afterMethod()[pri:0, instance:module03.ClassTwoTest@b3ca52e]" started-at="2025-09-25T15:12:57 IST" name="afterMethod" finished-at="2025-09-25T15:12:57 IST" duration-ms="0" status="PASS">
          <reporter-output>
          </reporter-output>
        </test-method> <!-- afterMethod -->
        <test-method is-config="true" signature="beforeMethod()[pri:0, instance:module03.ClassTwoTest@b3ca52e]" started-at="2025-09-25T15:12:57 IST" name="beforeMethod" finished-at="2025-09-25T15:12:57 IST" duration-ms="0" status="PASS">
          <reporter-output>
          </reporter-output>
        </test-method> <!-- beforeMethod -->
        <test-method is-config="true" signature="afterClassMethod()[pri:0, instance:module03.ClassTwoTest@b3ca52e]" started-at="2025-09-25T15:12:57 IST" name="afterClassMethod" finished-at="2025-09-25T15:12:58 IST" duration-ms="163" status="PASS">
          <reporter-output>
          </reporter-output>
        </test-method> <!-- afterClassMethod -->
        <test-method is-config="true" signature="afterMethod()[pri:0, instance:module03.ClassTwoTest@b3ca52e]" started-at="2025-09-25T15:12:57 IST" name="afterMethod" finished-at="2025-09-25T15:12:57 IST" duration-ms="0" status="PASS">
          <reporter-output>
          </reporter-output>
        </test-method> <!-- afterMethod -->
      </class> <!-- module03.ClassTwoTest -->
      <class name="module03.ClassZeroTest">
        <test-method is-config="true" signature="beforeClassMethod()[pri:0, instance:module03.ClassZeroTest@279fedbd]" started-at="2025-09-25T15:12:55 IST" name="beforeClassMethod" finished-at="2025-09-25T15:12:56 IST" duration-ms="1162" status="PASS">
          <reporter-output>
          </reporter-output>
        </test-method> <!-- beforeClassMethod -->
        <test-method signature="ScecondScenarioTest()[pri:0, instance:module03.ClassZeroTest@279fedbd]" started-at="2025-09-25T15:12:56 IST" name="ScecondScenarioTest" finished-at="2025-09-25T15:12:56 IST" duration-ms="1" status="PASS">
          <reporter-output>
          </reporter-output>
        </test-method> <!-- ScecondScenarioTest -->
        <test-method is-config="true" signature="beforeMethod()[pri:0, instance:module03.ClassZeroTest@279fedbd]" started-at="2025-09-25T15:12:56 IST" name="beforeMethod" finished-at="2025-09-25T15:12:56 IST" duration-ms="0" status="PASS">
          <reporter-output>
          </reporter-output>
        </test-method> <!-- beforeMethod -->
        <test-method is-config="true" signature="afterMethod()[pri:0, instance:module03.ClassZeroTest@279fedbd]" started-at="2025-09-25T15:12:56 IST" name="afterMethod" finished-at="2025-09-25T15:12:56 IST" duration-ms="0" status="PASS">
          <reporter-output>
          </reporter-output>
        </test-method> <!-- afterMethod -->
        <test-method signature="firstScenarioTest()[pri:0, instance:module03.ClassZeroTest@279fedbd]" started-at="2025-09-25T15:12:56 IST" name="firstScenarioTest" finished-at="2025-09-25T15:12:56 IST" duration-ms="1" status="PASS">
          <reporter-output>
          </reporter-output>
        </test-method> <!-- firstScenarioTest -->
        <test-method is-config="true" signature="beforeMethod()[pri:0, instance:module03.ClassZeroTest@279fedbd]" started-at="2025-09-25T15:12:56 IST" name="beforeMethod" finished-at="2025-09-25T15:12:56 IST" duration-ms="0" status="PASS">
          <reporter-output>
          </reporter-output>
        </test-method> <!-- beforeMethod -->
        <test-method is-config="true" signature="afterMethod()[pri:0, instance:module03.ClassZeroTest@279fedbd]" started-at="2025-09-25T15:12:56 IST" name="afterMethod" finished-at="2025-09-25T15:12:56 IST" duration-ms="0" status="PASS">
          <reporter-output>
          </reporter-output>
        </test-method> <!-- afterMethod -->
        <test-method is-config="true" signature="beforeMethod()[pri:0, instance:module03.ClassZeroTest@279fedbd]" started-at="2025-09-25T15:12:56 IST" name="beforeMethod" finished-at="2025-09-25T15:12:56 IST" duration-ms="1" status="PASS">
          <reporter-output>
          </reporter-output>
        </test-method> <!-- beforeMethod -->
        <test-method signature="fourthScenarioTest()[pri:0, instance:module03.ClassZeroTest@279fedbd]" started-at="2025-09-25T15:12:56 IST" name="fourthScenarioTest" finished-at="2025-09-25T15:12:56 IST" duration-ms="1" status="PASS">
          <reporter-output>
          </reporter-output>
        </test-method> <!-- fourthScenarioTest -->
        <test-method is-config="true" signature="afterMethod()[pri:0, instance:module03.ClassZeroTest@279fedbd]" started-at="2025-09-25T15:12:56 IST" name="afterMethod" finished-at="2025-09-25T15:12:56 IST" duration-ms="0" status="PASS">
          <reporter-output>
          </reporter-output>
        </test-method> <!-- afterMethod -->
        <test-method signature="thirdScenarioTest()[pri:0, instance:module03.ClassZeroTest@279fedbd]" started-at="2025-09-25T15:12:56 IST" name="thirdScenarioTest" finished-at="2025-09-25T15:12:56 IST" duration-ms="1" status="PASS">
          <reporter-output>
          </reporter-output>
        </test-method> <!-- thirdScenarioTest -->
        <test-method is-config="true" signature="beforeMethod()[pri:0, instance:module03.ClassZeroTest@279fedbd]" started-at="2025-09-25T15:12:56 IST" name="beforeMethod" finished-at="2025-09-25T15:12:56 IST" duration-ms="0" status="PASS">
          <reporter-output>
          </reporter-output>
        </test-method> <!-- beforeMethod -->
        <test-method is-config="true" signature="afterMethod()[pri:0, instance:module03.ClassZeroTest@279fedbd]" started-at="2025-09-25T15:12:56 IST" name="afterMethod" finished-at="2025-09-25T15:12:56 IST" duration-ms="0" status="PASS">
          <reporter-output>
          </reporter-output>
        </test-method> <!-- afterMethod -->
        <test-method is-config="true" signature="afterClassMethod()[pri:0, instance:module03.ClassZeroTest@279fedbd]" started-at="2025-09-25T15:12:56 IST" name="afterClassMethod" finished-at="2025-09-25T15:12:56 IST" duration-ms="205" status="PASS">
          <reporter-output>
          </reporter-output>
        </test-method> <!-- afterClassMethod -->
      </class> <!-- module03.ClassZeroTest -->
    </test> <!-- Test -->
  </suite> <!-- Suite -->
</testng-results>
