<?xml version="1.0" encoding="UTF-8"?>
<testng-results ignored="19" total="28" passed="9" failed="0" skipped="0">
  <reporter-output>
  </reporter-output>
  <suite started-at="2025-09-25T17:19:19 IST" name="Suite" finished-at="2025-09-25T17:19:34 IST" duration-ms="15543">
    <groups>
      <group name="smoke">
        <method signature="ClassOneTest.firstScenarioTest()[pri:0, instance:module01.ClassOneTest@fbd1f6]" name="firstScenarioTest" class="module01.ClassOneTest"/>
        <method signature="ClassTwoTest.firstScenarioTest()[pri:0, instance:module01.ClassTwoTest@ba2f4ec]" name="firstScenarioTest" class="module01.ClassTwoTest"/>
        <method signature="ClassZeroTest.firstScenarioTest()[pri:0, instance:module01.ClassZeroTest@367ffa75]" name="firstScenarioTest" class="module01.ClassZeroTest"/>
        <method signature="ClassOneTest.firstScenarioTest()[pri:0, instance:module02.ClassOneTest@4b2bac3f]" name="firstScenarioTest" class="module02.ClassOneTest"/>
        <method signature="ClassTwoTest.firstScenarioTest()[pri:0, instance:module02.ClassTwoTest@49438269]" name="firstScenarioTest" class="module02.ClassTwoTest"/>
        <method signature="ClassZeroTest.firstScenarioTest()[pri:0, instance:module02.ClassZeroTest@40005471]" name="firstScenarioTest" class="module02.ClassZeroTest"/>
        <method signature="ClassOneTest.firstScenarioTest()[pri:0, instance:module03.ClassOneTest@2cd76f31]" name="firstScenarioTest" class="module03.ClassOneTest"/>
        <method signature="ClassTwoTest.firstScenarioTest()[pri:0, instance:module03.ClassTwoTest@55fe41ea]" name="firstScenarioTest" class="module03.ClassTwoTest"/>
        <method signature="ClassZeroTest.firstScenarioTest()[pri:0, instance:module03.ClassZeroTest@1c1bbc4e]" name="firstScenarioTest" class="module03.ClassZeroTest"/>
      </group> <!-- smoke -->
    </groups>
    <test started-at="2025-09-25T17:19:19 IST" name="Test" finished-at="2025-09-25T17:19:34 IST" duration-ms="15543">
      <class name="module02.ClassZeroTest">
        <test-method is-config="true" signature="beforeClassMethod()[pri:0, instance:module02.ClassZeroTest@40005471]" started-at="2025-09-25T17:19:21 IST" name="beforeClassMethod" finished-at="2025-09-25T17:19:23 IST" duration-ms="1473" status="PASS">
          <reporter-output>
          </reporter-output>
        </test-method> <!-- beforeClassMethod -->
        <test-method signature="firstScenarioTest()[pri:0, instance:module02.ClassZeroTest@40005471]" started-at="2025-09-25T17:19:23 IST" name="firstScenarioTest" finished-at="2025-09-25T17:19:23 IST" duration-ms="2" status="PASS">
          <reporter-output>
          </reporter-output>
        </test-method> <!-- firstScenarioTest -->
        <test-method is-config="true" signature="beforeMethod()[pri:0, instance:module02.ClassZeroTest@40005471]" started-at="2025-09-25T17:19:23 IST" name="beforeMethod" finished-at="2025-09-25T17:19:23 IST" duration-ms="0" status="PASS">
          <reporter-output>
          </reporter-output>
        </test-method> <!-- beforeMethod -->
        <test-method is-config="true" signature="afterClassMethod()[pri:0, instance:module02.ClassZeroTest@40005471]" started-at="2025-09-25T17:19:23 IST" name="afterClassMethod" finished-at="2025-09-25T17:19:23 IST" duration-ms="174" status="PASS">
          <reporter-output>
          </reporter-output>
        </test-method> <!-- afterClassMethod -->
        <test-method is-config="true" signature="afterMethod()[pri:0, instance:module02.ClassZeroTest@40005471]" started-at="2025-09-25T17:19:23 IST" name="afterMethod" finished-at="2025-09-25T17:19:23 IST" duration-ms="0" status="PASS">
          <reporter-output>
          </reporter-output>
        </test-method> <!-- afterMethod -->
      </class> <!-- module02.ClassZeroTest -->
      <class name="module01.ClassTwoTest">
        <test-method is-config="true" signature="beforeClassMethod()[pri:0, instance:module01.ClassTwoTest@ba2f4ec]" started-at="2025-09-25T17:19:28 IST" name="beforeClassMethod" finished-at="2025-09-25T17:19:29 IST" duration-ms="1510" status="PASS">
          <reporter-output>
          </reporter-output>
        </test-method> <!-- beforeClassMethod -->
        <test-method is-config="true" signature="beforeMethod()[pri:0, instance:module01.ClassTwoTest@ba2f4ec]" started-at="2025-09-25T17:19:29 IST" name="beforeMethod" finished-at="2025-09-25T17:19:29 IST" duration-ms="1" status="PASS">
          <reporter-output>
          </reporter-output>
        </test-method> <!-- beforeMethod -->
        <test-method signature="firstScenarioTest()[pri:0, instance:module01.ClassTwoTest@ba2f4ec]" started-at="2025-09-25T17:19:29 IST" name="firstScenarioTest" finished-at="2025-09-25T17:19:29 IST" duration-ms="2" status="PASS">
          <reporter-output>
          </reporter-output>
        </test-method> <!-- firstScenarioTest -->
        <test-method is-config="true" signature="afterMethod()[pri:0, instance:module01.ClassTwoTest@ba2f4ec]" started-at="2025-09-25T17:19:29 IST" name="afterMethod" finished-at="2025-09-25T17:19:29 IST" duration-ms="0" status="PASS">
          <reporter-output>
          </reporter-output>
        </test-method> <!-- afterMethod -->
        <test-method is-config="true" signature="afterClassMethod()[pri:0, instance:module01.ClassTwoTest@ba2f4ec]" started-at="2025-09-25T17:19:29 IST" name="afterClassMethod" finished-at="2025-09-25T17:19:30 IST" duration-ms="173" status="PASS">
          <reporter-output>
          </reporter-output>
        </test-method> <!-- afterClassMethod -->
      </class> <!-- module01.ClassTwoTest -->
      <class name="module02.ClassTwoTest">
        <test-method is-config="true" signature="beforeClassMethod()[pri:0, instance:module02.ClassTwoTest@49438269]" started-at="2025-09-25T17:19:26 IST" name="beforeClassMethod" finished-at="2025-09-25T17:19:28 IST" duration-ms="1433" status="PASS">
          <reporter-output>
          </reporter-output>
        </test-method> <!-- beforeClassMethod -->
        <test-method signature="firstScenarioTest()[pri:0, instance:module02.ClassTwoTest@49438269]" started-at="2025-09-25T17:19:28 IST" name="firstScenarioTest" finished-at="2025-09-25T17:19:28 IST" duration-ms="2" status="PASS">
          <reporter-output>
          </reporter-output>
        </test-method> <!-- firstScenarioTest -->
        <test-method is-config="true" signature="beforeMethod()[pri:0, instance:module02.ClassTwoTest@49438269]" started-at="2025-09-25T17:19:28 IST" name="beforeMethod" finished-at="2025-09-25T17:19:28 IST" duration-ms="0" status="PASS">
          <reporter-output>
          </reporter-output>
        </test-method> <!-- beforeMethod -->
        <test-method is-config="true" signature="afterMethod()[pri:0, instance:module02.ClassTwoTest@49438269]" started-at="2025-09-25T17:19:28 IST" name="afterMethod" finished-at="2025-09-25T17:19:28 IST" duration-ms="2" status="PASS">
          <reporter-output>
          </reporter-output>
        </test-method> <!-- afterMethod -->
        <test-method is-config="true" signature="afterClassMethod()[pri:0, instance:module02.ClassTwoTest@49438269]" started-at="2025-09-25T17:19:28 IST" name="afterClassMethod" finished-at="2025-09-25T17:19:28 IST" duration-ms="222" status="PASS">
          <reporter-output>
          </reporter-output>
        </test-method> <!-- afterClassMethod -->
      </class> <!-- module02.ClassTwoTest -->
      <class name="module01.ClassZeroTest">
        <test-method is-config="true" signature="beforeClassMethod()[pri:0, instance:module01.ClassZeroTest@367ffa75]" started-at="2025-09-25T17:19:24 IST" name="beforeClassMethod" finished-at="2025-09-25T17:19:26 IST" duration-ms="1665" status="PASS">
          <reporter-output>
          </reporter-output>
        </test-method> <!-- beforeClassMethod -->
        <test-method signature="firstScenarioTest()[pri:0, instance:module01.ClassZeroTest@367ffa75]" started-at="2025-09-25T17:19:26 IST" name="firstScenarioTest" finished-at="2025-09-25T17:19:26 IST" duration-ms="3" status="PASS">
          <reporter-output>
          </reporter-output>
        </test-method> <!-- firstScenarioTest -->
        <test-method is-config="true" signature="beforeMethod()[pri:0, instance:module01.ClassZeroTest@367ffa75]" started-at="2025-09-25T17:19:26 IST" name="beforeMethod" finished-at="2025-09-25T17:19:26 IST" duration-ms="0" status="PASS">
          <reporter-output>
          </reporter-output>
        </test-method> <!-- beforeMethod -->
        <test-method is-config="true" signature="afterClassMethod()[pri:0, instance:module01.ClassZeroTest@367ffa75]" started-at="2025-09-25T17:19:26 IST" name="afterClassMethod" finished-at="2025-09-25T17:19:26 IST" duration-ms="227" status="PASS">
          <reporter-output>
          </reporter-output>
        </test-method> <!-- afterClassMethod -->
        <test-method is-config="true" signature="afterMethod()[pri:0, instance:module01.ClassZeroTest@367ffa75]" started-at="2025-09-25T17:19:26 IST" name="afterMethod" finished-at="2025-09-25T17:19:26 IST" duration-ms="0" status="PASS">
          <reporter-output>
          </reporter-output>
        </test-method> <!-- afterMethod -->
      </class> <!-- module01.ClassZeroTest -->
      <class name="module02.ClassOneTest">
        <test-method is-config="true" signature="beforeSuitMethod()[pri:0, instance:module02.ClassOneTest@4b2bac3f]" started-at="2025-09-25T17:19:19 IST" name="beforeSuitMethod" finished-at="2025-09-25T17:19:19 IST" duration-ms="15" status="PASS">
          <reporter-output>
          </reporter-output>
        </test-method> <!-- beforeSuitMethod -->
        <test-method is-config="true" signature="beforeClassMethod()[pri:0, instance:module02.ClassOneTest@4b2bac3f]" started-at="2025-09-25T17:19:19 IST" name="beforeClassMethod" finished-at="2025-09-25T17:19:21 IST" duration-ms="2002" status="PASS">
          <reporter-output>
          </reporter-output>
        </test-method> <!-- beforeClassMethod -->
        <test-method is-config="true" signature="beforeMethod()[pri:0, instance:module02.ClassOneTest@4b2bac3f]" started-at="2025-09-25T17:19:21 IST" name="beforeMethod" finished-at="2025-09-25T17:19:21 IST" duration-ms="1" status="PASS">
          <reporter-output>
          </reporter-output>
        </test-method> <!-- beforeMethod -->
        <test-method signature="firstScenarioTest()[pri:0, instance:module02.ClassOneTest@4b2bac3f]" started-at="2025-09-25T17:19:21 IST" name="firstScenarioTest" finished-at="2025-09-25T17:19:21 IST" duration-ms="7" status="PASS">
          <reporter-output>
          </reporter-output>
        </test-method> <!-- firstScenarioTest -->
        <test-method is-config="true" signature="afterMethod()[pri:0, instance:module02.ClassOneTest@4b2bac3f]" started-at="2025-09-25T17:19:21 IST" name="afterMethod" finished-at="2025-09-25T17:19:21 IST" duration-ms="1" status="PASS">
          <reporter-output>
          </reporter-output>
        </test-method> <!-- afterMethod -->
        <test-method is-config="true" signature="afterClassMethod()[pri:0, instance:module02.ClassOneTest@4b2bac3f]" started-at="2025-09-25T17:19:21 IST" name="afterClassMethod" finished-at="2025-09-25T17:19:21 IST" duration-ms="237" status="PASS">
          <reporter-output>
          </reporter-output>
        </test-method> <!-- afterClassMethod -->
        <test-method is-config="true" signature="afterSuitMethod()[pri:0, instance:module02.ClassOneTest@4b2bac3f]" started-at="2025-09-25T17:19:34 IST" name="afterSuitMethod" finished-at="2025-09-25T17:19:34 IST" duration-ms="0" status="PASS">
          <reporter-output>
          </reporter-output>
        </test-method> <!-- afterSuitMethod -->
      </class> <!-- module02.ClassOneTest -->
      <class name="module03.ClassOneTest">
        <test-method is-config="true" signature="beforeClassMethod()[pri:0, instance:module03.ClassOneTest@2cd76f31]" started-at="2025-09-25T17:19:23 IST" name="beforeClassMethod" finished-at="2025-09-25T17:19:24 IST" duration-ms="1330" status="PASS">
          <reporter-output>
          </reporter-output>
        </test-method> <!-- beforeClassMethod -->
        <test-method is-config="true" signature="beforeMethod()[pri:0, instance:module03.ClassOneTest@2cd76f31]" started-at="2025-09-25T17:19:24 IST" name="beforeMethod" finished-at="2025-09-25T17:19:24 IST" duration-ms="0" status="PASS">
          <reporter-output>
          </reporter-output>
        </test-method> <!-- beforeMethod -->
        <test-method signature="firstScenarioTest()[pri:0, instance:module03.ClassOneTest@2cd76f31]" started-at="2025-09-25T17:19:24 IST" name="firstScenarioTest" finished-at="2025-09-25T17:19:24 IST" duration-ms="2" status="PASS">
          <reporter-output>
          </reporter-output>
        </test-method> <!-- firstScenarioTest -->
        <test-method is-config="true" signature="afterMethod()[pri:0, instance:module03.ClassOneTest@2cd76f31]" started-at="2025-09-25T17:19:24 IST" name="afterMethod" finished-at="2025-09-25T17:19:24 IST" duration-ms="0" status="PASS">
          <reporter-output>
          </reporter-output>
        </test-method> <!-- afterMethod -->
        <test-method is-config="true" signature="afterClassMethod()[pri:0, instance:module03.ClassOneTest@2cd76f31]" started-at="2025-09-25T17:19:24 IST" name="afterClassMethod" finished-at="2025-09-25T17:19:24 IST" duration-ms="240" status="PASS">
          <reporter-output>
          </reporter-output>
        </test-method> <!-- afterClassMethod -->
      </class> <!-- module03.ClassOneTest -->
      <class name="module01.ClassOneTest">
        <test-method is-config="true" signature="beforeClassMethod()[pri:0, instance:module01.ClassOneTest@fbd1f6]" started-at="2025-09-25T17:19:33 IST" name="beforeClassMethod" finished-at="2025-09-25T17:19:34 IST" duration-ms="1367" status="PASS">
          <reporter-output>
          </reporter-output>
        </test-method> <!-- beforeClassMethod -->
        <test-method is-config="true" signature="beforeMethod()[pri:0, instance:module01.ClassOneTest@fbd1f6]" started-at="2025-09-25T17:19:34 IST" name="beforeMethod" finished-at="2025-09-25T17:19:34 IST" duration-ms="1" status="PASS">
          <reporter-output>
          </reporter-output>
        </test-method> <!-- beforeMethod -->
        <test-method signature="firstScenarioTest()[pri:0, instance:module01.ClassOneTest@fbd1f6]" started-at="2025-09-25T17:19:34 IST" name="firstScenarioTest" finished-at="2025-09-25T17:19:34 IST" duration-ms="2" status="PASS">
          <reporter-output>
          </reporter-output>
        </test-method> <!-- firstScenarioTest -->
        <test-method is-config="true" signature="afterMethod()[pri:0, instance:module01.ClassOneTest@fbd1f6]" started-at="2025-09-25T17:19:34 IST" name="afterMethod" finished-at="2025-09-25T17:19:34 IST" duration-ms="0" status="PASS">
          <reporter-output>
          </reporter-output>
        </test-method> <!-- afterMethod -->
        <test-method is-config="true" signature="afterClassMethod()[pri:0, instance:module01.ClassOneTest@fbd1f6]" started-at="2025-09-25T17:19:34 IST" name="afterClassMethod" finished-at="2025-09-25T17:19:34 IST" duration-ms="149" status="PASS">
          <reporter-output>
          </reporter-output>
        </test-method> <!-- afterClassMethod -->
      </class> <!-- module01.ClassOneTest -->
      <class name="module03.ClassTwoTest">
        <test-method is-config="true" signature="beforeClassMethod()[pri:0, instance:module03.ClassTwoTest@55fe41ea]" started-at="2025-09-25T17:19:31 IST" name="beforeClassMethod" finished-at="2025-09-25T17:19:33 IST" duration-ms="1395" status="PASS">
          <reporter-output>
          </reporter-output>
        </test-method> <!-- beforeClassMethod -->
        <test-method signature="firstScenarioTest()[pri:0, instance:module03.ClassTwoTest@55fe41ea]" started-at="2025-09-25T17:19:33 IST" name="firstScenarioTest" finished-at="2025-09-25T17:19:33 IST" duration-ms="2" status="PASS">
          <reporter-output>
          </reporter-output>
        </test-method> <!-- firstScenarioTest -->
        <test-method is-config="true" signature="beforeMethod()[pri:0, instance:module03.ClassTwoTest@55fe41ea]" started-at="2025-09-25T17:19:33 IST" name="beforeMethod" finished-at="2025-09-25T17:19:33 IST" duration-ms="0" status="PASS">
          <reporter-output>
          </reporter-output>
        </test-method> <!-- beforeMethod -->
        <test-method is-config="true" signature="afterMethod()[pri:0, instance:module03.ClassTwoTest@55fe41ea]" started-at="2025-09-25T17:19:33 IST" name="afterMethod" finished-at="2025-09-25T17:19:33 IST" duration-ms="1" status="PASS">
          <reporter-output>
          </reporter-output>
        </test-method> <!-- afterMethod -->
        <test-method is-config="true" signature="afterClassMethod()[pri:0, instance:module03.ClassTwoTest@55fe41ea]" started-at="2025-09-25T17:19:33 IST" name="afterClassMethod" finished-at="2025-09-25T17:19:33 IST" duration-ms="162" status="PASS">
          <reporter-output>
          </reporter-output>
        </test-method> <!-- afterClassMethod -->
      </class> <!-- module03.ClassTwoTest -->
      <class name="module03.ClassZeroTest">
        <test-method is-config="true" signature="beforeClassMethod()[pri:0, instance:module03.ClassZeroTest@1c1bbc4e]" started-at="2025-09-25T17:19:30 IST" name="beforeClassMethod" finished-at="2025-09-25T17:19:31 IST" duration-ms="1519" status="PASS">
          <reporter-output>
          </reporter-output>
        </test-method> <!-- beforeClassMethod -->
        <test-method is-config="true" signature="beforeMethod()[pri:0, instance:module03.ClassZeroTest@1c1bbc4e]" started-at="2025-09-25T17:19:31 IST" name="beforeMethod" finished-at="2025-09-25T17:19:31 IST" duration-ms="1" status="PASS">
          <reporter-output>
          </reporter-output>
        </test-method> <!-- beforeMethod -->
        <test-method signature="firstScenarioTest()[pri:0, instance:module03.ClassZeroTest@1c1bbc4e]" started-at="2025-09-25T17:19:31 IST" name="firstScenarioTest" finished-at="2025-09-25T17:19:31 IST" duration-ms="1" status="PASS">
          <reporter-output>
          </reporter-output>
        </test-method> <!-- firstScenarioTest -->
        <test-method is-config="true" signature="afterMethod()[pri:0, instance:module03.ClassZeroTest@1c1bbc4e]" started-at="2025-09-25T17:19:31 IST" name="afterMethod" finished-at="2025-09-25T17:19:31 IST" duration-ms="0" status="PASS">
          <reporter-output>
          </reporter-output>
        </test-method> <!-- afterMethod -->
        <test-method is-config="true" signature="afterClassMethod()[pri:0, instance:module03.ClassZeroTest@1c1bbc4e]" started-at="2025-09-25T17:19:31 IST" name="afterClassMethod" finished-at="2025-09-25T17:19:31 IST" duration-ms="154" status="PASS">
          <reporter-output>
          </reporter-output>
        </test-method> <!-- afterClassMethod -->
      </class> <!-- module03.ClassZeroTest -->
    </test> <!-- Test -->
  </suite> <!-- Suite -->
</testng-results>
